0.07159018516540527	0.9284098148345947
0.6538124680519104	0.346187561750412
0.7228007316589355	0.2771992087364197
0.936211347579956	0.06378865242004395
0.3376162648200989	0.6623837351799011
0.5625841021537781	0.4374159574508667
0.8903367519378662	0.1096632108092308
0.9869294166564941	0.013070600107312202
0.17520730197429657	0.8247926235198975
0.06350526213645935	0.9364946484565735
0.9838736653327942	0.016126327216625214
0.995983362197876	0.004016609862446785
0.21384437382221222	0.7861555814743042
0.17366549372673035	0.8263344764709473
0.980143129825592	0.019856873899698257
0.04487769678235054	0.9551222920417786
0.40647539496421814	0.5935246348381042
0.924943745136261	0.07505623251199722
0.99631667137146	0.003683263435959816
0.3273034691810608	0.6726965308189392
0.9207131266593933	0.07928687334060669
0.6027666926383972	0.397233247756958
0.7452743649482727	0.2547256052494049
0.3464813530445099	0.6535186171531677
0.7086238265037537	0.29137614369392395
0.8250074982643127	0.17499244213104248
0.05589461699128151	0.9441054463386536
0.9999419450759888	5.8077370340470225e-05
0.04151792824268341	0.958482027053833
0.10465644299983978	0.895343542098999
0.9434576034545898	0.05654238536953926
0.5512815713882446	0.44871842861175537
0.5881067514419556	0.41189318895339966
0.659683883190155	0.34031614661216736
0.9567051529884338	0.043294817209243774
0.6353520750999451	0.3646479845046997
0.03164798021316528	0.9683520197868347
0.9039556384086609	0.09604436904191971
0.010701923631131649	0.9892981052398682
0.11557301878929138	0.884427011013031
0.2123045027256012	0.7876954674720764
0.3009475767612457	0.6990523934364319
0.1318688988685608	0.8681310415267944
0.06204254552721977	0.9379574060440063
0.967169463634491	0.03283051773905754
0.09926950931549072	0.9007304310798645
0.07453779876232147	0.9254622459411621
0.5381661653518677	0.4618338346481323
0.672438383102417	0.3275615870952606
0.9273282885551453	0.07267165184020996
0.6244906783103943	0.3755092918872833
0.6219648122787476	0.37803518772125244
0.7225080728530884	0.27749189734458923
0.9797641038894653	0.020235911011695862
0.15632979571819305	0.8436702489852905
0.7895596027374268	0.21044041216373444
0.47970035672187805	0.5202995538711548
0.8200947642326355	0.17990532517433167
0.42452043294906616	0.5754795670509338
0.45542943477630615	0.5445705652236938
0.5150423049926758	0.4849576950073242
0.2729456126689911	0.7270543575286865
0.2990966737270355	0.7009034156799316
0.6473081707954407	0.3526918292045593
0.6226417422294617	0.37735825777053833
0.1968422532081604	0.8031576871871948
0.01687830314040184	0.9831216931343079
0.9539772272109985	0.04602273181080818
0.7852712869644165	0.2147287279367447
0.8427443504333496	0.15725569427013397
0.5547861456871033	0.4452138841152191
0.8596176505088806	0.14038239419460297
0.8695900440216064	0.13040995597839355
0.7209888100624084	0.27901116013526917
0.7153403759002686	0.28465959429740906
0.9246365427970886	0.07536346465349197
0.15913036465644836	0.840869665145874
0.19207757711410522	0.8079224824905396
0.5092061758041382	0.49079376459121704
0.8237262964248657	0.17627373337745667
0.6979397535324097	0.30206024646759033
0.5817798972129822	0.4182201027870178
0.7511512637138367	0.24884867668151855
0.3081321120262146	0.6918679475784302
0.2712727189064026	0.7287272810935974
0.9916536211967468	0.008346403948962688
0.9214348196983337	0.07856515794992447
0.6961140036582947	0.3038859963417053
0.0833413377404213	0.9166586399078369
0.8119910359382629	0.18800893425941467
0.0688258484005928	0.9311741590499878
0.8130898475646973	0.18691019713878632
0.004207550548017025	0.9957923889160156
0.6676888465881348	0.33231112360954285
0.10398764163255692	0.8960124254226685
0.0020303830970078707	0.9979695677757263
0.020486000925302505	0.9795140027999878
0.3484414517879486	0.6515585780143738
0.8243892788887024	0.17561064660549164
0.5139784216880798	0.48602160811424255
0.09738603979349136	0.9026139378547668
0.5693536400794983	0.4306463897228241
0.5407181978225708	0.4592818021774292
0.8632186651229858	0.13678131997585297
0.91440349817276	0.08559653908014297
0.19974827766418457	0.8002517223358154
0.08986157178878784	0.9101383686065674
0.16778641939163208	0.8322135806083679
0.19280563294887543	0.8071944117546082
0.8230931162834167	0.17690685391426086
0.016451610252261162	0.9835484623908997
0.4733123779296875	0.5266876220703125
0.5026302337646484	0.49736979603767395
0.0005207398207858205	0.9994792342185974
0.24851654469966888	0.7514834403991699
0.897197961807251	0.10280202329158783
0.710667610168457	0.28933244943618774
0.0003778777609113604	0.999622106552124
0.2506406605243683	0.7493592500686646
0.995029866695404	0.004970133770257235
0.0736941248178482	0.9263059496879578
0.017316395416855812	0.9826835989952087
0.7478107810020447	0.2521892189979553
0.4316197335720062	0.5683802366256714
0.7866678833961487	0.21333211660385132
0.9815374612808228	0.018462514504790306
0.04307292401790619	0.9569270014762878
0.0023550731129944324	0.9976449608802795
0.046264708042144775	0.9537352323532104
0.7517839074134827	0.24821603298187256
0.5025368928909302	0.4974631667137146
0.9425370693206787	0.05746295303106308
0.12515734136104584	0.874842643737793
0.0009893637616187334	0.9990105628967285
0.7673705816268921	0.2326294630765915
0.8826205134391785	0.11737947911024094
0.9028981328010559	0.0971018448472023
7.268813351402059e-05	0.999927282333374
0.19412530958652496	0.805874764919281
0.8124337196350098	0.18756631016731262
0.032561928033828735	0.9674380421638489
0.8046748042106628	0.19532518088817596
0.03518558666110039	0.9648144245147705
0.08982149511575699	0.9101784825325012
0.039130378514528275	0.9608696103096008
0.3720725476741791	0.6279275417327881
0.0247667096555233	0.9752333164215088
0.14906790852546692	0.8509321212768555
0.6940168142318726	0.30598321557044983
0.10718213766813278	0.8928179144859314
0.14007459580898285	0.859925389289856
0.7795297503471375	0.22047021985054016
0.6494065523147583	0.3505934178829193
0.211928129196167	0.788071870803833
0.979060709476471	0.020939327776432037
0.9690807461738586	0.030919274315238
0.6849815845489502	0.31501835584640503
0.04415801912546158	0.9558420181274414
0.7718287110328674	0.22817128896713257
0.9694711565971375	0.03052881732583046
0.3471807539463043	0.6528193354606628
0.8184751868247986	0.1815248429775238
0.9284493923187256	0.07155061513185501
0.822176456451416	0.17782355844974518
0.036977384239435196	0.9630226492881775
0.15723876655101776	0.8427612781524658
0.27011632919311523	0.72988361120224
0.8238632678985596	0.17613674700260162
0.3624074161052704	0.637592613697052
0.019258400425314903	0.9807416796684265
0.36999592185020447	0.6300040483474731
0.5145265460014343	0.4854734241962433
0.605853259563446	0.39414677023887634
0.5331073999404907	0.4668926000595093
0.9649090766906738	0.035090893507003784
0.38310083746910095	0.6168992519378662
0.9052864909172058	0.09471350908279419
0.04512099176645279	0.9548789858818054
0.05672140046954155	0.9432786107063293
0.9974892139434814	0.002510752761736512
0.029490133747458458	0.9705098867416382
0.07464080303907394	0.9253591895103455
0.8602919578552246	0.1397080421447754
0.43481647968292236	0.5651835799217224
0.3351186513900757	0.6648812890052795
0.8779621720314026	0.1220378428697586
0.19953696429729462	0.800463080406189
0.9873390197753906	0.012660948559641838
0.03689476102590561	0.9631052017211914
0.940693199634552	0.059306852519512177
0.9621886610984802	0.03781134635210037
0.17902834713459015	0.820971667766571
0.07876279950141907	0.9212371706962585
0.011697936803102493	0.9883020520210266
0.8180306553840637	0.18196940422058105
0.020070336759090424	0.9799297451972961
0.9800293445587158	0.01997070200741291
0.009592870250344276	0.9904071688652039
0.9624954462051392	0.037504564970731735
0.7748188972473145	0.22518107295036316
0.5272385478019714	0.4727614223957062
0.5710279941558838	0.4289720356464386
0.2104548215866089	0.7895451784133911
0.6362439393997192	0.363756000995636
0.5331043004989624	0.4668956696987152
0.9909249544143677	0.009075027890503407
0.99979168176651	0.00020831047731917351
0.9947159886360168	0.005284064915031195
0.7121732234954834	0.2878267467021942
0.031502872705459595	0.9684971570968628
0.9973000884056091	0.002699900884181261
0.871052622795105	0.12894733250141144
0.7378777861595154	0.2621222138404846
0.8063027262687683	0.19369728863239288
0.9975322484970093	0.002467760117724538
0.9352299571037292	0.06477005779743195
0.9104272127151489	0.08957282453775406
0.4159356951713562	0.5840643048286438
0.4193040132522583	0.5806959867477417
0.814206600189209	0.18579334020614624
0.32239973545074463	0.6776002645492554
0.585209846496582	0.41479015350341797
0.05896727368235588	0.9410326480865479
0.9411645531654358	0.0588354617357254
0.38410449028015137	0.6158955097198486
0.8312965631484985	0.16870342195034027
0.7964879870414734	0.2035120725631714
0.39368125796318054	0.6063187718391418
0.5739197731018066	0.42608019709587097
0.39918383955955505	0.6008161306381226
0.4333707392215729	0.5666292905807495
0.713915228843689	0.2860848009586334
0.42117583751678467	0.5788241624832153
0.6332413554191589	0.3667585849761963
0.024503087624907494	0.9754968881607056
0.9972962737083435	0.0027037193067371845
0.0005254045245237648	0.9994745850563049
0.7483181953430176	0.2516818344593048
0.29884544014930725	0.7011545300483704
0.9825851917266846	0.0174147617071867
0.04060789942741394	0.9593921303749084
0.14301912486553192	0.8569808602333069
0.6858044266700745	0.3141956031322479
0.014824536629021168	0.9851754307746887
0.5038935542106628	0.49610647559165955
0.6076483726501465	0.39235159754753113
0.38043439388275146	0.6195655465126038
0.1951139271259308	0.8048861026763916
0.0038813226856291294	0.9961186647415161
0.8537445664405823	0.14625541865825653
0.07390349358320236	0.926096498966217
0.5364565849304199	0.4635433554649353
0.7980907559394836	0.20190924406051636
0.04321707785129547	0.9567829370498657
0.9479643106460571	0.05203565955162048
0.03250064328312874	0.967499315738678
0.5415225028991699	0.4584774971008301
0.45633915066719055	0.5436608791351318
0.7634952664375305	0.2365046888589859
0.9149807095527649	0.0850192978978157
0.12941917777061462	0.8705808520317078
0.7222998142242432	0.27770018577575684
0.021590882912278175	0.9784091711044312
0.9977825284004211	0.002217447618022561
0.8700953125953674	0.12990470230579376
0.17784364521503448	0.8221563696861267
0.6664270758628845	0.3335728943347931
0.94685298204422	0.053146976977586746
0.0017135946545749903	0.9982864260673523
0.2630268335342407	0.7369731664657593
0.09845059365034103	0.9015493988990784
0.8692992925643921	0.1307007372379303
0.14245642721652985	0.8575435876846313
0.09442569315433502	0.9055742621421814
0.35076355934143066	0.6492364406585693
0.9724271893501282	0.027572879567742348
0.5717108249664307	0.4282892048358917
0.8318139910697937	0.1681859940290451
0.025811804458498955	0.9741882085800171
0.4259994924068451	0.5740004777908325
0.5882608294487	0.4117390811443329
0.818609893321991	0.18139012157917023
0.2628065347671509	0.7371934056282043
0.6848451495170593	0.3151548206806183
0.21738286316394806	0.7826171517372131
0.9250860214233398	0.07491400092840195
0.847244381904602	0.15275566279888153
0.9930163621902466	0.006983587983995676
0.9878703951835632	0.012129669077694416
0.6592243909835815	0.34077563881874084
0.024226782843470573	0.9757732152938843
0.9978718757629395	0.0021280846558511257
0.960281252861023	0.039718713611364365
0.6321211457252502	0.367878794670105
0.19333717226982117	0.8066628575325012
0.34901246428489685	0.6509876251220703
0.8546390533447266	0.14536097645759583
0.9793251156806946	0.02067490480840206
0.15510976314544678	0.8448901772499084
0.1392318308353424	0.86076819896698
0.773360013961792	0.2266400307416916
0.8840500712394714	0.11594992130994797
0.11967509239912033	0.8803249001502991
0.6641107797622681	0.33588916063308716
0.9991236329078674	0.0008764296653680503
0.0007375066052190959	0.9992625117301941
0.7155550718307495	0.28444498777389526
0.6960679888725281	0.3039320111274719
0.8997687697410583	0.10023120045661926
0.023904046043753624	0.976095974445343
0.9843438863754272	0.01565615087747574
0.5226706862449646	0.4773293137550354
0.3821416199207306	0.6178582906723022
0.8072062730789185	0.19279372692108154
0.6671070456504822	0.3328930139541626
0.2990698218345642	0.7009302377700806
0.3280958831310272	0.6719040870666504
0.8334684371948242	0.16653160750865936
0.3232226073741913	0.6767773628234863
0.7988229393959045	0.20117706060409546
0.34704768657684326	0.6529523134231567
0.9609681367874146	0.03903183341026306
0.12887118756771088	0.8711287975311279
0.4036377966403961	0.5963622331619263
0.897664487361908	0.10233554244041443
0.22163289785385132	0.7783670425415039
0.02198299579322338	0.9780169725418091
0.5013183355331421	0.4986816644668579
0.535992443561554	0.4640074670314789
0.9974924325942993	0.0025076272431761026
0.2709444463253021	0.7290555834770203
0.021792491897940636	0.978207528591156
0.17381326854228973	0.8261867761611938
0.02466714382171631	0.9753329157829285
0.9446954131126404	0.05530460178852081
0.1774251013994217	0.8225749135017395
0.4274965226650238	0.5725035071372986
0.8810528516769409	0.11894717812538147
0.3099473714828491	0.6900526881217957
0.9997242093086243	0.00027578481240198016
0.9486986398696899	0.05130127817392349
0.7996846437454224	0.20031535625457764
0.7082886099815369	0.29171136021614075
0.016621336340904236	0.9833785891532898
0.042633283883333206	0.9573667049407959
0.02421378344297409	0.9757862687110901
0.03830178827047348	0.9616982340812683
0.9696658253669739	0.03033418022096157
0.35574349761009216	0.6442564129829407
0.8461378216743469	0.15386216342449188
0.013394738547503948	0.9866052269935608
0.4009561538696289	0.5990437865257263
0.4781132638454437	0.5218868255615234
0.5991835594177246	0.4008164703845978
0.21526391804218292	0.784736156463623
0.94646155834198	0.053538478910923004
0.8004074096679688	0.19959259033203125
0.470232754945755	0.5297671556472778
0.3960045874118805	0.6039954423904419
0.7693321108818054	0.2306678742170334
0.4383479654788971	0.5616520643234253
0.42066490650177	0.57933509349823
0.08875158429145813	0.9112483859062195
0.31075042486190796	0.6892495155334473
0.11549236625432968	0.8845075964927673
0.5572093725204468	0.44279059767723083
0.14237262308597565	0.8576273918151855
0.30328044295310974	0.6967195868492126
0.05515865981578827	0.9448412656784058
0.6562127470970154	0.3437872529029846
0.08686002343893051	0.9131399989128113
0.050709422677755356	0.9492905139923096
0.45894333720207214	0.5410566926002502
0.4616982638835907	0.5383017659187317
0.13911259174346924	0.860887348651886
0.6966353058815002	0.30336466431617737
0.3898465037345886	0.6101535558700562
0.22553953528404236	0.7744604349136353
0.09333640336990356	0.9066635370254517
0.18784236907958984	0.8121576309204102
0.4706988036632538	0.5293011665344238
0.5774722099304199	0.4225277900695801
0.006542121060192585	0.9934578537940979
0.20147407054901123	0.798525869846344
0.9823247194290161	0.017675276845693588
0.021981915459036827	0.9780181050300598
0.3628360629081726	0.6371638774871826
0.6057300567626953	0.3942699730396271
0.11758628487586975	0.8824137449264526
0.17269054055213928	0.8273094296455383
0.07185403257608414	0.9281459450721741
0.9375699162483215	0.062430039048194885
0.00016467428940813988	0.9998352527618408
0.38624468445777893	0.6137552857398987
0.9608697295188904	0.03913028910756111
0.6154681444168091	0.3845318853855133
0.26730990409851074	0.7326900362968445
0.43505704402923584	0.5649429559707642
0.019104136154055595	0.9808958768844604
0.28668370842933655	0.7133162617683411
0.5073992609977722	0.4926007390022278
0.9972014427185059	0.0027986199129372835
0.9878576993942261	0.01214227918535471
0.5238567590713501	0.4761432409286499
0.006042385473847389	0.9939576387405396
0.8048000335693359	0.1951998919248581
0.003474112367257476	0.9965258240699768
0.005651434883475304	0.9943485856056213
0.18313871324062347	0.8168612718582153
0.05237865820527077	0.9476214051246643
0.0252840518951416	0.9747159481048584
0.3074210584163666	0.692578911781311
0.10124155133962631	0.8987584710121155
0.13276271522045135	0.8672372102737427
0.18256179988384247	0.8174381852149963
0.3571808636188507	0.6428191661834717
0.41097867488861084	0.5890212655067444
0.07881254702806473	0.9211875200271606
0.025465870276093483	0.9745341539382935
0.0018470452632755041	0.9981529116630554
0.5426751375198364	0.45732489228248596
0.7761924862861633	0.22380749881267548
0.029236970469355583	0.9707630276679993
0.6976401209831238	0.3023599088191986
0.5837294459342957	0.41627049446105957
0.3644285500049591	0.6355713605880737
0.6546428799629211	0.34535717964172363
0.9684361219406128	0.03156394511461258
0.19644273817539215	0.8035573363304138
0.6803097128868103	0.3196902275085449
0.0005699994508177042	0.9994300007820129
0.7951279878616333	0.2048719972372055
0.7381037473678589	0.2618963122367859
0.05616557598114014	0.9438344240188599
0.9344037771224976	0.06559624522924423
0.7017826437950134	0.2982173562049866
0.4270625114440918	0.5729374885559082
0.7667220830917358	0.23327796161174774
0.7792786955833435	0.2207212895154953
0.3604382276535034	0.6395617127418518
0.1238555833697319	0.8761444091796875
0.04858687147498131	0.9514131546020508
0.5187052488327026	0.48129481077194214
0.7985863089561462	0.20141363143920898
0.5654792785644531	0.4345206916332245
0.23859098553657532	0.7614090442657471
0.8844486474990845	0.11555131524801254
0.055310752242803574	0.9446892142295837
0.6088326573371887	0.3911673128604889
0.18088068068027496	0.819119393825531
0.6849438548088074	0.3150561451911926
0.013403009623289108	0.9865970015525818
0.2853757441043854	0.7146242260932922
0.06246237829327583	0.937537670135498
0.03245722874999046	0.9675427079200745
0.3452838659286499	0.6547161340713501
0.003868600819259882	0.996131420135498
0.9999206066131592	7.939746865304187e-05
0.6017987728118896	0.3982011675834656
0.871372401714325	0.12862758338451385
0.4559987783432007	0.5440011620521545
0.661708652973175	0.33829131722450256
0.7832263708114624	0.21677370369434357
0.1550494283437729	0.8449506163597107
0.5775676965713501	0.4224322736263275
0.12342333793640137	0.8765766620635986
0.23401519656181335	0.7659847736358643
0.8739411234855652	0.12605883181095123
0.615554928779602	0.38444510102272034
0.5348652005195618	0.46513476967811584
0.609068751335144	0.3909311592578888
0.916928231716156	0.08307168632745743
0.967250645160675	0.03274933993816376
0.6915838122367859	0.3084161877632141
0.3469296991825104	0.6530702710151672
0.6530262231826782	0.3469737768173218
0.6482481360435486	0.3517518937587738
0.08394529670476913	0.9160547256469727
0.6443226933479309	0.3556773066520691
0.12793923914432526	0.8720607757568359
0.5627862215042114	0.4372137486934662
0.14873886108398438	0.8512611389160156
0.3430291414260864	0.6569707989692688
0.029901456087827682	0.9700985550880432
0.12320317327976227	0.8767968416213989
0.37377259135246277	0.6262274384498596
0.5985739231109619	0.4014261066913605
0.206991046667099	0.7930089235305786
0.8311898112297058	0.168810173869133
0.9099757671356201	0.09002421796321869
0.8886107206344604	0.11138921976089478
0.543567955493927	0.4564319849014282
0.49747544527053833	0.5025246143341064
0.34807857871055603	0.6519213914871216
0.15733234584331512	0.8426676392555237
0.010129264555871487	0.9898707270622253
0.8458929657936096	0.15410703420639038
0.9946346282958984	0.0053653717041015625
0.06870480626821518	0.9312952160835266
0.7739939093589783	0.22600606083869934
0.9721443057060242	0.027855640277266502
0.9870680570602417	0.01293189823627472
0.8508901596069336	0.14910981059074402
0.009152006357908249	0.9908479452133179
0.3862003684043884	0.6137996315956116
0.4641582667827606	0.5358417630195618
0.21861742436885834	0.7813826203346252
0.8017365336418152	0.19826343655586243
0.14602087438106537	0.8539791107177734
0.012648492120206356	0.9873515367507935
0.7722119688987732	0.22778809070587158
0.7648745179176331	0.2351255565881729
0.5304971933364868	0.4695027768611908
0.26054635643959045	0.7394536733627319
0.9173412919044495	0.08265876024961472
0.5608082413673401	0.4391917288303375
0.9405743479728699	0.0594257190823555
0.10465972125530243	0.8953403234481812
0.1858542561531067	0.8141458034515381
0.33332592248916626	0.6666740775108337
0.5733605623245239	0.4266393780708313
0.3953264355659485	0.6046735048294067
0.28795284032821655	0.7120471000671387
0.9998712539672852	0.00012868484191130847
0.184764564037323	0.815235435962677
0.009976230561733246	0.9900237917900085
0.8824775218963623	0.1175224706530571
0.46601811051368713	0.5339819192886353
0.8551845550537109	0.14481541514396667
0.025782911106944084	0.9742170572280884
0.44659820199012756	0.5534018278121948
0.7488371133804321	0.25116294622421265
0.7839555144309998	0.21604448556900024
0.9239033460617065	0.07609672099351883
0.8227669596672058	0.1772329956293106
0.8561627268791199	0.14383728802204132
0.7753163576126099	0.22468362748622894
0.9859622120857239	0.01403774507343769
0.01803944818675518	0.9819605350494385
0.09827420115470886	0.9017257690429688
0.76805180311203	0.23194824159145355
0.9757197499275208	0.02428024262189865
0.29512664675712585	0.7048733830451965
0.2054884135723114	0.7945115566253662
0.0824442207813263	0.9175558090209961
0.241792693734169	0.7582072615623474
0.04862252250313759	0.9513774514198303
0.9459162950515747	0.05408370494842529
0.7082450985908508	0.29175490140914917
0.24407944083213806	0.7559205889701843
0.570127546787262	0.4298724830150604
0.9890756607055664	0.010924315080046654
0.09897643327713013	0.9010235667228699
0.04219360649585724	0.9578063488006592
0.5679775476455688	0.43202242255210876
0.24363836646080017	0.7563616633415222
0.7989781498908997	0.20102185010910034
0.6223735213279724	0.37762650847435
0.28984662890434265	0.7101534008979797
0.9121074080467224	0.0878925696015358
0.2211516946554184	0.7788482904434204
0.974032998085022	0.025966977700591087
0.9410156607627869	0.058984316885471344
0.03785989433526993	0.9621400833129883
0.01827864907681942	0.9817214012145996
0.6693946123123169	0.3306054174900055
0.03971735015511513	0.9602826833724976
0.3605184853076935	0.6394814848899841
0.3811555504798889	0.6188443899154663
0.7665125727653503	0.23348738253116608
0.031407978385686874	0.9685919880867004
0.008661487139761448	0.9913384914398193
0.5150275230407715	0.48497244715690613
0.012537787668406963	0.9874622225761414
0.6096485257148743	0.39035144448280334
0.4765932857990265	0.5234066247940063
0.03645319119095802	0.963546872138977
0.9087854027748108	0.09121464937925339
0.5340930819511414	0.46590691804885864
0.893163800239563	0.10683614760637283
0.7895364165306091	0.21046355366706848
0.0322139747440815	0.9677860736846924
0.04865909367799759	0.9513408541679382
0.9795055389404297	0.02049444615840912
0.5492361783981323	0.4507637917995453
0.22011063992977142	0.7798894047737122
0.42987900972366333	0.5701209902763367
0.5668527483940125	0.4331473112106323
0.6125349998474121	0.3874649703502655
0.014580735005438328	0.9854192733764648
0.8647133111953735	0.13528674840927124
0.18167699873447418	0.818323016166687
0.005391132552176714	0.9946088790893555
0.9775463938713074	0.022453565150499344
0.7244866490364075	0.27551332116127014
0.38764429092407227	0.6123557686805725
0.285692036151886	0.7143079042434692
0.20129120349884033	0.7987088561058044
0.11146609485149384	0.8885339498519897
0.4274151623249054	0.572584867477417
0.9754535555839539	0.024546436965465546
0.9318974614143372	0.06810262054204941
0.880684494972229	0.11931554228067398
0.27563631534576416	0.7243636846542358
0.015409057028591633	0.984591007232666
0.9442386031150818	0.05576140806078911
0.7874327898025513	0.21256722509860992
0.38116252422332764	0.6188374757766724
0.8888915181159973	0.11110842227935791
0.9564486145973206	0.043551456183195114
0.2620849311351776	0.7379150390625
0.7076951861381531	0.2923048138618469
0.4268847405910492	0.5731152892112732
0.15009841322898865	0.8499016165733337
0.7541040182113647	0.24589598178863525
0.46695610880851746	0.5330439209938049
0.19940781593322754	0.8005921840667725
0.028164654970169067	0.9718353748321533
0.5091282725334167	0.49087172746658325
0.6752610206604004	0.3247389793395996
0.9638959169387817	0.03610411658883095
0.0011468471493571997	0.9988532066345215
0.6078313589096069	0.3921685516834259
0.6933436393737793	0.3066563904285431
0.0337221659719944	0.9662778973579407
0.07214916497468948	0.9278509020805359
0.13183000683784485	0.8681700229644775
0.16889052093029022	0.8311094641685486
0.9645323157310486	0.03546769917011261
0.9278561472892761	0.07214386016130447
0.9194945693016052	0.08050542324781418
0.8809788823127747	0.11902105063199997
0.3070226311683655	0.6929774284362793
0.052017953246831894	0.9479820728302002
0.9855329394340515	0.01446710154414177
0.15558139979839325	0.8444185853004456
0.054760027676820755	0.9452400207519531
0.34049031138420105	0.6595096588134766
0.12152444571256638	0.878475546836853
0.38949790596961975	0.6105020046234131
0.8274551630020142	0.17254488170146942
0.18558137118816376	0.814418613910675
0.1349954903125763	0.8650045394897461
0.9984481334686279	0.001551811583340168
0.22229164838790894	0.7777083516120911
0.010775740258395672	0.9892242550849915
0.8645612597465515	0.1354387104511261
0.2979995906352997	0.7020004987716675
0.7296791076660156	0.270320862531662
0.7784161567687988	0.22158385813236237
0.00987686961889267	0.9901230931282043
0.780805230140686	0.21919482946395874
0.18998974561691284	0.8100102543830872
0.5426997542381287	0.4573002755641937
0.13022886216640472	0.8697711825370789
0.8514885306358337	0.14851149916648865
0.03352392837405205	0.9664760231971741
0.516562819480896	0.4834371507167816
0.7544096112251282	0.24559035897254944
0.7661992907524109	0.2338007390499115
0.9752113223075867	0.024788672104477882
0.6471992135047913	0.35280081629753113
0.26965901255607605	0.7303410172462463
0.5452212691307068	0.4547787308692932
0.7471869587898254	0.25281310081481934
0.5627806186676025	0.43721938133239746
0.9557140469551086	0.044285912066698074
0.9740850329399109	0.025914916768670082
0.010161452926695347	0.9898384809494019
0.07654646039009094	0.9234535694122314
0.08477231115102768	0.9152276515960693
0.7770073413848877	0.22299262881278992
0.45837581157684326	0.5416241884231567
0.5058786273002625	0.49412134289741516
0.9766669273376465	0.023333072662353516
0.9637384414672852	0.036261506378650665
0.3456771969795227	0.6543228030204773
0.04474099352955818	0.9552590250968933
0.28770822286605835	0.7122918367385864
0.0046177576296031475	0.9953822493553162
0.875806450843811	0.12419355660676956
0.9960483908653259	0.0039515746757388115
0.8025035262107849	0.1974964290857315
0.37251827120780945	0.6274817585945129
0.9558876156806946	0.044112373143434525
0.06947488337755203	0.9305251836776733
0.08531027287244797	0.9146897792816162
0.8305202722549438	0.16947969794273376
0.005152860190719366	0.9948471784591675
0.010395379737019539	0.9896045923233032
0.9844861030578613	0.015513869933784008
0.3344835937023163	0.6655163764953613
0.4311993718147278	0.5688006281852722
0.10037226229906082	0.8996278047561646
0.9121895432472229	0.0878104567527771
0.9880551695823669	0.011944891884922981
0.15227718651294708	0.8477228283882141
0.1364336907863617	0.8635663390159607
0.8684641122817993	0.1315358430147171
0.004474919755011797	0.995525062084198
0.35231253504753113	0.6476874351501465
0.9751258492469788	0.02487412467598915
0.892561137676239	0.10743884742259979
0.00891114305704832	0.9910888671875
0.06863798946142197	0.931361973285675
0.8758134841918945	0.12418655306100845
0.3165696859359741	0.6834303140640259
0.8005940318107605	0.1994059979915619
0.06620828062295914	0.9337917566299438
0.907384991645813	0.09261507540941238
0.0028707433957606554	0.9971292614936829
0.6914162635803223	0.30858370661735535
0.5108325481414795	0.4891674816608429
0.9301779270172119	0.06982201337814331
0.0602535605430603	0.9397464394569397
0.8886856436729431	0.11131429672241211
0.7019893527030945	0.29801061749458313
0.42269790172576904	0.577302098274231
0.8447707891464233	0.15522915124893188
0.1458844691514969	0.8541155457496643
0.6702610850334167	0.3297388553619385
0.9545937180519104	0.0454062856733799
0.0016959654167294502	0.998304009437561
0.043224036693573	0.956775963306427
0.3117842376232147	0.6882157325744629
0.9843495488166809	0.015650516375899315
0.9995417594909668	0.0004582097753882408
0.32063159346580505	0.6793683767318726
0.9269864559173584	0.073013536632061
0.9598817229270935	0.04011823236942291
0.05785255879163742	0.9421474933624268
0.02168716862797737	0.9783128499984741
0.9952831864356995	0.004716822411864996
0.9711489677429199	0.02885102666914463
0.9203461408615112	0.07965391129255295
0.9474465250968933	0.052553508430719376
0.6979908347129822	0.3020091652870178
0.8482329249382019	0.15176711976528168
0.9974049925804138	0.0025949846021831036
0.42776262760162354	0.5722374320030212
0.3178929090499878	0.6821070909500122
0.1172802597284317	0.8827196955680847
0.8351820111274719	0.16481797397136688
0.2864728569984436	0.7135271430015564
0.8154261112213135	0.18457387387752533
0.3372824490070343	0.6627176403999329
0.9127289652824402	0.08727100491523743
0.310975044965744	0.6890248656272888
0.8968549370765686	0.1031450480222702
0.8652661442756653	0.1347338855266571
0.05433586984872818	0.94566410779953
0.6527361869812012	0.34726381301879883
0.010969551280140877	0.9890304207801819
0.6148189306259155	0.38518109917640686
0.853684663772583	0.14631526172161102
0.8314268589019775	0.16857320070266724
0.3075813949108124	0.69241863489151
0.5456424951553345	0.45435747504234314
0.7983660697937012	0.20163391530513763
0.9999136924743652	8.629910735180601e-05
0.21540474891662598	0.7845953106880188
0.022636594250798225	0.9773633480072021
0.2119779884815216	0.7880220413208008
0.034181851893663406	0.9658181667327881
0.02650374174118042	0.9734963178634644
0.48891234397888184	0.5110877156257629
0.6473279595375061	0.3526720106601715
0.9787634015083313	0.02123657613992691
0.9870914220809937	0.01290855836123228
0.9624435305595398	0.03755640983581543
0.7816842198371887	0.21831576526165009
0.8131155371665955	0.18688444793224335
0.32081472873687744	0.6791852116584778
0.3698354661464691	0.6301645636558533
0.1768692284822464	0.8231307864189148
0.8808620572090149	0.1191379576921463
0.16913491487503052	0.8308650255203247
0.4655459523200989	0.5344539880752563
0.001440856489352882	0.9985591769218445
0.540759265422821	0.45924070477485657
0.09393046796321869	0.9060695171356201
0.15455344319343567	0.8454465866088867
0.851518452167511	0.14848153293132782
0.9999649524688721	3.508051304379478e-05
0.17671309411525726	0.8232869505882263
0.3812546730041504	0.6187453269958496
0.9368043541908264	0.06319569051265717
0.17994104325771332	0.8200590014457703
0.13393500447273254	0.8660650253295898
0.9714562296867371	0.02854376845061779
0.8284766674041748	0.1715232878923416
0.5096229314804077	0.4903770685195923
0.5903470516204834	0.4096529185771942
0.8879230618476868	0.11207687854766846
0.48173099756240845	0.5182689428329468
0.07705875486135483	0.9229412078857422
0.9939715266227722	0.006028471514582634
0.0810869112610817	0.9189131259918213
0.18194793164730072	0.8180519938468933
0.01215806882828474	0.9878419041633606
0.058592695742845535	0.9414072632789612
0.9410051107406616	0.05899485573172569
0.0943126529455185	0.9056872725486755
0.6715400815010071	0.3284599184989929
0.9678548574447632	0.03214510902762413
0.18053701519966125	0.8194629549980164
0.08417123556137085	0.9158287644386292
0.08695286512374878	0.9130471348762512
0.1069796085357666	0.8930203318595886
0.6199734807014465	0.38002651929855347
0.8243926167488098	0.175607368350029
0.8998875021934509	0.10011249035596848
0.9800726175308228	0.019927415996789932
0.37869399785995483	0.6213060021400452
0.1389921009540558	0.8610079288482666
0.059843603521585464	0.9401564598083496
0.1038651168346405	0.8961348533630371
0.42958712577819824	0.5704129338264465
0.33184999227523804	0.6681499481201172
0.960364580154419	0.039635445922613144
0.5359475612640381	0.4640524685382843
0.9635387659072876	0.03646118938922882
0.6766228675842285	0.3233771324157715
0.16707773506641388	0.8329222202301025
0.14133338630199432	0.8586666584014893
0.9974498152732849	0.0025501528289169073
0.6481201648712158	0.3518798351287842
0.2318020910024643	0.7681979537010193
0.0884285718202591	0.9115715026855469
0.9897074699401855	0.010292545892298222
0.6253793239593506	0.374620646238327
0.8074245452880859	0.19257545471191406
0.3349313735961914	0.6650686264038086
0.6952676177024841	0.3047323524951935
0.6953315734863281	0.3046683967113495
0.7065346240997314	0.2934653162956238
0.4341530203819275	0.5658469796180725
0.812873899936676	0.18712617456912994
0.6942465901374817	0.3057534098625183
0.03907250985503197	0.9609275460243225
0.05795363709330559	0.9420463442802429
0.1879349946975708	0.8120650053024292
0.011612359434366226	0.9883876442909241
0.9880496859550476	0.011950305663049221
0.443483829498291	0.5565162301063538
0.8008469939231873	0.19915303587913513
0.04244683310389519	0.9575531482696533
0.542883038520813	0.4571169316768646
0.6721418499946594	0.3278581500053406
0.06311975419521332	0.9368802309036255
0.435636043548584	0.5643638968467712
0.9646328091621399	0.0353672057390213
0.9788758754730225	0.021124158054590225
0.0034068836830556393	0.9965930581092834
0.2999371588230133	0.7000628113746643
0.9494404196739197	0.05055956169962883
0.2713426649570465	0.7286573648452759
0.764592170715332	0.23540788888931274
0.06986668705940247	0.9301332831382751
0.10294955223798752	0.8970504999160767
0.9791431427001953	0.020856834948062897
0.9982776641845703	0.0017223687609657645
0.3012920916080475	0.6987079381942749
0.3057473301887512	0.6942526698112488
0.9992724061012268	0.0007275926182046533
0.35908910632133484	0.6409109234809875
0.197482168674469	0.802517831325531
0.2145887017250061	0.7854112982749939
0.5827725529670715	0.4172273874282837
0.5824567079544067	0.41754329204559326
0.00494009256362915	0.9950599074363708
0.16681891679763794	0.8331810832023621
0.8543858528137207	0.1456141620874405
0.16833370923995972	0.8316662907600403
0.9917216897010803	0.00827832892537117
0.5396674871444702	0.460332453250885
0.05150681734085083	0.9484931230545044
0.00270973052829504	0.9972902536392212
0.19444121420383453	0.8055587410926819
0.8209829330444336	0.17901714146137238
0.027314763516187668	0.9726852774620056
0.9148489832878113	0.08515103161334991
0.4381798505783081	0.5618201494216919
0.45786529779434204	0.5421347618103027
0.011555814184248447	0.9884442687034607
0.43554097414016724	0.564458966255188
0.8282290101051331	0.17177103459835052
0.005122538655996323	0.9948775172233582
0.9991931319236755	0.0008068817551247776
0.42118188738822937	0.578818142414093
0.7551739811897278	0.24482598900794983
0.9967380166053772	0.003261936130002141
0.23978012800216675	0.7602198719978333
0.9707157611846924	0.029284261167049408
0.16522453725337982	0.8347753882408142
0.5068581700325012	0.49314185976982117
0.024960925802588463	0.9750390648841858
0.993164598941803	0.006835329346358776
0.041899655014276505	0.9581003189086914
0.6513002514839172	0.348699688911438
0.3044930100440979	0.6955069303512573
0.03780718520283699	0.9621928334236145
0.15724337100982666	0.8427566289901733
0.674197256565094	0.3258027732372284
0.06532682478427887	0.9346731901168823
0.6178144216537476	0.38218557834625244
0.8364704251289368	0.16352955996990204
0.5950647592544556	0.4049352705478668
0.014322685077786446	0.9856773614883423
0.9122998714447021	0.08770017325878143
0.5555747151374817	0.4444253146648407
0.26018601655960083	0.7398139834403992
0.8531280159950256	0.14687196910381317
0.0347038209438324	0.9652961492538452
0.1027831882238388	0.8972168564796448
0.7545469403266907	0.24545298516750336
0.49235856533050537	0.5076414346694946
0.27539876103401184	0.7246012687683105
0.03278122842311859	0.9672187566757202
0.41741234064102173	0.5825875997543335
0.8781402707099915	0.12185974419116974
0.7697201371192932	0.2302798181772232
0.013006269000470638	0.9869937300682068
0.8258568644523621	0.17414315044879913
0.027391383424401283	0.9726085662841797
0.16291004419326782	0.8370899558067322
0.04278501495718956	0.9572149515151978
0.45596253871917725	0.5440375208854675
0.62012779712677	0.3798721432685852
0.992435872554779	0.007564063649624586
0.9929133057594299	0.007086674217134714
0.4900260269641876	0.5099740028381348
0.292461097240448	0.707538902759552
0.9715076088905334	0.02849235199391842
0.47725993394851685	0.5227400064468384
0.008724318817257881	0.9912756681442261
0.9807884097099304	0.01921161264181137
0.01369036640971899	0.9863096475601196
0.3166913688182831	0.6833086013793945
0.8125516176223755	0.1874484121799469
0.6569406390190125	0.34305936098098755
0.7308142781257629	0.2691856920719147
0.9892773628234863	0.010722662322223186
0.0851040929555893	0.9148958921432495
0.08890711516141891	0.9110928773880005
0.9982047080993652	0.0017952892230823636
0.9989676475524902	0.0010323962196707726
0.3096645176410675	0.6903354525566101
0.37957563996315	0.6204243302345276
0.04358336701989174	0.956416666507721
0.028759436681866646	0.9712405800819397
0.0010497126495465636	0.9989503026008606
0.9496546387672424	0.050345368683338165
0.46078482270240784	0.5392152070999146
0.8528317809104919	0.14716820418834686
0.43915948271751404	0.5608405470848083
0.9966649413108826	0.0033350663725286722
0.9965441823005676	0.0034558644983917475
0.24869835376739502	0.751301646232605
0.9806817770004272	0.019318241626024246
0.9698458313941956	0.03015420399606228
0.5671782493591309	0.43282178044319153
0.5376258492469788	0.4623742401599884
0.7006474733352661	0.2993524968624115
0.4488329291343689	0.5511670112609863
0.9930578470230103	0.0069421278312802315
0.37498798966407776	0.6250119805335999
0.7064916491508484	0.29350826144218445
0.0007919407798908651	0.9992080330848694
0.7020813226699829	0.2979186773300171
0.20963414013385773	0.7903658747673035
0.7819894552230835	0.2180105596780777
0.301798552274704	0.6982014775276184
0.03123527765274048	0.9687646627426147
0.00560509879142046	0.9943948984146118
0.5474755167961121	0.45252445340156555
0.10926464945077896	0.8907353281974792
0.14485633373260498	0.855143666267395
0.8113834857940674	0.1886165887117386
0.5558618903160095	0.4441381096839905
0.02362348884344101	0.976376473903656
0.054848480969667435	0.9451515078544617
0.22276106476783752	0.7772389650344849
0.20270200073719025	0.7972979545593262
0.25917214155197144	0.7408278584480286
0.014240909367799759	0.9857591390609741
0.8620863556861877	0.13791368901729584
0.9967750906944275	0.0032249006908386946
0.1485680788755417	0.8514319658279419
0.4684199094772339	0.5315800905227661
0.9199491739273071	0.08005083352327347
0.005472974851727486	0.9945270419120789
0.08788599818944931	0.9121140241622925
0.010942555032670498	0.9890574812889099
0.40832850337028503	0.5916715264320374
0.8623507022857666	0.13764923810958862
0.0073371874168515205	0.992662787437439
0.4500998258590698	0.5499001741409302
0.022657759487628937	0.9773423075675964
0.9968271851539612	0.0031727957539260387
0.6860677003860474	0.313932329416275
0.03854111209511757	0.9614589214324951
0.9416311979293823	0.05836879089474678
0.141968235373497	0.858031690120697
0.2606599032878876	0.73934006690979
0.9388744235038757	0.061125628650188446
0.22048969566822052	0.7795103192329407
0.7601168155670166	0.23988324403762817
0.16629064083099365	0.8337094187736511
0.9099980592727661	0.09000187367200851
0.007556350436061621	0.9924436211585999
0.03253757953643799	0.9674623608589172
0.28519949316978455	0.7148005366325378
0.9993652701377869	0.0006346850423142314
0.9812467694282532	0.018753202632069588
0.5768218040466309	0.42317819595336914
0.6013160347938538	0.39868396520614624
0.8159121870994568	0.18408778309822083
0.09976230561733246	0.9002376794815063
0.8772777318954468	0.12272226810455322
0.16094575822353363	0.83905428647995
0.11685973405838013	0.8831402063369751
0.06683988869190216	0.9331600666046143
0.00463021919131279	0.9953697323799133
0.9231375455856323	0.07686249166727066
0.9063654541969299	0.09363450855016708
0.060999128967523575	0.9390008449554443
0.017016101628541946	0.9829839468002319
0.24535615742206573	0.7546439170837402
0.026380276307463646	0.9736196994781494
0.9948511719703674	0.005148864816874266
0.7589722871780396	0.24102772772312164
0.3708409070968628	0.6291590929031372
0.06788196414709091	0.9321179986000061
0.062347255647182465	0.9376527070999146
0.1224895790219307	0.8775103688240051
0.0043502626940608025	0.9956497550010681
0.8076574206352234	0.19234256446361542
0.8431332111358643	0.15686681866645813
0.16769538819789886	0.8323045969009399
0.9731925129890442	0.02680748514831066
0.7385185956954956	0.26148146390914917
0.19428971409797668	0.8057102560997009
0.04602745547890663	0.953972578048706
0.4156073033809662	0.5843926668167114
0.9867766499519348	0.0132233751937747
0.8732596039772034	0.12674035131931305
0.7259362936019897	0.2740636169910431
0.5573700666427612	0.442629873752594
0.0010086159454658628	0.9989914298057556
0.33715537190437317	0.6628446578979492
0.7793962955474854	0.22060370445251465
0.00514628179371357	0.9948537945747375
0.8089984655380249	0.19100148975849152
0.6963246464729309	0.3036753237247467
0.30009761452674866	0.6999024748802185
0.09366351366043091	0.9063364863395691
0.7356362342834473	0.26436373591423035
0.08496015518903732	0.9150398969650269
0.42448920011520386	0.5755107402801514
0.5375527739524841	0.4624471962451935
0.9651378989219666	0.03486206382513046
0.9505360722541809	0.04946395382285118
0.09514158964157104	0.9048584699630737
0.33588138222694397	0.6641185879707336
0.6644564867019653	0.3355434834957123
0.877770721912384	0.12222925573587418
0.5510801076889038	0.4489198923110962
0.9580664038658142	0.041933611035346985
0.04193852096796036	0.9580614566802979
0.20189957320690155	0.798100471496582
0.9968152642250061	0.0031847429927438498
0.02212117798626423	0.9778788089752197
0.9852336049079895	0.014766338281333447
0.20695526897907257	0.7930446863174438
0.2177925407886505	0.7822074890136719
0.9686994552612305	0.03130052238702774
0.001577368937432766	0.9984226226806641
0.13082756102085114	0.8691725134849548
0.6246551871299744	0.375344842672348
0.795708954334259	0.20429106056690216
0.12696552276611328	0.8730345368385315
0.01994023285806179	0.980059802532196
0.6347712874412537	0.36522871255874634
0.7690382599830627	0.2309616655111313
0.8872424960136414	0.11275747418403625
0.9593258500099182	0.04067419469356537
0.977144181728363	0.022855855524539948
0.024369584396481514	0.9756304025650024
0.9362114071846008	0.0637885332107544
0.30301669239997864	0.696983277797699
0.14706966280937195	0.8529304265975952
0.10952473431825638	0.8904752135276794
0.9654101133346558	0.034589845687150955
0.253866970539093	0.746133029460907
0.14677374064922333	0.8532262444496155
0.9166298508644104	0.08337008208036423
0.31783047318458557	0.6821695566177368
0.983086109161377	0.01691392995417118
0.19798584282398224	0.802014172077179
0.9985539317131042	0.001446019858121872
0.8956430554389954	0.10435692965984344
0.7298803329467773	0.27011963725090027
0.3387402594089508	0.661259651184082
0.4004673659801483	0.5995326638221741
0.08903072774410248	0.9109693169593811
0.019794214516878128	0.980205774307251
0.2702922821044922	0.7297077775001526
0.002984316786751151	0.9970157146453857
0.37717199325561523	0.6228280663490295
0.05460341274738312	0.9453966021537781
0.9544717669487	0.04552818834781647
0.013094766065478325	0.9869052767753601
0.06515525281429291	0.9348447918891907
0.2223939746618271	0.7776060700416565
0.7419776320457458	0.25802233815193176
0.12532497942447662	0.8746750950813293
0.4387306869029999	0.5612692832946777
0.5860506892204285	0.41394922137260437
0.08026649057865143	0.9197335243225098
0.5914074182510376	0.40859255194664
0.0014365899842232466	0.9985634684562683
0.8246526122093201	0.17534741759300232
0.7519830465316772	0.24801695346832275
0.9844955801963806	0.015504412353038788
0.00039233811548911035	0.9996077418327332
0.978986918926239	0.02101314067840576
0.6755127906799316	0.32448723912239075
0.25596922636032104	0.744030773639679
0.10459194332361221	0.895408034324646
0.4424739181995392	0.5575260519981384
0.7423625588417053	0.2576374113559723
0.8738304376602173	0.1261695921421051
0.2964220643043518	0.7035778760910034
0.8181591033935547	0.1818409562110901
0.7708074450492859	0.2291925996541977
0.8676612377166748	0.1323387622833252
0.7115217447280884	0.2884782552719116
0.6096564531326294	0.39034348726272583
0.4388730823993683	0.5611268877983093
0.18405978381633759	0.8159402012825012
0.02268211916089058	0.9773179292678833
0.12186061590909958	0.8781393766403198
0.9909495711326599	0.00905047357082367
0.7987456917762756	0.20125430822372437
0.9974023103713989	0.0025976705364882946
0.9776901602745056	0.022309787571430206
0.7793006896972656	0.22069932520389557
0.9561405181884766	0.043859440833330154
0.28973501920700073	0.7102649807929993
0.20927202701568604	0.7907279133796692
0.8339993357658386	0.16600069403648376
0.16371166706085205	0.8362883925437927
0.036733150482177734	0.9632667899131775
0.6117784380912781	0.3882215619087219
0.14074864983558655	0.8592513203620911
0.43928062915802	0.5607193112373352
0.5471938848495483	0.45280611515045166
0.5426803231239319	0.4573196470737457
0.7914740443229675	0.20852594077587128
0.5747877955436707	0.42521220445632935
0.616670548915863	0.38332948088645935
0.8527612090110779	0.14723879098892212
0.3060694932937622	0.6939305067062378
0.16818279027938843	0.8318172097206116
0.9629992246627808	0.037000808864831924
0.9927898049354553	0.007210276555269957
0.4388319253921509	0.5611680746078491
0.5989412069320679	0.4010588228702545
0.25585201382637024	0.7441480159759521
0.10874810069799423	0.8912518620491028
0.7607407569885254	0.2392592579126358
0.26158642768859863	0.7384135127067566
0.10747283697128296	0.8925272226333618
0.7655009031295776	0.23449908196926117
0.9296334385871887	0.07036648690700531
0.9952408075332642	0.004759177565574646
0.9975160360336304	0.0024840000551193953
0.7935539484024048	0.2064460813999176
0.5407002568244934	0.45929965376853943
0.31355994939804077	0.6864400506019592
0.11690359562635422	0.8830963969230652
0.9794354438781738	0.020564598962664604
0.7992789149284363	0.2007211148738861
0.26489055156707764	0.7351095080375671
0.5885485410690308	0.4114514887332916
0.1497122049331665	0.8502877950668335
0.06063930317759514	0.9393607378005981
0.0008220369345508516	0.9991779923439026
0.898311972618103	0.1016879677772522
0.986028254032135	0.013971717096865177
0.3335820734500885	0.6664179563522339
0.3644132614135742	0.6355867385864258
0.9997245669364929	0.0002754505549091846
0.7340918779373169	0.2659081220626831
0.3033904433250427	0.6966094970703125
0.39257922768592834	0.607420802116394
0.7865667939186096	0.21343320608139038
0.3418212831020355	0.6581787467002869
0.5306345820426941	0.4693654775619507
0.43103691935539246	0.5689630508422852
0.48980873823165894	0.5101912021636963
0.2308550626039505	0.7691448926925659
0.9740399122238159	0.025960056111216545
0.7737863063812256	0.2262137234210968
0.6552294492721558	0.34477049112319946
0.23974041640758514	0.7602596282958984
0.6050459742546082	0.39495402574539185
0.6366730332374573	0.36332693696022034
0.9989651441574097	0.0010348842479288578
0.9995684027671814	0.00043153789010830224
0.017118941992521286	0.9828810691833496
0.14592136442661285	0.8540785908699036
0.21563908457756042	0.7843608856201172
0.9341446757316589	0.06585527211427689
0.7308672070503235	0.2691328227519989
0.048506852239370346	0.9514931440353394
0.14556285738945007	0.8544371724128723
0.11919596791267395	0.8808040618896484
0.9207573533058167	0.07924263924360275
0.7170700430870056	0.2829299867153168
0.024114543572068214	0.9758854508399963
0.9775451421737671	0.02245483361184597
0.7715200781822205	0.22847996652126312
0.11006420105695724	0.8899357914924622
0.8041083812713623	0.19589164853096008
0.2783085107803345	0.7216914296150208
0.9727476239204407	0.02725234627723694
0.8945764303207397	0.10542349517345428
0.7334741950035095	0.2665257751941681
0.9819252490997314	0.01807475835084915
0.11463187634944916	0.8853681087493896
0.9217023253440857	0.07829774916172028
0.6513672471046448	0.3486327826976776
0.8585351705551147	0.14146478474140167
0.983439028263092	0.016561027616262436
0.9242962598800659	0.07570366561412811
0.9956992864608765	0.004300751723349094
0.524215817451477	0.47578421235084534
0.1434619277715683	0.8565380573272705
0.8392140865325928	0.16078586876392365
0.3393305540084839	0.6606693863868713
0.5796259641647339	0.4203740656375885
0.9052234292030334	0.09477648884057999
0.950670063495636	0.04932989552617073
4.059767161379568e-05	0.9999593496322632
0.5829858779907227	0.41701409220695496
0.14646883308887482	0.8535311222076416
0.013592388480901718	0.9864076375961304
0.9969743490219116	0.0030256074387580156
0.6216951012611389	0.3783048689365387
0.00652262894436717	0.9934773445129395
0.1720312088727951	0.8279687762260437
0.45095163583755493	0.5490483641624451
0.16418860852718353	0.8358113169670105
0.7094069719314575	0.2905930280685425
0.000297435064567253	0.999702513217926
0.03612019494175911	0.9638797640800476
0.23403561115264893	0.7659643292427063
0.2831665873527527	0.7168334722518921
0.026923276484012604	0.9730767011642456
0.06881511956453323	0.9311848878860474
0.7483305931091309	0.25166943669319153
0.9563753008842468	0.04362470656633377
0.9468376040458679	0.05316246300935745
0.5436665415763855	0.4563334584236145
0.25263363122940063	0.7473664283752441
0.8590216040611267	0.1409783810377121
0.05812036991119385	0.9418796300888062
0.9100772738456726	0.0899227112531662
0.11219784617424011	0.8878021240234375
0.5550751090049744	0.44492483139038086
0.3460123836994171	0.6539876461029053
0.3611961901187897	0.6388037800788879
0.3074769079685211	0.6925231218338013
0.9240174293518066	0.07598263025283813
0.9161754846572876	0.08382447808980942
0.8422448635101318	0.15775510668754578
0.713906466960907	0.28609350323677063
0.048434000462293625	0.9515659809112549
0.954380214214325	0.04561978206038475
0.09874572604894638	0.9012542963027954
0.8941186666488647	0.10588137060403824
0.10212355107069016	0.8978764414787292
0.9974650144577026	0.0025349350180476904
0.6253032088279724	0.3746967017650604
0.017987381666898727	0.9820126295089722
0.2724517583847046	0.7275482416152954
0.6654821634292603	0.33451783657073975
0.9029613137245178	0.09703870117664337
0.9998772144317627	0.00012280813825782388
0.614622175693512	0.38537782430648804
0.956243634223938	0.0437563955783844
0.29461315274238586	0.7053868174552917
0.8450123071670532	0.154987633228302
0.5873073935508728	0.412692666053772
0.00709660304710269	0.9929034113883972
0.9751704335212708	0.024829544126987457
0.4220522344112396	0.5779477953910828
0.00550171360373497	0.9944983124732971
0.4415823817253113	0.5584176778793335
0.2767392098903656	0.7232608199119568
0.9865517616271973	0.013448230922222137
0.9610518217086792	0.03894814848899841
0.9938597679138184	0.006140180863440037
0.926821231842041	0.07317879050970078
0.04435393586754799	0.9556460976600647
0.8682101368904114	0.13178983330726624
0.5437395572662354	0.45626047253608704
0.36748215556144714	0.6325178146362305
0.009458412416279316	0.9905415177345276
0.48074474930763245	0.5192553400993347
0.9793061017990112	0.020693885162472725
0.8511659502983093	0.14883403480052948
0.6743999719619751	0.3255999982357025
0.008008280768990517	0.9919916987419128
0.5929527282714844	0.40704724192619324
0.8123447895050049	0.18765518069267273
0.9033657908439636	0.09663421660661697
0.7404558062553406	0.2595441937446594
0.006282241549342871	0.9937177896499634
0.023871922865509987	0.9761280417442322
0.7254189252853394	0.27458107471466064
0.22600296139717102	0.7739970684051514
0.10748549550771713	0.8925144672393799
0.01712668687105179	0.982873260974884
0.5716841816902161	0.4283158481121063
0.01567322388291359	0.9843267798423767
0.3100269138813019	0.6899731159210205
0.5680872201919556	0.4319128096103668
0.4238516688346863	0.5761483311653137
0.5811350345611572	0.4188649654388428
0.9423888921737671	0.05761105939745903
0.17623159289360046	0.8237683773040771
0.7894390225410461	0.21056103706359863
0.7811511754989624	0.2188488394021988
0.24906685948371887	0.7509331107139587
0.9218625426292419	0.07813742756843567
0.15996861457824707	0.8400313854217529
0.13973715901374817	0.8602628707885742
0.9710699319839478	0.02893010526895523
0.6452938318252563	0.3547062277793884
0.06626713275909424	0.9337329268455505
0.04671769589185715	0.9532822966575623
0.6982182860374451	0.3017817735671997
0.9967278242111206	0.003272187663242221
0.598775327205658	0.40122470259666443
0.17791350185871124	0.8220864534378052
0.8354330062866211	0.16456693410873413
0.5371517539024353	0.4628482460975647
0.21572758257389069	0.7842724323272705
0.12643767893314362	0.8735622763633728
0.3682255148887634	0.6317744851112366
0.815740168094635	0.18425975739955902
0.592836856842041	0.40716317296028137
0.05774647742509842	0.9422535300254822
0.821893036365509	0.1781069040298462
0.00357382046058774	0.9964261651039124
0.6959340572357178	0.304066002368927
0.24199101328849792	0.7580089569091797
0.5701376795768738	0.429862380027771
0.06329707056283951	0.9367029070854187
0.09582877904176712	0.9041712880134583
0.36062535643577576	0.6393746137619019
0.5652897953987122	0.43471014499664307
0.5185084342956543	0.4814915359020233
0.8449628949165344	0.15503710508346558
0.8554428815841675	0.14455711841583252
0.9938310384750366	0.006168948020786047
0.01806766726076603	0.9819324016571045
0.31117895245552063	0.688821017742157
0.8418179154396057	0.15818211436271667
0.9440344572067261	0.055965591222047806
0.5128058791160583	0.48719412088394165
0.7607546448707581	0.23924537003040314
0.906507670879364	0.09349238872528076
0.4382280707359314	0.5617718696594238
0.29485899209976196	0.705141007900238
0.6788599491119385	0.3211400508880615
0.5823802947998047	0.4176197052001953
0.29276347160339355	0.7072365880012512
0.1252155750989914	0.8747844099998474
0.7881497740745544	0.21185025572776794
0.8595126271247864	0.14048731327056885
0.34902259707450867	0.650977373123169
0.2430189996957779	0.7569810152053833
0.28174784779548645	0.7182521820068359
0.36905723810195923	0.6309428215026855
0.021761419251561165	0.978238582611084
0.7859752774238586	0.21402475237846375
0.9916718602180481	0.008328166790306568
0.3519309461116791	0.6480690836906433
0.9448992609977722	0.05510076507925987
0.9999346733093262	6.527936056954786e-05
0.03938088193535805	0.9606190919876099
0.003908088896423578	0.996091902256012
0.19599005579948425	0.8040099143981934
0.7745219469070435	0.22547806799411774
0.4635975956916809	0.5364024639129639
0.5664292573928833	0.4335707128047943
0.5461901426315308	0.45380982756614685
0.7612430453300476	0.23875701427459717
0.03819848597049713	0.9618015289306641
0.6675613522529602	0.3324386477470398
0.002076065633445978	0.9979238510131836
0.9279443025588989	0.07205571979284286
0.9385298490524292	0.0614701583981514
0.9657785892486572	0.03422139585018158
0.5839509963989258	0.4160490036010742
0.09133361279964447	0.9086663722991943
0.987712562084198	0.012287521734833717
0.9865809679031372	0.013419021852314472
0.7517075538635254	0.248292475938797
0.7451390027999878	0.2548609673976898
0.2170928418636322	0.7829071879386902
0.8201226592063904	0.1798773854970932
0.6092939972877502	0.39070600271224976
0.5618088841438293	0.43819111585617065
0.805518388748169	0.19448158144950867
0.015079908072948456	0.9849201440811157
0.4208534061908722	0.5791466236114502
0.2807897925376892	0.7192102670669556
0.7937195301055908	0.20628051459789276
0.3601796627044678	0.6398203372955322
0.06655961275100708	0.9334403276443481
0.4039373993873596	0.5960626006126404
0.5172402262687683	0.4827597439289093
0.05817753076553345	0.9418224096298218
0.6425064206123352	0.3574936091899872
0.049695003777742386	0.9503049850463867
0.30616360902786255	0.6938364505767822
0.12516319751739502	0.874836802482605
0.284088134765625	0.715911865234375
0.7260287404060364	0.2739712595939636
0.07467548549175262	0.9253244996070862
0.25931692123413086	0.7406830787658691
0.9502092599868774	0.04979068040847778
0.9368884563446045	0.06311150640249252
0.6246143579483032	0.3753856420516968
0.007058806251734495	0.99294114112854
0.7455596327781677	0.25444039702415466
0.79023677110672	0.20976325869560242
0.5988972187042236	0.40110278129577637
0.11614075303077698	0.8838592171669006
0.8658533692359924	0.13414666056632996
0.22619067132472992	0.7738093137741089
0.9698716402053833	0.030128302052617073
0.24622750282287598	0.7537725567817688
0.9485687613487244	0.05143120884895325
0.9038731455802917	0.09612686932086945
0.20596732199192047	0.7940327525138855
0.18608848750591278	0.813911497592926
0.026799118146300316	0.9732008576393127
0.23582208156585693	0.7641779184341431
0.22084584832191467	0.7791542410850525
0.12622354924678802	0.8737764954566956
0.49522846937179565	0.5047715902328491
0.55698561668396	0.44301438331604004
0.31911352276802063	0.6808865070343018
0.030000075697898865	0.9699999690055847
0.6698019504547119	0.3301979601383209
0.49317318201065063	0.5068268179893494
0.80707186460495	0.19292819499969482
0.0468374639749527	0.9531625509262085
0.9291384220123291	0.0708615854382515
0.5108239650726318	0.48917609453201294
0.5297965407371521	0.4702034592628479
0.29113611578941345	0.7088638544082642
0.943570613861084	0.0564294271171093
0.16692663729190826	0.8330733776092529
0.9993476271629333	0.0006523384945467114
0.2818317115306854	0.718168318271637
0.7517490386962891	0.2482510209083557
0.9255496263504028	0.07445036619901657
0.21480295062065125	0.7851970791816711
0.3716157376766205	0.6283842325210571
0.6056216955184937	0.3943782448768616
0.5974725484848022	0.40252742171287537
0.8217691779136658	0.17823085188865662
0.9974404573440552	0.00255949585698545
0.4633740484714508	0.5366259217262268
0.05013178288936615	0.9498682022094727
0.15526394546031952	0.8447360992431641
0.5828062891960144	0.4171936810016632
0.5541118383407593	0.44588813185691833
0.4515310227870941	0.5484689474105835
0.7267655730247498	0.27323439717292786
0.07281333208084106	0.9271866679191589
0.4612601697444916	0.5387398600578308
0.5624347925186157	0.4375651776790619
0.010871627368032932	0.9891284108161926
0.6708003878593445	0.32919955253601074
0.22674450278282166	0.773255467414856
0.0021452470682561398	0.9978547692298889
0.8142995834350586	0.18570047616958618
0.7342689037322998	0.2657311260700226
0.11903863400220871	0.8809614181518555
0.15206408500671387	0.8479359149932861
0.5549988150596619	0.44500115513801575
0.5775224566459656	0.42247751355171204
0.9872108697891235	0.012789176777005196
0.018737221136689186	0.981262743473053
0.20865358412265778	0.7913464307785034
0.27829796075820923	0.721701979637146
0.041215766221284866	0.9587841629981995
0.994814932346344	0.005184988025575876
0.7120185494422913	0.28798145055770874
0.24706055223941803	0.7529394030570984
0.034326475113630295	0.9656735062599182
0.08351249247789383	0.916487455368042
0.9548171162605286	0.04518285021185875
0.08611666411161423	0.9138833284378052
0.5466699600219727	0.4533300995826721
0.5365084409713745	0.4634915590286255
0.05450955778360367	0.9454904794692993
0.7253870368003845	0.27461299300193787
0.8943307995796204	0.10566926002502441
0.961594820022583	0.03840521723031998
0.9932004809379578	0.00679957028478384
0.11405689269304276	0.8859431147575378
0.02378353290259838	0.9762164950370789
0.9980261921882629	0.0019738213159143925
0.09610480070114136	0.9038951396942139
0.9901838898658752	0.009816142730414867
0.29607704281806946	0.7039229869842529
0.04044974967837334	0.9595502614974976
0.8617978096008301	0.13820216059684753
0.52274489402771	0.47725504636764526
0.8140609264373779	0.18593911826610565
0.0435626246035099	0.956437349319458
0.4830530285835266	0.5169469714164734
0.23433007299900055	0.7656699419021606