0.767440915107727	0.23255905508995056
0.4239528775215149	0.5760471224784851
0.29313862323760986	0.7068613767623901
0.4625733196735382	0.537426769733429
0.892350435256958	0.10764960944652557
0.08551394939422607	0.9144860506057739
0.1727970838546753	0.8272029757499695
0.8995277285575867	0.10047221183776855
0.48239487409591675	0.5176051259040833
0.8302843570709229	0.16971559822559357
0.2453647404909134	0.754635214805603
0.000699988566339016	0.9993000030517578
0.035400912165641785	0.964599072933197
0.4079943299293518	0.5920056104660034
0.8763722777366638	0.12362778186798096
0.6207326054573059	0.3792674243450165
0.7275688052177429	0.2724311947822571
0.5494710206985474	0.450529009103775
0.8730677962303162	0.126932293176651
0.053520284593105316	0.9464796781539917
0.7619084715843201	0.23809149861335754
0.9421045184135437	0.057895466685295105
0.21155418455600739	0.7884458303451538
0.13623380661010742	0.8637661933898926
0.8102224469184875	0.18977755308151245
0.03132108598947525	0.968678891658783
0.06258918344974518	0.9374107718467712
0.5367551445960999	0.46324488520622253
0.4853288531303406	0.5146710872650146
0.057551056146621704	0.9424489736557007
0.032398007810115814	0.967602014541626
0.9664783477783203	0.03352157026529312
0.17814821004867554	0.8218517303466797
0.1042795330286026	0.8957204222679138
0.7862990498542786	0.21370093524456024
0.518618643283844	0.48138129711151123
0.7428557276725769	0.25714418292045593
0.4180601239204407	0.5819398760795593
0.5778858661651611	0.42211413383483887
0.4256226122379303	0.5743774175643921
0.46275123953819275	0.5372487306594849
0.9767481684684753	0.02325182594358921
0.2410813271999359	0.7589186429977417
0.3400489389896393	0.6599510312080383
0.8367027640342712	0.16329726576805115
0.8872495293617249	0.11275046318769455
0.20616453886032104	0.793835461139679
0.4596204161643982	0.5403796434402466
0.5210254788398743	0.4789745509624481
0.5028776526451111	0.49712228775024414
0.24218547344207764	0.7578145265579224
0.12075503915548325	0.8792449831962585
0.32175227999687195	0.6782476902008057
0.7030332088470459	0.2969667911529541
0.04917611926794052	0.9508239030838013
0.7046146392822266	0.29538530111312866
0.9690268039703369	0.03097318299114704
0.06476901471614838	0.9352310299873352
0.7236566543579102	0.27634334564208984
0.6051289439201355	0.3948710262775421
0.2921597361564636	0.7078402638435364
0.8102614283561707	0.18973861634731293
0.6266442537307739	0.3733557462692261
0.3436830937862396	0.656316876411438
0.6453557014465332	0.35464438796043396
0.7328682541847229	0.2671317458152771
0.594598650932312	0.405401349067688
0.3818785846233368	0.6181213855743408
0.2666079103946686	0.7333921194076538
0.3271750211715698	0.6728249788284302
0.5734323263168335	0.4265676736831665
0.4905240833759308	0.5094758868217468
0.46572038531303406	0.5342795848846436
0.7822534441947937	0.2177465558052063
0.7838600873947144	0.21613994240760803
0.2433178573846817	0.7566820979118347
0.5537119507789612	0.44628798961639404
0.19002662599086761	0.809973418712616
0.17999684810638428	0.8200032114982605
0.02007145993411541	0.9799285531044006
0.10469785332679749	0.8953021764755249
0.48800593614578247	0.5119941234588623
0.19997863471508026	0.8000213503837585
0.6010729670524597	0.3989270329475403
0.7530457973480225	0.24695423245429993
0.529747486114502	0.47025248408317566
0.3903725743293762	0.6096274852752686
0.2975206673145294	0.702479362487793
0.4715384542942047	0.5284615755081177
0.4547148644924164	0.5452851057052612
0.396368145942688	0.603631854057312
0.3841228187084198	0.6158771514892578
0.7358913421630859	0.2641085982322693
0.2806108593940735	0.7193892002105713
0.050035085529088974	0.9499648809432983
0.49729105830192566	0.5027089715003967
0.26501524448394775	0.7349847555160522
0.08367548137903214	0.9163244962692261
0.7305902242660522	0.26940977573394775
0.48584824800491333	0.5141518115997314
0.34714701771736145	0.6528530716896057
0.9595534205436707	0.04044652730226517
0.8497114181518555	0.15028852224349976
0.8860260248184204	0.11397399753332138
0.3114258944988251	0.6885741353034973
0.07646951824426651	0.9235304594039917
0.6433221697807312	0.3566778004169464
0.8219576478004456	0.17804233729839325
0.41468724608421326	0.5853127241134644
0.8042818307876587	0.1957181692123413
0.4531015455722809	0.5468984842300415
0.5436945557594299	0.45630544424057007
0.9693558812141418	0.030644085258245468
0.1603046953678131	0.8396952748298645
0.3716481626033783	0.6283518075942993
0.605487048625946	0.39451292157173157
0.57369464635849	0.42630529403686523
0.24738557636737823	0.752614438533783
0.4298536777496338	0.570146381855011
0.7200643420219421	0.27993565797805786
0.6482851505279541	0.3517148792743683
0.9386806488037109	0.061319299042224884
0.6265082955360413	0.37349167466163635
0.11793623119592667	0.8820637464523315
0.7997158169746399	0.20028412342071533
0.0712101012468338	0.9287898540496826
0.8144357800483704	0.18556419014930725
0.7381026744842529	0.26189732551574707
0.9259719848632812	0.07402803748846054
0.4031195342540741	0.5968804359436035
0.6301423907279968	0.36985763907432556
0.7575391530990601	0.24246090650558472
0.3877052664756775	0.6122947335243225
0.6151819229125977	0.38481804728507996
0.3268834054470062	0.6731166243553162
0.46624478697776794	0.5337551236152649
0.49786463379859924	0.5021353960037231
0.26804059743881226	0.7319594621658325
0.40055787563323975	0.5994421243667603
0.4350740909576416	0.5649259090423584
0.42715463042259216	0.5728453993797302
0.27257785201072693	0.7274221181869507
0.4131377041339874	0.586862325668335
0.005274984985589981	0.9947250485420227
0.24321232736110687	0.7567876577377319
0.8758581876754761	0.12414177507162094
0.5243199467658997	0.4756801426410675
0.2938089668750763	0.7061910033226013
0.9489649534225464	0.051035065203905106
0.7876831293106079	0.21231681108474731
0.6752474308013916	0.3247526288032532
0.4208833873271942	0.5791166424751282
0.5768870711326599	0.42311301827430725
0.5084685683250427	0.49153146147727966
0.1219598650932312	0.878040075302124
0.9873980283737183	0.012601912021636963
0.6971374154090881	0.3028625547885895
0.6174277067184448	0.3825722932815552
0.8203262090682983	0.17967382073402405
0.35873571038246155	0.6412643194198608
0.28929194808006287	0.7107080817222595
0.6726896166801453	0.3273104429244995
0.3930601179599762	0.6069399118423462
0.6204448342323303	0.3795551061630249
0.5538768172264099	0.4461231529712677
0.1085045114159584	0.8914955258369446
0.7110859155654907	0.2889140844345093
0.22673092782497406	0.7732691168785095
0.038257814943790436	0.9617422223091125
0.7099894881248474	0.29001057147979736
0.6635046601295471	0.3364953100681305
0.116826631128788	0.883173406124115
0.8893178701400757	0.1106821671128273
0.3903445303440094	0.6096554398536682
0.14486639201641083	0.8551336526870728
0.38856860995292664	0.611431360244751
0.6593879461288452	0.34061211347579956
0.6631441712379456	0.33685582876205444
0.44492465257644653	0.5550753474235535
0.10248126089572906	0.8975187540054321
0.42454150319099426	0.5754584670066833
0.5457118153572083	0.45428821444511414
0.4253707230091095	0.5746293067932129
0.22785137593746185	0.772148609161377
0.0799046978354454	0.9200952649116516
0.7218639850616455	0.2781360149383545
0.14609064161777496	0.853909432888031
0.3080337345600128	0.6919662356376648
0.7631421685218811	0.2368578165769577
0.6302129030227661	0.3697871267795563
0.9178931713104248	0.08210688829421997
0.6075747013092041	0.3924252688884735
0.9944065809249878	0.005593473091721535
0.4123341143131256	0.587665855884552
0.6366714835166931	0.3633284866809845
0.7269755005836487	0.2730244994163513
0.30758610367774963	0.692413866519928
0.987628698348999	0.012371346354484558
0.8379639983177185	0.1620359867811203
0.015317641198635101	0.9846823215484619
0.15775297582149506	0.842246949672699
0.6697279214859009	0.3302720785140991
0.29496634006500244	0.7050336599349976
0.3107012212276459	0.6892988085746765
0.7211311459541321	0.27886882424354553
0.36222416162490845	0.6377758383750916
0.127097487449646	0.872902512550354
0.9604122042655945	0.039587829262018204
0.5618476271629333	0.4381522834300995
0.6785688400268555	0.32143113017082214
0.48231926560401917	0.5176807641983032
0.005881857592612505	0.9941180944442749
0.7302055954933167	0.2697943150997162
0.025848891586065292	0.974151074886322
0.4674714505672455	0.5325285196304321
0.35852769017219543	0.641472339630127
0.4502178728580475	0.5497821569442749
0.2890097498893738	0.7109901905059814
0.12736913561820984	0.8726308941841125
0.8814197778701782	0.1185801699757576
0.7671087980270386	0.23289112746715546
0.48613420128822327	0.5138657689094543
0.6632241010665894	0.33677592873573303
0.7181755304336548	0.2818244993686676
0.09403643757104874	0.9059635400772095
0.8064207434654236	0.1935792714357376
0.4864443242549896	0.5135557055473328
0.1531757414340973	0.8468242287635803
0.176265686750412	0.8237343430519104
0.8370029330253601	0.1629970669746399
0.5859283208847046	0.414071649312973
0.6326351761817932	0.36736491322517395
0.5217283368110657	0.4782716929912567
0.8482166528701782	0.15178333222866058
0.2544232904911041	0.745576798915863
0.3917999565601349	0.6082000136375427
0.7933750152587891	0.20662502944469452
0.7022218704223633	0.2977781593799591
0.3123631477355957	0.6876367926597595
0.7627226114273071	0.23727737367153168
0.41250118613243103	0.5874987840652466
0.3465591371059418	0.6534408926963806
0.6710923910140991	0.3289075791835785
0.7121689319610596	0.28783100843429565
0.03965561464428902	0.9603443741798401
0.3869076073169708	0.6130924224853516
0.2649936378002167	0.7350063323974609
0.7682420015335083	0.23175795376300812
0.9026110172271729	0.09738890826702118
0.4684078097343445	0.5315921902656555
0.18898063898086548	0.8110194206237793
0.41142624616622925	0.5885737538337708
0.5506079792976379	0.4493919909000397
0.13993442058563232	0.8600655198097229
0.19978360831737518	0.8002164363861084
0.6792956590652466	0.32070431113243103
0.6995776295661926	0.3004223704338074
0.3917666971683502	0.6082333326339722
0.9266023635864258	0.07339761406183243
0.8071121573448181	0.19288788735866547
0.8543767333030701	0.1456233412027359
0.33656737208366394	0.6634325981140137
0.053492989391088486	0.9465070366859436
0.8749878406524658	0.12501217424869537
0.0007669857586733997	0.9992330074310303
0.3199431896209717	0.6800568103790283
0.12827496230602264	0.8717250227928162
0.8233960270881653	0.17660395801067352
0.5653191208839417	0.43468087911605835
0.3751790225505829	0.6248210072517395
0.7215341329574585	0.2784658670425415
0.8385508060455322	0.16144925355911255
0.9653240442276001	0.034676000475883484
0.7287514209747314	0.27124863862991333
0.9802985787391663	0.019701406359672546
0.6221763491630554	0.3778236508369446
0.1631094366312027	0.8368905782699585
0.9556449055671692	0.044355131685733795
0.5780556797981262	0.421944260597229
0.934343695640564	0.06565631926059723
0.9385771155357361	0.061422884464263916
0.5428452491760254	0.457154780626297
0.7753451466560364	0.2246548980474472
0.5907956957817078	0.40920427441596985
0.9083877801895142	0.09161224216222763
0.062126025557518005	0.9378739595413208
0.8250795602798462	0.17492039501667023
0.011630291119217873	0.9883697032928467
0.8335515856742859	0.16644838452339172
0.5561155676841736	0.4438844323158264
0.5783329010009766	0.42166703939437866
0.48152443766593933	0.5184754729270935
0.9851444959640503	0.01485551055520773
0.0007325650658458471	0.9992673993110657
0.03703298419713974	0.962967038154602
0.9014937877655029	0.09850617498159409
0.5503747463226318	0.44962528347969055
0.04081260785460472	0.959187388420105
0.8832035064697266	0.11679647117853165
0.5091004371643066	0.49089956283569336
0.5227912664413452	0.4772087633609772
0.9238268136978149	0.07617317140102386
0.1520364135503769	0.8479636311531067
0.6269474625587463	0.3730525076389313
0.13269951939582825	0.8673004508018494
0.5272794961929321	0.47272050380706787
0.45410022139549255	0.5458998084068298
0.5304872989654541	0.4695127606391907
0.9058322310447693	0.09416770935058594
0.30261462926864624	0.6973853707313538
0.4103938639163971	0.5896061658859253
0.6950700879096985	0.30492982268333435
0.5155461430549622	0.48445385694503784
0.4400058686733246	0.5599941611289978
0.6781308650970459	0.3218691647052765
0.9818744659423828	0.0181255005300045
0.631223201751709	0.3687768280506134
0.9024565815925598	0.09754349291324615
0.42135268449783325	0.5786473155021667
0.4545459449291229	0.5454540252685547
0.5050466656684875	0.49495333433151245
0.23383119702339172	0.7661688327789307
0.8611871600151062	0.138812854886055
0.9226756691932678	0.07732433825731277
0.6754263043403625	0.32457369565963745
0.4081418812274933	0.5918580889701843
0.4372679889202118	0.5627320408821106
0.7764685750007629	0.2235313504934311
0.13468632102012634	0.865313708782196
0.9719191789627075	0.028080813586711884
0.6674119830131531	0.33258795738220215
0.16124287247657776	0.8387571573257446
0.4233355224132538	0.5766645073890686
0.05171426758170128	0.9482857584953308
0.7892916798591614	0.21070833504199982
0.9585461020469666	0.04145393520593643
0.5769127607345581	0.4230872094631195
0.5007702708244324	0.49922966957092285
0.6098470687866211	0.3901529312133789
0.17891322076320648	0.8210867643356323
0.42739108204841614	0.5726089477539062
0.42870962619781494	0.5712904334068298
0.20405051112174988	0.7959495186805725
0.210334911942482	0.789665162563324
0.3955189883708954	0.604481041431427
0.6477004885673523	0.3522995114326477
0.9986457228660583	0.0013542796950787306
0.44724807143211365	0.552751898765564
0.3221356272697449	0.6778643727302551
0.41197994351387024	0.5880200266838074
0.38307541608810425	0.6169245839118958
0.617997944355011	0.382002055644989
0.7023909687995911	0.2976090908050537
0.8571673035621643	0.1428326815366745
0.7442886829376221	0.2557113468647003
0.4077949821949005	0.5922050476074219
0.8031783103942871	0.19682163000106812
0.06957799941301346	0.9304219484329224
0.5043140649795532	0.49568596482276917
0.6673063039779663	0.3326937258243561
0.28280746936798096	0.717192530632019
0.3868845999240875	0.6131153702735901
0.990481436252594	0.009518537670373917
0.08399628102779388	0.9160037040710449
0.17535103857517242	0.8246489763259888
0.4593449831008911	0.5406550765037537
0.8854321241378784	0.11456788331270218
0.9196066856384277	0.08039327710866928
0.6675958633422852	0.33240407705307007
0.2282283753156662	0.7717716097831726
0.18615064024925232	0.8138493299484253
0.6706156730651855	0.32938435673713684
0.720088005065918	0.2799120247364044
0.23868465423583984	0.7613153457641602
0.48934775590896606	0.5106522440910339
0.5168393850326538	0.4831606149673462
0.8052728772163391	0.1947270929813385
0.6255324482917786	0.37446749210357666
0.1997593343257904	0.800240695476532
0.6504920721054077	0.3495078980922699
0.2704724371433258	0.7295275330543518
0.5081066489219666	0.49189332127571106
0.26751232147216797	0.7324876189231873
0.6984663605690002	0.30153363943099976
0.1977379471063614	0.8022620677947998
0.505501925945282	0.49449804425239563
0.3033728003501892	0.6966271996498108
0.7660874724388123	0.23391252756118774
0.19577375054359436	0.8042262196540833
0.22136898338794708	0.7786310315132141
0.649884045124054	0.35011595487594604
0.5834288597106934	0.41657108068466187
0.46435514092445374	0.5356448292732239
0.09428528696298599	0.9057146906852722
0.220995232462883	0.7790047526359558
0.28592830896377563	0.7140716910362244
0.5255445241928101	0.4744555354118347
0.5811166167259216	0.418883353471756
0.8555874228477478	0.14441253244876862
0.6560413837432861	0.34395870566368103
0.06691908836364746	0.9330808520317078
0.31978893280029297	0.680211067199707
0.8419440984725952	0.15805594623088837
0.48370903730392456	0.5162909626960754
0.8756561279296875	0.12434384226799011
0.32126930356025696	0.6787307262420654
0.7253029942512512	0.27469703555107117
0.4915497899055481	0.5084501504898071
0.8492820262908936	0.15071801841259003
0.25957775115966797	0.740422248840332
0.5227136611938477	0.4772863984107971
0.4259054362773895	0.5740944743156433
0.5357705950737	0.46422940492630005
0.707654595375061	0.29234540462493896
0.3994409739971161	0.6005590558052063
0.09260653704404831	0.9073933959007263
0.755514919757843	0.24448513984680176
0.31053948402404785	0.6894605159759521
0.7923145890235901	0.20768535137176514
0.8037313222885132	0.19626864790916443
0.4853830635547638	0.5146169066429138
0.16144248843193054	0.8385574817657471
0.7960530519485474	0.20394697785377502
0.15774062275886536	0.842259407043457
0.6780407428741455	0.3219592869281769
0.26392877101898193	0.7360712289810181
0.8180717825889587	0.18192820250988007
0.5634745359420776	0.4365254342556
0.36159053444862366	0.638409435749054
0.9793199896812439	0.020680006593465805
0.317257285118103	0.6827426552772522
0.9504356980323792	0.04956429824233055
0.8913145065307617	0.10868547111749649
0.9610291123390198	0.03897084668278694
0.33280646800994873	0.6671935319900513
0.42787328362464905	0.5721267461776733
0.5465385317802429	0.4534614384174347
0.17784839868545532	0.8221516609191895
0.43291565775871277	0.5670843124389648
0.7813393473625183	0.21866056323051453
0.6821355223655701	0.31786447763442993
0.21088428795337677	0.7891157269477844
0.38672181963920593	0.6132782101631165
0.2456788867712021	0.7543210983276367
0.4727438688278198	0.5272561311721802
0.7558512687683105	0.24414877593517303
0.09375673532485962	0.9062432646751404
0.48816245794296265	0.5118375420570374
0.025100620463490486	0.974899411201477
0.6621123552322388	0.33788764476776123
0.4783751368522644	0.5216248631477356
0.32317793369293213	0.6768220663070679
0.5103422403335571	0.4896577298641205
0.10849602520465851	0.8915040493011475
0.44179296493530273	0.5582070350646973
0.47318321466445923	0.526816725730896
0.2793467342853546	0.7206532955169678
0.6515442132949829	0.3484558165073395
0.9035475850105286	0.09645246714353561
0.5773558616638184	0.42264416813850403
0.7663257718086243	0.23367425799369812
0.7749122381210327	0.2250877469778061
0.3346312344074249	0.6653686761856079
0.8941270709037781	0.10587289929389954
0.09217528253793716	0.907824695110321
0.26863178610801697	0.7313682436943054
0.6886796951293945	0.3113202750682831
0.5674871206283569	0.43251287937164307
0.012975266203284264	0.9870247840881348
0.43073761463165283	0.5692624449729919
0.4409329891204834	0.5590670108795166
0.8434265851974487	0.15657341480255127
0.38364148139953613	0.6163585186004639
0.907925009727478	0.09207499027252197
0.30031266808509827	0.6996873021125793
0.396636426448822	0.603363573551178
0.5531924962997437	0.44680753350257874
0.2000351846218109	0.7999647259712219
0.9918459057807922	0.008154057897627354
0.2930630147457123	0.7069370150566101
0.8497278094291687	0.1502721756696701
0.5669370889663696	0.43306291103363037
0.7647606134414673	0.2352394014596939
0.6930463314056396	0.3069536089897156
0.971977710723877	0.02802230976521969
0.4154347777366638	0.5845652222633362
0.21647663414478302	0.7835233807563782
0.5522734522819519	0.4477265477180481
0.7496300339698792	0.25036996603012085
0.6865893602371216	0.3134106397628784
0.8773028254508972	0.12269719690084457
0.5618008375167847	0.43819913268089294
0.6414880156517029	0.35851192474365234
0.017895778641104698	0.9821042418479919
0.13069620728492737	0.869303822517395
0.9613686800003052	0.038631290197372437
0.08058013767004013	0.9194198250770569
0.6868916749954224	0.31310832500457764
0.17834673821926117	0.8216532468795776
0.9517421722412109	0.048257846385240555
0.9965509176254272	0.0034490181133151054
0.4305955469608307	0.5694044828414917
0.2895183265209198	0.7104816436767578
0.29382726550102234	0.7061727643013
0.6137720346450806	0.38622796535491943
0.9463300108909607	0.05366995185613632
0.9722785949707031	0.02772136963903904
0.0774335265159607	0.9225664734840393
0.28799739480018616	0.7120025753974915
0.6031717658042908	0.3968282639980316
0.24918842315673828	0.7508116364479065
0.7187853455543518	0.2812146544456482
0.03780572488903999	0.9621942639350891
0.0158977210521698	0.9841023087501526
0.8507333993911743	0.14926664531230927
0.5369939208030701	0.46300607919692993
0.7842331528663635	0.2157667875289917
0.5387275218963623	0.4612725079059601
0.2248983234167099	0.7751017212867737
0.12008313834667206	0.8799168467521667
0.35101160407066345	0.6489883661270142
0.004241999704390764	0.9957579970359802
0.06587833911180496	0.9341216683387756
0.1528996229171753	0.8471003770828247
0.23148733377456665	0.7685126662254333
0.992222011089325	0.0077780005522072315
0.7465882301330566	0.25341174006462097
0.5884114503860474	0.41158851981163025
0.3725162148475647	0.6274837851524353
0.04721611365675926	0.9527839422225952
0.5850636959075928	0.4149363040924072
0.5603960156440735	0.4396040439605713
0.5320884585380554	0.4679115116596222
0.42728328704833984	0.5727167129516602
0.42071661353111267	0.5792834162712097
0.3845648169517517	0.6154351830482483
0.7857333421707153	0.21426665782928467
0.4349920451641083	0.5650079250335693
0.6199740171432495	0.3800259530544281
0.557115375995636	0.442884624004364
0.04314788430929184	0.95685213804245
0.13826769590377808	0.8617323040962219
0.40812283754348755	0.5918772220611572
0.1478276401758194	0.8521724343299866
0.2730812430381775	0.7269188165664673
0.9700894355773926	0.02991052158176899
0.26901140809059143	0.7309886813163757
0.47388869524002075	0.5261113047599792
0.13798566162586212	0.8620143532752991
0.43907588720321655	0.5609241127967834
0.08850567787885666	0.9114943146705627
0.5012918710708618	0.49870815873146057
0.22047346830368042	0.7795265316963196
0.2783978581428528	0.721602201461792
0.5419922471046448	0.45800772309303284
0.4626481235027313	0.5373518466949463
0.5975241661071777	0.40247583389282227
0.4365285634994507	0.5634714365005493
0.9936949610710144	0.006305048707872629
0.4610033631324768	0.538996696472168
0.600986897945404	0.39901313185691833
0.7055733799934387	0.2944265604019165
0.25077876448631287	0.7492212057113647
0.6857852339744568	0.3142147660255432
0.18852338194847107	0.8114766478538513
0.12738706171512604	0.8726129531860352
0.31884315609931946	0.6811568737030029
0.9345711469650269	0.06542888283729553
0.05071554332971573	0.9492844343185425
0.8589254021644592	0.14107462763786316
0.7746896743774414	0.22531026601791382
0.37717968225479126	0.622820258140564
0.7267076373100281	0.2732923626899719
0.4212150275707245	0.5787850022315979
0.09772923588752747	0.9022707939147949
0.8613385558128357	0.1386614739894867
0.4690830111503601	0.5309170484542847
0.29118192195892334	0.7088180780410767
0.769045352935791	0.23095470666885376
0.6379559636116028	0.3620440661907196
0.1766379028558731	0.8233620524406433
0.6355758905410767	0.36442410945892334
0.059957295656204224	0.9400426745414734
0.644878089427948	0.355121910572052
0.19678884744644165	0.8032111525535583
0.3417317569255829	0.6582682132720947
0.7648223042488098	0.235177680850029
0.9772323966026306	0.022767534479498863
0.4875037372112274	0.5124962329864502
0.7128445506095886	0.2871553897857666
0.010761015117168427	0.989238977432251
0.6964880228042603	0.3035120368003845
0.054531678557395935	0.9454683065414429
0.5045973658561707	0.49540260434150696
0.2844212055206299	0.7155787944793701
0.11533404886722565	0.8846659660339355
0.1802404224872589	0.8197596073150635
0.42551136016845703	0.5744885802268982
0.1915363371372223	0.8084636926651001
0.5137873291969299	0.4862126111984253
0.5723310112953186	0.4276690185070038
0.8025200963020325	0.19747990369796753
0.382004976272583	0.617995023727417
0.46866995096206665	0.5313299894332886
0.8204395771026611	0.17956048250198364
0.9982665181159973	0.0017335114534944296
0.330204576253891	0.6697953939437866
0.250242680311203	0.7497574090957642
0.5047892928123474	0.4952106773853302
0.40157631039619446	0.5984237194061279
0.9056524038314819	0.09434756636619568
0.9325653314590454	0.0674346461892128
0.5090196132659912	0.490980327129364
0.1524808406829834	0.8475191593170166
0.6948478817939758	0.30515217781066895
0.0022585757542401552	0.9977414608001709
0.03338606655597687	0.9666138887405396
0.727204442024231	0.27279555797576904
0.9454124569892883	0.05458751320838928
0.6570634841918945	0.34293651580810547
0.8146906495094299	0.18530932068824768
0.5814666152000427	0.4185333847999573
0.6323124170303345	0.3676875829696655
0.7899094820022583	0.2100905030965805
0.6190980076789856	0.380901962518692
0.658212423324585	0.34178754687309265
0.7899239659309387	0.21007603406906128
0.9071715474128723	0.09282846748828888
0.48525214195251465	0.5147478580474854
0.8078213930130005	0.1921786069869995
0.5951534509658813	0.40484657883644104
0.9175273776054382	0.08247262984514236
0.9954701662063599	0.004529889672994614
0.25526461005210876	0.7447353601455688
0.30935898423194885	0.6906411051750183
0.6454300880432129	0.3545699119567871
0.6558634638786316	0.344136506319046
0.3087022006511688	0.6912977695465088
0.3289847671985626	0.671015202999115
0.023925160989165306	0.9760748744010925
0.28509995341300964	0.7149000763893127
0.09664320945739746	0.9033567905426025
0.43115562200546265	0.5688443779945374
0.9737840294837952	0.026215991005301476
0.21719035506248474	0.7828096747398376
0.8779435157775879	0.1220565214753151
0.7442423105239868	0.25575774908065796
0.006486259400844574	0.9935137033462524
0.9178239703178406	0.0821760892868042
0.8686305284500122	0.1313694566488266
0.05114316567778587	0.9488568305969238
0.4159810543060303	0.584018886089325
0.4983934760093689	0.5016065239906311
0.17331847548484802	0.8266815543174744
0.19587217271327972	0.8041278719902039
0.6008559465408325	0.39914408326148987
0.7021610140800476	0.2978389859199524
0.19105499982833862	0.8089449405670166
0.8601241111755371	0.13987593352794647
0.4384133517742157	0.5615866780281067
0.9404520988464355	0.05954790115356445
0.14058822393417358	0.8594117164611816
0.17089667916297913	0.8291033506393433
0.5944581031799316	0.40554192662239075
0.1304377168416977	0.8695622682571411
0.019162684679031372	0.9808372855186462
0.49055883288383484	0.5094412565231323
0.5338969826698303	0.4661029279232025
0.6985210180282593	0.3014789819717407
0.4181317389011383	0.5818682312965393
0.5838031768798828	0.4161967933177948
0.045761965215206146	0.9542379975318909
0.5151258707046509	0.4848741292953491
0.4062487781047821	0.5937511920928955
0.0353514738380909	0.9646485447883606
0.6740331053733826	0.32596689462661743
0.60050368309021	0.3994963467121124
0.8804082274436951	0.11959176510572433
0.4443455636501312	0.5556544661521912
0.5564004182815552	0.4435995817184448
0.6403954029083252	0.3596045970916748
0.3136744499206543	0.6863255500793457
0.0651424452662468	0.9348576068878174
0.06906425207853317	0.9309357404708862
0.582506537437439	0.41749346256256104
0.4540571868419647	0.5459427237510681
0.5958344340324402	0.40416550636291504
0.4665246307849884	0.533475399017334
0.2120128870010376	0.7879871129989624
0.48247718811035156	0.5175228714942932
0.1780507117509842	0.821949303150177
0.18584486842155457	0.814155101776123
0.011433258652687073	0.9885667562484741
0.7956024408340454	0.20439748466014862
0.4732723534107208	0.5267276763916016
0.6232210993766785	0.37677887082099915
0.8067561984062195	0.19324380159378052
0.7307647466659546	0.269235223531723
0.5324012637138367	0.46759870648384094
0.4293695390224457	0.5706304907798767
0.48501303791999817	0.5149869322776794
0.9158501029014587	0.08414987474679947
0.044318798929452896	0.9556811451911926
0.641918420791626	0.3580816090106964
0.5375854969024658	0.4624144732952118
0.4920820891857147	0.5079179406166077
0.24482914805412292	0.7551708221435547
0.46366778016090393	0.5363323092460632
0.44395676255226135	0.5560432076454163
0.24391402304172516	0.756085991859436
0.936181366443634	0.06381870806217194
0.28753629326820374	0.7124636769294739
0.7188928723335266	0.2811071276664734
0.19327855110168457	0.8067215085029602
0.2952116131782532	0.704788327217102
0.6193717122077942	0.3806283175945282
0.061636440455913544	0.9383635520935059
0.23114675283432007	0.7688532471656799
0.4709334969520569	0.5290664434432983
0.5118518471717834	0.48814821243286133
0.46502622961997986	0.5349737405776978
0.9978072047233582	0.0021928520873188972
0.4706714451313019	0.5293285250663757
0.6680104732513428	0.3319895565509796
0.2032075822353363	0.7967923879623413
0.8054773211479187	0.1945226639509201
0.10860525816679001	0.8913946747779846
0.8660102486610413	0.13398981094360352
0.37405991554260254	0.6259400844573975
0.18133218586444855	0.8186678886413574
0.5093551874160767	0.4906448423862457
0.6075839400291443	0.39241597056388855
0.9832473397254944	0.01675267331302166
0.4928302466869354	0.5071698427200317
0.35379210114479065	0.646207869052887
0.7851759195327759	0.21482409536838531
0.45548906922340393	0.5445109605789185
0.5618597865104675	0.43814024329185486
0.00469217961654067	0.9953078627586365
0.18275894224643707	0.8172410130500793
0.34313538670539856	0.6568646430969238
0.5016053318977356	0.498394638299942
0.6833967566490173	0.3166031539440155
0.8038768172264099	0.1961231827735901
0.5253557562828064	0.47464415431022644
0.6054725050926208	0.39452746510505676
0.5088927745819092	0.49110719561576843
0.29430991411209106	0.7056900262832642
0.28021395206451416	0.7197861075401306
0.4566826820373535	0.5433173179626465
0.26399773359298706	0.7360022664070129
0.6264870762825012	0.37351298332214355
0.5260933637619019	0.47390666604042053
0.5302071571350098	0.46979284286499023
0.9945940375328064	0.005405948497354984
0.35033664107322693	0.6496633887290955
0.6847774386405945	0.31522253155708313
0.09000973403453827	0.9099903106689453
0.18531060218811035	0.8146894574165344
0.6017240881919861	0.39827585220336914
0.8355913758277893	0.1644086241722107
0.49303263425827026	0.5069674253463745
0.45338407158851624	0.5466159582138062
0.20698074996471405	0.7930192351341248
0.8613648414611816	0.13863512873649597
0.5340963006019592	0.4659036695957184
0.3791213631629944	0.6208786368370056
0.09251042455434799	0.9074895977973938
0.8990113139152527	0.10098865628242493
0.7883779406547546	0.21162201464176178
0.2839171886444092	0.7160828113555908
0.18540245294570923	0.8145975470542908
0.7537407875061035	0.24625922739505768
0.8023262619972229	0.1976737529039383
0.7311819791793823	0.2688180208206177
0.5789817571640015	0.42101821303367615
0.30368950963020325	0.6963105201721191
0.49706390500068665	0.5029361844062805
0.11394895613193512	0.8860510587692261
0.39204052090644836	0.607959508895874
0.8394128084182739	0.1605871468782425
0.6667326092720032	0.33326736092567444
0.22616969048976898	0.7738303542137146
0.2934359312057495	0.7065640687942505
0.41315627098083496	0.586843729019165
0.6430579423904419	0.3569420576095581
0.3541429042816162	0.6458570957183838
0.09998492151498795	0.9000149965286255
0.4377157390117645	0.5622842311859131
0.3972727656364441	0.6027272939682007
0.5108590126037598	0.489141047000885
0.7026365399360657	0.2973634898662567
0.7545537352561951	0.24544627964496613
0.5744282007217407	0.42557185888290405
0.5595451593399048	0.44045478105545044
0.6954361200332642	0.30456387996673584
0.3051826059818268	0.6948173642158508
0.7232463359832764	0.27675366401672363
0.3801754415035248	0.6198245882987976
0.334135502576828	0.6658645272254944
0.5787329077720642	0.4212670922279358
0.4080449044704437	0.5919550657272339
0.676389753818512	0.32361024618148804
0.14463628828525543	0.8553637862205505
0.993044912815094	0.006955085787922144
0.5875328183174133	0.41246718168258667
0.15168392658233643	0.8483160734176636
0.5466049313545227	0.4533950984477997
0.82936030626297	0.17063972353935242
0.3269169330596924	0.6730830073356628
0.7893649935722351	0.2106350064277649
0.5733850002288818	0.4266149699687958
0.22350706160068512	0.7764928936958313
0.8791337609291077	0.12086629122495651
0.002599871950224042	0.997400164604187
0.5459031462669373	0.45409679412841797
0.37441524863243103	0.6255847811698914
0.7474039196968079	0.25259608030319214
0.8331972360610962	0.166802778840065
0.4183986783027649	0.5816013216972351
0.22055529057979584	0.779444694519043
0.2244783341884613	0.7755216956138611
0.5556759834289551	0.44432398676872253
0.6629797220230103	0.3370203375816345
0.31533923745155334	0.684660792350769
0.8193708062171936	0.180629163980484
0.008404819294810295	0.9915952086448669
0.5418238639831543	0.4581760764122009
0.4808732867240906	0.5191267132759094
0.9983586668968201	0.0016413351986557245
0.9662221074104309	0.03377789631485939
0.40409836173057556	0.595901608467102
0.9978294968605042	0.002170538529753685
0.6757970452308655	0.32420292496681213
0.3831286132335663	0.6168713569641113
0.6507487297058105	0.34925130009651184
0.9072446227073669	0.09275536984205246
0.05941908061504364	0.9405809640884399
0.013389360159635544	0.9866107106208801
0.3757284879684448	0.6242714524269104
0.3643341362476349	0.6356658935546875
0.24419133365154266	0.7558085918426514
0.04682876542210579	0.9531711935997009
0.4795798659324646	0.5204201936721802
0.21841858327388763	0.7815813422203064
0.44190412759780884	0.5580959320068359
0.5308182239532471	0.46918177604675293
0.6113976240158081	0.3886023163795471
0.36852627992630005	0.6314737200737
0.41194266080856323	0.588057279586792
0.38256320357322693	0.6174367666244507
0.4597706198692322	0.5402293801307678
0.5039174556732178	0.4960825741291046
0.9012699723243713	0.09873007237911224
0.37613630294799805	0.6238636374473572
0.5397886633872986	0.46021130681037903
0.38630223274230957	0.6136977672576904
0.5148511528968811	0.4851488769054413
0.016484780237078667	0.9835152626037598
0.3459518849849701	0.6540481448173523
0.48955440521240234	0.5104455947875977
0.407662034034729	0.592337965965271
0.38048943877220154	0.6195105910301208
0.34552082419395447	0.6544791460037231
0.0804116427898407	0.9195883274078369
0.2645232379436493	0.7354767322540283
0.5648602247238159	0.43513980507850647
0.32535117864608765	0.6746487617492676
0.24760261178016663	0.7523974180221558
0.6863186359405518	0.31368136405944824
0.6582401394844055	0.3417598307132721
0.42318424582481384	0.5768157839775085
0.9920781254768372	0.007921822369098663
0.3692379891872406	0.630761981010437
0.9662209749221802	0.033778976649045944
0.3384708762168884	0.6615291237831116
0.2573094069957733	0.7426906228065491
0.5747968554496765	0.4252031743526459
0.5916287899017334	0.408371239900589
0.004756660666316748	0.9952433705329895
0.6338469982147217	0.3661530315876007
0.45683515071868896	0.543164849281311
0.30738845467567444	0.6926115155220032
0.783327579498291	0.2166723757982254
0.36169806122779846	0.6383019089698792
0.8929983973503113	0.10700166970491409
0.3722156882286072	0.627784252166748
0.9412919878959656	0.05870797485113144
0.555063009262085	0.44493696093559265
0.37668246030807495	0.623317539691925
0.6488065719604492	0.3511933982372284
0.6286377906799316	0.37136217951774597
0.020022908225655556	0.9799771308898926
0.8383950591087341	0.16160492599010468
0.03852824866771698	0.9614717364311218
0.636098325252533	0.36390167474746704
0.8887025117874146	0.11129751056432724
0.8052976727485657	0.19470231235027313
0.06674709171056747	0.9332528710365295
0.7620007395744324	0.23799924552440643
0.18533474206924438	0.8146652579307556
0.36253878474235535	0.6374611854553223
0.19822067022323608	0.8017793297767639
0.5920233726501465	0.40797659754753113
0.6840932965278625	0.31590670347213745
0.1993553191423416	0.8006446957588196
0.815041720867157	0.18495827913284302
0.48907893896102905	0.510921061038971
0.727122962474823	0.272877037525177
0.8510220646858215	0.14897795021533966
0.6131497025489807	0.3868502974510193
0.6929375529289246	0.30706244707107544
0.13378198444843292	0.8662180304527283
0.7299858927726746	0.2700141668319702
0.42274239659309387	0.5772576928138733
0.15822789072990417	0.8417721390724182
0.3781795799732208	0.6218204498291016
0.3435184061527252	0.6564816236495972
0.4801082909107208	0.5198916792869568
0.678429365158081	0.32157063484191895
0.8527674078941345	0.14723265171051025
0.0411970354616642	0.9588029384613037
0.16197693347930908	0.8380230069160461
0.20525559782981873	0.7947443723678589
0.5415160059928894	0.458484023809433
0.005333583801984787	0.9946664571762085
0.1996738314628601	0.8003262281417847
0.7356566786766052	0.2643432915210724
0.16669657826423645	0.8333033919334412
0.4019658863544464	0.598034143447876
0.48343130946159363	0.516568660736084
0.8124253153800964	0.18757466971874237
0.43146732449531555	0.5685326457023621
0.8324093222618103	0.16759073734283447
0.5378490090370178	0.4621509909629822
0.7860031127929688	0.21399691700935364
0.02459130622446537	0.975408673286438
0.2690529227256775	0.7309471368789673
0.7333067655563354	0.26669323444366455
0.021744873374700546	0.9782550930976868
0.6575579643249512	0.34244194626808167
0.36439013481140137	0.6356099247932434
0.5272502303123474	0.472749799489975
0.434701144695282	0.565298855304718
0.10817372798919678	0.8918262720108032
0.40919965505599976	0.5908003449440002
0.2919241786003113	0.7080758810043335
0.872123658657074	0.12787634134292603
0.5131667852401733	0.48683321475982666
0.7800318598747253	0.21996811032295227
0.8974316120147705	0.10256841778755188
0.48127973079681396	0.5187203288078308
0.047149527817964554	0.9528505206108093
0.141350656747818	0.8586493134498596
0.9535425901412964	0.046457439661026
0.8230525851249695	0.1769474595785141
0.9193599820137024	0.08064009994268417
0.502432107925415	0.49756792187690735
0.31999507546424866	0.680004894733429
0.25235068798065186	0.7476493716239929
0.23417580127716064	0.7658241391181946
0.9220516085624695	0.07794838398694992
0.7383272051811218	0.2616727352142334
0.25975051522254944	0.740249514579773
0.6846243739128113	0.3153756558895111
0.9415590763092041	0.058440934866666794
0.04696109518408775	0.9530388712882996
0.4713127315044403	0.5286871790885925
0.8577871918678284	0.1422128528356552
0.06366273015737534	0.9363372325897217
0.03527144342660904	0.9647285342216492
0.2023879736661911	0.7976120710372925
0.8284441828727722	0.17155581712722778
0.08511824905872345	0.9148818254470825
0.8835446834564209	0.11645529419183731
0.9492254257202148	0.050774574279785156
0.43063363432884216	0.5693663954734802
0.2671768069267273	0.7328231930732727
0.657010018825531	0.3429899513721466
0.8906193375587463	0.10938072949647903
0.5029237270355225	0.49707627296447754
0.2268141508102417	0.7731858491897583
0.02014181762933731	0.9798581600189209
0.5273456573486328	0.4726542532444
0.8142485618591309	0.18575136363506317
0.30368128418922424	0.6963188052177429
0.3268277943134308	0.6731721758842468
0.9801878333091736	0.01981216110289097
0.30244773626327515	0.6975522041320801
0.5706035494804382	0.4293964207172394
0.8409314155578613	0.15906855463981628
0.6607205271720886	0.33927953243255615
0.2695035934448242	0.7304964065551758
0.181388258934021	0.8186118006706238
0.7776746153831482	0.222325399518013
0.773352861404419	0.22664718329906464
0.032829344272613525	0.9671707153320312
0.9852315187454224	0.014768483117222786
0.44138023257255554	0.5586197376251221
0.7929283380508423	0.2070716768503189
0.8915315866470337	0.10846836864948273
0.4741118848323822	0.5258881449699402
0.40249359607696533	0.5975064039230347
0.24645763635635376	0.753542423248291
0.2217010259628296	0.7782990336418152
0.9019015431404114	0.09809843450784683
0.5536594986915588	0.4463404715061188
0.43322694301605225	0.5667730569839478
0.8812329769134521	0.11876708269119263
0.2639058828353882	0.7360941171646118
0.5665202140808105	0.4334796965122223
0.864230751991272	0.1357693076133728
0.0956534892320633	0.9043465256690979
0.20150667428970337	0.7984932661056519
0.3200327455997467	0.6799672842025757
0.5458601117134094	0.45413994789123535
0.7444852590560913	0.2555147707462311
0.47532299160957336	0.5246769785881042
0.27114829421043396	0.7288517355918884
0.16622760891914368	0.8337723612785339
0.07183565199375153	0.9281643033027649
0.5980392694473267	0.40196070075035095
0.5405604839324951	0.4594394564628601
0.09668108075857162	0.9033189415931702
0.9352307319641113	0.06476924568414688
0.616441547870636	0.3835584223270416
0.7882607579231262	0.211739182472229
0.670197069644928	0.329802930355072
0.9780670404434204	0.02193298749625683
0.2375563532114029	0.7624436616897583
0.5977998375892639	0.40220022201538086
0.7299672365188599	0.27003276348114014
0.36761510372161865	0.6323848366737366
0.7690833806991577	0.23091663420200348
0.8920213580131531	0.1079787090420723
0.1293145716190338	0.8706853985786438
0.18915455043315887	0.8108454346656799
0.9656361937522888	0.034363776445388794
0.7420362830162048	0.25796374678611755
0.42999783158302307	0.5700021982192993
0.2722296416759491	0.7277703881263733
0.14113011956214905	0.8588699102401733
0.43585437536239624	0.564145565032959
0.40734755992889404	0.592652440071106
0.5858139395713806	0.414186030626297
0.4906548857688904	0.5093451738357544
0.11223126202821732	0.8877688050270081
0.38312938809394836	0.6168705821037292
0.4702822268009186	0.5297178030014038
0.07099808752536774	0.9290019273757935
0.5920640230178833	0.4079360067844391
0.2544111907482147	0.7455888390541077
0.30263054370880127	0.697369396686554
0.41856029629707336	0.5814396739006042
0.9595640897750854	0.04043586924672127
0.3796282410621643	0.6203718185424805
0.23866961896419525	0.7613304257392883
0.07930925488471985	0.9206907749176025
0.6718459725379944	0.3281540870666504
0.6186960935592651	0.3813038766384125
0.1466541439294815	0.8533458113670349
0.07265784591436386	0.9273421168327332
0.4346446096897125	0.5653553605079651
0.7624561190605164	0.23754389584064484
0.31873881816864014	0.6812612414360046
0.2943499684333801	0.7056500315666199
0.03344433754682541	0.966555655002594
0.21879898011684418	0.7812010049819946
0.01724838651716709	0.9827516674995422
0.4904225766658783	0.5095773935317993
0.6644190549850464	0.3355810046195984
0.7132342457771301	0.28676581382751465
0.11793320626020432	0.8820667862892151
0.6037418842315674	0.39625808596611023
0.42864173650741577	0.5713582634925842
0.6276358366012573	0.3723641335964203
0.2700946033000946	0.7299054265022278
0.33360353112220764	0.66639643907547
0.009819237515330315	0.9901807308197021
0.9262296557426453	0.07377041131258011
0.12292250245809555	0.8770775198936462
0.14870819449424744	0.8512917757034302
0.41155532002449036	0.5884446501731873
0.15119639039039612	0.8488035798072815
0.5253208875656128	0.47467905282974243
0.42539745569229126	0.574602484703064
0.4793611764907837	0.5206388235092163
0.704827070236206	0.29517295956611633
0.10339982062578201	0.8966001272201538
0.8710566163063049	0.12894338369369507
0.20264142751693726	0.7973586320877075
0.5744295120239258	0.425570547580719
0.4270661771297455	0.5729338526725769
0.4431224465370178	0.5568775534629822
0.056436020880937576	0.9435639381408691
0.13139890134334564	0.8686010837554932
0.9174711108207703	0.08252894133329391
0.4410715401172638	0.5589284896850586
0.14736725389957428	0.8526327610015869
0.8088762164115906	0.19112376868724823
0.6661750674247742	0.33382490277290344
0.1263468861579895	0.8736530542373657
0.8103765249252319	0.18962348997592926
0.2870580554008484	0.7129420042037964
0.32327982783317566	0.676720142364502
0.2116660177707672	0.7883339524269104
0.7719486951828003	0.2280513495206833
0.7617314457893372	0.23826856911182404
0.26377788186073303	0.7362220883369446
0.0006235017790459096	0.9993764758110046
0.20004384219646454	0.7999561429023743
0.34173494577407837	0.6582649946212769
0.26910051703453064	0.7308995127677917
0.6729592680931091	0.3270407021045685
0.6275075078010559	0.3724925220012665
0.3330318033695221	0.6669682264328003
0.09332079440355301	0.9066792130470276
0.00984217133373022	0.9901577830314636
0.7940428256988525	0.20595720410346985
0.18994320929050446	0.8100568056106567
0.9285739660263062	0.07142601907253265
0.3243653476238251	0.6756346225738525
0.4336848556995392	0.5663151741027832
0.3785836398601532	0.6214162707328796
0.349545419216156	0.650454580783844
0.5919889211654663	0.4080110788345337
0.3891240060329437	0.6108760237693787
0.3236519396305084	0.676348090171814
0.040102459490299225	0.959897518157959
0.24060456454753876	0.7593953609466553
0.27225688099861145	0.7277431488037109
0.31508931517601013	0.6849107146263123
0.4431096315383911	0.5568903684616089
0.7407957911491394	0.2592041790485382
0.7084428071975708	0.291557252407074
0.780918538570404	0.21908149123191833
0.16287146508693695	0.8371285200119019
0.5043302774429321	0.4956696927547455
0.5322391986846924	0.4677608609199524
0.2808142602443695	0.7191857099533081
0.9202941060066223	0.07970590889453888
0.17069968581199646	0.8293002843856812
0.20820944011211395	0.7917906045913696
0.4958788752555847	0.5041210651397705
0.392810583114624	0.607189416885376
0.24622970819473267	0.7537702322006226
0.36652034521102905	0.6334797143936157
0.03809693455696106	0.9619030356407166
0.7869297862052917	0.21307021379470825
0.4281330704689026	0.5718669295310974
0.7015618085861206	0.298438161611557
0.21532399952411652	0.7846760153770447
0.5238307118415833	0.47616925835609436
0.1595970094203949	0.8404030203819275
0.6098088026046753	0.3901912271976471
0.9569947123527527	0.04300525039434433
0.2684880793094635	0.7315118908882141
0.8805633187294006	0.11943673342466354
0.6374396085739136	0.3625604212284088
0.5048307776451111	0.4951692819595337
0.6591526865959167	0.34084728360176086
0.7041378021240234	0.2958621382713318
0.26678600907325745	0.7332140207290649
0.289687842130661	0.7103121876716614
0.2448887974023819	0.7551112771034241
0.34726980328559875	0.6527302265167236
0.5833302140235901	0.4166698455810547
0.35031405091285706	0.6496859788894653
0.23212751746177673	0.7678725123405457
0.6467173099517822	0.35328274965286255
0.7554713487625122	0.2445286363363266
0.901603102684021	0.09839687496423721
0.26814204454421997	0.73185795545578
0.5740852952003479	0.4259146749973297
0.030939310789108276	0.9690607190132141
0.6131885051727295	0.3868115246295929
0.9644398093223572	0.035560209304094315
0.5539094805717468	0.4460905194282532
0.5139127969741821	0.48608723282814026
0.7845485210418701	0.2154514491558075
0.8071768283843994	0.19282318651676178
0.42084962129592896	0.579150378704071
0.12618523836135864	0.8738147616386414
0.5320338606834412	0.4679661691188812
0.884005069732666	0.1159948855638504
0.6694768071174622	0.33052322268486023
0.6613537073135376	0.33864626288414
0.9662079811096191	0.033792052417993546
0.22367097437381744	0.7763290405273438
0.4246969521045685	0.5753030180931091
0.5	0.5
0.3798578083515167	0.6201421022415161
0.3979833126068115	0.6020166873931885
0.23726683855056763	0.7627331614494324
0.44700708985328674	0.5529928803443909
0.43710413575172424	0.5628958940505981
0.46496278047561646	0.5350372195243835
0.7556254863739014	0.2443745732307434
0.9464297294616699	0.05357028543949127
0.7159801125526428	0.2840198576450348
0.6503069400787354	0.34969303011894226
0.25187891721725464	0.7481210231781006
0.567436695098877	0.43256330490112305
0.12237459421157837	0.8776254057884216
0.01962059736251831	0.9803794622421265
0.9357393980026245	0.06426061689853668
0.9109076857566833	0.08909231424331665
0.09863363951444626	0.9013662934303284
0.5539923310279846	0.44600772857666016
0.356486052274704	0.6435139775276184
0.6344774961471558	0.36552247405052185
0.5328586101531982	0.46714141964912415
0.23784704506397247	0.762152910232544
0.6700818538665771	0.32991817593574524
0.8074468970298767	0.1925531029701233
0.6145594716072083	0.38544049859046936
0.2668495774269104	0.7331504225730896
0.47028839588165283	0.5297116041183472
0.5083009600639343	0.4916990399360657
0.3252691924571991	0.6747307777404785
0.10539446026086807	0.8946055769920349
0.5145296454429626	0.48547038435935974
0.19465400278568268	0.8053460121154785
0.18233266472816467	0.8176673650741577
0.019664710387587547	0.9803353548049927
0.7502729296684265	0.2497270256280899
0.8460984826087952	0.15390153229236603
0.11830832809209824	0.8816916942596436
0.36287254095077515	0.6371274590492249
0.0643797367811203	0.9356201887130737
0.07559897005558014	0.9244009852409363
0.43341195583343506	0.5665880441665649
0.5177571177482605	0.4822428524494171
0.7811354398727417	0.2188645601272583
0.3627586364746094	0.6372413635253906
0.39179009199142456	0.6082098484039307
0.7642717957496643	0.2357282042503357
0.751017153263092	0.24898280203342438
0.92717045545578	0.07282952964305878
0.7494637370109558	0.2505362927913666
0.4253908693790436	0.574609100818634
0.5264376997947693	0.4735623300075531
0.5012050271034241	0.4987949728965759
0.5895416140556335	0.41045841574668884
0.5376639366149902	0.46233609318733215
0.1554080843925476	0.8445918560028076
0.7146095633506775	0.2853904366493225
0.5889313220977783	0.4110686779022217
0.1284586638212204	0.8715413212776184
0.8010841012001038	0.1989159733057022
0.35166504979133606	0.6483349800109863
0.6432279944419861	0.3567720353603363
0.5336055755615234	0.46639445424079895
0.9549638628959656	0.045036137104034424
0.7608819007873535	0.23911811411380768
0.9249138832092285	0.07508618384599686
0.8798177242279053	0.12018227577209473
0.3189810812473297	0.6810188889503479
0.38035649061203003	0.61964350938797
0.6122594475746155	0.38774052262306213
0.8929805159568787	0.10701947659254074
0.5399324297904968	0.4600675404071808
0.632999837398529	0.36700019240379333
0.10889598727226257	0.891103982925415
0.1414315104484558	0.8585684895515442
0.8655684590339661	0.1344316154718399
0.9339180588722229	0.0660819485783577
0.6628488898277283	0.33715111017227173
0.46495911478996277	0.5350409150123596
0.48222601413726807	0.5177739262580872
0.42356690764427185	0.5764330625534058
0.5084805488586426	0.4915194511413574
0.8185096979141235	0.1814902424812317
0.05061432346701622	0.9493857026100159
0.9844154715538025	0.015584487468004227
0.6102412343025208	0.3897587060928345
0.4261520206928253	0.5738480091094971
0.3339233100414276	0.66607666015625
0.5508617162704468	0.44913822412490845
0.9555357098579407	0.04446426033973694
0.02756587415933609	0.9724341630935669
0.7149146199226379	0.28508538007736206
0.6152059435844421	0.38479405641555786
0.7171118259429932	0.28288814425468445
0.7160006761550903	0.28399932384490967
0.7541013360023499	0.24589866399765015
0.6480498909950256	0.3519500494003296
0.43542495369911194	0.5645750761032104
0.3344065546989441	0.6655934453010559
0.48558706045150757	0.5144129395484924
0.8168383240699768	0.1831616759300232
0.547523021697998	0.45247697830200195
0.9454858899116516	0.05451405048370361
0.4350757896900177	0.5649241805076599
3.1231500088324538e-06	0.9999969005584717
0.22455191612243652	0.7754480838775635
0.3306419253349304	0.6693580746650696
0.3850194811820984	0.6149805784225464
0.11883918941020966	0.8811608552932739
0.5277794003486633	0.4722205400466919
0.9376753568649292	0.06232462450861931
0.16884127259254456	0.8311586976051331
0.38202154636383057	0.6179784536361694
0.6173244118690491	0.38267552852630615
0.5144827961921692	0.4855172038078308
0.388735294342041	0.611264705657959
0.7484297156333923	0.25157037377357483
0.5912349224090576	0.40876504778862
0.3046741485595703	0.6953258514404297
0.9964388608932495	0.003561121178790927
0.7654591202735901	0.23454096913337708
0.08871760219335556	0.9112824201583862
0.815350353717804	0.18464963138103485
0.9492844939231873	0.05071550980210304
0.6013754606246948	0.3986245095729828
0.14117899537086487	0.8588209748268127
0.09154041856527328	0.9084596037864685
0.7130823731422424	0.28691765666007996
0.8957321047782898	0.104267917573452
0.987980306148529	0.012019654735922813
0.46764540672302246	0.5323546528816223
0.5466538071632385	0.45334625244140625
0.5791827440261841	0.4208172559738159
0.1878884881734848	0.8121115565299988
0.7748830318450928	0.22511695325374603
0.7514517903327942	0.24854826927185059
0.46520572900772095	0.534794270992279
0.15139992535114288	0.8486000895500183
0.4082247018814087	0.5917752981185913
0.4246363639831543	0.5753635764122009
0.5763695240020752	0.4236304461956024
0.20322521030902863	0.7967747449874878
0.618330717086792	0.3816692531108856
0.5647491216659546	0.435250848531723
0.5635703802108765	0.43642953038215637
0.2416873723268509	0.7583127021789551
0.4867769181728363	0.5132231116294861
0.1412971317768097	0.8587028384208679
0.019787993282079697	0.9802119731903076
0.6431999802589417	0.35680004954338074
0.236334890127182	0.7636651396751404
0.7257794141769409	0.2742205262184143
0.28443586826324463	0.7155640721321106
0.9824641346931458	0.01753580942749977
0.6681146621704102	0.33188530802726746
0.45528727769851685	0.5447127819061279
0.9452030658721924	0.054796937853097916
0.22717802226543427	0.7728219032287598
0.09210797399282455	0.9078919887542725
0.9482403993606567	0.05175957828760147
0.670756995677948	0.3292429745197296
0.9984281063079834	0.0015719517832621932
0.531603217124939	0.46839675307273865
0.18482919037342072	0.8151708245277405
0.6133402585983276	0.38665980100631714
0.09770464897155762	0.9022952914237976
0.10213074088096619	0.8978692293167114
0.3897317945957184	0.6102681756019592
0.12271608412265778	0.8772839307785034
0.5769394636154175	0.4230605363845825
0.6644600629806519	0.33553993701934814
0.03920750692486763	0.9607924818992615
0.7541441917419434	0.24585586786270142
0.45170384645462036	0.5482960939407349
0.5833474397659302	0.4166525602340698
0.6609122157096863	0.33908775448799133
0.5029287934303284	0.49707120656967163
0.0021977934520691633	0.997802197933197
0.6084615588188171	0.3915383517742157
0.25226637721061707	0.7477335929870605
0.4355499744415283	0.5644500255584717
0.9729281663894653	0.027071865275502205
0.5983737707138062	0.40162622928619385
0.6864208579063416	0.31357911229133606
0.386068195104599	0.6139317750930786
0.08215634524822235	0.9178436398506165
0.1858312040567398	0.8141688704490662
0.005503623280674219	0.9944964051246643
0.2437824010848999	0.7562176585197449
0.013933922164142132	0.9860660433769226
0.6639652848243713	0.3360346853733063
0.6745752096176147	0.32542476058006287
0.3344080150127411	0.6655920147895813
0.17169620096683502	0.8283038139343262
0.8425840139389038	0.15741601586341858
0.3303661644458771	0.6696338653564453
0.3073500990867615	0.6926499009132385
0.3407413065433502	0.6592586636543274
0.432075560092926	0.567924439907074
0.14107482135295868	0.8589252233505249
0.11365468055009842	0.8863453269004822
0.7818151116371155	0.21818488836288452
0.4380686581134796	0.5619313716888428
0.15601998567581177	0.843980073928833
0.4076412618160248	0.5923587679862976
0.48127856850624084	0.5187214612960815
0.7307305335998535	0.2692694365978241
0.8351646661758423	0.16483525931835175
0.5005340576171875	0.4994659423828125
0.4365163743495941	0.5634835362434387
0.23837924003601074	0.7616207003593445
0.5895797610282898	0.4104202389717102
0.35687747597694397	0.6431225538253784
0.7853593230247498	0.21464070677757263
0.6877206563949585	0.3122793734073639
0.18298912048339844	0.8170108795166016
0.3520266115665436	0.6479734182357788
0.5421220064163208	0.4578779637813568
0.8746517300605774	0.125348299741745
0.8748493790626526	0.1251506507396698
0.581111490726471	0.41888853907585144
0.3039169907569885	0.6960830092430115
0.2816936671733856	0.718306303024292
0.06503620743751526	0.9349637627601624
0.8581851720809937	0.14181482791900635
0.1618916094303131	0.8381083607673645
0.02816939353942871	0.9718306660652161
0.46879279613494873	0.5312071442604065
0.5376589894294739	0.4623410105705261
0.8016633987426758	0.1983366161584854
0.505121648311615	0.494878351688385
0.1668207049369812	0.8331792950630188
0.4624360203742981	0.5375640392303467
0.9819425940513611	0.01805735006928444
0.8938666582107544	0.106133371591568
0.6305356025695801	0.36946433782577515
0.12273863703012466	0.8772613406181335
0.10783451795578003	0.89216548204422
0.24138019979000092	0.7586197853088379
0.4577058255672455	0.5422941446304321
0.28318122029304504	0.7168188095092773
0.5261344313621521	0.4738655686378479
0.8783271908760071	0.12167282402515411
0.5	0.5
0.8196198344230652	0.18038015067577362
0.9656937718391418	0.03430628404021263
0.07324417680501938	0.9267557859420776
0.9115123152732849	0.08848769962787628
0.2824940085411072	0.7175059914588928
0.4573214054107666	0.5426785945892334
0.09003108739852905	0.9099688529968262
0.5361453890800476	0.4638546109199524
0.2608466148376465	0.7391534447669983
0.07299565523862839	0.927004337310791
0.1467522531747818	0.8532477617263794
0.9988669157028198	0.0011331425048410892
0.34848806262016296	0.6515119671821594
0.6120551228523254	0.3879448473453522
0.8292011022567749	0.17079883813858032
0.5469577312469482	0.453042209148407
0.6372977495193481	0.36270228028297424
0.18270012736320496	0.8172998428344727
0.8618820309638977	0.1381179839372635
0.8022801876068115	0.1977197825908661
0.9925790429115295	0.007421000394970179
0.03568179905414581	0.9643182158470154
0.6573911309242249	0.34260883927345276
0.7853837013244629	0.21461623907089233
0.5940017104148865	0.4059982895851135
0.2727685868740082	0.7272314429283142
0.3396565020084381	0.6603435277938843
0.4494776427745819	0.5505223870277405
0.9966177344322205	0.0033822525292634964
0.4898528754711151	0.5101471543312073
0.5261433124542236	0.47385671734809875
0.8886486887931824	0.11135128885507584
0.6179825663566589	0.38201746344566345
0.12876476347446442	0.871235191822052
0.9887318015098572	0.011268273927271366
0.6524125337600708	0.3475874960422516
0.25137972831726074	0.748620331287384
0.9371269941329956	0.06287303566932678
0.9387492537498474	0.06125069037079811
0.10685990750789642	0.8931401371955872
0.18395721912384033	0.8160427808761597
0.19509746134281158	0.8049025535583496
0.567349910736084	0.43265005946159363
0.1452454924583435	0.8547545075416565
0.4885942041873932	0.5114058256149292
0.5488006472587585	0.45119932293891907
0.48685458302497864	0.513145387172699
0.47905728220939636	0.5209426879882812
0.017032867297530174	0.9829671382904053
0.8314114212989807	0.1685885637998581
0.7330818772315979	0.2669181525707245
0.3635287284851074	0.6364712119102478
0.9542893767356873	0.04571060091257095
0.8584582209587097	0.1415417641401291
0.7692040801048279	0.2307959645986557
0.41719692945480347	0.5828030705451965
0.7133216261863708	0.28667837381362915
0.7285091280937195	0.2714909017086029
0.93511563539505	0.06488432735204697
0.14452113211154938	0.8554788827896118
0.48347511887550354	0.5165249109268188
0.38875913619995117	0.6112408638000488
0.5506808757781982	0.44931915402412415
0.672182023525238	0.3278179466724396
0.9866843819618225	0.013315596617758274
0.26993584632873535	0.7300641536712646
0.6585738062858582	0.34142622351646423
0.9651520848274231	0.03484784811735153
0.15096835792064667	0.8490316867828369
0.1559571474790573	0.8440428972244263
0.6123622059822083	0.38763779401779175
0.8989903330802917	0.10100973397493362
0.5242462754249573	0.47575369477272034
0.9712923169136047	0.02870769053697586
0.22455565631389618	0.7754443287849426
0.746915876865387	0.25308409333229065
0.1148194894194603	0.8851805329322815
0.4949582517147064	0.5050417184829712
0.12928548455238342	0.8707144856452942
0.6728571057319641	0.3271428346633911
0.6851602792739868	0.3148397207260132
0.16232803463935852	0.8376719951629639
0.935298502445221	0.06470149010419846
0.7845968008041382	0.21540313959121704
0.7111759185791016	0.28882408142089844
0.9796706438064575	0.0203294288367033
0.05252475664019585	0.9474751949310303
0.6490625739097595	0.3509373962879181
0.21293020248413086	0.7870697975158691
0.798629879951477	0.20137007534503937
0.4413396120071411	0.5586604475975037
0.41040298342704773	0.5895971059799194
0.23768924176692963	0.7623107433319092
0.7825437188148499	0.21745631098747253
0.5183054804801941	0.4816945493221283
0.3635682165622711	0.6364317536354065
0.2585855722427368	0.741414487361908
0.7916259765625	0.2083739936351776
0.5571230053901672	0.44287702441215515
0.04536562040448189	0.9546343684196472
0.5662432312965393	0.4337567389011383
0.038473714143037796	0.9615262746810913
0.4937637150287628	0.5062363147735596
0.47999104857444763	0.5200089812278748
0.6577473878860474	0.3422525227069855
0.18929697573184967	0.8107030391693115
0.1542411595582962	0.8457587957382202
0.5673419237136841	0.4326580762863159
0.9033089280128479	0.09669104218482971
0.6133244633674622	0.38667556643486023
0.47993409633636475	0.5200659036636353
0.8960534930229187	0.1039464995265007
0.917723536491394	0.08227648586034775
0.7979596853256226	0.20204031467437744
0.30195605754852295	0.698043942451477
0.5488933324813843	0.45110663771629333
0.32909536361694336	0.6709045767784119
0.6916763782501221	0.3083236515522003
0.8825098872184753	0.11749013513326645
0.871189534664154	0.12881051003932953
0.04796117916703224	0.9520387649536133
0.44407397508621216	0.5559259653091431
0.7377773523330688	0.26222261786460876
0.5926082730293274	0.4073916971683502
0.4621748626232147	0.5378251075744629
0.6332053542137146	0.366794615983963
0.9280257225036621	0.07197428494691849
0.4703441560268402	0.5296558141708374
0.9378728866577148	0.06212712079286575
0.11097322404384613	0.8890268206596375
0.3314572274684906	0.6685428023338318
0.08839580416679382	0.9116041660308838
0.5944378972053528	0.40556207299232483
0.6105502843856812	0.38944971561431885
0.5383936762809753	0.46160632371902466
0.15831542015075684	0.8416845798492432
0.8612880706787109	0.13871197402477264
0.943966805934906	0.05603327229619026
0.6688345074653625	0.33116546273231506
0.45612314343452454	0.5438768863677979
0.09212085604667664	0.907879114151001
0.17274349927902222	0.8272565603256226
0.4907420575618744	0.509257972240448
0.6730090379714966	0.3269909918308258
0.8089138269424438	0.19108612835407257
0.8275506496429443	0.17244935035705566
0.9981375932693481	0.0018623785581439734
0.41506144404411316	0.5849385261535645
0.6783393025398254	0.3216606676578522
0.1440701186656952	0.8559299111366272
0.29821205139160156	0.7017880082130432
0.3957839608192444	0.6042160391807556
0.39185675978660583	0.6081432104110718
0.13179899752140045	0.868200957775116
0.3977651298046112	0.6022348999977112
0.021429166197776794	0.9785708785057068
0.15754248201847076	0.8424575328826904
0.8988928198814392	0.1011071726679802
0.007199576590210199	0.9928004741668701
0.8224164247512817	0.17758363485336304
0.7085117101669312	0.29148828983306885
0.5054596066474915	0.49454042315483093
0.3651030957698822	0.6348968744277954
0.4366650879383087	0.5633349418640137
0.45995643734931946	0.5400435924530029
0.1905086189508438	0.8094913959503174
0.10655928403139114	0.8934407234191895
0.9940086603164673	0.005991295911371708
0.19490285217761993	0.8050971031188965
0.10090241581201553	0.8990975618362427
0.5574318170547485	0.44256818294525146
0.3392575681209564	0.660742461681366
0.3577992618083954	0.6422008275985718
0.6314147114753723	0.3685852587223053
0.7789154052734375	0.2210846096277237
0.3614872395992279	0.6385127305984497
0.4639281630516052	0.5360718369483948
0.21993641555309296	0.7800635695457458
0.561873733997345	0.43812626600265503
0.09150804579257965	0.9084919691085815
0.9994537234306335	0.00054631766397506
0.3058032989501953	0.6941967010498047
0.872986376285553	0.12701363861560822
0.1986532062292099	0.8013467788696289
0.448731005191803	0.5512690544128418
0.002751358551904559	0.9972485899925232
0.8350204825401306	0.16497951745986938
0.654904305934906	0.345095694065094
0.7633647918701172	0.2366352677345276
0.2506107687950134	0.7493891716003418
0.5801584720611572	0.4198414981365204
0.9409980177879333	0.059001944959163666
0.13681380450725555	0.863186240196228
0.4976305067539215	0.5023695230484009
0.11288146674633026	0.8871185183525085
0.9561269879341125	0.043872982263565063
0.19968901574611664	0.8003109693527222
0.6602479815483093	0.3397519886493683
0.32226112484931946	0.6777389645576477
0.35882389545440674	0.6411761045455933
0.09643065184354782	0.9035694003105164
0.7521575689315796	0.24784241616725922
0.4409812390804291	0.5590187907218933
0.8141692280769348	0.1858307123184204
0.07002367824316025	0.9299763441085815
0.36454489827156067	0.6354551315307617
0.5448139309883118	0.45518606901168823
0.013169717974960804	0.9868302941322327
0.4882134795188904	0.5117865204811096
0.7449378967285156	0.2550621032714844
0.6270033717155457	0.37299662828445435
0.11486854404211044	0.8851314783096313
0.9446249604225159	0.055375032126903534
0.6603257656097412	0.3396742641925812
0.7960465550422668	0.20395347476005554
0.004570646211504936	0.9954293966293335
0.8787842988967896	0.12121561914682388
0.3898058831691742	0.6101940870285034
0.271332710981369	0.7286671996116638
0.12211564928293228	0.8778843283653259
0.6825175285339355	0.31748247146606445
0.7823141813278198	0.21768583357334137
0.14701655507087708	0.8529834747314453
0.010590270161628723	0.9894096851348877
0.47996702790260315	0.5200329422950745
0.6269961595535278	0.37300384044647217
0.3225439190864563	0.6774560809135437
0.8300749659538269	0.1699250191450119
0.3048318326473236	0.695168137550354
0.05406642332673073	0.9459335803985596
0.4283128082752228	0.5716872215270996
0.26638883352279663	0.7336112260818481
0.4078438878059387	0.5921560525894165
0.14025713503360748	0.8597428202629089
0.7760390639305115	0.2239610105752945
0.5037656426429749	0.49623438715934753
0.48934465646743774	0.5106553435325623
0.4544931948184967	0.5455067753791809
0.6467922329902649	0.3532077670097351
0.6416836977005005	0.3583163022994995
0.6017242074012756	0.398275762796402
0.9216422438621521	0.07835779339075089
0.04945271834731102	0.9505472779273987
0.9336885213851929	0.06631144136190414
0.47580966353416443	0.524190366268158
0.6535446643829346	0.34645527601242065
0.6820756196975708	0.3179244101047516
0.9017646312713623	0.09823538362979889
0.09208524972200394	0.9079146981239319
0.7531208395957947	0.24687911570072174
0.8026841282844543	0.19731579720973969
0.9039533734321594	0.09604662656784058
0.9785424470901489	0.02145758830010891
0.09119385480880737	0.9088061451911926
0.48262304067611694	0.5173770189285278
0.9687288999557495	0.03127115219831467
0.2158154547214508	0.7841845750808716
0.1303107589483261	0.8696892857551575
0.6492909789085388	0.35070908069610596
0.4991891384124756	0.5008108615875244
0.7423893809318542	0.25761064887046814
0.3844071626663208	0.6155928373336792
0.08917876332998276	0.910821259021759
0.22336998581886292	0.7766300439834595
0.8788162469863892	0.12118370085954666
0.5149202346801758	0.4850797951221466
0.014902407303452492	0.9850975275039673
0.7922884225845337	0.2077115774154663
0.5446186661720276	0.45538130402565
0.524102509021759	0.4758974313735962
0.09421275556087494	0.9057872295379639
0.9647021293640137	0.035297833383083344
0.7615504264831543	0.2384495884180069
0.8627502918243408	0.13724970817565918
0.6428005695343018	0.35719940066337585
0.3599109351634979	0.6400890946388245
0.32679688930511475	0.67320317029953
0.9630377888679504	0.036962222307920456
0.3673977255821228	0.6326022744178772
0.46854367852211	0.5314563512802124
0.8092978596687317	0.19070208072662354
0.3902991712093353	0.6097008585929871
0.1586652398109436	0.8413347601890564
0.3745514154434204	0.6254485845565796
0.4696308672428131	0.5303691029548645
0.5467932820320129	0.45320671796798706
0.01751423440873623	0.9824857711791992
0.9988646507263184	0.0011353559093549848
0.36119502782821655	0.6388049721717834
0.3820437490940094	0.617956280708313
0.7739777565002441	0.2260221689939499
0.07249393314123154	0.9275060892105103
0.8468115329742432	0.15318849682807922
0.14822889864444733	0.8517711162567139
0.8172997832298279	0.1827002465724945
0.7298652529716492	0.27013471722602844
0.48857662081718445	0.5114234089851379
0.294382244348526	0.7056177258491516
0.21361947059631348	0.7863805294036865
0.015153867192566395	0.9848461151123047
0.49963220953941345	0.5003678798675537
0.50616854429245	0.49383148550987244
0.895657479763031	0.10434248298406601
0.488494873046875	0.511505126953125
0.47791633009910583	0.5220836997032166
0.3927932679653168	0.6072067618370056
0.20402777194976807	0.7959722280502319
0.3954465687274933	0.6045534014701843
0.7994989156723022	0.20050106942653656
0.6570520401000977	0.34294798970222473
0.769573986530304	0.23042602837085724
0.8763012290000916	0.12369883805513382
0.37179890275001526	0.6282011270523071
0.8757973909378052	0.12420263886451721
0.9265982508659363	0.07340169697999954
0.6292152404785156	0.37078481912612915
0.23335926234722137	0.7666407227516174
0.7913981080055237	0.20860187709331512
0.6252598166465759	0.37474021315574646
0.08397675305604935	0.916023313999176
0.17889024317264557	0.8211097121238708
0.9535962343215942	0.046403687447309494
0.19610381126403809	0.8038961887359619
0.525080680847168	0.4749193489551544
0.8572651743888855	0.1427348256111145
0.7250434756278992	0.27495649456977844
0.9570867419242859	0.042913246899843216
0.6824963688850403	0.3175036609172821
0.7765504121780396	0.22344955801963806
0.3051842451095581	0.6948157548904419
0.7559069395065308	0.24409303069114685
0.6322556138038635	0.36774441599845886
0.30930954217910767	0.6906904578208923
0.9200796484947205	0.07992033660411835
0.12639190256595612	0.8736081123352051
0.2704286575317383	0.7295714020729065
0.3940841853618622	0.6059157848358154
0.5234612226486206	0.4765388071537018
0.6333369016647339	0.3666630983352661
0.9295682311058044	0.07043176889419556
0.7756115198135376	0.22438840568065643
0.9028533101081848	0.0971466675400734
0.6366918683052063	0.36330804228782654
0.03599569573998451	0.9640042781829834
0.07394404709339142	0.9260560274124146
0.6370925903320312	0.36290743947029114
0.08562996238470078	0.9143700003623962
0.24277381598949432	0.7572262287139893
0.9609174728393555	0.03908255323767662
0.5795474648475647	0.42045244574546814
0.48373880982398987	0.5162612199783325
0.4558640420436859	0.5441359877586365
0.64799964427948	0.3520004153251648
0.7916544675827026	0.20834560692310333
0.47952762246131897	0.5204724073410034
0.1611020565032959	0.8388979434967041
0.36969733238220215	0.6303026676177979
0.5564661026000977	0.44353389739990234
0.6922207474708557	0.3077792525291443
0.1926715075969696	0.807328462600708
0.29640522599220276	0.7035948634147644
0.971104085445404	0.028895925730466843
0.5939362645149231	0.4060637354850769
0.1783377081155777	0.8216622471809387
0.2907238006591797	0.7092761993408203
0.4558772146701813	0.5441227555274963
0.10969946533441544	0.8903005123138428
0.007856636308133602	0.9921433925628662
0.5202541947364807	0.4797458052635193
0.8580063581466675	0.1419937014579773
0.8786154985427856	0.12138444185256958
0.5281105041503906	0.4718894064426422
0.4640321135520935	0.5359678864479065
0.6725612282752991	0.32743874192237854
0.46596628427505493	0.5340337753295898
0.23256464302539825	0.7674353718757629
0.9495702385902405	0.050429776310920715
0.25268492102622986	0.7473150491714478
0.6085252165794373	0.39147481322288513
0.3055502474308014	0.694449782371521
0.6454459428787231	0.3545539975166321
0.051119036972522736	0.9488809704780579
0.48964786529541016	0.5103520750999451
0.7183164954185486	0.2816835343837738
0.03707181289792061	0.9629282355308533
0.3695324957370758	0.6304675936698914
0.16894905269145966	0.8310509324073792
0.33464574813842773	0.6653542518615723
0.7610956430435181	0.23890437185764313
0.026124516502022743	0.9738754630088806
0.6042117476463318	0.3957882225513458
0.00370828527957201	0.9962917566299438
0.3824049234390259	0.6175950169563293
0.5358588695526123	0.4641411006450653
0.40682077407836914	0.5931792259216309
0.38194262981414795	0.618057370185852
0.035943154245615005	0.9640569090843201
0.9755275249481201	0.024472476914525032
0.6213167309761047	0.3786832392215729
0.6277782917022705	0.37222179770469666
0.7845953106880188	0.2154046893119812
0.4511273205280304	0.548872709274292
0.35346853733062744	0.6465315222740173
0.7105493545532227	0.28945067524909973