0.8124325275421143	0.18756751716136932
0.9864473342895508	0.013552730903029442
0.9899349808692932	0.01006508432328701
0.9967690706253052	0.0032309223897755146
0.07737796753644943	0.9226220846176147
0.0013855114812031388	0.9986144304275513
0.9931294322013855	0.0068705021403729916
0.004137978423386812	0.9958620071411133
0.002648313296958804	0.9973516464233398
0.8126077055931091	0.1873922348022461
0.9952310919761658	0.004768885672092438
0.9996747970581055	0.00032527424627915025
0.051277365535497665	0.9487226009368896
0.9798499345779419	0.020150084048509598
0.9977632761001587	0.002236688509583473
2.620006398501573e-06	0.9999973773956299
0.9993973970413208	0.0006026389310136437
0.6746436953544617	0.32535630464553833
0.08983440697193146	0.9101656079292297
0.6943288445472717	0.30567121505737305
0.9993481040000916	0.0006518381997011602
0.0015053550014272332	0.9984946250915527
0.9979621171951294	0.0020379372872412205
0.9900974035263062	0.009902583435177803
0.8708775043487549	0.1291225254535675
0.9980543851852417	0.0019456141162663698
0.0007325675105676055	0.9992673993110657
0.9999977350234985	2.308363264091895e-06
0.9972637891769409	0.002736180555075407
0.9987548589706421	0.0012451154179871082
0.9151180386543274	0.0848819836974144
0.9942261576652527	0.005773826502263546
0.09119796752929688	0.9088020324707031
0.19408969581127167	0.8059102892875671
0.9955062866210938	0.004493654705584049
0.5361391305923462	0.4638608992099762
0.17597860097885132	0.8240213990211487
0.5322552919387817	0.46774476766586304
0.0016435259021818638	0.9983564019203186
0.00023025082191452384	0.9997697472572327
0.45033207535743713	0.5496679544448853
0.35129624605178833	0.6487038135528564
0.1694275289773941	0.8305724263191223
0.0016650756588205695	0.9983349442481995
0.953613817691803	0.04638613387942314
0.9910707473754883	0.008929265663027763
0.6632881164550781	0.33671191334724426
0.9997647404670715	0.00023530112230218947
0.21442854404449463	0.7855713963508606
0.9898920059204102	0.010108020156621933
0.8806585073471069	0.11934147030115128
0.0034716487862169743	0.9965283274650574
0.8680305480957031	0.13196945190429688
0.9999505281448364	4.948943023919128e-05
0.08952998369932175	0.9104700088500977
0.9998270869255066	0.00017292817938141525
0.8234943151473999	0.1765056848526001
0.9614037275314331	0.038596272468566895
0.00013510853750631213	0.9998648166656494
0.03993311896920204	0.9600668549537659
0.7476977705955505	0.2523021996021271
0.9900132417678833	0.009986689314246178
0.9208539128303528	0.07914607971906662
0.9980467557907104	0.0019531776197254658
0.9947572946548462	0.0052426946349442005
0.007698196452111006	0.9923018217086792
0.0005874335183762014	0.9994125366210938
0.02110283449292183	0.9788970947265625
0.9786438345909119	0.021356167271733284
0.9835569858551025	0.016443055123090744
0.11170592904090881	0.8882941007614136
0.999058187007904	0.0009417913970537484
0.0004542877140920609	0.9995456337928772
0.5151488780975342	0.48485109210014343
0.0004016550083179027	0.9995983242988586
0.8195990920066833	0.18040096759796143
0.9983354210853577	0.001664628623984754
0.7127848267555237	0.28721511363983154
0.3939354419708252	0.6060645580291748
0.9939712882041931	0.006028648000210524
0.9984908103942871	0.0015092260437086225
0.02589699998497963	0.9741030335426331
0.9529333114624023	0.04706674441695213
0.9928673505783081	0.007132637780159712
0.00021098824799992144	0.9997890591621399
0.9995133876800537	0.00048656880971975625
0.9886223673820496	0.011377670802175999
0.9992088675498962	0.0007911843131296337
0.00900642853230238	0.9909935593605042
5.907403101446107e-05	0.9999408721923828
0.1376362293958664	0.8623637557029724
0.889180600643158	0.11081940680742264
0.015299204736948013	0.9847007989883423
0.9999970197677612	3.0235960366553627e-06
0.017997590824961662	0.9820023775100708
0.0018583746859803796	0.9981416463851929
0.013045650906860828	0.986954391002655
0.024806642904877663	0.9751933217048645
0.9998670816421509	0.00013288078480400145
0.3742140233516693	0.6257860660552979
0.2190498262643814	0.780950129032135
0.1855808049440384	0.8144192099571228
0.9999959468841553	4.077965513715753e-06
0.0008618707652203739	0.9991381168365479
0.9643906950950623	0.03560933470726013
0.010684232227504253	0.9893157482147217
0.00045744871022179723	0.9995425939559937
6.63350647300831e-06	0.9999933242797852
0.8571676015853882	0.14283238351345062
0.31340309977531433	0.6865969300270081
0.0009127698140218854	0.9990872144699097
0.09851202368736267	0.9014880061149597
0.3599523603916168	0.6400476694107056
0.10647498816251755	0.8935250639915466
0.24408215284347534	0.7559178471565247
0.9987857937812805	0.0012141892220824957
0.04108778014779091	0.958912193775177
0.984103798866272	0.01589616760611534
0.0002599139406811446	0.9997400641441345
0.025634748861193657	0.9743652939796448
0.03820239007472992	0.9617975950241089
0.017489340156316757	0.9825106263160706
0.15485066175460815	0.8451493978500366
0.9981824159622192	0.0018176508601754904
0.7556636929512024	0.24433633685112
0.0733950063586235	0.9266049861907959
0.3062650263309479	0.6937350630760193
0.20888163149356842	0.7911183834075928
0.9631755352020264	0.03682440519332886
0.9991868138313293	0.000813188380561769
0.0050643570721149445	0.9949356317520142
0.9949392080307007	0.005060821771621704
0.006932789459824562	0.9930672645568848
0.6804625988006592	0.31953737139701843
0.011454096995294094	0.9885459542274475
0.282798171043396	0.717201828956604
0.09512239694595337	0.9048776030540466
1.4995669062045636e-07	0.9999998807907104
0.9781849384307861	0.021815018728375435
0.5054911375045776	0.4945088326931
0.009121942333877087	0.9908780455589294
0.924656867980957	0.07534316927194595
0.036991678178310394	0.9630083441734314
0.8329408168792725	0.16705912351608276
0.008934829384088516	0.9910652041435242
0.0676686242222786	0.932331383228302
0.389768123626709	0.610231876373291
0.5239764451980591	0.47602352499961853
0.04375992715358734	0.9562400579452515
0.008765993639826775	0.9912340044975281
0.9744925498962402	0.025507446378469467
0.6380432844161987	0.36195674538612366
0.9739258289337158	0.026074184104800224
0.04272859916090965	0.9572714567184448
0.9991996884346008	0.0008003494003787637
0.8134370446205139	0.1865629255771637
0.9999638795852661	3.6123772588325664e-05
0.997624933719635	0.0023750937543809414
0.0005416978383436799	0.9994582533836365
0.8192448019981384	0.18075522780418396
0.11650136858224869	0.8834986090660095
0.9959180951118469	0.004081937950104475
0.9983410835266113	0.0016588791040703654
0.9999929666519165	7.001166977715911e-06
0.005981806665658951	0.9940181970596313
0.9992321729660034	0.0007677890243940055
8.211681233660784e-06	0.999991774559021
0.9991254210472107	0.0008746406529098749
0.035374514758586884	0.9646254777908325
0.663609504699707	0.33639049530029297
0.21104565262794495	0.7889543771743774
0.12432452291250229	0.8756754994392395
0.9999648332595825	3.518836820148863e-05
0.7130409479141235	0.28695905208587646
0.7076705694198608	0.29232943058013916
0.012568955309689045	0.9874310493469238
0.9979469180107117	0.002053032163530588
0.12587276101112366	0.8741272687911987
0.006167626474052668	0.9938323497772217
0.9991851449012756	0.0008148110355250537
0.9115597605705261	0.08844025433063507
0.3564799129962921	0.6435200572013855
0.9793989658355713	0.020601000636816025
0.9969966411590576	0.0030034249648451805
0.027859006077051163	0.9721410274505615
0.9928465485572815	0.0071534523740410805
0.9937704205513	0.006229534279555082
0.003397970227524638	0.9966020584106445
0.129311665892601	0.870688259601593
0.9418342709541321	0.05816575512290001
0.7166724801063538	0.28332749009132385
0.7421772480010986	0.25782278180122375
0.09866520762443542	0.901334822177887
0.993684709072113	0.006315264850854874
0.8968010544776917	0.10319894552230835
0.5277911424636841	0.4722089171409607
0.9992351531982422	0.0007648314931429923
0.6753378510475159	0.3246621787548065
0.9994674324989319	0.0005326368263922632
0.18308179080486298	0.8169181942939758
0.15110993385314941	0.8488901257514954
0.9632890224456787	0.03671093285083771
0.8917918801307678	0.10820817202329636
0.3918628990650177	0.6081371307373047
0.11887393891811371	0.8811260461807251
0.9455739259719849	0.05442605912685394
0.25295767188072205	0.7470422983169556
0.6229576468467712	0.37704232335090637
0.266116201877594	0.7338838577270508
0.34433218836784363	0.655667781829834
0.838865339756012	0.1611347198486328
0.0004709096974693239	0.9995291233062744
0.7188184261322021	0.28118154406547546
0.9363251328468323	0.06367486715316772
0.9999566078186035	4.344045737525448e-05
0.7406347393989563	0.2593652904033661
0.4830344319343567	0.5169656276702881
0.4943996071815491	0.5056003928184509
0.937088668346405	0.06291132420301437
0.964827299118042	0.035172753036022186
0.07968252897262573	0.9203174710273743
0.49229153990745544	0.5077085494995117
8.475380309391767e-05	0.9999152421951294
0.8694887161254883	0.1305113434791565
0.9713395833969116	0.02866044081747532
0.9491106271743774	0.05088939145207405
0.9969125986099243	0.0030873941723257303
0.040148138999938965	0.959851861000061
0.9983175992965698	0.0016824251506477594
0.04474082589149475	0.9552591443061829
0.5192316174507141	0.48076847195625305
0.9992642998695374	0.0007356825517490506
0.0022696296218782663	0.9977304339408875
0.006618937477469444	0.9933810234069824
0.21094591915607452	0.7890540957450867
0.22901959717273712	0.7709804177284241
0.006415163166821003	0.9935848116874695
0.9901517033576965	0.009848237968981266
0.0002620158775243908	0.9997379183769226
0.014323364943265915	0.985676646232605
0.732158899307251	0.2678411304950714
0.2096826434135437	0.7903173565864563
0.9998364448547363	0.00016356261039618403
0.9948142766952515	0.005185709334909916
0.9988380074501038	0.001162060652859509
0.026285018771886826	0.9737149477005005
0.6879166960716248	0.31208333373069763
0.0023423254024237394	0.9976576566696167
0.0049657076597213745	0.9950343370437622
0.9874652624130249	0.012534800916910172
3.814708179561421e-06	0.9999961853027344
3.2852788081072504e-06	0.9999966621398926
0.6780030727386475	0.3219969570636749
0.5695116519927979	0.43048834800720215
0.8201067447662354	0.17989318072795868
0.5684517025947571	0.43154826760292053
0.9471408724784851	0.052859097719192505
0.975769579410553	0.024230437353253365
0.9872762560844421	0.012723695486783981
0.999998927116394	1.1132070767416735e-06
0.9884741902351379	0.011525813490152359
0.007268125656992197	0.9927318692207336
0.0007189428433775902	0.999281108379364
0.9916000366210938	0.008399960584938526
0.996751070022583	0.0032489891164004803
0.16761228442192078	0.8323877453804016
0.999994158744812	5.8078376241610385e-06
0.9925139546394348	0.0074860029853880405
1.0308735909347888e-05	0.9999897480010986
0.9842830300331116	0.0157170332968235
0.005104683339595795	0.9948952794075012
0.12638147175312042	0.873618483543396
0.7706047296524048	0.2293953150510788
0.03190768510103226	0.9680923223495483
0.021883541718125343	0.9781163930892944
0.00646015303209424	0.9935398697853088
0.8937115669250488	0.10628847777843475
0.002000595210120082	0.997999370098114
0.00028445202042348683	0.9997155070304871
7.779443694744259e-05	0.9999221563339233
0.9994519352912903	0.0005480431136675179
0.8983644247055054	0.10163553804159164
0.999993085861206	6.869649951113388e-06
0.9999821186065674	1.7837055565905757e-05
0.0007596976938657463	0.9992402791976929
0.9673467874526978	0.03265322372317314
0.006366691552102566	0.9936332702636719
0.9943934679031372	0.005606489256024361
0.999937891960144	6.207594560692087e-05
0.9868670701980591	0.013132940046489239
0.744342565536499	0.25565749406814575
0.9993501305580139	0.0006498241564258933
0.923467218875885	0.07653282582759857
0.012917651794850826	0.9870823621749878
0.009511963464319706	0.9904881119728088
0.989055871963501	0.010944165289402008
0.14965756237506866	0.8503424525260925
0.9999986886978149	1.2556016599774011e-06
0.0037113020662218332	0.9962886571884155
0.10652188211679459	0.8934781551361084
0.9782375693321228	0.021762486547231674
0.9880902767181396	0.01190967857837677
0.07647926360368729	0.9235208034515381
0.8406109809875488	0.15938904881477356
0.9981706142425537	0.0018293930916115642
0.9421891570091248	0.05781080201268196
0.9996882677078247	0.0003117687883786857
0.8201699256896973	0.17982999980449677
0.9989575147628784	0.001042445539496839
0.9999452829360962	5.4675132560078055e-05
0.9976261258125305	0.0023738830350339413
4.897356120636687e-05	0.9999510049819946
0.5587798953056335	0.44122016429901123
0.010092987678945065	0.9899070262908936
0.8860890865325928	0.11391090601682663
0.9361898303031921	0.06381022930145264
0.9940977096557617	0.005902324803173542
0.39659497141838074	0.6034050583839417
0.8892945647239685	0.11070547997951508
0.9141713380813599	0.08582872152328491
0.0938384011387825	0.9061616063117981
0.8637097477912903	0.1362902969121933
0.40673553943634033	0.5932644605636597
0.9900912046432495	0.009908756241202354
0.03451147675514221	0.9654884934425354
0.0009191800490953028	0.9990807771682739
0.0001600292162038386	0.9998399019241333
0.2854097783565521	0.7145902514457703
0.7740050554275513	0.22599494457244873
0.0009272268507629633	0.999072790145874
0.0008004058036021888	0.9991995692253113
0.8714389204978943	0.12856106460094452
0.18507203459739685	0.8149279952049255
0.8231868147850037	0.17681321501731873
0.0007055581663735211	0.9992944002151489
0.9999934434890747	6.554936135216849e-06
0.9123369455337524	0.08766306191682816
0.6094841957092285	0.3905157744884491
0.10727091133594513	0.8927290439605713
0.9860493540763855	0.013950644992291927
0.9763758182525635	0.023624205961823463
0.9999904632568359	9.522533218842e-06
0.9863783121109009	0.013621661812067032
0.13399967551231384	0.8660002946853638
0.007186680566519499	0.9928132891654968
0.06705167889595032	0.9329483509063721
0.0034162658266723156	0.9965837001800537
0.9979506134986877	0.0020494326017796993
0.908493161201477	0.09150681644678116
0.9999967813491821	3.1928498174238484e-06
0.022389378398656845	0.9776106476783752
0.0030208479147404432	0.9969792366027832
0.0028165073599666357	0.9971835017204285
0.23385024070739746	0.7661498188972473
0.00011275844735791907	0.999887228012085
0.9952853322029114	0.004714651498943567
0.07157207280397415	0.9284279346466064
0.7239406108856201	0.27605944871902466
7.924830924821435e-07	0.9999991655349731
0.056826576590538025	0.9431734085083008
0.918972909450531	0.0810270607471466
0.44717156887054443	0.5528283715248108
0.03305456414818764	0.966945469379425
0.31514012813568115	0.6848599314689636
0.6709957718849182	0.3290042281150818
0.004966548644006252	0.9950335025787354
0.9333356618881226	0.06666433066129684
0.9999774694442749	2.2515514501719736e-05
0.00013487799151334912	0.9998650550842285
0.019075406715273857	0.9809245467185974
0.9518051147460938	0.04819481819868088
0.8551504015922546	0.14484965801239014
0.7525483965873718	0.24745158851146698
0.9874229431152344	0.012577058747410774
0.9561528563499451	0.043847113847732544
0.9999593496322632	4.068095950060524e-05
0.6211584210395813	0.3788416087627411
0.999553382396698	0.0004466543614398688
0.014184202067553997	0.9858157634735107
0.9941351413726807	0.0058648125268518925
0.9345092177391052	0.06549078971147537
0.034682657569646835	0.9653173685073853
3.248307984904386e-05	0.9999675750732422
0.007757159415632486	0.9922428727149963
0.029328493401408195	0.9706714749336243
0.0025956069584935904	0.9974043965339661
0.9957914352416992	0.004208515398204327
0.9997535347938538	0.00024650534032844007
0.038060616701841354	0.9619393944740295
0.030083540827035904	0.9699165225028992
6.565262447111309e-05	0.9999343156814575
0.5159486532211304	0.4840514063835144
0.003260984318330884	0.9967389702796936
0.9975842237472534	0.0024157497100532055
0.987581729888916	0.012418274767696857
0.009568125009536743	0.9904318451881409
0.8356940150260925	0.16430597007274628
0.8760920166969299	0.12390803545713425
0.9969133138656616	0.003086715005338192
0.0005410061567090452	0.9994589686393738
0.9793407917022705	0.02065926045179367
0.953001856803894	0.04699821397662163
0.30593621730804443	0.6940637826919556
0.9980745315551758	0.0019254834624007344
2.600266998342704e-05	0.9999740123748779
0.08514992147684097	0.9148500561714172
0.0006958143785595894	0.9993041753768921
0.00043858957360498607	0.9995613694190979
0.0009798891842365265	0.9990200996398926
0.9999970197677612	3.013934474438429e-06
0.016341015696525574	0.9836589097976685
0.9838939309120178	0.016106024384498596
0.08841563016176224	0.9115843772888184
0.06920185685157776	0.9307981729507446
0.03520627319812775	0.9647936820983887
0.0007711477810516953	0.999228835105896
0.7153814435005188	0.2846185266971588
0.9556694030761719	0.04433056712150574
0.00041051695006899536	0.9995895028114319
7.341765012824908e-05	0.9999265670776367
0.0013483288930729032	0.9986516833305359
0.22100365161895752	0.7789963483810425
0.0018686328548938036	0.9981313347816467
0.9895195960998535	0.010480393655598164
0.028864936903119087	0.9711350202560425
0.6537296772003174	0.3462703227996826
0.1812327802181244	0.8187671899795532
0.5479164123535156	0.452083557844162
0.008276891894638538	0.9917231202125549
0.2998615801334381	0.7001384496688843
2.2603138859267347e-05	0.9999773502349854
0.8449723720550537	0.1550275683403015
0.7003472447395325	0.29965272545814514
0.00012944394256919622	0.9998705387115479
0.9999570846557617	4.296423867344856e-05
0.0023161121644079685	0.9976838827133179
0.7663108706474304	0.23368914425373077
0.9162756204605103	0.08372430503368378
0.230452299118042	0.769547700881958
0.4465017318725586	0.5534983277320862
0.0020914527121931314	0.9979085922241211
0.9999979734420776	1.9996741684735753e-06
0.009253033436834812	0.9907469749450684
0.009774280712008476	0.9902257323265076
0.9780639410018921	0.021936029195785522
0.995594322681427	0.004405615851283073
0.009315824136137962	0.9906841516494751
0.1275572031736374	0.8724427819252014
0.876224160194397	0.12377586960792542
0.027269011363387108	0.9727309346199036
0.051108814775943756	0.9488911628723145
0.9999767541885376	2.3285334464162588e-05
0.0013033393770456314	0.9986967444419861
0.9999761581420898	2.384863364568446e-05
0.9910180568695068	0.008981922641396523
0.0436391718685627	0.9563608169555664
0.050351832062006	0.9496482014656067
0.9999889135360718	1.1082465789513662e-05
0.01446100976318121	0.9855389595031738
0.0008138981065712869	0.999186098575592
0.9992044568061829	0.0007956112967804074
0.43767789006233215	0.5623221397399902
0.9998533725738525	0.00014657362771686167
0.8675709962844849	0.1324290782213211
0.0020052590407431126	0.9979947805404663
9.748375305207446e-05	0.9999024868011475
0.890938401222229	0.10906164348125458
0.9987137317657471	0.0012863280717283487
0.6545611023902893	0.3454389274120331
0.5606131553649902	0.43938684463500977
0.08965139836072922	0.9103485345840454
0.9999740123748779	2.6037832867586985e-05
0.9996840953826904	0.0003158919280394912
0.20493875443935394	0.7950612902641296
0.01382987480610609	0.9861701726913452
6.715325434925035e-05	0.9999328851699829
0.00013111953740008175	0.9998688697814941
0.0012930853990837932	0.9987069368362427
0.5172128081321716	0.482787162065506
0.9999164342880249	8.352247823495418e-05
0.010427342727780342	0.9895725846290588
0.16371189057826996	0.8362881541252136
0.9864386320114136	0.013561377301812172
0.6706874370574951	0.32931265234947205
0.15654993057250977	0.8434500694274902
0.079062819480896	0.9209372401237488
0.9965929388999939	0.0034070766996592283
0.9981745481491089	0.0018254171591252089
0.005384253337979317	0.9946157336235046
0.9997454285621643	0.0002545179449953139
0.22211185097694397	0.7778882384300232
0.9881866574287415	0.01181326899677515
0.004199429415166378	0.9958005547523499
0.0004954102914780378	0.999504566192627
0.23208801448345184	0.7679120302200317
0.9328885078430176	0.06711152195930481
0.18309557437896729	0.8169044256210327
0.9992915391921997	0.00070845743175596
0.000318967824568972	0.9996809959411621
0.7080312967300415	0.2919687330722809
0.9202985763549805	0.07970138639211655
0.9445079565048218	0.05549205467104912
0.9999984502792358	1.548226578051981e-06
6.530153041239828e-05	0.9999346733093262
0.04202257841825485	0.9579774141311646
0.011144900694489479	0.9888550639152527
0.9965605139732361	0.003439425490796566
0.9864971041679382	0.013502879999577999
0.7657313942909241	0.23426862061023712
3.6937581171514466e-06	0.9999963045120239
0.24299025535583496	0.757009744644165
0.2517964243888855	0.7482035160064697
0.44512033462524414	0.5548797249794006
0.009443276561796665	0.9905567169189453
0.9999810457229614	1.8938635548693128e-05
0.06895745545625687	0.9310425519943237
0.8300856351852417	0.16991440951824188
0.00014733099669683725	0.9998526573181152
0.7152668833732605	0.2847330868244171
0.05039117857813835	0.9496088624000549
0.9986311793327332	0.0013687516329810023
0.3447824716567993	0.6552174687385559
0.9512249231338501	0.048775047063827515
0.8335710167884827	0.16642898321151733
0.0414358451962471	0.9585641622543335
0.9098045229911804	0.0901954174041748
0.9514344334602356	0.0485655702650547
0.46699726581573486	0.5330027341842651
0.9976162910461426	0.0023837597109377384
0.026561878621578217	0.9734381437301636
0.07376491278409958	0.9262350797653198
0.9897816181182861	0.010218381881713867
0.9993370175361633	0.0006629611598327756
0.08565261214971542	0.9143474102020264
0.8462797999382019	0.15372015535831451
0.583987832069397	0.416012167930603
0.026270464062690735	0.9737295508384705
0.9999552965164185	4.469850318855606e-05
0.013765126466751099	0.9862348437309265
0.931922197341919	0.06807779520750046
0.86519855260849	0.13480144739151
0.9647340774536133	0.03526592254638672
0.8110424280166626	0.18895751237869263
0.03084387816488743	0.9691560864448547
0.5921072363853455	0.40789279341697693
0.26848194003105164	0.731518030166626
0.031594131141901016	0.9684059023857117
0.9999959468841553	4.0626287045597564e-06
0.9603185057640076	0.03968144580721855
0.9378050565719604	0.062194954603910446
0.001854283967986703	0.9981456995010376
0.076076939702034	0.9239230751991272
0.8434574604034424	0.1565425544977188
0.969959020614624	0.030041014775633812
0.8299106955528259	0.1700892448425293
0.27587229013442993	0.7241277098655701
0.9798015356063843	0.020198488608002663
0.9918546676635742	0.008145363070070744
0.9024495482444763	0.09755038470029831
0.9858450889587402	0.014154976233839989
0.13581542670726776	0.8641846179962158
0.9900863766670227	0.009913608431816101
0.9889040589332581	0.011095973663032055
0.7473288774490356	0.25267112255096436
0.06671033054590225	0.933289647102356
0.9917763471603394	0.008223616518080235
0.4776696562767029	0.5223302841186523
0.12011855095624924	0.8798815011978149
0.010255207307636738	0.9897448420524597
0.016527749598026276	0.9834722280502319
0.4981808662414551	0.5018191337585449
0.01248803548514843	0.9875119924545288
0.4261781573295593	0.5738218426704407
0.0004505702236201614	0.9995494484901428
0.9999918937683105	8.054965292103589e-06
0.07434967160224915	0.9256503582000732
0.0010713713709264994	0.9989286065101624
0.6024595499038696	0.39754047989845276
0.9999927282333374	7.28215673007071e-06
0.1802729368209839	0.8197270631790161
0.0013433254789561033	0.9986566305160522
0.4104742109775543	0.5895257592201233
0.006474228110164404	0.9935257434844971
0.9978491067886353	0.002150846878066659
0.7860922813415527	0.21390773355960846
0.12889936566352844	0.8711006045341492
0.9999696016311646	3.035823283425998e-05
0.0006082773325033486	0.9993916749954224
0.42957714200019836	0.570422887802124
1.4220776392903645e-05	0.9999858140945435
0.0012834881199523807	0.9987164735794067
0.9999696016311646	3.0370943932211958e-05
0.003941146191209555	0.9960588216781616
0.9999986886978149	1.2567733165269601e-06
0.9862328767776489	0.013767100870609283
0.523374080657959	0.476625919342041
3.287819345132448e-05	0.999967098236084
0.008739161305129528	0.991260826587677
0.0813567042350769	0.9186432957649231
0.9943085312843323	0.005691476631909609
0.9999860525131226	1.3943131307314616e-05
0.9825044274330139	0.017495593056082726
0.3086405396461487	0.6913594007492065
0.06122395768761635	0.9387760758399963
5.2175932069076225e-05	0.9999477863311768
0.8033504486083984	0.19664956629276276
0.5239702463150024	0.47602975368499756
0.9975442290306091	0.002455737441778183
0.946052610874176	0.05394741892814636
7.602696859976277e-05	0.9999239444732666
0.04940209910273552	0.950597882270813
0.9949983358383179	0.005001705605536699
0.16810853779315948	0.8318914771080017
0.999915361404419	8.460514072794467e-05
0.13038133084774017	0.8696187138557434
2.1390333131421357e-05	0.9999786615371704
0.998830258846283	0.0011697253212332726
0.05551545321941376	0.9444845914840698
5.094338848721236e-05	0.9999490976333618
0.012432476505637169	0.9875675439834595
0.9775328040122986	0.022467203438282013
0.04405779391527176	0.9559422135353088
0.9989306330680847	0.0010693632066249847
0.12771078944206238	0.8722891807556152
0.0016479289624840021	0.99835205078125
0.012676266022026539	0.9873237609863281
1.4262267541198526e-05	0.9999856948852539
0.058625031262636185	0.9413749575614929
0.0005040355608798563	0.9994959831237793
0.6578667759895325	0.34213316440582275
0.000580154184717685	0.9994198083877563
0.9997125267982483	0.00028749776538461447
0.003179662162438035	0.996820330619812
0.0001783399929990992	0.9998217225074768
0.7518544793128967	0.24814555048942566
0.0019451428670436144	0.9980548620223999
0.3531712293624878	0.6468287110328674
0.39795657992362976	0.6020433902740479
0.9096445441246033	0.0903555378317833
0.026885874569416046	0.9731141328811646
0.9834796190261841	0.016520444303750992
0.4362735152244568	0.5637264251708984
0.0032678362913429737	0.996732234954834
0.9987364411354065	0.0012636129977181554
0.0122382128611207	0.9877617359161377
0.009771580807864666	0.9902284145355225
0.42575567960739136	0.5742443203926086
0.0008866872522048652	0.9991132616996765
0.9999929666519165	7.081194780766964e-06
0.009266245178878307	0.9907337427139282
0.010373971424996853	0.9896260499954224
0.5494478940963745	0.4505521357059479
5.022268396714935e-06	0.9999949932098389
0.9580194354057312	0.041980549693107605
0.8180937170982361	0.1819062978029251
0.9622318148612976	0.03776823356747627
0.0031613758765161037	0.9968385696411133
0.003648551646620035	0.9963514804840088
0.9917981624603271	0.008201834745705128
0.7317893505096436	0.26821064949035645
0.9997053742408752	0.0002945428714156151
0.9069892764091492	0.09301064163446426
0.8373103737831116	0.162689670920372
1.9563480236683972e-05	0.9999804496765137
0.9998791217803955	0.00012087949289707467
0.9974712133407593	0.002528839511796832
0.06512190401554108	0.9348781108856201
0.9870943427085876	0.012905704788863659
0.8560947775840759	0.14390528202056885
0.01081166509538889	0.9891883730888367
0.25538378953933716	0.7446162104606628
0.000198398221982643	0.9998015761375427
0.99498051404953	0.0050194947980344296
0.0008671675459481776	0.9991328120231628
0.0017576930113136768	0.9982422590255737
0.5875769257545471	0.4124230444431305
0.4642113149166107	0.5357886552810669
0.00042843323899433017	0.9995716214179993
0.006617398466914892	0.9933825731277466
0.176485076546669	0.8235149383544922
0.7382784485816956	0.2617214620113373
0.7177971601486206	0.2822028398513794
0.8539958000183105	0.14600419998168945
0.0044544655829668045	0.995545506477356
0.7059528231620789	0.29404720664024353
0.012386222369968891	0.9876137971878052
0.05540585517883301	0.944594144821167
0.5253382325172424	0.47466182708740234
0.7087300419807434	0.291269987821579
0.041920024901628494	0.9580799341201782
0.9998279809951782	0.0001720300642773509
0.9994257688522339	0.0005743032088503242
0.0048663802444934845	0.9951335787773132
0.9988204836845398	0.0011794649763032794
0.9887387752532959	0.011261284351348877
0.6479366421699524	0.35206326842308044
0.9798159599304199	0.02018403261899948
6.491255044238642e-05	0.9999350309371948
0.9997139573097229	0.0002860563399735838
0.9777742624282837	0.022225679829716682
0.8988945484161377	0.10110543668270111
0.9951130747795105	0.004886917304247618
0.9977442026138306	0.002255824627354741
0.007647524122148752	0.9923525452613831
0.03341956436634064	0.9665805101394653
0.02356312796473503	0.9764368534088135
0.0002263758797198534	0.9997736811637878
0.998845100402832	0.0011548387119546533
0.006545730400830507	0.9934543371200562
0.9999550580978394	4.490631545195356e-05
0.7651873230934143	0.2348126769065857
0.031306300312280655	0.9686936736106873
0.9991043210029602	0.0008956945966929197
0.25139281153678894	0.7486072182655334
0.12754599750041962	0.872454047203064
0.999971866607666	2.8170496079837903e-05
0.6739095449447632	0.3260905146598816
0.9877756834030151	0.012224266305565834
0.960213303565979	0.03978671506047249
0.8063023090362549	0.1936977356672287
0.7306652069091797	0.26933473348617554
0.37839818000793457	0.6216017603874207
0.5373716354370117	0.4626283049583435
0.9464255571365356	0.05357445776462555
0.9999104738235474	8.952604548539966e-05
0.9722775220870972	0.027722468599677086
0.7837538123130798	0.21624618768692017
0.0006294142222031951	0.9993706345558167
0.963514506816864	0.03648541495203972
0.9931889772415161	0.00681099109351635
0.552065908908844	0.4479341208934784
0.002623903099447489	0.9973760843276978
0.9864494204521179	0.0135505311191082
0.9992502331733704	0.0007497514015994966
0.6686937808990479	0.3313063085079193
0.9999971389770508	2.9196573905210244e-06
0.9989616870880127	0.0010382708860561252
0.9731264710426331	0.026873506605625153
0.9789319634437561	0.021068042144179344
0.003950855694711208	0.9960491061210632
0.0004605147987604141	0.9995394945144653
0.002154993824660778	0.9978450536727905
0.9845542311668396	0.015445784665644169
0.04078754410147667	0.9592124223709106
0.010473824106156826	0.9895261526107788
0.6365376114845276	0.36346235871315
0.9272926449775696	0.07270734012126923
0.019909141585230827	0.9800907969474792
0.9852821230888367	0.014717956073582172
0.004349802155047655	0.9956502318382263
0.009680108167231083	0.9903199076652527
0.998058021068573	0.001941918395459652
0.9620455503463745	0.03795444965362549
0.0014119037659838796	0.9985880255699158
0.002086872700601816	0.9979130625724792
0.999998927116394	1.0652456694515422e-06
0.002279434585943818	0.9977205395698547
0.34167513251304626	0.6583248972892761
0.9970263838768005	0.0029736312571913004
0.9998189806938171	0.0001810783433029428
0.006513350177556276	0.9934866428375244
2.757383526841295e-06	0.9999972581863403
0.03776557371020317	0.9622344374656677
0.9899051785469055	0.010094812139868736
0.22869211435317993	0.7713078856468201
0.8367676138877869	0.16323234140872955
0.9936285614967346	0.006371399387717247
0.8577542901039124	0.14224569499492645
0.9976254105567932	0.0023746511433273554
0.9868393540382385	0.013160724192857742
0.02150343917310238	0.9784965515136719
0.2689918875694275	0.7310081720352173
0.0132168373093009	0.9867831468582153
0.18814216554164886	0.8118578195571899
0.020537780597805977	0.979462206363678
0.9550793170928955	0.04492064565420151
0.1538720279932022	0.8461279273033142
0.999992847442627	7.155364528443897e-06
0.00024692685110494494	0.9997530579566956
0.13643673062324524	0.8635632991790771
0.004357697907835245	0.9956423044204712
0.9999762773513794	2.3683342078584246e-05
0.149679034948349	0.8503209352493286
0.9998599290847778	0.00014005840057507157
0.6899254322052002	0.3100745975971222
0.13924936950206757	0.8607506155967712
0.42709752917289734	0.5729024410247803
0.5500779151916504	0.4499221444129944
0.7913116812705994	0.2086883783340454
0.8901644349098206	0.10983557254076004
0.9281892776489258	0.0718107670545578
0.9465288519859314	0.05347117781639099
0.02854638546705246	0.9714536070823669
0.9924634695053101	0.007536494173109531
0.002187164733186364	0.9978128671646118
0.0024603726342320442	0.9975396394729614
0.991118848323822	0.008881162852048874
0.7863582372665405	0.2136417180299759
0.9984980821609497	0.001501960796304047
0.23359964787960052	0.7664003968238831
0.2229802906513214	0.7770196795463562
0.6108825206756592	0.3891175091266632
2.2492013158625923e-05	0.9999774694442749
0.9978741407394409	0.002125817583873868
0.9696546196937561	0.03034537471830845
0.0002901793923228979	0.9997097849845886
0.9778305888175964	0.0221694428473711
0.0018074475228786469	0.9981926083564758
0.001208383939228952	0.9987916350364685
0.9919890761375427	0.008010909892618656
0.6439945101737976	0.35600546002388
0.12872684001922607	0.8712732195854187
0.08030486851930618	0.9196950793266296
0.006571678910404444	0.9934282898902893
0.012106440030038357	0.9878935217857361
9.491116514936948e-08	0.9999998807907104
0.8496364951133728	0.15036354959011078
0.9513477683067322	0.04865226894617081
0.08889781683683395	0.9111021757125854
0.9962224960327148	0.003777469275519252
0.7730616331100464	0.22693835198879242
0.9978675842285156	0.00213233451358974
0.2837010324001312	0.7162989377975464
0.25225552916526794	0.7477445006370544
0.05839443579316139	0.9416056275367737
0.9381117820739746	0.061888210475444794
0.9803933501243591	0.019606733694672585
0.13627475500106812	0.8637253046035767
0.983467161655426	0.016532795503735542
0.9958881735801697	0.004111809190362692
0.9663150310516357	0.03368493914604187
0.99919193983078	0.0008080863626673818
0.9023769497871399	0.09762300550937653
0.9999661445617676	3.3823816920630634e-05
0.9983491897583008	0.0016507760155946016
0.9476763010025024	0.05232365429401398
0.33296358585357666	0.6670364141464233
0.9492762684822083	0.050723738968372345
0.7268403172492981	0.2731596827507019
0.003081841394305229	0.9969182014465332
6.546232907567173e-05	0.9999345541000366
0.6468728184700012	0.3531271815299988
0.869077742099762	0.13092221319675446
0.9993377327919006	0.0006622055661864579
0.02981029450893402	0.9701897501945496
0.4113498628139496	0.588650107383728
0.00010305532487109303	0.9998968839645386
0.035898976027965546	0.9641010165214539
0.011753203347325325	0.988246738910675
3.7878773582633585e-05	0.9999620914459229
0.015568395145237446	0.9844315648078918
0.008015102706849575	0.9919849038124084
0.7552811503410339	0.24471883475780487
0.00037360252463258803	0.9996263980865479
0.9998452663421631	0.00015469860227312893
0.9952055215835571	0.0047944593243300915
0.2882782220840454	0.7117217183113098
0.9985535740852356	0.0014463952975347638
0.9306393265724182	0.06936071068048477
0.1312360316514969	0.8687639832496643
0.01268076617270708	0.9873192310333252
0.5225763916969299	0.47742360830307007
0.9858048558235168	0.014195074327290058
0.9730218052864075	0.026978125795722008
0.9999673366546631	3.265552004450001e-05
0.00014635450497735292	0.9998536109924316
0.9065914154052734	0.09340855479240417
0.00021845169248990715	0.9997815489768982
0.008058849722146988	0.9919410943984985
0.994445264339447	0.005554766859859228
0.5968183875083923	0.40318164229393005
0.9629551768302917	0.03704477846622467
0.019709361717104912	0.9802906513214111
0.03998615965247154	0.9600138664245605
0.9999992847442627	6.991245413701108e-07
0.24720346927642822	0.7527965903282166
0.7742996215820312	0.22570040822029114
0.0037477449513971806	0.9962522387504578
0.13722510635852814	0.8627748489379883
0.9810771346092224	0.01892283745110035
5.553294499804906e-07	0.9999994039535522
0.002090519294142723	0.9979094862937927
0.0024014580994844437	0.9975985884666443
0.02890496328473091	0.9710950255393982
6.474650581367314e-05	0.9999352693557739
0.1799149066209793	0.8200851082801819
0.9999533891677856	4.656174132833257e-05
0.02380175143480301	0.9761981964111328
0.1759965568780899	0.8240034580230713
0.979057788848877	0.020942267030477524
0.00015301426174119115	0.9998469352722168
0.9994350075721741	0.0005649444065056741
0.0007037942996248603	0.9992961883544922
0.9999619722366333	3.800526974373497e-05
0.9999887943267822	1.1242310392844956e-05
0.21630939841270447	0.7836906313896179
0.4398118853569031	0.5601881742477417
0.9779430627822876	0.02205691486597061
0.9983086585998535	0.0016912989085540175
0.966253936290741	0.03374600410461426
0.9990554451942444	0.0009445709874853492
0.9390003085136414	0.06099964678287506
0.3632012605667114	0.6367987394332886
0.9991249442100525	0.0008750894921831787
0.07545573264360428	0.9245442152023315
0.9775059223175049	0.02249402366578579
0.1307033747434616	0.8692966103553772
0.9960169196128845	0.003983049187809229
0.004868840333074331	0.9951311349868774
0.7571110129356384	0.24288907647132874
0.040869101881980896	0.9591309428215027
0.9941785335540771	0.005821432918310165
0.9970979690551758	0.0029019927605986595
0.0005216124118305743	0.9994783997535706
0.009213400073349476	0.990786612033844
0.8613004088401794	0.1386995166540146
0.15442854166030884	0.8455713987350464
4.257016826159088e-06	0.9999957084655762
7.829634705558419e-05	0.9999216794967651
0.526075541973114	0.4739244878292084
0.9933504462242126	0.006649595685303211
0.9997610449790955	0.0002389320870861411
0.0010164879495278	0.9989834427833557
0.9897772669792175	0.010222713463008404
0.0007311353110708296	0.9992688298225403
0.7936908006668091	0.20630919933319092
0.0017181884031742811	0.9982818365097046
0.5155882239341736	0.48441174626350403
0.961013913154602	0.038986027240753174
0.0027176954317837954	0.9972822666168213
0.9880304932594299	0.01196957752108574
0.6834296584129333	0.3165702819824219
0.005826656706631184	0.9941733479499817
0.9504727125167847	0.049527257680892944
1.9451024854788557e-05	0.9999805688858032
0.07992168515920639	0.9200783371925354
0.9786356091499329	0.021364375948905945
0.0008737242897041142	0.9991262555122375
0.9298926591873169	0.0701073706150055
0.007713225670158863	0.9922868013381958
0.34070339798927307	0.6592966318130493
0.9998618364334106	0.00013819280138704926
0.9971849322319031	0.0028150584548711777
1.1596500371524598e-05	0.9999884366989136
0.007674675900489092	0.9923253059387207
0.9998397827148438	0.0001602034317329526
0.995835542678833	0.0041644698940217495
0.9999834299087524	1.6605687051196583e-05
0.7550231218338013	0.2449769228696823
0.9109058976173401	0.08909415453672409
0.8504506349563599	0.14954930543899536
0.026035383343696594	0.9739645719528198
0.999738872051239	0.000261145003605634
0.0012191787827759981	0.9987807869911194
0.3525882065296173	0.6474118232727051
0.02248099446296692	0.9775190353393555
0.943061113357544	0.05693891644477844
0.9801958203315735	0.0198042094707489
0.00817355141043663	0.9918264150619507
0.9993756413459778	0.0006244206451810896
0.9997960925102234	0.00020395350293256342
0.024158380925655365	0.9758416414260864
0.13249734044075012	0.8675026297569275
0.23272718489170074	0.7672727704048157
0.06205584108829498	0.9379441738128662
0.945580005645752	0.054419972002506256
0.9946770668029785	0.005322931334376335
0.9998503923416138	0.00014952951460145414
3.317456503282301e-05	0.9999668598175049
0.9799714088439941	0.02002856507897377
0.04415333643555641	0.9558466672897339
0.037426866590976715	0.9625731110572815
0.013360233046114445	0.9866397976875305
0.7795547842979431	0.22044529020786285
0.0010167296277359128	0.9989832043647766
0.9991661310195923	0.0008338696788996458
0.0994262620806694	0.9005736708641052
0.999576985836029	0.0004230487684253603
9.376511297887191e-05	0.9999061822891235
0.2762922942638397	0.7237077355384827
0.1227676197886467	0.8772323727607727
0.8411428332328796	0.15885722637176514
0.9971925616264343	0.0028074700385332108
0.11471053212881088	0.8852894306182861
0.001128721283748746	0.9988712668418884
0.011670873500406742	0.9883291721343994
0.01458127610385418	0.9854186773300171
0.00501400139182806	0.9949860572814941
0.6923069953918457	0.3076929450035095
0.9330424666404724	0.06695752590894699
0.6491530537605286	0.3508469760417938
0.0008419913938269019	0.9991580247879028
0.5031903982162476	0.49680963158607483
0.006855101324617863	0.9931448698043823
0.008912735618650913	0.9910872578620911
0.9963980913162231	0.0036019254475831985
0.00031410777592100203	0.9996858835220337
0.994536280632019	0.00546368770301342
0.448443740606308	0.5515563488006592
0.999962568283081	3.744884816114791e-05
0.9915692210197449	0.008430853486061096
3.7159268686082214e-05	0.9999628067016602
0.9991146922111511	0.0008852513274177909
0.9995403289794922	0.0004597018996719271
0.9958823919296265	0.004117665812373161
0.5615671277046204	0.43843281269073486
0.8298612236976624	0.17013883590698242
0.989716112613678	0.01028390321880579
0.041144032031297684	0.9588559865951538
0.8288737535476685	0.17112624645233154
0.9865021705627441	0.01349778100848198
0.654314398765564	0.3456856310367584
0.15069560706615448	0.8493043780326843
0.03116346150636673	0.9688364863395691
0.9907917976379395	0.009208261966705322
0.07020959258079529	0.9297903776168823
0.47083011269569397	0.5291699171066284
0.10882812738418579	0.8911718726158142
0.0001440676860511303	0.9998558759689331
0.9995705485343933	0.0004293919773772359
0.08284194022417068	0.9171580076217651
0.7433134913444519	0.2566864788532257
5.687807424692437e-05	0.9999431371688843
0.0006847202312201262	0.9993152618408203
0.4928886890411377	0.5071113109588623
0.9985170960426331	0.0014828720595687628
0.24374376237392426	0.7562562227249146
0.10783687978982925	0.892163097858429
0.7013377547264099	0.2986622452735901
0.0004095645563211292	0.9995904564857483
0.9996905326843262	0.00030951944063417614
2.1896950784139335e-05	0.9999780654907227
0.9858103394508362	0.01418963074684143
0.0005923397256992757	0.9994076490402222
0.7276535630226135	0.2723464369773865
0.9892850518226624	0.010714971460402012
0.03632771968841553	0.9636722803115845
0.047312989830970764	0.9526869654655457
0.35585808753967285	0.6441419720649719
0.039813630282878876	0.9601864218711853
0.8591906428337097	0.14080940186977386
0.9999775886535645	2.241582660644781e-05
0.9897251129150391	0.010274865664541721
0.00018368034216109663	0.999816358089447
0.19819827377796173	0.8018017411231995
0.9944783449172974	0.005521584767848253
0.823499321937561	0.17650064826011658
0.019685108214616776	0.9803148508071899
0.0345090813934803	0.9654909372329712
0.3721959590911865	0.6278040409088135
6.390283670043573e-05	0.9999361038208008
0.9989646673202515	0.001035371795296669
2.1327961803763174e-05	0.9999786615371704
0.022980045527219772	0.9770199060440063
0.33074501156806946	0.6692549586296082
3.5021034818782937e-06	0.999996542930603
1.975459417735692e-05	0.9999802112579346
0.9999957084655762	4.3196655497013126e-06
0.005329403560608625	0.994670569896698
0.9439756274223328	0.056024447083473206
0.002042913343757391	0.9979571104049683
2.6461961169843562e-05	0.9999735355377197
0.978742241859436	0.021257741376757622
0.046611983329057693	0.9533880949020386
0.3002285659313202	0.6997714042663574
0.0014259008457884192	0.9985741376876831
0.9989211559295654	0.001078911474905908
0.728478729724884	0.27152130007743835
0.560645341873169	0.43935468792915344
0.9505164623260498	0.04948355257511139
0.9782077670097351	0.021792279556393623
0.5575351715087891	0.4424649178981781
0.006641025189310312	0.9933590292930603
0.9996910095214844	0.0003090043319389224
0.9981744289398193	0.0018256285693496466
0.0200223196297884	0.9799776673316956
0.12173479050397873	0.8782652020454407
0.3180302083492279	0.6819698214530945
0.8437373638153076	0.15626265108585358
0.012467858381569386	0.9875321984291077
0.0001923087111208588	0.9998076558113098
0.04997109994292259	0.9500288963317871
0.732026994228363	0.2679729759693146
0.9503095149993896	0.04969048872590065
0.17394573986530304	0.8260542154312134
0.9994007349014282	0.0005992262158542871
0.19186751544475555	0.808132529258728
0.9222591519355774	0.07774084806442261
0.070620596408844	0.929379403591156
0.9993977546691895	0.0006022315355949104
0.006592818535864353	0.993407130241394
0.9383922219276428	0.061607807874679565
0.02643517404794693	0.9735648036003113
0.8663079738616943	0.13369201123714447
1.023684671963565e-05	0.9999897480010986
0.001988557865843177	0.9980114698410034
0.9994844198226929	0.0005155210965313017
0.8157980442047119	0.1842019259929657
0.9647689461708069	0.0352310836315155
5.112226972414646e-06	0.9999948740005493
0.004095264710485935	0.9959047436714172
0.005647994577884674	0.9943519830703735
0.9938714504241943	0.006128525827080011
0.012468932196497917	0.9875310063362122
0.5007213354110718	0.4992786645889282
0.0092112235724926	0.9907887578010559
0.887018084526062	0.11298195272684097
0.516667366027832	0.4833326041698456
0.0021339852828532457	0.9978660941123962
0.0014763646759092808	0.9985236525535583
0.0005206730565987527	0.999479353427887
0.9444082379341125	0.05559175834059715
0.0011675935238599777	0.9988324046134949
0.0010387167567387223	0.998961329460144
0.007095534820109606	0.9929044842720032
0.5304998159408569	0.46950021386146545
0.5264155864715576	0.47358438372612
0.07014856487512589	0.9298514127731323
0.03620627522468567	0.9637936949729919
0.6452935338020325	0.3547065258026123
8.878478547558188e-05	0.9999111890792847
0.9916875958442688	0.008312429301440716
0.9843936562538147	0.015606378205120564
0.9994661211967468	0.0005339396302588284
0.9999731779098511	2.6854837415157817e-05
1.5291622048607678e-06	0.9999984502792358
0.9998154044151306	0.00018463609740138054
0.9774979948997498	0.022502068430185318
0.996816098690033	0.0031839285511523485
0.2601964771747589	0.7398035526275635
0.0017906713765114546	0.9982093572616577
0.9673129916191101	0.03268701583147049
0.13241472840309143	0.8675852417945862
0.33312588930130005	0.6668741106987
0.4017956852912903	0.5982043147087097
0.8696146607398987	0.13038532435894012
0.9999961853027344	3.83186716135242e-06
0.9048957228660583	0.09510421007871628
0.6119073033332825	0.3880927264690399
0.00015256729966495186	0.999847412109375
0.00213116523809731	0.9978687763214111
0.02174694463610649	0.9782530665397644
0.9745779037475586	0.025422073900699615
0.9994064569473267	0.0005935661611147225
0.00010308226046618074	0.9998968839645386
0.9142204523086548	0.08577955514192581
0.9999524354934692	4.75855304102879e-05
0.9997465014457703	0.00025349424686282873
0.5914143323898315	0.4085856080055237
0.9997952580451965	0.00020472345931921154
5.2993647841503844e-05	0.9999469518661499
0.23757778108119965	0.7624222040176392
0.9188759922981262	0.08112399280071259
0.7849560379981995	0.21504390239715576
0.03390083461999893	0.9660991430282593
0.00294295116327703	0.9970570802688599
0.9999699592590332	3.0015891752555035e-05
1.5838848412386142e-05	0.9999841451644897
0.9997771382331848	0.00022289296612143517
0.993819534778595	0.006180530413985252
0.9998548030853271	0.0001451930293114856
0.9811010360717773	0.018899019807577133
0.9459510445594788	0.05404896289110184
0.4802624583244324	0.5197375416755676
1.2991135918127839e-05	0.999987006187439
0.5380860567092896	0.46191397309303284
0.009971397928893566	0.9900285601615906
0.9016057252883911	0.09839426726102829
0.07246197760105133	0.9275380969047546
0.16986633837223053	0.8301336765289307
0.621893048286438	0.378106951713562
4.916945181321353e-05	0.9999508857727051
0.9999783039093018	2.1685193132725544e-05
0.4517176151275635	0.5482823848724365
3.883362660417333e-05	0.9999611377716064
0.9989644289016724	0.001035627443343401
0.9989846348762512	0.001015310175716877
0.9778133630752563	0.02218659035861492
0.5701956748962402	0.42980438470840454
0.01328830886632204	0.9867116212844849
0.9802672863006592	0.019732682034373283
7.2965185609064065e-06	0.9999927282333374
0.004840785637497902	0.9951592087745667
0.9497500061988831	0.05025002360343933
5.0321970775257796e-05	0.9999496936798096
0.10668361932039261	0.893316388130188
0.9999339580535889	6.6021726524923e-05
0.9957523345947266	0.0042476109229028225
7.296328112715855e-05	0.9999270439147949
0.7079652547836304	0.292034775018692
0.9998960494995117	0.00010389462113380432
0.017601488158106804	0.9823985695838928
0.9331502318382263	0.06684982776641846
0.3264903128147125	0.6735096573829651
0.9931411147117615	0.006858894135802984
0.027282917872071266	0.9727171063423157
0.9483932256698608	0.051606856286525726
0.03882302716374397	0.9611769914627075
0.8985822796821594	0.10141771286725998
0.9877682328224182	0.012231730856001377
0.013091301545500755	0.9869086146354675
0.9960445165634155	0.003955550491809845
0.9971633553504944	0.0028366362676024437
0.00015319662634283304	0.9998468160629272
0.9658651351928711	0.03413490206003189
0.9996881484985352	0.00031188290449790657
0.6984878778457642	0.3015121817588806
0.00618345383554697	0.9938165545463562
0.9960921406745911	0.0039078849367797375
0.9999845027923584	1.546564635646064e-05
0.9999266862869263	7.332759560085833e-05
0.008961143903434277	0.9910388588905334
0.9950252175331116	0.004974739160388708
0.03607958182692528	0.9639204144477844
0.006160111166536808	0.9938399195671082
0.00047696876572445035	0.9995230436325073
0.8211404085159302	0.17885960638523102
0.555670440196991	0.44432953000068665
0.003756496822461486	0.9962434768676758
0.9441617727279663	0.05583830177783966
0.03204909339547157	0.9679508805274963
1.8289840681973146e-06	0.9999982118606567
0.010126878507435322	0.9898730516433716
0.9653916954994202	0.034608323127031326
0.49396875500679016	0.5060312151908875
0.842547595500946	0.15745240449905396
0.0022500234190374613	0.9977499842643738
0.002024796325713396	0.9979751706123352
0.9905878305435181	0.009412162937223911
0.2794421315193176	0.7205578684806824
0.32763609290122986	0.6723639369010925
0.7950116395950317	0.20498839020729065
0.6165585517883301	0.38344141840934753
0.9999165534973145	8.343053195858374e-05
0.9983059167861938	0.0016940160421654582
0.9989511966705322	0.0010487359249964356
0.9258049726486206	0.07419505715370178
0.014846322126686573	0.9851536750793457
0.9811572432518005	0.018842780962586403
0.10592464357614517	0.894075334072113
0.002821818459779024	0.9971781969070435
0.8264711499214172	0.17352886497974396
0.00033056625397875905	0.9996694326400757
0.9969179630279541	0.003082087729126215
0.9133090972900391	0.08669088780879974
0.00015244731912389398	0.9998475313186646
0.4464488625526428	0.5535511374473572
0.012970289215445518	0.9870297312736511
0.05864184722304344	0.9413581490516663
0.9134280681610107	0.08657194674015045
0.9981008172035217	0.0018992101540789008
0.0015365011058747768	0.99846351146698
0.026338759809732437	0.9736613035202026
0.877507746219635	0.12249230593442917
0.10279017686843872	0.897209882736206
0.9897052645683289	0.010294775478541851
0.15518005192279816	0.8448199033737183
0.9926073551177979	0.007392677944153547
1.9797009372268803e-05	0.9999802112579346
0.9982648491859436	0.001735145109705627
0.002271637786179781	0.9977284073829651
0.007566738873720169	0.9924333095550537
0.995418906211853	0.004581070970743895
0.13687662780284882	0.86312335729599
0.9999659061431885	3.415150422370061e-05
0.9901747703552246	0.009825215674936771
0.04464196413755417	0.9553580284118652
0.9844893217086792	0.01551065780222416
0.00790337286889553	0.9920966625213623
0.99935382604599	0.0006462294841185212
0.00039029945037327707	0.9996097683906555
0.8720559477806091	0.12794408202171326
0.7989009022712708	0.20109905302524567
0.2315216213464737	0.7684783935546875
0.9921378493309021	0.007862108759582043
0.9757763743400574	0.02422359213232994
0.19240690767765045	0.807593047618866
0.06042366847395897	0.9395763278007507
0.9291830658912659	0.07081698626279831
0.17459750175476074	0.825402557849884
0.9999505281448364	4.942269151797518e-05
0.9951751232147217	0.004824899602681398
0.9834502339363098	0.0165498498827219
0.17763909697532654	0.8223608732223511
0.999244213104248	0.0007557685021311045
0.9649457335472107	0.03505430743098259
0.9998089671134949	0.00019106313993688673
0.0001314404944423586	0.9998685121536255
0.9998440742492676	0.00015594667638652027
0.6730493307113647	0.32695069909095764
0.9684394598007202	0.031560588628053665
0.9989609718322754	0.0010390016250312328
0.9416245222091675	0.058375462889671326
0.9980523586273193	0.001947619835846126
0.9999243021011353	7.573088078061119e-05
0.09404481202363968	0.9059551954269409
0.9958250522613525	0.004174978006631136
0.018954399973154068	0.9810456037521362
0.01926574856042862	0.9807342290878296
0.00011150264617754146	0.99988853931427
0.007317394018173218	0.9926826357841492
0.0012039743596687913	0.9987959861755371
0.998529314994812	0.0014706972287967801
0.999562680721283	0.00043733525671996176
0.3345580995082855	0.6654418706893921
0.21510669589042664	0.784893274307251
0.7184996604919434	0.28150030970573425
0.5262530446052551	0.47374701499938965
0.9199438095092773	0.08005620539188385
0.003082055365666747	0.9969179630279541
0.881229043006897	0.11877096444368362
0.281049519777298	0.7189505100250244
0.9999558925628662	4.407997403177433e-05
0.051699914038181305	0.9483001232147217
0.9988318085670471	0.0011682314798235893
0.624898374080658	0.37510165572166443
0.013442507945001125	0.9865575432777405
0.9999902248382568	9.757094630913343e-06
0.9936158657073975	0.006384072359651327
0.9951692223548889	0.004830698017030954
0.9998499155044556	0.00015002867439761758
0.9871804118156433	0.012819578871130943
0.998928964138031	0.0010709856869652867
0.0007614151109009981	0.9992386102676392
0.9997598528862	0.0002401342790108174
2.342186689929804e-06	0.999997615814209
0.42530497908592224	0.5746950507164001
4.480083589442074e-05	0.9999551773071289
0.45563629269599915	0.5443637371063232
0.22523415088653564	0.7747657895088196
0.21203716099262238	0.787962794303894
0.00011843733955174685	0.9998815059661865
0.9937599301338196	0.006240001879632473
0.08094240725040436	0.9190576076507568
0.3379629850387573	0.6620370745658875
0.9982959628105164	0.0017040011007338762
0.627646267414093	0.37235376238822937
0.978652834892273	0.02134721167385578
2.0172615222691093e-06	0.9999979734420776
1.4401912267203443e-05	0.9999855756759644
0.9986602067947388	0.0013397352304309607
0.18990741670131683	0.810092568397522
0.6622174978256226	0.33778250217437744
0.00992782786488533	0.9900721311569214
0.899403989315033	0.10059596598148346
0.9887642860412598	0.011235699988901615
0.998178243637085	0.0018217467004433274
0.05997049808502197	0.940029501914978
0.30205634236335754	0.6979436278343201
0.7090030312538147	0.2909969687461853
0.10796435177326202	0.8920356631278992
8.772048204264138e-06	0.9999911785125732
0.9582385420799255	0.04176149517297745
0.9952985644340515	0.004701416939496994
0.9976796507835388	0.0023204078897833824
0.02887369878590107	0.9711262583732605
0.0013803382171317935	0.9986196756362915
0.16955798864364624	0.8304420113563538
0.9987863898277283	0.0012136641889810562
2.2284870283328928e-05	0.999977707862854
0.03225132077932358	0.9677486419677734
0.00017698612646199763	0.9998230338096619
0.3920820951461792	0.6079179048538208
0.7986813187599182	0.20131871104240417
0.9969184398651123	0.0030815305653959513
0.9618563652038574	0.038143694400787354
0.00047372604603879154	0.9995262622833252
0.9901518225669861	0.009848173707723618
0.00403099600225687	0.9959690570831299
0.18818655610084534	0.811813473701477
0.8620167970657349	0.13798315823078156
0.9908316731452942	0.009168353863060474
0.9999295473098755	7.043545338092372e-05
0.6255391836166382	0.37446078658103943
0.008646098896861076	0.9913539290428162
0.15926502645015717	0.8407349586486816
0.9119552969932556	0.08804476261138916
0.9929928779602051	0.007007205858826637
0.4757857322692871	0.5242142677307129
0.15128351747989655	0.8487164974212646
0.01519287284463644	0.9848071336746216
0.7988612651824951	0.20113874971866608
0.9992838501930237	0.0007161303074099123
0.5913695096969604	0.40863046050071716
0.04143298789858818	0.9585670232772827
0.05674959719181061	0.9432504177093506
0.7148456573486328	0.2851543724536896
0.10451877117156982	0.8954811692237854
0.9991975426673889	0.000802459369879216
0.9314823746681213	0.06851764768362045
0.5808703899383545	0.4191296398639679
3.8635967939626426e-05	0.9999613761901855
0.9734271764755249	0.026572836562991142
0.9995847344398499	0.00041531777242198586
0.0009738916414789855	0.9990260601043701
0.017620915547013283	0.982379138469696
0.9985563158988953	0.001443714601919055
0.9391382336616516	0.060861729085445404
0.011354941874742508	0.988645076751709
3.133872814942151e-05	0.9999686479568481
0.99950110912323	0.0004989224253222346
0.982324481010437	0.01767546683549881
0.006833268795162439	0.9931667447090149
0.9847232103347778	0.015276801772415638
0.019905854016542435	0.9800941348075867
0.46814510226249695	0.5318548083305359
0.9990038275718689	0.0009962095646187663
0.9749013781547546	0.02509867399930954
0.03564196825027466	0.9643580317497253
0.004699286073446274	0.9953006505966187
0.9962879419326782	0.0037121030036360025
0.9997372031211853	0.00026278794393874705
0.16023129224777222	0.8397687673568726
0.00018574856221675873	0.9998143315315247
0.9600711464881897	0.03992888703942299
0.960655689239502	0.039344269782304764
0.05215315893292427	0.9478468894958496
0.9999985694885254	1.4084992017160403e-06
0.3400672674179077	0.6599327325820923
0.015846282243728638	0.984153687953949
0.9486040472984314	0.05139600858092308
0.9498838782310486	0.05011608451604843
5.574679744313471e-05	0.9999442100524902
0.9988197684288025	0.001180204446427524
0.9573010802268982	0.04269891232252121
0.22430045902729034	0.7756995558738708
0.0005846622516401112	0.999415397644043
0.9829586148262024	0.0170414038002491
0.02630145289003849	0.9736985564231873
0.0005804141401313245	0.9994195699691772
2.2184244699019473e-06	0.9999977350234985
0.06506157666444778	0.9349384307861328
0.6076803803443909	0.3923197090625763
0.999710738658905	0.00028920386102981865
0.1013571172952652	0.8986429572105408
0.11869581043720245	0.8813042640686035
0.05353761091828346	0.9464623928070068
0.9776431322097778	0.022356873378157616
0.011624383740127087	0.9883756637573242
0.9996827840805054	0.00031726370798423886
0.7799246907234192	0.22007529437541962
8.587883712607436e-06	0.9999914169311523
6.0592381487367675e-05	0.9999394416809082
0.04759984463453293	0.9524001479148865
0.0020480130333453417	0.9979520440101624
0.7074865102767944	0.29251348972320557
0.9999884366989136	1.151598189608194e-05
0.988368570804596	0.01163150928914547
0.9999696016311646	3.044210643565748e-05
0.9967503547668457	0.0032496964558959007
0.6763795614242554	0.3236204981803894
0.029112180694937706	0.9708878397941589
0.006142098922282457	0.9938579201698303
0.484506219625473	0.5154938101768494
1.216678469972976e-06	0.9999988079071045
0.9983684420585632	0.001631628954783082
0.9935117363929749	0.006488312967121601
0.008507424965500832	0.9914925694465637
0.9991061091423035	0.0008938632672652602
0.6895958185195923	0.31040409207344055
0.07561402022838593	0.9243860244750977
0.022642090916633606	0.9773578643798828
0.9924977421760559	0.007502286229282618
0.5390208959579468	0.46097904443740845
0.9999986886978149	1.3495995290213614e-06
0.28041866421699524	0.7195813655853271
0.9235751032829285	0.07642488181591034
9.070694068213925e-05	0.9999092817306519
0.9819106459617615	0.018089398741722107
0.8096317052841187	0.19036827981472015
0.8820403814315796	0.11795956641435623
0.05532464385032654	0.9446753859519958
0.510071337223053	0.4899286925792694
0.9985590577125549	0.0014409386785700917
0.8639670014381409	0.13603298366069794
0.9999843835830688	1.5660938515793532e-05
0.9492610096931458	0.05073900148272514
0.950673520565033	0.04932654649019241
0.09594470262527466	0.9040552973747253
0.9999511241912842	4.892254582955502e-05
0.3280497193336487	0.6719502210617065
0.00016355964180547744	0.9998364448547363
0.0025218429509550333	0.997478187084198
5.561293801292777e-05	0.9999443292617798
0.9128791689872742	0.08712083101272583
0.9697996377944946	0.030200380831956863
0.9956454038619995	0.0043546580709517
0.615765392780304	0.38423460721969604
0.6091673374176025	0.39083266258239746
0.9720197319984436	0.027980320155620575
0.00024159693566616625	0.9997584223747253
0.03201108053326607	0.9679888486862183
5.7446566643193364e-05	0.9999425411224365
0.9900774955749512	0.009922425262629986
0.383466899394989	0.6165331602096558
0.5951098203659058	0.40489017963409424
0.951776385307312	0.04822361841797829
0.5213959217071533	0.4786039888858795
0.9976689219474792	0.002331068040803075
0.9626986980438232	0.037301260977983475
0.726667582988739	0.273332417011261
0.07279658317565918	0.9272034168243408
0.392114520072937	0.607885479927063
0.0007135576452128589	0.9992864727973938
0.047237396240234375	0.9527626037597656
0.9999786615371704	2.131852670572698e-05
0.2075168490409851	0.7924830913543701
0.9605883955955505	0.03941160440444946
0.9938016533851624	0.006198354065418243
0.9688188433647156	0.031181108206510544
0.9871692657470703	0.012830784544348717
0.07098710536956787	0.9290128350257874
0.46118950843811035	0.5388104319572449
0.66746985912323	0.3325301706790924
0.0007105521508492529	0.9992893934249878
0.9999381303787231	6.181902426760644e-05
0.01716950535774231	0.9828305244445801
0.9628700613975525	0.03712991252541542
0.9815951585769653	0.01840483956038952
0.01064140535891056	0.9893585443496704
0.09374012798070908	0.9062598943710327
0.9956563711166382	0.004343670792877674
0.8613268136978149	0.13867317140102386
0.9777194261550903	0.02228059247136116
0.0021053904201835394	0.9978945851325989
0.48171061277389526	0.5182893872261047
0.6377495527267456	0.36225050687789917
3.5268829378765076e-05	0.999964714050293
0.9869126081466675	0.013087409548461437
0.7090349197387695	0.2909650206565857
0.6542606949806213	0.34573930501937866
0.6284834146499634	0.371516615152359