0.08383568376302719	0.9161642789840698
0.5474555492401123	0.4525443911552429
0.31703487038612366	0.6829651594161987
0.9885742664337158	0.011425808072090149
0.052124183624982834	0.9478757977485657
0.23293143510818481	0.7670685648918152
0.9716049432754517	0.028394991531968117
0.589122474193573	0.410877525806427
0.9377986788749695	0.06220133602619171
0.024851560592651367	0.9751484394073486
0.902461588382721	0.09753842651844025
0.9993612170219421	0.0006387489847838879
0.09634415805339813	0.9036558270454407
0.9790971875190735	0.02090284787118435
0.9996932744979858	0.00030677259201183915
0.00346385152079165	0.996536135673523
0.8350439071655273	0.16495612263679504
0.9998168349266052	0.0001831437839427963
0.9971725344657898	0.002827522810548544
0.6029549837112427	0.3970450460910797
0.9984567165374756	0.001543300924822688
0.7179805636405945	0.28201937675476074
0.6344689130783081	0.3655311167240143
0.7342535853385925	0.26574644446372986
0.9379821419715881	0.06201785430312157
0.9951292276382446	0.004870772361755371
0.00362524576485157	0.996374785900116
0.9413315057754517	0.058668509125709534
0.010139199905097485	0.9898607730865479
0.8761253952980042	0.12387456744909286
0.9981524348258972	0.0018475271062925458
0.7588061690330505	0.24119381606578827
0.2924233675003052	0.7075766324996948
0.6552607417106628	0.34473925828933716
0.7979205846786499	0.20207934081554413
0.9586246609687805	0.0413752980530262
0.7763492465019226	0.22365078330039978
0.9724359512329102	0.027564045041799545
0.01808943971991539	0.9819105267524719
0.006261729169636965	0.9937382936477661
0.012299053370952606	0.987700879573822
0.6561952829360962	0.3438047468662262
0.01661907695233822	0.983380913734436
0.793128252029419	0.20687174797058105
0.9997859597206116	0.00021409873443190008
0.7762094140052795	0.22379055619239807
0.7935543060302734	0.20644564926624298
0.5177723169326782	0.48222777247428894
0.488019734621048	0.5119802951812744
0.9867417216300964	0.013258321210741997
0.5472939610481262	0.45270606875419617
0.1568032205104828	0.8431967496871948
0.23988448083400726	0.7601155042648315
0.8448864221572876	0.1551135778427124
0.0766429752111435	0.9233570098876953
0.9997267127037048	0.0002732179418671876
0.9584604501724243	0.04153956472873688
0.9937784075737	0.006221522111445665
0.1425655633211136	0.8574344515800476
0.15205924212932587	0.8479407429695129
0.903788685798645	0.09621123969554901
0.9852767586708069	0.014723245985805988
0.4253528118133545	0.5746471881866455
0.793527364730835	0.20647262036800385
0.8650268316268921	0.13497313857078552
0.5431402325630188	0.4568597674369812
0.051956623792648315	0.9480433464050293
0.05702154338359833	0.9429784417152405
0.9945197701454163	0.0054802545346319675
0.9912900924682617	0.008709881454706192
0.35724011063575745	0.6427599191665649
0.6817260384559631	0.31827399134635925
0.9834342002868652	0.01656578667461872
0.44444119930267334	0.5555588006973267
0.0697832703590393	0.9302167296409607
0.9820855259895325	0.017914459109306335
0.002919647842645645	0.9970802664756775
0.07438743859529495	0.9256125688552856
0.22213910520076752	0.7778608798980713
0.9870440363883972	0.012955994345247746
0.12089244276285172	0.8791075944900513
0.10385646671056747	0.8961435556411743
0.9289576411247253	0.07104241847991943
0.052949901670217514	0.9470500946044922
0.11858366429805756	0.881416380405426
0.9933744072914124	0.006625571753829718
0.6195021271705627	0.38049784302711487
0.7056052088737488	0.2943947911262512
0.2255968600511551	0.7744032144546509
0.32923972606658936	0.6707602143287659
0.01044505275785923	0.9895550012588501
0.37666043639183044	0.6233395934104919
0.005177673418074846	0.9948222637176514
0.9735919833183289	0.02640802599489689
0.04006673023104668	0.9599332213401794
0.007353570777922869	0.9926464557647705
0.12893226742744446	0.8710677623748779
0.054721590131521225	0.9452784657478333
0.015200137160718441	0.984799861907959
0.39344850182533264	0.606551468372345
0.7468879222869873	0.2531120777130127
0.03465541452169418	0.9653446078300476
0.07137284427881241	0.9286271929740906
0.09875249117612839	0.901247501373291
0.9793246388435364	0.02067537233233452
0.7604314088821411	0.2395685762166977
0.01204927172511816	0.9879507422447205
0.5212897658348083	0.4787102937698364
0.9729493856430054	0.027050621807575226
0.6760132908821106	0.323986679315567
0.001021021045744419	0.9989789724349976
0.259568989276886	0.740431010723114
0.15205147862434387	0.8479484915733337
0.0015746692661195993	0.9984253644943237
0.18905024230480194	0.8109498023986816
0.7700260281562805	0.2299739420413971
0.13329479098320007	0.8667051792144775
0.009510951116681099	0.9904890060424805
0.7150774002075195	0.28492262959480286
0.4409545958042145	0.5590453743934631
0.10259971022605896	0.8974002599716187
0.058235641568899155	0.9417643547058105
0.4244861602783203	0.5755138397216797
0.9559365510940552	0.04406343773007393
0.25909900665283203	0.740900993347168
0.9426301717758179	0.05736985802650452
0.052294425666332245	0.9477055668830872
0.6858506798744202	0.31414932012557983
0.657354474067688	0.342645525932312
0.9983251690864563	0.0016748409252613783
0.036141954362392426	0.9638580679893494
0.9821258783340454	0.01787414215505123
0.005321106873452663	0.9946789741516113
0.4402954876422882	0.5597045421600342
0.7595052719116211	0.24049478769302368
0.9957306981086731	0.00426924554631114
0.7945712208747864	0.205428808927536
0.001696719671599567	0.9983032941818237
0.24146927893161774	0.7585307359695435
0.7587073445320129	0.24129271507263184
0.019192365929484367	0.9808076024055481
0.9739824533462524	0.026017531752586365
0.10042551904916763	0.8995743989944458
0.03507353737950325	0.964926540851593
0.03829849511384964	0.961701512336731
0.6607376933097839	0.3392622768878937
0.07558529078960419	0.9244147539138794
0.21411342918872833	0.7858865261077881
0.04915137588977814	0.9508486390113831
0.028335316106677055	0.9716647267341614
0.17254061996936798	0.8274593949317932
0.43569430708885193	0.5643056631088257
0.46475619077682495	0.535243809223175
0.381099671125412	0.6189003586769104
0.4256364107131958	0.5743635892868042
0.911899209022522	0.08810077607631683
0.8721013069152832	0.127898707985878
0.20820707082748413	0.7917929291725159
0.054510749876499176	0.9454892873764038
0.006096602883189917	0.9939033389091492
0.6742700338363647	0.3257300555706024
0.17774544656276703	0.8222545385360718
0.9958283305168152	0.004171658307313919
0.8155128955841064	0.18448710441589355
0.37191370129585266	0.628086268901825
0.9025706648826599	0.09742932766675949
0.0004804252239409834	0.9995195865631104
0.6458002328872681	0.35419970750808716
0.5114142298698425	0.48858579993247986
0.048819903284311295	0.9511801600456238
0.9341481924057007	0.06585180759429932
0.5362967848777771	0.4637032449245453
0.9266303181648254	0.07336973398923874
0.9189939498901367	0.08100602775812149
0.7449899315834045	0.25501012802124023
0.18679426610469818	0.8132057785987854
0.9571003913879395	0.04289958253502846
0.12113331258296967	0.8788666129112244
0.5274844169616699	0.47251561284065247
0.9996458292007446	0.0003541191981639713
0.7645745873451233	0.23542547225952148
0.5419673323631287	0.4580326974391937
0.8352060317993164	0.1647939831018448
0.8832723498344421	0.11672765016555786
0.040401723235845566	0.9595983028411865
0.9117133617401123	0.08828668296337128
0.9275707006454468	0.07242929190397263
0.4713825583457947	0.5286173820495605
0.020063163712620735	0.9799368381500244
0.9840174317359924	0.01598251610994339
0.6633871793746948	0.3366127610206604
0.10129950940608978	0.898700475692749
0.11407501995563507	0.8859250545501709
0.8703281283378601	0.1296718567609787
0.7474709749221802	0.2525290846824646
0.7289591431617737	0.2710409164428711
0.9997794032096863	0.00022060592891648412
0.6616179943084717	0.3383820354938507
0.9668283462524414	0.033171650022268295
0.028838129714131355	0.9711619019508362
0.808565080165863	0.19143489003181458
0.7304911017417908	0.26950883865356445
0.02591404877603054	0.9740859270095825
0.5641394257545471	0.4358605444431305
0.08612961322069168	0.9138703942298889
0.9800947904586792	0.019905202090740204
0.6938298344612122	0.30617016553878784
0.8980258703231812	0.10197413712739944
0.9424095749855042	0.05759039148688316
0.050354134291410446	0.9496458172798157
0.9603825211524963	0.039617445319890976
0.06223875656723976	0.9377612471580505
0.9156927466392517	0.0843072161078453
0.30984875559806824	0.6901512742042542
0.9999955892562866	4.4451085159380455e-06
0.9805799126625061	0.019420120865106583
0.9718981981277466	0.02810180000960827
0.47921788692474365	0.5207821726799011
0.08876822888851166	0.9112317562103271
0.017553439363837242	0.982446551322937
0.905548095703125	0.09445194900035858
0.014679701998829842	0.9853202700614929
0.11174493283033371	0.8882550597190857
0.6104552149772644	0.389544814825058
0.4469216465950012	0.553078293800354
0.8951005935668945	0.10489940643310547
0.0019829950761049986	0.9980169534683228
0.08528630435466766	0.9147136807441711
0.10576283931732178	0.8942371606826782
0.22636224329471588	0.7736377120018005
0.07234419137239456	0.927655816078186
0.902729332447052	0.09727064520120621
0.10892657935619354	0.8910734057426453
0.8383575081825256	0.16164244711399078
0.263614296913147	0.7363856434822083
0.7323322296142578	0.2676677405834198
2.2982889277045615e-05	0.9999769926071167
0.7020933628082275	0.29790663719177246
0.09970095008611679	0.9002990126609802
0.01649499498307705	0.9835049510002136
0.02497141994535923	0.9750286340713501
0.9214522242546082	0.07854776829481125
0.19459913671016693	0.8054009079933167
0.0024373261258006096	0.9975626468658447
0.4959740936756134	0.504025936126709
0.026904311031103134	0.9730956554412842
0.8993328213691711	0.10066720098257065
0.11881526559591293	0.8811846971511841
0.13333918154239655	0.8666608333587646
0.7795231342315674	0.220476895570755
0.33994999527931213	0.6600499749183655
0.04863710701465607	0.9513629078865051
0.24569545686244965	0.7543045282363892
0.03566281124949455	0.964337170124054
0.8668584823608398	0.1331414431333542
0.0011281836777925491	0.9988717436790466
0.24969899654388428	0.7503010034561157
0.23684151470661163	0.7631584405899048
0.974027693271637	0.02597224898636341
0.9275562167167664	0.07244373857975006
0.6357421278953552	0.3642578423023224
0.2399280071258545	0.7600720524787903
0.0036809388548135757	0.996319055557251
0.9987602233886719	0.0012398225953802466
0.993012011051178	0.006988007575273514
0.4598141014575958	0.5401859283447266
0.547260582447052	0.452739417552948
0.7014805674552917	0.29851940274238586
0.0034664743579924107	0.9965335130691528
0.09143809229135513	0.9085618257522583
0.15379568934440613	0.8462043404579163
0.5358394980430603	0.4641604721546173
0.6448782086372375	0.35512176156044006
0.9184100031852722	0.08158997446298599
0.4148554503917694	0.5851445198059082
0.4241301715373993	0.5758697986602783
0.5328239798545837	0.46717602014541626
0.20891380310058594	0.7910862565040588
0.002109553199261427	0.9978904128074646
0.05757924169301987	0.9424207806587219
0.9101836085319519	0.08981643617153168
0.9766709208488464	0.023329084739089012
0.48970168828964233	0.5102983713150024
0.25636404752731323	0.7436359524726868
0.7469320893287659	0.2530679702758789
0.9851738810539246	0.014826110564172268
0.04051947221159935	0.9594805836677551
0.9996955394744873	0.00030451689963229
0.9992173910140991	0.0007826235960237682
0.009342116303741932	0.9906579256057739
0.017157409340143204	0.9828426241874695
0.9999682903289795	3.173205550410785e-05
0.9019405245780945	0.09805940836668015
0.9816562533378601	0.018343696370720863
0.5693843960762024	0.4306155741214752
0.6597846150398254	0.3402153551578522
0.9719361662864685	0.028063856065273285
0.9978396892547607	0.0021602322813123465
0.0023886975832283497	0.9976112842559814
0.346272736787796	0.6537272930145264
0.9436078667640686	0.056392110884189606
0.8917122483253479	0.10828782618045807
0.03582336753606796	0.9641766548156738
0.16411344707012177	0.835886538028717
0.5113507509231567	0.4886492192745209
0.2001122087240219	0.7998877763748169
0.9967329502105713	0.003267123596742749
0.770852267742157	0.22914768755435944
0.9818929433822632	0.01810704544186592
0.9908550977706909	0.009144957177340984
0.35152140259742737	0.6484785676002502
0.6548869609832764	0.345113068819046
0.13880150020122528	0.8611984848976135
0.4123254716396332	0.5876745581626892
0.7645466923713684	0.2354532927274704
0.9413875937461853	0.05861242860555649
0.3038400113582611	0.6961599588394165
0.7676416039466858	0.2323584258556366
0.3927004933357239	0.6072994470596313
0.01975066587328911	0.980249285697937
0.13442188501358032	0.8655780553817749
0.8943827152252197	0.1056172326207161
0.012008724734187126	0.9879912734031677
0.9880964756011963	0.011903558857738972
0.9882802963256836	0.01171970460563898
0.3989519476890564	0.6010480523109436
0.015500861220061779	0.9844991564750671
0.978120744228363	0.02187921665608883
0.8193271160125732	0.18067288398742676
0.9368399381637573	0.06316007673740387
0.17573201656341553	0.8242679834365845
0.019192691892385483	0.980807363986969
0.004886339884251356	0.9951136708259583
0.47114941477775574	0.5288506150245667
0.39379942417144775	0.6062005162239075
0.5831304788589478	0.4168696105480194
0.7782968282699585	0.22170309722423553
0.9800142049789429	0.01998581551015377
0.7838975191116333	0.2161024957895279
0.9959189295768738	0.004081149119883776
0.8514423966407776	0.14855757355690002
0.1737065464258194	0.8262934684753418
0.9710736274719238	0.028926366940140724
0.016542211174964905	0.9834578037261963
0.15090596675872803	0.8490940928459167
0.0027158402372151613	0.9972841739654541
0.02172531746327877	0.9782747030258179
0.9933911561965942	0.0066088056191802025
0.3967446982860565	0.6032553315162659
0.9988558292388916	0.001144123962149024
0.004433123394846916	0.9955669045448303
0.0909043550491333	0.9090956449508667
0.45403218269348145	0.5459677577018738
0.7215442657470703	0.2784557342529297
0.3457825779914856	0.6542174220085144
0.9766387343406677	0.023361310362815857
0.7305042147636414	0.26949572563171387
0.1571635603904724	0.8428364396095276
0.9145033955574036	0.08549656718969345
0.9994537234306335	0.000546329072676599
0.9824543595314026	0.017545679584145546
0.874563992023468	0.1254359930753708
0.23385216295719147	0.7661478519439697
0.1276877075433731	0.8723123073577881
0.04657893627882004	0.9534211158752441
0.8602630496025085	0.13973698019981384
0.18524998426437378	0.814750075340271
0.8637248277664185	0.13627520203590393
0.026358062401413918	0.9736419320106506
0.014366824179887772	0.9856331944465637
0.7931024432182312	0.2068975567817688
0.296540230512619	0.7034598588943481
0.977837085723877	0.02216297760605812
0.41149431467056274	0.5885056853294373
0.8238919377326965	0.17610806226730347
0.9589027762413025	0.041097212582826614
0.15231792628765106	0.8476821184158325
0.974835991859436	0.025164052844047546
0.005058466922491789	0.9949415326118469
0.9139831066131592	0.08601689338684082
0.9971572160720825	0.002842739224433899
0.8505625128746033	0.1494375318288803
6.274118641158566e-05	0.9999372959136963
0.44571954011917114	0.5542804598808289
0.6033191084861755	0.39668089151382446
0.10505767166614532	0.8949423432350159
0.5326440334320068	0.46735599637031555
0.012167900800704956	0.9878321290016174
0.01705307699739933	0.9829469919204712
0.003720548702403903	0.9962794184684753
0.04833521321415901	0.9516647458076477
0.8548986315727234	0.1451014131307602
0.028785286471247673	0.9712147116661072
0.8997793793678284	0.10022059828042984
0.9934578537940979	0.006542181130498648
0.4617554545402527	0.5382444858551025
0.9061205983161926	0.09387937933206558
0.6411103010177612	0.35888969898223877
0.9042877554893494	0.09571225941181183
0.470090389251709	0.5299096703529358
0.5813920497894287	0.4186079800128937
0.841428816318512	0.15857118368148804
0.5175212025642395	0.4824787676334381
0.36557894945144653	0.6344211101531982
0.049997035413980484	0.9500029683113098
0.7836750149726868	0.21632501482963562
0.0016054760199040174	0.9983945488929749
0.0008704946958459914	0.9991294741630554
0.4345092177391052	0.56549072265625
0.7700033187866211	0.2299966961145401
0.006542565301060677	0.9934574961662292
0.19561733305454254	0.8043826222419739
0.0009187308605760336	0.9990812540054321
0.007536626420915127	0.9924633502960205
0.20013532042503357	0.799864649772644
0.43161946535110474	0.5683805346488953
0.31462985277175903	0.685370147228241
0.16080252826213837	0.8391974568367004
0.005614925175905228	0.9943851232528687
0.01052146777510643	0.9894785284996033
0.08881442993879318	0.911185622215271
0.06729531288146973	0.9327046871185303
0.004110091831535101	0.9958899617195129
0.9213762879371643	0.07862366735935211
0.08396849036216736	0.9160314798355103
0.7643239498138428	0.2356760948896408
0.08842771500349045	0.911572277545929
0.20098957419395447	0.7990104556083679
0.0021360411774367094	0.9978639483451843
0.31793835759162903	0.6820616722106934
0.0002373814204474911	0.9997625946998596
0.9411138296127319	0.058886148035526276
0.028233923017978668	0.9717660546302795
0.003448931500315666	0.9965510368347168
0.8305363059043884	0.16946367919445038
0.036450598388910294	0.9635493755340576
0.1432395577430725	0.8567603826522827
0.7588370442390442	0.24116301536560059
0.907187819480896	0.09281214326620102
0.24097950756549835	0.7590205073356628
0.0018438708502799273	0.9981561303138733
0.9216611981391907	0.07833876460790634
0.34693047404289246	0.6530695557594299
0.1357751041650772	0.864224910736084
0.9293074011802673	0.07069258391857147
0.006570406258106232	0.9934296011924744
0.8295291066169739	0.17047090828418732
0.29262682795524597	0.7073731422424316
0.8339226245880127	0.16607734560966492
0.30832046270370483	0.6916794776916504
0.1085468977689743	0.8914530277252197
0.07838594913482666	0.9216139912605286
0.517814040184021	0.4821859300136566
0.9677392840385437	0.03226074203848839
0.22300571203231812	0.7769943475723267
0.5983142256736755	0.40168580412864685
0.5073093175888062	0.49269071221351624
0.9933915138244629	0.006608499214053154
0.06582274287939072	0.9341772198677063
0.9583520889282227	0.04164789617061615
0.1734277755022049	0.8265722393989563
0.5860481858253479	0.4139518439769745
0.13348570466041565	0.8665143251419067
0.302286297082901	0.6977137327194214
0.7352216243743896	0.26477834582328796
0.02731422148644924	0.972685694694519
0.6444501876831055	0.3555498421192169
0.9929083585739136	0.00709163211286068
0.3725535273551941	0.6274464726448059
0.1825796663761139	0.8174203634262085
0.6082306504249573	0.39176926016807556
0.8801726698875427	0.11982733756303787
0.9311812520027161	0.06881869584321976
0.17034535109996796	0.8296546339988708
0.07936760783195496	0.9206323623657227
0.027846837416291237	0.9721531867980957
0.2241075336933136	0.7758924961090088
0.025306276977062225	0.9746937155723572
0.608664870262146	0.3913351893424988
0.2045418918132782	0.7954581379890442
0.02065049484372139	0.9793494343757629
0.9664953947067261	0.03350459411740303
0.6838948726654053	0.31610509753227234
0.7349558472633362	0.2650442123413086
0.0007098610512912273	0.9992901086807251
0.34682413935661316	0.6531758308410645
0.5682998895645142	0.4317000210285187
0.00728263147175312	0.9927173852920532
0.23816277086734772	0.7618372440338135
0.9913615584373474	0.008638467639684677
0.9943022727966309	0.005697721615433693
0.14676806330680847	0.8532319664955139
0.0387880764901638	0.9612119197845459
0.05832889676094055	0.9416711330413818
0.9247720241546631	0.0752280056476593
0.43029871582984924	0.5697012543678284
0.9474306702613831	0.05256934463977814
0.9999793767929077	2.0569485059240833e-05
0.9753774404525757	0.024622561410069466
0.9205660820007324	0.0794338509440422
0.96709144115448	0.03290853649377823
0.47955480217933655	0.5204451680183411
0.8057056069374084	0.19429439306259155
0.26886922121047974	0.7311307191848755
0.045039501041173935	0.9549605250358582
0.8756492137908936	0.12435077875852585
0.9807279109954834	0.01927214488387108
0.9589154720306396	0.04108452796936035
0.012845098972320557	0.9871548414230347
0.11230655014514923	0.887693464756012
0.013669777661561966	0.9863302111625671
0.9454102516174316	0.05458977818489075
0.05581631138920784	0.9441837668418884
0.08727339655160904	0.9127265810966492
0.8471951484680176	0.15280483663082123
0.17712850868701935	0.8228715062141418
0.9967319965362549	0.003268035128712654
0.0022055713925510645	0.9977943897247314
0.011817133985459805	0.9881828427314758
0.09748699516057968	0.9025129675865173
0.9969584941864014	0.003041468095034361
0.2389993667602539	0.7610006332397461
0.42051589488983154	0.5794841647148132
0.9990003705024719	0.000999592593871057
0.20402896404266357	0.7959710359573364
0.21867923438549042	0.7813207507133484
0.7755175828933716	0.22448238730430603
0.03397265821695328	0.9660273790359497
0.13371233642101288	0.8662876486778259
0.9775357842445374	0.022464202716946602
0.18764956295490265	0.8123503923416138
0.6838127970695496	0.31618717312812805
0.970415472984314	0.029584554955363274
0.8515413403511047	0.14845864474773407
0.757968008518219	0.242031991481781
0.554267168045044	0.44573283195495605
0.9976181387901306	0.002381884725764394
0.9982662796974182	0.0017337119206786156
0.009332258254289627	0.9906677603721619
0.0033023515716195107	0.9966976642608643
0.9448629021644592	0.05513714998960495
0.7720974683761597	0.22790254652500153
0.5239513516426086	0.47604867815971375
0.1911906749010086	0.8088093400001526
0.9035760164260864	0.09642400592565536
0.11355549097061157	0.8864445090293884
0.011065003462135792	0.9889349341392517
0.9721928834915161	0.027807120233774185
0.5905019044876099	0.40949809551239014
0.40779730677604675	0.5922026634216309
0.30962055921554565	0.6903793811798096
0.0982767641544342	0.9017232656478882
0.0011450637830421329	0.9988548755645752
0.09365545213222504	0.906344473361969
0.4236201345920563	0.5763798356056213
0.05538558587431908	0.9446144700050354
0.2550564408302307	0.7449436187744141
0.7747613787651062	0.2252386212348938
0.4065108597278595	0.5934891104698181
0.9784825444221497	0.02151746116578579
0.1944693624973297	0.8055306673049927
0.4313085377216339	0.5686914324760437
0.981128454208374	0.018871523439884186
0.975292980670929	0.024706976488232613
0.0035483657848089933	0.9964516162872314
0.11601197719573975	0.8839880228042603
0.0009472719393670559	0.9990527033805847
2.5804210963542573e-05	0.999974250793457
0.6959775686264038	0.3040224313735962
0.2258893996477127	0.7741106152534485
0.1514613926410675	0.8485386371612549
0.02693457156419754	0.9730653762817383
0.9075777530670166	0.09242220968008041
0.014354722574353218	0.9856452345848083
0.9794784188270569	0.020521556958556175
0.43866345286369324	0.5613365769386292
0.0002954609226435423	0.9997045397758484
0.023529106751084328	0.976470947265625
0.758542001247406	0.24145807325839996
0.038817811757326126	0.961182177066803
0.8999073505401611	0.10009267181158066
0.010202459059655666	0.9897974729537964
0.08836434036493301	0.91163569688797
0.9731882214546204	0.026811743155121803
0.6708686947822571	0.32913127541542053
0.0006189891137182713	0.9993809461593628
0.984923243522644	0.01507676299661398
0.5387697219848633	0.4612303078174591
0.9084779024124146	0.09152211993932724
0.030447667464613914	0.9695522785186768
0.16951626539230347	0.8304837346076965
0.19156059622764587	0.8084393739700317
0.32855498790740967	0.6714450120925903
0.8202067017555237	0.1797933131456375
0.961590051651001	0.03840995952486992
0.8139228820800781	0.18607717752456665
0.00026640802389010787	0.9997336268424988
0.03918195515871048	0.9608179926872253
0.34988343715667725	0.6501166224479675
0.6124688386917114	0.3875311315059662
0.9847379922866821	0.015261988155543804
0.650905966758728	0.34909406304359436
0.34078773856163025	0.6592122912406921
0.07702340930700302	0.9229766726493835
0.0019086202373728156	0.9980913996696472
0.9434561133384705	0.056543927639722824
0.6170541644096375	0.38294583559036255
0.49060654640197754	0.5093934535980225
0.9912687540054321	0.008731212466955185
0.16598545014858246	0.8340145945549011
0.7565310001373291	0.2434689849615097
0.9951449036598206	0.004855043720453978
0.11240559816360474	0.8875943422317505
0.9384304285049438	0.06156957894563675
0.1483858972787857	0.8516141772270203
0.0040899100713431835	0.9959100484848022
0.9859718680381775	0.014028207398951054
0.05244093015789986	0.947559118270874
0.008730223402380943	0.9912698268890381
0.8643986582756042	0.13560135662555695
0.8084266185760498	0.1915733516216278
0.0006498483708128333	0.9993501305580139
0.9872695207595825	0.012730436399579048
0.4919682443141937	0.5080317258834839
0.036117710173130035	0.963882327079773
0.4300198256969452	0.5699802041053772
0.0019183161202818155	0.9980816841125488
0.054543159902095795	0.9454568028450012
0.9794021844863892	0.020597850903868675
0.9797892570495605	0.02021077461540699
0.9663840532302856	0.033615920692682266
0.9754149913787842	0.024584969505667686
0.056521013379096985	0.943479061126709
0.1920851767063141	0.8079148530960083
0.9967190623283386	0.0032809756230562925
0.0014426495181396604	0.9985573887825012
0.4950655996799469	0.5049343705177307
0.1892939805984497	0.8107060194015503
0.4528278410434723	0.5471721291542053
0.41818341612815857	0.581816554069519
0.452630877494812	0.5473691821098328
0.6920039653778076	0.3079960346221924
0.025282805785536766	0.9747171998023987
0.724775493144989	0.2752244770526886
0.20788896083831787	0.7921110391616821
0.044221557676792145	0.9557784199714661
0.995326042175293	0.004673998802900314
0.9785991907119751	0.021400855854153633
0.9964119791984558	0.003588030580431223
0.9870849251747131	0.01291507389396429
0.013239407911896706	0.9867606163024902
0.5561801195144653	0.4438198506832123
0.10247570276260376	0.8975242376327515
0.1955382227897644	0.8044617772102356
0.0026896451599895954	0.9973104000091553
0.9042563438415527	0.09574370086193085
0.007004415150731802	0.99299556016922
0.8177494406700134	0.182250514626503
0.4815295338630676	0.5184704661369324
0.8286203145980835	0.1713797152042389
0.9870086312294006	0.012991359457373619
0.415617436170578	0.5843825936317444
0.30587077140808105	0.694129228591919
0.019835103303194046	0.9801648855209351
0.988903820514679	0.011096240021288395
0.9910085797309875	0.008991435170173645
0.2208649218082428	0.7791351079940796
0.9905086755752563	0.009491382166743279
0.014071323908865452	0.9859285950660706
0.9239823222160339	0.07601774483919144
0.14898349344730377	0.8510165214538574
0.042153459042310715	0.9578465223312378
0.8144779205322266	0.18552206456661224
0.15489330887794495	0.8451066613197327
0.2252122461795807	0.7747877240180969
0.9725550413131714	0.027445023879408836
0.9852118492126465	0.014788187108933926
0.14994101226329803	0.8500589728355408
0.019713478162884712	0.9802865386009216
0.6057347655296326	0.3942652642726898
0.46436449885368347	0.5356354117393494
0.9920197129249573	0.007980342954397202
0.6002061367034912	0.39979392290115356
0.1731378436088562	0.826862096786499
0.9663619995117188	0.033637940883636475
0.040849469602108	0.9591505527496338
0.9469050168991089	0.05309491977095604
0.037133943289518356	0.9628660082817078
0.8414052128791809	0.1585947424173355
0.008706551976501942	0.9912934899330139
0.9858930706977844	0.014107007533311844
0.9934695959091187	0.006530432961881161
0.13516342639923096	0.864836573600769
0.11988934129476547	0.8801106810569763
0.9540566802024841	0.04594333842396736
0.07525566965341568	0.9247443079948425
0.6125273704528809	0.38747262954711914
0.00022668257588520646	0.9997733235359192
0.987170398235321	0.012829624116420746
0.02442745491862297	0.9755725860595703
0.5350287556648254	0.46497127413749695
0.007607031613588333	0.992392897605896
0.9999161958694458	8.38552659843117e-05
0.0015072468668222427	0.9984927177429199
0.2759397625923157	0.7240601778030396
0.003568960353732109	0.9964309930801392
0.20499704778194427	0.7950029373168945
0.5815972089767456	0.4184027910232544
0.35630038380622864	0.6436996459960938
0.991661787033081	0.008338138461112976
0.00827417615801096	0.9917258024215698
0.7554160356521606	0.24458400905132294
0.3756266236305237	0.6243733167648315
0.9413711428642273	0.05862890183925629
0.1831510215997696	0.8168489933013916
0.9998617172241211	0.00013830458919983357
0.6916532516479492	0.3083467185497284
0.9368330240249634	0.06316693872213364
0.908993661403656	0.0910063162446022
0.07502364367246628	0.9249763488769531
0.1397196501493454	0.8602803349494934
0.025687936693429947	0.9743121266365051
0.7274738550186157	0.2725261151790619
0.5554777383804321	0.44452232122421265
0.36590611934661865	0.6340938806533813
0.711872935295105	0.28812703490257263
0.8930633068084717	0.10693668574094772
0.40754643082618713	0.5924535393714905
0.3464268445968628	0.653573215007782
0.9493303894996643	0.05066966637969017
0.2733052968978882	0.7266947031021118
0.05285072326660156	0.9471493363380432
0.8752481937408447	0.12475179135799408
0.9986371397972107	0.0013628210872411728
0.5363003015518188	0.46369969844818115
0.9992918968200684	0.0007080861832946539
0.5871676206588745	0.4128323197364807
0.8513978719711304	0.14860211312770844
0.999885082244873	0.00011485142022138461
0.4272148311138153	0.5727851986885071
0.2982925474643707	0.7017074227333069
0.36301594972610474	0.63698410987854
0.9990273714065552	0.0009726208518259227
0.0062684412114322186	0.9937315583229065
0.7111021876335144	0.2888977825641632
0.20578841865062714	0.7942115664482117
0.6418618559837341	0.35813820362091064
0.42529767751693726	0.5747023224830627
0.7626445293426514	0.23735545575618744
0.6891477108001709	0.3108522295951843
0.9089316129684448	0.09106844663619995
0.9950463771820068	0.004953666124492884
0.10858026891946793	0.8914197087287903
0.4382990300655365	0.5617009997367859
0.7871869206428528	0.21281306445598602
0.8896635174751282	0.11033648997545242
0.036261480301618576	0.9637384414672852
0.7848445177078247	0.2151554971933365
0.7659112811088562	0.234088733792305
0.9967490434646606	0.003251009387895465
0.011535847559571266	0.9884641766548157
0.2669692933559418	0.7330306768417358
0.39427393674850464	0.6057261228561401
0.4391041398048401	0.5608958601951599
0.0009248009300790727	0.999075174331665
0.8626410365104675	0.1373588889837265
0.8990985155105591	0.10090146213769913
0.8478466272354126	0.15215334296226501
0.9931933283805847	0.006806686986237764
0.9825878739356995	0.017412152141332626
0.5660860538482666	0.4339139461517334
0.2782367467880249	0.7217632532119751
0.030855363234877586	0.9691446423530579
0.011968336068093777	0.9880316257476807
0.022431382909417152	0.9775685667991638
0.9869052767753601	0.013094722293317318
0.1722039133310318	0.8277960419654846
0.7261214852333069	0.27387845516204834
0.0008530777995474637	0.9991469383239746
0.8266576528549194	0.17334231734275818
0.4325387179851532	0.5674612522125244
0.2577217221260071	0.7422782778739929
0.4120103716850281	0.5879896879196167
0.7889442443847656	0.21105581521987915
0.9928818941116333	0.007118057459592819
0.5164191126823425	0.48358088731765747
0.282999724149704	0.7170003056526184
0.0023561520501971245	0.997643768787384
0.3486141860485077	0.6513858437538147
0.8942453265190125	0.10575462132692337
0.6867377161979675	0.31326231360435486
0.5342636108398438	0.46573635935783386
0.5236749053001404	0.476325124502182
0.4936237633228302	0.5063762068748474
0.2913915514945984	0.7086085081100464
0.02084134705364704	0.9791586399078369
0.8371832370758057	0.16281679272651672
0.001102278707548976	0.9988976716995239
0.2792354226112366	0.7207645177841187
0.7706314921379089	0.22936850786209106
0.06548410654067993	0.9345158934593201
0.9733771681785583	0.026622885838150978
0.007076689507812262	0.9929232597351074
0.4144934415817261	0.5855064988136292
0.050237491726875305	0.9497624635696411
0.7029585242271423	0.29704150557518005
0.6301044225692749	0.3698956072330475
0.007850777357816696	0.9921492338180542
0.022091204300522804	0.9779087901115417
0.9488822817802429	0.05111769586801529
0.9409207701683044	0.05907919257879257
0.968760073184967	0.03123994916677475
0.04016831889748573	0.9598316550254822
0.2464558482170105	0.7535441517829895
0.018346261233091354	0.9816537499427795
0.053829845041036606	0.9461700916290283
0.12329960614442825	0.8767004013061523
0.12611737847328186	0.8738825917243958
0.04598388075828552	0.9540160894393921
0.016280438750982285	0.9837195873260498
0.8791822195053101	0.12081777304410934
0.7549341917037964	0.24506588280200958
0.9215506315231323	0.07844937592744827
0.4559098780155182	0.5440900921821594
0.026476070284843445	0.9735238552093506
0.9334365725517273	0.06656334549188614
0.27345073223114014	0.7265492081642151
0.005147155374288559	0.9948528409004211
0.4354565143585205	0.5645435452461243
0.9823519587516785	0.017648033797740936
0.6712244749069214	0.32877546548843384
0.35484200716018677	0.645158052444458
0.17214509844779968	0.8278548717498779
0.37825140357017517	0.621748685836792
0.9995453953742981	0.0004545203410089016
0.5530107617378235	0.4469892680644989
0.6893017888069153	0.31069815158843994
0.9713941216468811	0.028605926781892776
0.9148029685020447	0.08519699424505234
0.001010339823551476	0.9989896416664124
0.14740696549415588	0.8525930047035217
0.7138610482215881	0.28613904118537903
0.008270631544291973	0.9917293190956116
0.9124594926834106	0.08754052966833115
0.07979927957057953	0.920200765132904
0.6769585013389587	0.3230414390563965
0.015735315158963203	0.984264612197876
0.6676139235496521	0.3323860168457031
0.9503999352455139	0.04960005730390549
0.0036233363207429647	0.9963766932487488
0.9702286124229431	0.029771458357572556
0.7913612127304077	0.2086387276649475
0.9993335604667664	0.0006663897074759007
0.9315305948257446	0.06846942752599716
0.9951469302177429	0.004853095393627882
0.9872080683708191	0.01279191579669714
0.9302266240119934	0.069773368537426
0.8326845169067383	0.16731543838977814
0.5997079014778137	0.4002920985221863
0.002600623993203044	0.9973994493484497
0.9474434852600098	0.05255649611353874
0.9749875664710999	0.0250124279409647
0.01862388104200363	0.9813761711120605
0.9566792845726013	0.04332074150443077
0.9998908042907715	0.00010921846114797518
0.021721547469496727	0.9782785177230835
0.0008993985247798264	0.9991006851196289
0.9944838881492615	0.005516042001545429
0.5528746843338013	0.44712531566619873
0.9653312563896179	0.03466874361038208
0.014944045804440975	0.9850559234619141
0.15536516904830933	0.8446348309516907
0.892232358455658	0.10776764899492264
0.06409307569265366	0.9359069466590881
0.99234539270401	0.007654667366296053
0.8943131566047668	0.10568685084581375
0.23941895365715027	0.7605810165405273
0.037434354424476624	0.9625656008720398
0.9551936388015747	0.04480637609958649
0.9987630844116211	0.0012369739124551415
0.002465208061039448	0.9975347518920898
0.7642086744308472	0.23579128086566925
0.16758282482624054	0.8324172496795654
0.22020471096038818	0.7797952890396118
0.0021600944455713034	0.9978399276733398
0.5069674849510193	0.4930325448513031
0.9803927540779114	0.019607288762927055
0.7034607529640198	0.29653921723365784
0.9994363188743591	0.000563698704354465
0.6052896976470947	0.39471036195755005
0.2629740238189697	0.7370259165763855
0.806601345539093	0.19339868426322937
0.5377971529960632	0.46220290660858154
0.9993441700935364	0.0006558338645845652
0.9546931385993958	0.04530680924654007
0.44045203924179077	0.5595479011535645
0.033538881689310074	0.9664611220359802
0.924532949924469	0.07546712458133698
0.8729128837585449	0.12708716094493866
0.8444237112998962	0.15557627379894257
0.7429556250572205	0.25704431533813477
0.05182914063334465	0.9481708407402039
0.39392122626304626	0.6060788035392761
0.3984915316104889	0.6015084385871887
0.07046487182378769	0.9295350909233093
0.9441235661506653	0.055876459926366806
0.9999078512191772	9.210711868945509e-05
0.6492211818695068	0.3507787883281708
0.1766202449798584	0.8233797550201416
0.6166262626647949	0.38337376713752747
0.39481091499328613	0.6051890850067139
0.996250569820404	0.003749435069039464
0.9551233053207397	0.04487667232751846
0.003677208675071597	0.996322751045227
0.01061651948839426	0.9893835186958313
0.12186749279499054	0.8781324625015259
0.5452291965484619	0.4547708034515381
0.004384844098240137	0.9956151247024536
0.20443905889987946	0.7955609560012817
0.5627281665802002	0.4372718334197998
0.13628634810447693	0.8637136220932007
0.8360341787338257	0.1639658808708191
0.11628419160842896	0.883715808391571
0.8780624270439148	0.12193756550550461
0.0038589034229516983	0.9961411356925964
0.9241905808448792	0.07580938935279846
0.010398701764643192	0.9896013140678406
0.7121776938438416	0.28782230615615845
0.573965847492218	0.4260341227054596
0.9279953837394714	0.0720045417547226
0.8865782022476196	0.113421730697155
0.5560976266860962	0.4439024031162262
0.5801907777786255	0.4198092818260193
0.9739391207695007	0.02606089785695076
0.44706714153289795	0.552932858467102
0.005197808612138033	0.9948022365570068
0.026861371472477913	0.9731386303901672
0.1072978675365448	0.8927021622657776
0.9143247604370117	0.08567516505718231
0.45154833793640137	0.5484516620635986
0.019485317170619965	0.9805147051811218
0.17320343852043152	0.8267965316772461
0.9976122379302979	0.002387781860306859
0.061671920120716095	0.9383280873298645
0.004002807661890984	0.9959971904754639
0.9841004610061646	0.015899496152997017
0.9989803433418274	0.0010196241782978177
0.4097658395767212	0.590234100818634
0.033434927463531494	0.9665651321411133
0.6518060564994812	0.3481939435005188
0.01262965239584446	0.9873703718185425
0.3529171645641327	0.6470828652381897
0.9589462876319885	0.041053663939237595
0.139696404337883	0.8603035807609558
0.9986139535903931	0.0013860856415703893
0.05220850929617882	0.9477915167808533
0.9617869853973389	0.03821295499801636
0.7287108898162842	0.2712891101837158
0.004917832091450691	0.9950821399688721
0.9888104200363159	0.011189505457878113
0.9998922348022461	0.00010779310832731426
0.12044458091259003	0.8795554637908936
0.7629927396774292	0.23700718581676483
0.9791015386581421	0.02089851163327694
0.15012603998184204	0.849873960018158
0.5586163997650146	0.4413836598396301
0.8098839521408081	0.1901160180568695
0.6892287731170654	0.31077125668525696
0.0011785631068050861	0.9988214373588562
0.8851355314254761	0.1148645207285881
0.6109707355499268	0.38902926445007324
0.7473937273025513	0.2526063024997711
0.23256133496761322	0.7674386501312256
0.3639202415943146	0.6360798478126526
0.006382279563695192	0.9936177730560303
0.919385552406311	0.08061449229717255
0.15873588621616364	0.8412641286849976
0.9031254053115845	0.09687457978725433
0.07485982030630112	0.9251402020454407
0.7344189286231995	0.26558107137680054
0.027056144550442696	0.9729438424110413
0.9857831001281738	0.014216884039342403
0.5847355723381042	0.41526445746421814
0.7332690954208374	0.2667309045791626
0.18310146033763885	0.8168984651565552
0.39973902702331543	0.6002609729766846
0.9443425536155701	0.05565744638442993
0.08702557533979416	0.9129744172096252
0.3514755070209503	0.6485244631767273
0.7460346221923828	0.2539653778076172
0.35812798142433167	0.641871988773346
0.032586876302957535	0.9674131870269775
0.056102681905031204	0.9438973069190979
0.0004754347028210759	0.9995245933532715
0.6752113103866577	0.3247886896133423
0.9961296319961548	0.0038703300524502993
0.0038610247429460287	0.9961389899253845
0.08874297887086868	0.9112569689750671
0.17590920627117157	0.8240907788276672
0.9619346857070923	0.038065358996391296
0.9060218334197998	0.09397811442613602
9.729550947668031e-05	0.9999027252197266
0.9912582039833069	0.008741775527596474
0.9964751601219177	0.0035248720087110996
0.7968658804893494	0.20313413441181183
0.7933473587036133	0.20665264129638672
0.7294334173202515	0.2705666124820709
0.7706493139266968	0.22935068607330322
0.9938791990280151	0.006120805628597736
0.6261361241340637	0.3738638758659363
0.1009678840637207	0.8990321159362793
0.125200554728508	0.8747994899749756
0.044100433588027954	0.9558995962142944
0.4423407316207886	0.5576592087745667
0.991950511932373	0.00804943684488535
0.0996057391166687	0.9003942608833313
0.5842655897140503	0.4157344102859497
0.12944704294204712	0.8705529570579529
0.1443917155265808	0.8556082844734192
0.9917770624160767	0.008222927339375019
0.10420695692300797	0.8957930207252502
0.07144667953252792	0.9285532832145691
0.0005799186765216291	0.9994200468063354
0.22802381217479706	0.7719761729240417
0.30107054114341736	0.6989295482635498
0.7427888512611389	0.2572111487388611
0.020631276071071625	0.9793686866760254
0.19672244787216187	0.8032775521278381
0.023925021290779114	0.9760749936103821
4.3925950876655406e-07	0.9999995231628418
0.6845125555992126	0.31548750400543213
0.5252727270126343	0.47472721338272095
0.9660715460777283	0.03392849862575531
0.08955476433038712	0.9104452729225159
0.01987314224243164	0.9801268577575684
0.28293469548225403	0.7170653343200684
0.015167772769927979	0.984832227230072
0.8371142745018005	0.16288575530052185
0.9194157719612122	0.08058417588472366
0.2025546133518219	0.7974454164505005
0.22202342748641968	0.7779765725135803
0.8927109241485596	0.10728906840085983
0.0427803099155426	0.957219660282135
0.0036110535729676485	0.9963890314102173
0.978363037109375	0.021637003868818283
0.9887430667877197	0.011256897822022438
0.8407483696937561	0.1592516303062439
0.5240290760993958	0.47597089409828186
0.28885331749916077	0.7111466526985168
0.055924080312252045	0.944075882434845
0.795495331287384	0.20450469851493835
0.8927488327026367	0.10725117474794388
0.0010004034265875816	0.9989996552467346
0.22931693494319916	0.7706831097602844
0.5372024178504944	0.4627975523471832
0.05091051012277603	0.9490894675254822
0.0070856548845767975	0.9929143190383911
0.6491348147392273	0.3508652448654175
0.00464444188401103	0.9953556060791016
0.8677305579185486	0.13226951658725739
0.9453101754188538	0.05468982830643654
0.9212088584899902	0.07879116386175156
0.9778477549552917	0.022152189165353775
0.3643617033958435	0.6356383562088013
0.2527347803115845	0.7472652196884155
0.562486469745636	0.4375135898590088
0.9799644947052002	0.020035482943058014
0.22502385079860687	0.7749761939048767
0.3291783630847931	0.6708216667175293
0.7400253415107727	0.2599746882915497
0.8955714106559753	0.10442861914634705
0.9393646717071533	0.06063532084226608
0.11352113634347916	0.8864789009094238
0.9854317307472229	0.014568271115422249
0.9562896490097046	0.04371035844087601
0.013596460223197937	0.9864034652709961
0.9999425411224365	5.748772309743799e-05
0.9542451500892639	0.045754868537187576
0.33179402351379395	0.668205976486206
0.840639591217041	0.15936042368412018
0.9391802549362183	0.060819774866104126
0.014952168799936771	0.9850478172302246
0.0934702455997467	0.9065297842025757
0.5774900913238525	0.42250993847846985
0.92863529920578	0.07136470079421997
0.9876486659049988	0.012351271696388721
0.724692702293396	0.2753073275089264
0.9928399324417114	0.007160048931837082
0.05514439195394516	0.9448556303977966
0.9700688123703003	0.029931137338280678
0.5904394388198853	0.40956056118011475
0.5915650129318237	0.40843498706817627
0.13579624891281128	0.8642037510871887
0.05716860294342041	0.9428314566612244
0.014078670181334019	0.985921323299408
0.005347431171685457	0.994652509689331
0.9676304459571838	0.032369524240493774
0.2742443084716797	0.7257556915283203
0.6198914647102356	0.380108505487442
0.000998377799987793	0.999001681804657
0.6385329365730286	0.3614669740200043
0.11853298544883728	0.8814670443534851
0.6599763035774231	0.3400236964225769
0.08303667604923248	0.9169633388519287
0.004928914364427328	0.9950710535049438
0.3764994740486145	0.6235004663467407
0.4950210452079773	0.5049789547920227
0.6075716614723206	0.39242836833000183
0.0512738898396492	0.9487261176109314
0.9901759028434753	0.009824121370911598
0.18216869235038757	0.8178313374519348
0.9471871852874756	0.05281277745962143
2.3837063054088503e-05	0.9999761581420898
0.2319866418838501	0.7680133581161499
0.298334538936615	0.701665461063385
0.780596137046814	0.21940377354621887
0.9380890727043152	0.06191094219684601
0.5724258422851562	0.42757418751716614
0.022967522963881493	0.9770324230194092
0.03149452432990074	0.9685055613517761
0.026780910789966583	0.9732190370559692
0.5957891941070557	0.40421080589294434
0.981644868850708	0.018355119973421097
0.9480687379837036	0.0519312284886837
0.7417277097702026	0.25827232003211975
8.079324470600113e-05	0.9999191761016846
0.981006920337677	0.018993109464645386
0.8115865588188171	0.18841348588466644
0.42576056718826294	0.5742394328117371
0.1946597695350647	0.8053402900695801
0.2575443983078003	0.7424556016921997
0.999237060546875	0.0007629479514434934
0.3394472897052765	0.6605527997016907
0.743785560131073	0.2562144100666046
0.7617784142494202	0.23822160065174103
0.9996806383132935	0.0003193426819052547
0.9984616041183472	0.001538440235890448
0.9267107844352722	0.07328921556472778
0.9348741769790649	0.06512585282325745
0.003545595332980156	0.9964544773101807
0.006052881944924593	0.9939471483230591
0.4937747120857239	0.5062252283096313
0.09562414139509201	0.9043758511543274
0.9983092546463013	0.0016906904056668282
0.658837616443634	0.34116238355636597
0.39620327949523926	0.6037967205047607
0.9150707125663757	0.08492927253246307
0.7868073582649231	0.2131926268339157
0.8587064743041992	0.14129358530044556
0.18399003148078918	0.8160099983215332
0.015452406369149685	0.9845475554466248
0.9742820262908936	0.025718003511428833
0.8790861964225769	0.12091384828090668
0.7228262424468994	0.277173787355423
0.8697671294212341	0.13023284077644348
0.7900785207748413	0.20992153882980347
0.921794593334198	0.07820546627044678
0.02895987220108509	0.9710401296615601
0.9403321146965027	0.05966787040233612
0.5031999349594116	0.496800035238266
0.9742151498794556	0.025784846395254135
0.9750443696975708	0.02495567500591278
0.951298713684082	0.04870128631591797
0.0667666643857956	0.933233380317688
0.43497151136398315	0.5650285482406616
0.9960913062095642	0.003908640239387751
0.9997270703315735	0.0002729060361161828
0.6411329507827759	0.3588670790195465
0.16372139751911163	0.8362786173820496
0.2539522349834442	0.7460477352142334
0.9548016786575317	0.045198261737823486
0.5397592782974243	0.46024075150489807
0.28773218393325806	0.7122678756713867
0.9250421524047852	0.07495777308940887
0.9752678275108337	0.02473214641213417
0.9989418387413025	0.001058221678249538
0.7386887669563293	0.26131123304367065
0.9949591159820557	0.005040820222347975
0.9701579213142395	0.029842127114534378
0.7597919702529907	0.24020802974700928
0.02976229600608349	0.970237672328949
0.0036647426895797253	0.9963352680206299
0.3411950469017029	0.6588049530982971
0.9942439198493958	0.005756020080298185
0.5703052878379822	0.42969468235969543
0.5751110911369324	0.42488893866539
0.6932211518287659	0.3067788779735565
0.5113005042076111	0.4886994957923889
0.013775475323200226	0.9862245321273804
0.6923885941505432	0.3076113164424896
0.9986207485198975	0.0013792410027235746
0.15006209909915924	0.8499378561973572
0.606939971446991	0.3930600881576538
0.9327608942985535	0.06723907589912415
0.7012593746185303	0.29874059557914734
0.018342820927500725	0.9816571474075317
0.7823307514190674	0.21766924858093262
0.20252621173858643	0.7974738478660583
0.18070127069950104	0.8192987442016602
0.2707037627696991	0.7292962670326233
0.5767056941986084	0.4232943058013916
0.19010120630264282	0.8098987936973572
0.39495328068733215	0.6050467491149902
0.9683225154876709	0.0316774845123291
0.9777951240539551	0.02220483124256134
0.048357900232076645	0.9516420960426331
0.05326255410909653	0.9467374682426453
0.9568265080451965	0.04317346215248108
0.976552426815033	0.0234475526958704
0.9121355414390564	0.0878644585609436
0.9837304353713989	0.016269583255052567
0.3118472993373871	0.6881526708602905
0.980801522731781	0.01919848658144474
0.0005093661602586508	0.9994906187057495
0.055848438292741776	0.9441515207290649
0.6678972840309143	0.3321027159690857
0.04660089686512947	0.953399121761322
0.03742910176515579	0.9625709056854248
0.31399545073509216	0.6860045790672302
0.9435137510299683	0.05648621916770935
0.10512146353721619	0.8948785066604614
0.00833182130008936	0.9916681051254272
0.9343808889389038	0.0656190738081932
0.13494066894054413	0.8650593161582947
0.8808801770210266	0.11911984533071518
0.998586893081665	0.0014131105272099376
0.19242730736732483	0.8075726628303528
0.9724618792533875	0.027538156136870384
0.9836639165878296	0.016336113214492798
0.92606520652771	0.07393476366996765
0.985831081867218	0.014168962836265564
0.2159116119146347	0.7840883731842041
0.9171724915504456	0.08282758295536041
0.8068519830703735	0.19314800202846527
0.9451301097869873	0.054869893938302994
0.9994807839393616	0.0005192388198338449
0.5632554292678833	0.4367446005344391
0.991004467010498	0.008995535783469677
0.9186802506446838	0.08131980150938034
0.09030666947364807	0.9096933603286743
0.17486628890037537	0.8251336812973022
0.26193398237228394	0.7380660772323608
0.5310968160629272	0.46890321373939514
0.9843531250953674	0.01564685069024563
0.8933603167533875	0.10663963109254837
0.0035903702955693007	0.9964095950126648
0.10944356769323349	0.8905564546585083
0.004507795907557011	0.9954922199249268
0.015768827870488167	0.984231173992157
0.933017909526825	0.06698215752840042
0.11913065612316132	0.8808693885803223
0.0026416375767439604	0.9973583817481995
0.01572912000119686	0.9842708706855774
0.19417192041873932	0.8058280348777771
0.5401021242141724	0.45989784598350525
0.19860893487930298	0.8013911247253418
0.003109144512563944	0.9968908429145813
0.9586343765258789	0.04136556759476662
0.0034603390377014875	0.9965397119522095
0.11274540424346924	0.8872545957565308
0.035659801214933395	0.9643401503562927
0.8108789324760437	0.1891210675239563
0.9643812775611877	0.03561873361468315
0.5530340671539307	0.44696590304374695
0.9891110062599182	0.010888961143791676
0.9526075720787048	0.047392383217811584
0.014691113494336605	0.985308825969696
0.9916681051254272	0.008331884630024433
0.2849343419075012	0.7150657176971436
0.7599830031394958	0.24001699686050415
0.5564790964126587	0.4435209035873413
0.9982569813728333	0.001742980326525867
0.07292059808969498	0.927079439163208
0.84356689453125	0.15643306076526642
0.3654989004135132	0.6345010995864868
0.9380559921264648	0.06194400042295456
0.6070479154586792	0.3929520547389984
0.25160184502601624	0.7483981847763062
0.36347073316574097	0.636529266834259
0.5276210308074951	0.47237899899482727
0.9978487491607666	0.0021512245293706656
0.01737568899989128	0.982624351978302
0.9844846725463867	0.015515348874032497
0.05458908528089523	0.9454108476638794
0.9968728423118591	0.0031271816696971655
0.9447278380393982	0.05527215823531151
0.8079923391342163	0.19200767576694489
0.1676049530506134	0.832395076751709
0.8982101082801819	0.10178982466459274
0.9281690120697021	0.07183094322681427
0.9761921763420105	0.023807749152183533
0.9915036559104919	0.00849637109786272
0.7969386577606201	0.20306141674518585
0.6963372230529785	0.3036627769470215
0.5904682874679565	0.40953177213668823
0.6060522794723511	0.3939477205276489
0.20230737328529358	0.797692596912384
0.8746436834335327	0.12535624206066132
0.8118211627006531	0.18817883729934692
0.007170496974140406	0.9928295016288757
0.024762874469161034	0.9752370715141296
0.00027447508182376623	0.9997255206108093
0.9976814985275269	0.0023184192832559347
0.9995098114013672	0.0004902397049590945
0.8140541315078735	0.18594585359096527
0.6215833425521851	0.37841668725013733
0.14055733382701874	0.8594426512718201
0.9933673739433289	0.00663260230794549
0.2171553671360016	0.7828446626663208
0.053845394402742386	0.9461546540260315
0.40170931816101074	0.5982906222343445
0.4787468910217285	0.5212531089782715
0.3562076985836029	0.6437923312187195
0.0485311895608902	0.951468825340271
0.9985567927360535	0.0014432157622650266
0.5810327529907227	0.41896721720695496
0.01629849337041378	0.9837015271186829
0.9931678175926208	0.006832236424088478
0.971912145614624	0.028087828308343887
0.9992446899414062	0.0007553106406703591
0.6429730653762817	0.35702693462371826
0.2417212724685669	0.7582787275314331
0.6600763201713562	0.3399236500263214
0.005608228035271168	0.9943917393684387
0.273579865694046	0.7264201045036316
0.0002976540708914399	0.9997022747993469
0.17031307518482208	0.8296869397163391
0.09497231990098953	0.9050276279449463
0.2416277676820755	0.7583721876144409
0.7198389768600464	0.280161052942276
0.6087564826011658	0.39124348759651184
0.08566015213727951	0.9143398404121399
0.9838305115699768	0.01616954430937767
0.011252060532569885	0.9887479543685913
0.20906387269496918	0.7909361124038696
0.8876960873603821	0.1123039722442627
0.7056907415390015	0.29430925846099854
0.9959486126899719	0.004051408730447292
0.012681125663220882	0.9873189330101013
0.027349209412932396	0.9726507663726807
0.25765013694763184	0.7423499226570129
0.032603081315755844	0.9673969149589539
0.3041709363460541	0.6958290934562683
0.015894826501607895	0.9841051697731018
0.9883701801300049	0.011629858054220676
0.9973763227462769	0.002623678417876363
0.9749657511711121	0.02503427118062973
0.17905361950397491	0.8209463357925415
0.1745411902666092	0.825458824634552
0.8788403272628784	0.12115973234176636
0.5375083684921265	0.4624916911125183
0.0005661129835061729	0.9994338154792786
0.6249608397483826	0.37503916025161743
0.6074168086051941	0.3925832211971283
0.9280922412872314	0.07190775871276855
0.03727613762021065	0.9627239108085632
0.9980851411819458	0.0019148443825542927
0.5432547330856323	0.45674532651901245
0.9995484948158264	0.0004514734901022166
0.12829481065273285	0.871705174446106
0.11535385996103287	0.8846461176872253
0.0024805665016174316	0.9975194334983826
0.534666121006012	0.46533384919166565
0.9245647192001343	0.0754353329539299
0.3888895809650421	0.6111104488372803
0.05200684815645218	0.9479932188987732
0.4854687750339508	0.5145311951637268
0.9959172606468201	0.004082723055034876
0.583634614944458	0.4163653552532196
0.10192593187093735	0.8980740308761597
0.4146995544433594	0.5853004455566406
0.9610665440559387	0.038933396339416504
0.9963135123252869	0.003686442505568266
0.2880423367023468	0.7119576334953308
0.8921055793762207	0.1078943982720375
0.22915133833885193	0.7708486914634705
0.4215560257434845	0.5784440040588379
0.9449990391731262	0.05500099062919617
0.9557760953903198	0.04422387480735779
0.7317906022071838	0.2682093381881714
0.017364123836159706	0.9826358556747437
0.8749332427978516	0.12506672739982605
0.9267054200172424	0.07329455018043518
0.4315694272518158	0.5684306025505066
0.4546152949333191	0.5453846454620361
0.13386087119579315	0.8661391735076904
0.4549753665924072	0.5450246334075928
0.9103017449378967	0.08969822525978088
0.10372482240200043	0.8962752223014832
0.9234081506729126	0.0765918493270874
0.9168751239776611	0.08312490582466125
0.4919911026954651	0.5080088376998901
0.8276663422584534	0.17233359813690186
0.9995657801628113	0.0004341958847362548
0.06692858785390854	0.9330714344978333
0.1973065882921219	0.8026933670043945
0.8434808850288391	0.15651915967464447
0.6719338297843933	0.3280662000179291
0.16114361584186554	0.8388563394546509
0.03820938616991043	0.9617906212806702
0.9908678531646729	0.009132168255746365
0.9159777760505676	0.08402222394943237
0.0021846448071300983	0.9978153705596924
0.3448432385921478	0.6551567912101746
0.0023883827961981297	0.9976116418838501
0.8263433575630188	0.1736566573381424
0.8941837549209595	0.10581626743078232
0.3661767542362213	0.6338231563568115
0.44147056341171265	0.5585294961929321
0.019708137959241867	0.9802917838096619
0.9997177720069885	0.0002821642265189439
0.998268723487854	0.0017312370473518968
0.06084596365690231	0.9391539692878723
0.9971381425857544	0.002861905377358198
0.6723706722259521	0.32762932777404785
0.9962863922119141	0.0037136198952794075
0.1412392258644104	0.8587607741355896
0.9920701384544373	0.007929841987788677
0.07344776391983032	0.9265521764755249
0.3176652193069458	0.6823347806930542
0.6394445300102234	0.3605554699897766
0.3402681052684784	0.6597318649291992
0.000791905855294317	0.9992081522941589
0.9783097505569458	0.02169029600918293
0.9360957741737366	0.06390423327684402
0.9260163307189941	0.07398369163274765
0.7979481816291809	0.20205184817314148
0.5870087742805481	0.4129912853240967
0.5289701223373413	0.47102993726730347
0.003347126068547368	0.9966529011726379
0.05423225089907646	0.9457677602767944
0.6444909572601318	0.35550904273986816
0.657788872718811	0.34221115708351135
0.9611361622810364	0.03886384516954422
0.07377604395151138	0.9262239336967468
0.2499060183763504	0.750093936920166
0.8824878334999084	0.11751219630241394
0.903205931186676	0.09679412096738815
0.4338860511779785	0.5661138892173767
0.04064729064702988	0.9593527317047119
0.9122589826583862	0.08774098008871078
0.0004399158642627299	0.9995600581169128
0.1096794381737709	0.8903205394744873
0.13176560401916504	0.868234395980835
0.9240387678146362	0.0759611651301384
0.8560892343521118	0.14391069114208221
0.994574248790741	0.005425775423645973
0.3596447706222534	0.6403551697731018
0.9897957444190979	0.010204236954450607
0.9305592179298401	0.06944072991609573
0.08383791893720627	0.9161620736122131
0.6991331577301025	0.3008667826652527
0.056377530097961426	0.9436225295066833
0.011022846214473248	0.9889771342277527
0.006235273089259863	0.9937647581100464
0.6535321474075317	0.34646785259246826
0.9905534386634827	0.009446564130485058
0.12431757897138596	0.8756823539733887
0.7197920083999634	0.2802079916000366
0.0028612480964511633	0.9971387386322021
0.9508224129676819	0.049177542328834534
0.21752434968948364	0.7824757099151611
0.9359214901924133	0.06407848745584488
0.010170478373765945	0.9898294806480408
0.8587803244590759	0.14121970534324646
0.8331554532051086	0.16684460639953613
0.5883257389068604	0.41167423129081726
0.46320846676826477	0.5367915630340576
0.5680356621742249	0.43196433782577515
0.7523053884506226	0.24769461154937744
0.44846439361572266	0.5515356659889221
0.042986009269952774	0.9570140242576599
0.9066584706306458	0.09334150701761246
0.9992988109588623	0.0007011322304606438
0.48238229751586914	0.5176177024841309
0.9471926689147949	0.05280737951397896
0.1609305888414383	0.8390693664550781
0.2775324583053589	0.7224675416946411
0.010312319733202457	0.9896877408027649
0.6579092144966125	0.3420907258987427
0.5957856178283691	0.40421438217163086
0.0888514444231987	0.9111486077308655
0.046357180923223495	0.9536427855491638
0.014832687564194202	0.9851673245429993
0.8037055730819702	0.19629445672035217
0.7342817783355713	0.2657183110713959
0.9816828966140747	0.018317116424441338
0.336514413356781	0.6634856462478638
0.6828997731208801	0.31710028648376465
0.9092128872871399	0.09078711271286011
0.0033417725935578346	0.996658205986023
0.742110013961792	0.25789007544517517
0.8419359922409058	0.15806405246257782
0.29123422503471375	0.7087658047676086
0.994629979133606	0.005369946360588074
0.9286110401153564	0.07138889282941818
0.9507282376289368	0.04927176982164383
0.25980493426322937	0.7401950359344482
0.9595125913619995	0.040487390011548996
0.9031820893287659	0.09681787341833115
0.8929585218429565	0.10704141855239868
0.040455278009176254	0.9595447778701782
0.6049973368644714	0.39500266313552856
0.0008950572810135782	0.999104917049408
0.462574303150177	0.537425696849823
0.9998164772987366	0.00018357930821366608
0.9945579767227173	0.005442085210233927
0.02956473082304001	0.9704352021217346
0.2858409583568573	0.7141590714454651
0.5775032043457031	0.42249682545661926
0.9619139432907104	0.038086045533418655
0.012769294902682304	0.9872307181358337
0.5362840294837952	0.4637160301208496
0.8687395453453064	0.1312604546546936
0.023373465985059738	0.9766265749931335
0.5546910762786865	0.4453088641166687
0.6936555504798889	0.30634450912475586
0.9824501276016235	0.017549928277730942
0.9982703924179077	0.0017296350561082363
0.13777585327625275	0.8622241616249084
0.9969348907470703	0.003065059892833233
0.05036868155002594	0.9496312737464905
0.00818273052573204	0.9918172955513
0.9158055186271667	0.08419448137283325
0.9861763119697571	0.013823737390339375
0.246347114443779	0.7536528706550598
0.37982305884361267	0.6201769113540649
0.049548886716365814	0.9504510760307312
0.8478947877883911	0.15210522711277008
0.3810051679611206	0.6189948320388794
0.94817054271698	0.051829446107149124
0.20078086853027344	0.7992191314697266