0.9039792418479919	0.09602079540491104
0.9583536982536316	0.04164625704288483
0.5826587080955505	0.41734129190444946
0.9193033576011658	0.08069662004709244
0.988336980342865	0.011662960052490234
0.5303666591644287	0.4696333408355713
0.4415673017501831	0.5584326386451721
0.8935235142707825	0.10647650808095932
2.5673307391116396e-05	0.9999743700027466
0.662956178188324	0.337043821811676
0.2249821424484253	0.7750178575515747
0.049764588475227356	0.9502354264259338
0.2010774463415146	0.798922598361969
0.020492147654294968	0.9795078635215759
0.5727042555809021	0.4272957146167755
0.4997594356536865	0.5002405643463135
0.08052074164152145	0.919479250907898
0.9068355560302734	0.09316442161798477
0.1148894876241684	0.8851104974746704
0.9639062285423279	0.03609372675418854
0.02209673821926117	0.9779033064842224
0.019318560138344765	0.9806814789772034
0.500921368598938	0.499078631401062
0.9511045217514038	0.04889543727040291
0.13403528928756714	0.8659647107124329
0.7320207357406616	0.2679791748523712
0.015078519470989704	0.9849215149879456
0.20689211785793304	0.7931079268455505
0.06068599969148636	0.939314067363739
0.36159828305244446	0.6384016871452332
0.18947865068912506	0.8105214238166809
0.5219677090644836	0.47803232073783875
0.9956648945808411	0.004335091914981604
0.05206069350242615	0.9479393362998962
0.5566409826278687	0.44335901737213135
0.010048958472907543	0.9899510741233826
0.9844294786453247	0.015570508316159248
0.8886037468910217	0.11139620840549469
0.5729706287384033	0.4270293712615967
0.9054842591285706	0.09451575577259064
0.42486682534217834	0.5751331448554993
0.8591023087501526	0.1408976912498474
0.3191814124584198	0.6808185577392578
0.8415052890777588	0.1584947258234024
0.4204810857772827	0.5795189738273621
0.05320895090699196	0.9467911124229431
0.4633882939815521	0.5366116762161255
0.9819382429122925	0.018061812967061996
0.3018256723880768	0.6981743574142456
0.09626313298940659	0.9037368893623352
0.9738560318946838	0.026143912225961685
0.27086207270622253	0.7291379570960999
0.07910729944705963	0.9208927154541016
0.5422449707984924	0.4577549993991852
0.44548073410987854	0.5545192956924438
0.9949331879615784	0.00506683299317956
0.8546282052993774	0.14537185430526733
0.9471225738525391	0.05287743732333183
0.0005812811432406306	0.9994187355041504
0.40583276748657227	0.5941672325134277
0.04543480649590492	0.954565167427063
0.22471913695335388	0.7752808928489685
0.5163604617118835	0.48363959789276123
0.22268518805503845	0.7773147821426392
0.7521493434906006	0.24785064160823822
0.6972935199737549	0.30270645022392273
0.9905006885528564	0.009499243460595608
0.4500821530818939	0.5499178767204285
0.4274342656135559	0.5725656747817993
0.0015313297044485807	0.9984686970710754
0.6718116998672485	0.3281882703304291
0.9794707894325256	0.020529191941022873
0.854832112789154	0.14516787230968475
0.5541285872459412	0.44587138295173645
0.09205298870801926	0.9079470634460449
0.8431629538536072	0.15683704614639282
0.11398203670978546	0.8860179781913757
0.8697435855865479	0.13025642931461334
0.9944625496864319	0.00553745124489069
0.9720401167869568	0.027959907427430153
0.9251458048820496	0.07485421746969223
0.9764713048934937	0.023528659716248512
0.30914169549942017	0.6908583045005798
0.13477687537670135	0.8652231097221375
0.9392436146736145	0.060756437480449677
0.04532993957400322	0.9546701312065125
0.1816471517086029	0.8183528780937195
0.29637786746025085	0.7036221027374268
0.9979526996612549	0.002047233283519745
0.9959656000137329	0.004034420475363731
0.9864218235015869	0.013578235171735287
0.44260674715042114	0.5573932528495789
0.0010681978892534971	0.9989318251609802
0.9827218651771545	0.017278147861361504
0.005806739442050457	0.9941932559013367
0.004513437859714031	0.9954865574836731
0.9994465708732605	0.0005534032825380564
0.021894395351409912	0.9781055450439453
0.7591989636421204	0.24080106616020203
0.8782221674919128	0.12177783250808716
0.04897068068385124	0.9510293006896973
0.24691973626613617	0.7530803084373474
0.88741534948349	0.11258457601070404
0.0050216191448271275	0.9949783682823181
0.9228902459144592	0.07710980623960495
0.055542197078466415	0.9444577693939209
0.84577476978302	0.1542252153158188
0.48540908098220825	0.514590859413147
0.9493862390518188	0.05061374604701996
0.9906753301620483	0.009324616752564907
0.8664891719818115	0.13351090252399445
0.4435770809650421	0.5564229488372803
0.6158035397529602	0.384196400642395
0.8869083523750305	0.11309164762496948
0.5541418194770813	0.4458581209182739
0.9972825050354004	0.002717493800446391
0.9319907426834106	0.06800928711891174
0.9012707471847534	0.09872930496931076
0.08047425746917725	0.9195257425308228
0.4363803267478943	0.5636196136474609
0.3070606589317322	0.6929393410682678
0.1147100031375885	0.8852900266647339
0.9393381476402283	0.06066190451383591
0.7957649827003479	0.2042350471019745
0.4555853307247162	0.5444146990776062
0.12727315723896027	0.8727267980575562
0.9710212349891663	0.028978710994124413
0.5214139223098755	0.4785860478878021
0.9727527499198914	0.02724723517894745
0.23733502626419067	0.7626649141311646
0.36195650696754456	0.6380435228347778
0.08557045459747314	0.9144295454025269
0.3469824492931366	0.6530175805091858
0.012317179702222347	0.9876827597618103
0.416363924741745	0.5836361050605774
0.7851966619491577	0.2148033082485199
0.9135500192642212	0.08644998073577881
0.9690743684768677	0.030925696715712547
0.29347988963127136	0.706520140171051
0.9942386150360107	0.005761333275586367
0.12043646723031998	0.8795634508132935
0.2525506913661957	0.7474493384361267
0.5723488330841064	0.42765119671821594
0.029713181778788567	0.9702868461608887
0.08648474514484406	0.9135152697563171
0.22597499191761017	0.7740250825881958
0.991859495639801	0.008140486665070057
0.9914360642433167	0.008563891053199768
0.0006535177235491574	0.9993464350700378
0.0018010307103395462	0.9981990456581116
0.27766427397727966	0.7223357558250427
0.20058473944664001	0.7994152307510376
0.15012337267398834	0.8498766422271729
0.4021624028682709	0.5978375673294067
0.05650612711906433	0.9434939026832581
0.6739367842674255	0.3260631859302521
0.980262815952301	0.01973717100918293
0.9995253086090088	0.00047470652498304844
0.9997205138206482	0.00027942555607296526
0.9488298892974854	0.051170095801353455
0.34013399481773376	0.6598660349845886
0.22894971072673798	0.7710503339767456
0.7725965976715088	0.2274034470319748
0.13678842782974243	0.8632115721702576
0.8634064793586731	0.1365935206413269
0.007939271628856659	0.9920607805252075
0.555116593837738	0.44488340616226196
0.9874704480171204	0.012529483065009117
0.9695655107498169	0.030434513464570045
0.024947630241513252	0.9750524163246155
0.006784910801798105	0.9932150840759277
0.423807293176651	0.5761926770210266
0.12302684783935547	0.8769731521606445
0.09547793120145798	0.9045220613479614
0.08993031829595566	0.9100696444511414
0.6618756651878357	0.3381243646144867
0.9985816478729248	0.0014184133615344763
0.09140162169933319	0.9085983633995056
0.8342158198356628	0.16578418016433716
0.8891863226890564	0.1108136773109436
0.030402276664972305	0.9695976376533508
0.39774516224861145	0.6022548079490662
0.8757163882255554	0.12428364157676697
0.2567569315433502	0.7432430386543274
0.720758855342865	0.2792411148548126
0.007245127577334642	0.9927548766136169
0.3614612817764282	0.6385387182235718
0.07427112758159637	0.9257288575172424
0.7225362658500671	0.2774637043476105
0.9776619076728821	0.02233809232711792
0.04522954672574997	0.9547703862190247
0.5042500495910645	0.49574992060661316
0.9845251441001892	0.015474874526262283
0.9908360242843628	0.009163997136056423
0.21949338912963867	0.7805066108703613
0.9807974100112915	0.019202571362257004
0.9927166104316711	0.007283470127731562
0.9671287536621094	0.03287126123905182
0.9892235994338989	0.010776416398584843
0.05156395211815834	0.9484360814094543
0.9987465143203735	0.0012534292181953788
0.7116490602493286	0.2883509695529938
0.10876531898975372	0.8912346363067627
0.9025170207023621	0.09748298674821854
0.023704860359430313	0.9762951135635376
0.8937713503837585	0.10622870177030563
0.2809723913669586	0.719027578830719
0.7009546756744385	0.29904526472091675
0.17952018976211548	0.8204798102378845
0.2030712366104126	0.7969288229942322
0.9674957394599915	0.03250429779291153
0.013528483919799328	0.9864715933799744
0.966535747051239	0.03346428647637367
0.5904592275619507	0.4095408022403717
0.4071265757083893	0.5928733944892883
0.2479374259710312	0.7520625591278076
0.2680670917034149	0.7319329380989075
0.8785824179649353	0.12141760438680649
0.16288504004478455	0.8371149897575378
0.03874797746539116	0.9612520337104797
0.8320504426956177	0.16794957220554352
0.997819185256958	0.0021807700395584106
0.0019321027211844921	0.9980679154396057
0.9997102618217468	0.00028970668790861964
0.209132581949234	0.7908673882484436
0.34928521513938904	0.6507148146629333
0.14784091711044312	0.8521590828895569
0.046181149780750275	0.9538188576698303
0.10936866700649261	0.8906313180923462
0.1325758546590805	0.8674241304397583
0.8203367590904236	0.17966316640377045
0.03051978163421154	0.9694802165031433
0.03667398542165756	0.9633259773254395
0.2366618514060974	0.7633380889892578
0.7476492524147034	0.25235071778297424
0.35713496804237366	0.642865002155304
0.0524299219250679	0.9475701451301575
0.05949099734425545	0.940509021282196
0.0854320228099823	0.9145680069923401
0.21020501852035522	0.789794921875
0.10579440742731094	0.8942055702209473
0.04296711087226868	0.9570329189300537
0.9986962676048279	0.0013037645258009434
0.34642860293388367	0.6535714268684387
0.0024418251123279333	0.9975581169128418
0.79095458984375	0.20904546976089478
0.2769443690776825	0.7230556607246399
0.03147543594241142	0.9685245156288147
0.9782388806343079	0.021761124953627586
0.016954446211457253	0.9830455780029297
0.9401625394821167	0.059837400913238525
0.999916672706604	8.33066733321175e-05
0.9980541467666626	0.00194590596947819
0.08263421058654785	0.9173657298088074
0.9950120449066162	0.004987996071577072
0.8203213810920715	0.17967860400676727
0.9131314158439636	0.08686861395835876
0.07233812659978867	0.9276618957519531
0.4018701910972595	0.5981298089027405
0.9946326017379761	0.0053673698566854
0.4430852234363556	0.5569148063659668
0.7631107568740845	0.23688925802707672
0.8091378211975098	0.19086211919784546
0.915515124797821	0.08448482304811478
0.9575679302215576	0.04243208467960358
0.7543414831161499	0.24565844237804413
0.1541522741317749	0.8458477854728699
0.006457366049289703	0.9935426712036133
0.08736354857683182	0.9126365184783936
0.9460641741752625	0.053935837000608444
0.10717998445034027	0.8928200006484985
0.9351091384887695	0.06489085406064987
0.6976900696754456	0.30230996012687683
0.7905499935150146	0.20945008099079132
0.9929348826408386	0.007065079174935818
0.15570186078548431	0.8442980647087097
0.9999030828475952	9.691613377071917e-05
0.2844286561012268	0.7155713438987732
0.008645371533930302	0.9913546442985535
0.032072264701128006	0.9679277539253235
0.10257188975811005	0.8974281549453735
0.011343849822878838	0.9886561632156372
0.03482433035969734	0.9651756286621094
0.1409468650817871	0.8590530753135681
0.530262291431427	0.4697377681732178
0.3723674714565277	0.6276325583457947
0.7714461088180542	0.22855381667613983
0.3884490728378296	0.6115508675575256
0.2353218048810959	0.7646782398223877
0.8736820220947266	0.12631802260875702
0.9673593044281006	0.03264068812131882
0.5066781640052795	0.49332180619239807
0.9773240685462952	0.02267596870660782
0.45740368962287903	0.5425963401794434
0.7376949191093445	0.2623051106929779
0.9382976293563843	0.061702389270067215
0.99404376745224	0.005956247914582491
0.013216402381658554	0.9867836236953735
0.10930582135915756	0.8906942009925842
0.06001473218202591	0.9399852752685547
0.16202574968338013	0.8379742503166199
0.2700742781162262	0.7299257516860962
0.015370977111160755	0.9846290349960327
0.9615205526351929	0.03847941756248474
0.8322361707687378	0.16776376962661743
0.9998179078102112	0.00018209710833616555
0.0006071273819543421	0.9993928670883179
0.1786222755908966	0.8213777542114258
0.9898067116737366	0.010193266905844212
0.29774823784828186	0.7022517919540405
0.9979113936424255	0.0020885623525828123
0.9788830876350403	0.021116942167282104
0.7589730620384216	0.24102696776390076
0.35900068283081055	0.6409993171691895
0.9859695434570312	0.0140304546803236
0.5308838486671448	0.4691162109375
0.004573981277644634	0.9954259991645813
0.9714031219482422	0.02859693020582199
0.32361623644828796	0.6763837337493896
0.2377459853887558	0.762253999710083
0.988937497138977	0.011062489822506905
0.670472264289856	0.32952776551246643
0.4090290069580078	0.5909709334373474
0.1167232096195221	0.8832768201828003
0.09754630923271179	0.9024536609649658
0.9195038676261902	0.0804961770772934
0.9603437185287476	0.03965625911951065
0.8426693081855774	0.157330721616745
0.8654685020446777	0.13453152775764465
0.5735611319541931	0.4264388680458069
0.34855183959007263	0.651448130607605
0.4531891345977783	0.5468108654022217
0.8021129369735718	0.19788703322410583
0.7729904055595398	0.2270096242427826
0.7296553254127502	0.27034470438957214
0.4045376181602478	0.5954623222351074
0.9450143575668335	0.054985687136650085
0.6157450675964355	0.38425490260124207
0.014287929981946945	0.9857121109962463
0.8340563178062439	0.1659436821937561
0.3121435344219208	0.6878564357757568
0.6266704201698303	0.3733295500278473
0.31333422660827637	0.6866657733917236
0.1661737561225891	0.8338262438774109
0.09428374469280243	0.9057162404060364
0.012579197064042091	0.9874208569526672
0.45774683356285095	0.5422531366348267
0.29522839188575745	0.7047715783119202
0.9946346282958984	0.005365379620343447
0.9573800563812256	0.04261995479464531
0.8342903852462769	0.16570962965488434
0.02325112745165825	0.9767488241195679
0.6325836181640625	0.3674164116382599
0.6635361313819885	0.33646389842033386
0.6873165965080261	0.31268349289894104
0.9293533563613892	0.07064667344093323
0.016470283269882202	0.9835297465324402
0.776695191860199	0.22330479323863983
0.8996167778968811	0.10038316994905472
0.9986386895179749	0.001361323520541191
0.20600314438343048	0.7939968109130859
0.7560592293739319	0.24394074082374573
0.10840501636266708	0.8915950059890747
0.9957994818687439	0.004200501833111048
0.9530677795410156	0.046932220458984375
0.9989176988601685	0.0010823755292221904
0.9966076612472534	0.003392348764464259
0.0013168059522286057	0.9986831545829773
0.9910117387771606	0.008988317102193832
0.7539672255516052	0.24603271484375
0.33416518568992615	0.6658348441123962
0.4934001564979553	0.5065999031066895
0.6035254597663879	0.39647457003593445
0.007680513896048069	0.9923195242881775
0.9935258626937866	0.0064741396345198154
0.00609077513217926	0.9939092397689819
0.6752033829689026	0.3247966468334198
0.5619495511054993	0.43805041909217834
0.316923588514328	0.6830764412879944
0.003119176719337702	0.9968808889389038
0.9973354935646057	0.0026645332109183073
0.17405055463314056	0.8259493708610535
0.3936013877391815	0.6063986420631409
0.36616766452789307	0.6338323950767517
0.38098448514938354	0.6190154552459717
0.9327747225761414	0.06722524762153625
0.9962171912193298	0.003782822284847498
0.5249363780021667	0.47506362199783325
0.009194162674248219	0.9908058047294617
0.963211178779602	0.03678878769278526
9.775937542144675e-06	0.9999902248382568
0.9735978841781616	0.026402071118354797
0.9299584031105042	0.07004161924123764
0.9128388166427612	0.08716116100549698
0.9496009945869446	0.050399038940668106
0.9016158580780029	0.09838409721851349
0.005691878963261843	0.9943081736564636
0.9765011668205261	0.02349877543747425
0.7884796857833862	0.21152031421661377
0.6741269826889038	0.3258729875087738
0.012344195507466793	0.987655758857727
0.2558155953884125	0.7441843748092651
0.1347571313381195	0.8652428984642029
0.898954451084137	0.10104558616876602
0.8950198888778687	0.10498011112213135
0.29949527978897095	0.7005046606063843
0.24552491307258606	0.7544751167297363
0.9901462197303772	0.009853744879364967
0.9544084668159485	0.04559154435992241
0.9048041701316833	0.09519578516483307
0.7630770206451416	0.2369229793548584
0.9432737231254578	0.05672620236873627
0.00033825699938461185	0.9996618032455444
0.7841982841491699	0.21580177545547485
0.010057199746370316	0.9899427890777588
0.10902318358421326	0.8909767866134644
0.9462940096855164	0.05370597541332245
0.010853760875761509	0.9891462326049805
0.9215587973594666	0.07844115048646927
0.9930258989334106	0.0069741010665893555
0.4619810879230499	0.5380189418792725
0.5476376414299011	0.45236238837242126
0.0358269102871418	0.9641731381416321
0.940338671207428	0.059661366045475006
0.7514047026634216	0.24859528243541718
0.17456836998462677	0.8254317045211792
0.4595215320587158	0.5404784083366394
0.192111536860466	0.8078884482383728
0.3198268711566925	0.6801731586456299
0.8617633581161499	0.1382366269826889
0.9996731281280518	0.0003269378503318876
0.33141589164733887	0.6685840487480164
0.06257066875696182	0.9374293684959412
0.9607471227645874	0.03925285488367081
0.20845581591129303	0.7915441989898682
0.8865088820457458	0.11349114775657654
0.016225339844822884	0.9837746620178223
0.019940610975027084	0.9800594449043274
0.9932464361190796	0.0067535629495978355
0.21728968620300293	0.7827102541923523
0.6570973992347717	0.34290260076522827
0.5693759918212891	0.43062400817871094
0.9211611151695251	0.07883892208337784
0.00972056481987238	0.990279495716095
0.20616748929023743	0.793832540512085
0.9936075210571289	0.006392450537532568
0.3957763612270355	0.6042236685752869
0.9031445384025574	0.09685540944337845
0.9412290453910828	0.058770935982465744
0.327578604221344	0.6724214553833008
0.49145251512527466	0.5085474252700806
0.2337568998336792	0.7662431001663208
0.9443956017494202	0.05560436099767685
0.9725507497787476	0.0274492334574461
0.03607887402176857	0.963921070098877
0.9734130501747131	0.02658691257238388
0.99710613489151	0.0028938152827322483
0.6213434338569641	0.3786565661430359
0.10595256090164185	0.8940474987030029
0.37633684277534485	0.6236631274223328
0.08156613260507584	0.9184339046478271
0.7445437908172607	0.25545617938041687
0.8303316235542297	0.16966839134693146
0.09742335230112076	0.9025766849517822
0.008493062108755112	0.9915069937705994
0.9696979522705078	0.030302057042717934
0.15215390920639038	0.8478460907936096
0.939463198184967	0.06053677946329117
0.9319024085998535	0.0680975690484047
0.9925293326377869	0.007470628712326288
0.405677855014801	0.5943220853805542
0.21965691447257996	0.7803431153297424
0.998890221118927	0.0011098503600805998
0.6879579424858093	0.31204214692115784
0.9934219717979431	0.006578095257282257
0.22523237764835358	0.7747676968574524
0.39357879757881165	0.6064212322235107
0.7993497252464294	0.20065027475357056
0.7967799305915833	0.20322009921073914
0.9312586188316345	0.06874136626720428
0.062320951372385025	0.9376790523529053
0.9016658067703247	0.09833422303199768
0.25776544213294983	0.7422345280647278
0.008641195483505726	0.9913588762283325
0.42863017320632935	0.5713698267936707
0.01825910620391369	0.9817408919334412
0.3527441918849945	0.6472557783126831
0.09072990715503693	0.9092701077461243
0.9473887085914612	0.052611224353313446
0.4400410056114197	0.5599589347839355
0.9997777342796326	0.00022227516456041485
0.9355752468109131	0.06442471593618393
0.12348094582557678	0.8765190243721008
0.6839144825935364	0.3160855174064636
0.028303515166044235	0.9716964960098267
0.5355666875839233	0.4644332528114319
5.161114677321166e-05	0.9999483823776245
0.23961013555526733	0.7603898644447327
0.7664873600006104	0.23351266980171204
0.4369579255580902	0.5630421042442322
0.9469289779663086	0.05307101085782051
0.9860278367996216	0.013972130604088306
0.6097570657730103	0.39024290442466736
0.9825641512870789	0.017435800284147263
0.14483460783958435	0.8551653623580933
0.7100650668144226	0.2899349629878998
0.8400923609733582	0.15990756452083588
0.5874488949775696	0.41255107522010803
0.9056932926177979	0.09430672973394394
0.07232900708913803	0.9276710152626038
0.2059990018606186	0.794001042842865
0.0029630453791469336	0.9970369338989258
0.4817838966846466	0.518216073513031
0.011275266297161579	0.9887247681617737
0.23021425306797028	0.7697857618331909
0.00033373627229593694	0.9996662139892578
0.40132829546928406	0.5986716747283936
0.02399267628788948	0.9760072827339172
0.9947138428688049	0.005286150611937046
0.05219338461756706	0.9478065967559814
0.9484156966209412	0.051584310829639435
0.9439895153045654	0.056010473519563675
0.7921521067619324	0.20784789323806763
0.845309317111969	0.15469065308570862
0.19598408043384552	0.8040159344673157
0.009084586054086685	0.9909153580665588
0.3291538655757904	0.6708461046218872
0.8178767561912537	0.18212322890758514
0.9924722909927368	0.007527769077569246
0.8463059067726135	0.15369412302970886
0.999790608882904	0.00020938937086611986
0.8976444005966187	0.10235565155744553
0.9869275689125061	0.013072415255010128
0.84762042760849	0.15237949788570404
0.5972038507461548	0.4027961790561676
0.15212982892990112	0.8478701710700989
0.9801929593086243	0.019807014614343643
0.8211551308631897	0.1788448691368103
0.16281020641326904	0.837189793586731
0.978398859500885	0.021601108834147453
0.9326585531234741	0.06734149903059006
0.9882919192314148	0.01170807983726263
0.13968130946159363	0.8603187203407288
0.03668124973773956	0.9633187651634216
0.0006356257945299149	0.99936443567276
0.9777674078941345	0.02223254181444645
0.9895092248916626	0.010490733198821545
0.9808012843132019	0.019198743626475334
0.5131055116653442	0.48689451813697815
0.8799129724502563	0.12008702754974365
0.9772917032241821	0.0227082297205925
0.9579740762710571	0.04202592372894287
0.1686762273311615	0.8313237428665161
0.0032816443126648664	0.9967183470726013
0.4550917148590088	0.544908344745636
0.25544217228889465	0.7445578575134277
0.8537101745605469	0.14628982543945312
0.23306642472743988	0.7669336199760437
0.006097796373069286	0.9939022064208984
0.33420026302337646	0.6657997369766235
0.2132568210363388	0.7867431640625
0.8795496225357056	0.12045029550790787
0.99764084815979	0.0023591588251292706
0.9909810423851013	0.009018996730446815
0.2547774910926819	0.7452225685119629
0.7178516983985901	0.2821483612060547
0.9397966265678406	0.06020329147577286
0.7596951127052307	0.2403048872947693
0.11361870169639587	0.8863812685012817
0.0005152025260031223	0.9994847774505615
0.6171448230743408	0.3828551471233368
0.5305531024932861	0.4694468677043915
0.6196252703666687	0.3803746998310089
0.9983019828796387	0.0016979395877569914
0.96056067943573	0.03943931311368942
0.7888924479484558	0.21110759675502777
0.2534540295600891	0.7465459108352661
0.43115225434303284	0.5688477158546448
0.01190731581300497	0.9880926012992859
0.9688050746917725	0.031194979324936867
0.12655997276306152	0.8734400272369385
0.03641883283853531	0.9635811448097229
0.9317172169685364	0.06828280538320541
0.26147210597991943	0.7385279536247253
0.09451121091842651	0.9054887294769287
0.048758987337350845	0.9512409567832947
0.7009188532829285	0.29908114671707153
0.79499351978302	0.20500651001930237
0.6867609620094299	0.3132390081882477
0.051084909588098526	0.9489151239395142
0.24176689982414246	0.7582330703735352
0.30831238627433777	0.6916875839233398
0.7443301677703857	0.2556697726249695
0.7378776669502258	0.26212233304977417
0.026154598221182823	0.9738454222679138
0.025394396856427193	0.9746056199073792
0.9515693187713623	0.04843069612979889
0.8457656502723694	0.15423431992530823
0.06981287896633148	0.9301871061325073
0.10102824121713638	0.8989717960357666
0.7653552889823914	0.23464466631412506
0.8823336362838745	0.11766635626554489
0.9610072374343872	0.038992803543806076
0.12041247636079788	0.8795875310897827
0.30900177359580994	0.6909982562065125
0.029910294339060783	0.9700896739959717
0.506405234336853	0.4935947358608246
0.6160886883735657	0.38391128182411194
0.9387367367744446	0.061263252049684525
0.0030353276524692774	0.9969646334648132
0.2645407021045685	0.7354593276977539
0.2094075232744217	0.7905924320220947
0.37201988697052	0.6279800534248352
0.012516924180090427	0.9874831438064575
0.9999449253082275	5.511696872417815e-05
0.9599618315696716	0.040038175880908966
0.17495475709438324	0.8250452280044556
0.054832860827445984	0.9451671242713928
0.9425921440124512	0.057407863438129425
0.0008548699552193284	0.9991451501846313
0.4901070296764374	0.5098929405212402
0.4394764006137848	0.5605236291885376
0.04679687321186066	0.9532031416893005
0.9367365837097168	0.06326345354318619
0.7828348278999329	0.21716523170471191
0.10158711671829224	0.8984128832817078
0.0978710800409317	0.9021288752555847
0.24465876817703247	0.7553412318229675
0.3715820014476776	0.62841796875
0.03753480315208435	0.962465226650238
0.14292995631694794	0.8570700287818909
0.38194191455841064	0.6180580854415894
0.9264420866966248	0.07355792820453644
0.16582109034061432	0.8341788649559021
0.9531226754188538	0.046877309679985046
0.04186113923788071	0.9581388235092163
0.02482757158577442	0.9751724600791931
0.003373980289325118	0.9966260194778442
0.625277578830719	0.3747224509716034
0.8616535067558289	0.13834644854068756
0.4680841565132141	0.5319158434867859
0.26249411702156067	0.7375059723854065
0.21967031061649323	0.780329704284668
0.9908140301704407	0.009185991249978542
0.06420959532260895	0.9357904195785522
0.014043152332305908	0.9859569072723389
0.5646112561225891	0.43538880348205566
0.01040604617446661	0.9895939826965332
0.9451786279678345	0.05482136830687523
0.9009745121002197	0.09902550280094147
0.08400443196296692	0.9159955978393555
0.43328753113746643	0.5667124390602112
0.9944472312927246	0.005552786402404308
0.3063198924064636	0.6936801075935364
0.7708246111869812	0.2291754186153412
0.1993684321641922	0.800631582736969
0.1903022974729538	0.809697687625885
0.9811040163040161	0.018895959481596947
0.014444179832935333	0.98555588722229
0.9969072937965393	0.0030926747713238
0.7841969132423401	0.21580301225185394
0.39139512181282043	0.608604907989502
0.015325699932873249	0.984674334526062
0.7017931938171387	0.29820677638053894
0.007568575441837311	0.9924314022064209
0.9116199016571045	0.08838006108999252
0.0054475232027471066	0.9945525527000427
0.8443828821182251	0.1556171029806137
0.9528580904006958	0.04714193195104599
0.12088952958583832	0.8791104555130005
0.33758124709129333	0.6624187231063843
0.14528580009937286	0.8547142148017883
0.8135524988174438	0.18644747138023376
0.7525464296340942	0.24745354056358337
0.11444874107837677	0.8855513334274292
0.8267964124679565	0.17320358753204346
0.7225021123886108	0.2774978280067444
0.0008342098444700241	0.9991657733917236
0.05019371211528778	0.9498062133789062
0.6478122472763062	0.35218778252601624
0.4011339545249939	0.5988660454750061
0.709395170211792	0.2906048595905304
0.23854514956474304	0.7614548206329346
0.5472912192344666	0.45270875096321106
0.0013400160241872072	0.9986599683761597
0.5004017353057861	0.4995981752872467
0.28633958101272583	0.7136604189872742
0.010414975695312023	0.9895849823951721
0.33679965138435364	0.6632003784179688
0.9884739518165588	0.011526030488312244
0.6456078290939331	0.3543921411037445
0.04951906204223633	0.9504808783531189
0.029012741521000862	0.9709872007369995
0.465984970331192	0.5340149998664856
0.8774146437644958	0.12258533388376236
0.044731851667165756	0.955268144607544
0.5597431659698486	0.44025683403015137
0.6648175120353699	0.3351825177669525
0.8757158517837524	0.12428423017263412
0.9676868319511414	0.032313186675310135
0.7626868486404419	0.2373131662607193
0.6225712895393372	0.37742874026298523
0.07699481397867203	0.9230051636695862
0.11536853015422821	0.8846314549446106
0.8096227049827576	0.19037730991840363
0.34291183948516846	0.6570881605148315
0.996581494808197	0.0034184646792709827
0.010867580771446228	0.9891323447227478
0.7583053708076477	0.24169467389583588
0.40444985032081604	0.5955501198768616
0.9956515431404114	0.004348472226411104
0.14105230569839478	0.8589476943016052
0.21147234737873077	0.7885276675224304
0.9836033582687378	0.016396695747971535
0.8829125761985779	0.11708738654851913
0.9945865869522095	0.005413445644080639
0.4742835760116577	0.5257164239883423
0.005108939949423075	0.9948910474777222
0.6155605316162109	0.38443952798843384
0.9506039023399353	0.04939604178071022
0.0008982042782008648	0.9991018772125244
0.974287748336792	0.025712257251143456
0.08427324891090393	0.9157267212867737
0.34466350078582764	0.6553364396095276
0.4363309144973755	0.5636690258979797
0.39181214570999146	0.6081878542900085
0.33776357769966125	0.6622363924980164
0.8463125228881836	0.1536875069141388
0.859944224357605	0.14005577564239502
0.11072983592748642	0.8892701268196106
0.7703897356987	0.22961029410362244
0.08321043848991394	0.9167895913124084
0.243096724152565	0.7569032907485962
0.9455181956291199	0.05448184162378311
0.8145084381103516	0.18549154698848724
0.9345250725746155	0.0654749870300293
0.1460798978805542	0.8539201021194458
0.40307101607322693	0.5969290137290955
0.7884792685508728	0.211520716547966
0.004517727065831423	0.995482325553894
0.34094831347465515	0.6590516567230225
0.20858998596668243	0.7914100885391235
0.2678614854812622	0.7321385145187378
0.43554237484931946	0.5644576549530029
0.8304735422134399	0.16952651739120483
0.999747097492218	0.00025294406805187464
0.9210367798805237	0.07896322757005692
0.9476193785667419	0.05238061770796776
0.9445281624794006	0.05547180026769638
0.6429545879364014	0.35704535245895386
0.8090890049934387	0.19091103971004486
0.5103535652160645	0.48964637517929077
0.7363761067390442	0.2636238932609558
0.0035783229395747185	0.9964216947555542
0.3390212655067444	0.6609787344932556
0.1764126867055893	0.8235872983932495
0.9942399263381958	0.005760055501013994
0.8223777413368225	0.17762228846549988
0.028174523264169693	0.9718254804611206
3.631810250226408e-05	0.999963641166687
0.4300583600997925	0.5699416399002075
0.7925364375114441	0.2074635922908783
0.029799550771713257	0.9702004194259644
0.0009694550535641611	0.999030590057373
0.32385745644569397	0.6761425137519836
0.14809492230415344	0.851905107498169
0.023863576352596283	0.9761364459991455
0.646397590637207	0.35360240936279297
0.05877561867237091	0.9412243962287903
0.7524035573005676	0.24759647250175476
0.19836784899234772	0.8016322255134583
0.9993876218795776	0.0006123316125012934
0.10752379149198532	0.8924762010574341
0.28199923038482666	0.7180008292198181
0.9951281547546387	0.004871800541877747
0.014200742356479168	0.9857993125915527
0.4355145990848541	0.5644853711128235
0.8402615785598755	0.1597384363412857
0.9157409071922302	0.08425913006067276
0.3356740176677704	0.664326012134552
0.08030005544424057	0.9196999669075012
0.6973860263824463	0.3026140034198761
0.8030427098274231	0.19695734977722168
0.1745390146970749	0.8254610300064087
0.3328728675842285	0.6671271324157715
0.8616700768470764	0.13832993805408478
0.9764785766601562	0.023521386086940765
0.9913307428359985	0.008669271133840084
0.6692003011703491	0.33079972863197327
0.9458289742469788	0.05417108163237572
0.954656183719635	0.0453437864780426
0.009229275397956371	0.990770697593689
0.6606919765472412	0.3393079936504364
0.569777250289917	0.4302227795124054
0.01693527214229107	0.9830647110939026
0.9981198906898499	0.0018801186233758926
0.033738572150468826	0.9662613868713379
0.987384557723999	0.012615406885743141
0.5751693248748779	0.4248306453227997
0.9749230146408081	0.02507702074944973
0.047435909509658813	0.9525640606880188
0.6988524198532104	0.3011475205421448
0.9662898778915405	0.03371014446020126
0.32271307706832886	0.6772869825363159
0.05850760638713837	0.9414924383163452
0.982501745223999	0.017498232424259186
0.08600502461194992	0.9139949083328247
0.8980730175971985	0.1019270122051239
0.2802271246910095	0.7197728753089905
0.45378953218460083	0.5462104082107544
0.3650227189064026	0.6349772810935974
0.014878612011671066	0.9851213693618774
0.8523281812667847	0.14767184853553772
0.03502189368009567	0.9649781584739685
0.00017878452490549535	0.9998212456703186
0.144589364528656	0.8554105758666992
0.511315107345581	0.48868492245674133
0.5793584585189819	0.42064157128334045
0.1582140177488327	0.8417860269546509
0.8322634696960449	0.16773651540279388
0.6674187779426575	0.33258119225502014
0.5298692584037781	0.4701308012008667
0.9996052384376526	0.00039474418736062944
0.9385102987289429	0.06148969382047653
0.8333421349525452	0.16665785014629364
0.00900268368422985	0.990997314453125
0.004813483450561762	0.9951865077018738
0.00024842139100655913	0.999751627445221
0.5288951396942139	0.4711048901081085
0.9489662051200867	0.051033828407526016
0.9610875844955444	0.03891235217452049
0.8908489346504211	0.10915101319551468
0.9822211861610413	0.017778808251023293
0.037535689771175385	0.9624643325805664
0.0025141811929643154	0.9974857568740845
0.0033507118932902813	0.9966493248939514
0.9239917397499084	0.07600826025009155
0.16379483044147491	0.8362051844596863
0.018447162583470345	0.9815528988838196
0.013262594118714333	0.9867374300956726
0.7887507081031799	0.21124930679798126
0.9960318207740784	0.003968214150518179
0.18518590927124023	0.8148140907287598
0.5258437991142273	0.4741562604904175
0.9431148767471313	0.056885089725255966
9.832157047640067e-06	0.9999902248382568
0.9837537407875061	0.01624619960784912
0.9766486287117004	0.02335139736533165
0.9993174076080322	0.000682661950122565
0.6205397844314575	0.3794602155685425
0.8458256721496582	0.15417437255382538
0.8135778903961182	0.18642213940620422
0.995724081993103	0.004275858402252197
0.997112512588501	0.0028874354902654886
0.987911581993103	0.012088404037058353
0.18794694542884827	0.8120530843734741
0.9208984971046448	0.07910154014825821
0.35774141550064087	0.6422586441040039
0.19339868426322937	0.806601345539093
0.8016089797019958	0.19839097559452057
0.8144659996032715	0.18553398549556732
0.0027016964741051197	0.9972983002662659
0.002070556627586484	0.9979294538497925
0.4513717293739319	0.5486282706260681
0.00018931158410850912	0.9998107552528381
0.04259192571043968	0.9574080109596252
0.08164745569229126	0.9183525443077087
0.04279434680938721	0.9572057127952576
0.7525750398635864	0.2474248856306076
0.5109410285949707	0.4890590012073517
0.012706362642347813	0.9872937202453613
0.010703008621931076	0.9892969727516174
0.567757248878479	0.4322426915168762
0.06823882460594177	0.9317612051963806
0.11139219999313354	0.8886078000068665
0.9985308647155762	0.001469109090976417
0.1265958994626999	0.8734040856361389
0.030730577185750008	0.9692693948745728
0.01772906631231308	0.9822710156440735
0.21087080240249634	0.7891292572021484
0.27961596846580505	0.7203840613365173
0.9928170442581177	0.007182986941188574
0.46064072847366333	0.5393593311309814
0.2895504832267761	0.7104495167732239
0.9893543720245361	0.010645627975463867
0.17436832189559937	0.8256316781044006
0.4561920762062073	0.5438079237937927
0.8621679544448853	0.13783204555511475
0.9876396059989929	0.012360396794974804
0.9227350950241089	0.07726489007472992
0.0004329338844399899	0.9995670914649963
0.9101355075836182	0.08986450731754303
0.3144799470901489	0.6855200529098511
0.7002899646759033	0.29971006512641907
0.17061614990234375	0.8293838500976562
0.9653877019882202	0.03461229428648949
0.7406339049339294	0.2593660056591034
0.19783607125282288	0.8021638989448547
0.48665696382522583	0.5133430361747742
0.5907275080680847	0.4092724621295929
0.1585482805967331	0.8414517045021057
0.8855278491973877	0.11447210609912872
0.6493668556213379	0.3506331443786621
0.01029951311647892	0.989700436592102
0.9756474494934082	0.024352602660655975
0.5588427186012268	0.44115734100341797
0.4598816931247711	0.5401183366775513
0.020746663212776184	0.9792532920837402
0.6926878690719604	0.30731213092803955
0.9209182858467102	0.07908174395561218
0.27882322669029236	0.72117680311203
0.286960244178772	0.7130398154258728
0.34675392508506775	0.6532460451126099
0.8275115489959717	0.17248839139938354
0.9951092600822449	0.004890682175755501
0.30360424518585205	0.6963956952095032
0.669877827167511	0.3301221430301666
0.32158714532852173	0.678412914276123
0.1757175475358963	0.8242824673652649
0.9939351677894592	0.006064876448363066
0.1040545254945755	0.8959455490112305
0.0104659553617239	0.9895340800285339
0.9777374267578125	0.022262534126639366
0.9161836504936218	0.08381633460521698
0.038308944553136826	0.9616910815238953
0.006487495265901089	0.9935125708580017
0.5972591638565063	0.40274080634117126
0.20396095514297485	0.7960389852523804
0.08608313649892807	0.9139168858528137
0.004308121278882027	0.9956918358802795
0.943949282169342	0.056050751358270645
0.8964078426361084	0.1035921722650528
0.4992847740650177	0.5007152557373047
0.5269809365272522	0.4730190932750702
0.9993346333503723	0.0006653198506683111
0.92158442735672	0.07841554284095764
0.0009173195576295257	0.9990826845169067
0.04318999499082565	0.9568099975585938
0.0028481418266892433	0.9971518516540527
0.020320389419794083	0.9796796441078186
0.7246144413948059	0.2753855884075165
0.4034839868545532	0.596515953540802
0.9995380640029907	0.00046195273171178997
0.21310073137283325	0.7868993282318115
0.8619628548622131	0.13803713023662567
0.011125280521810055	0.9888746738433838
0.9968096613883972	0.0031903458293527365
0.8333932161331177	0.16660676896572113
0.8849473595619202	0.11505266278982162
0.500531017780304	0.49946892261505127
0.0005264025530777872	0.9994736313819885
0.4074816107749939	0.5925183296203613
0.46039897203445435	0.5396010875701904
0.7226875424385071	0.27731242775917053
0.42822936177253723	0.5717706084251404
0.6501709222793579	0.3498290479183197
0.3383263349533081	0.6616736650466919
0.42028573155403137	0.5797142386436462
0.1247117817401886	0.875288188457489
0.9874826669692993	0.012517377734184265
0.9990127086639404	0.000987216946668923
0.9820021390914917	0.017997844144701958
0.7480727434158325	0.2519271969795227
0.014881253242492676	0.9851186871528625
0.06464691460132599	0.93535315990448
0.0680127739906311	0.9319872260093689
0.17381583154201508	0.8261841535568237
0.7328574061393738	0.2671425938606262
0.00043796145473606884	0.9995620846748352
0.7281502485275269	0.2718498408794403
0.5578396320343018	0.44216033816337585
0.722621500492096	0.27737846970558167
0.015277188271284103	0.9847227334976196
0.0018085213378071785	0.9981915354728699
0.9218786358833313	0.0781213715672493
0.20216263830661774	0.7978373765945435
0.16988742351531982	0.8301125764846802
0.9870840907096863	0.012915839441120625
0.9191559553146362	0.080843985080719
0.3781983554363251	0.6218016743659973
0.36376839876174927	0.6362316012382507
0.9618103504180908	0.03818963095545769
0.04485669732093811	0.9551432728767395
0.5858434438705444	0.4141564965248108
0.49298080801963806	0.5070192217826843
0.12881185114383698	0.8711881637573242
0.9829811453819275	0.017018795013427734
0.08927302062511444	0.9107270240783691
0.588200569152832	0.4117994010448456
0.5442911982536316	0.455708771944046
0.34613412618637085	0.6538658738136292
0.021936751902103424	0.9780632853507996
0.26093173027038574	0.7390682697296143
0.8126078248023987	0.1873922049999237
0.30270251631736755	0.6972975134849548
0.9812474846839905	0.018752535805106163
0.15079575777053833	0.8492043018341064
0.7066801190376282	0.2933199107646942
0.013108489103615284	0.9868914484977722
0.08895313739776611	0.9110468626022339
0.6782397627830505	0.3217602074146271
0.0024249625857919455	0.9975749850273132
0.9864722490310669	0.013527731411159039
0.3388914167881012	0.6611086130142212
0.12563595175743103	0.8743640780448914
0.9985364675521851	0.0014634771505370736
0.22149421274662018	0.7785057425498962
0.2348622828722	0.7651377320289612
0.394043505191803	0.6059564352035522
0.0018839417025446892	0.998116135597229
0.4682052433490753	0.5317947268486023
0.6502247452735901	0.3497752547264099
0.130598783493042	0.869401216506958
0.7461709976196289	0.25382906198501587
0.9169241189956665	0.08307583630084991
0.8835318088531494	0.11646822094917297
0.3504035770893097	0.6495964527130127
0.5836281776428223	0.4163718521595001
0.035615358501672745	0.9643846154212952
0.6308751702308655	0.3691248595714569
0.5693365931510925	0.43066340684890747
0.03354863077402115	0.9664512872695923
0.5307928919792175	0.4692070782184601
0.939141571521759	0.060858353972435
0.06832307577133179	0.931676983833313
0.14400358498096466	0.8559963703155518
0.8378382921218872	0.1621616780757904
0.1820981800556183	0.8179018497467041
0.8812803626060486	0.118719682097435
0.6918975710868835	0.30810242891311646
0.10825306177139282	0.8917469382286072
0.610654890537262	0.38934510946273804
0.0024652150459587574	0.9975347518920898
0.09825526922941208	0.9017446637153625
0.7767900824546814	0.2232099175453186
0.04766694828867912	0.9523330926895142
0.30815041065216064	0.6918495297431946
0.5554561018943787	0.44454386830329895
0.41006025671958923	0.5899397134780884
0.008325162343680859	0.9916748404502869
0.004137660376727581	0.9958623647689819
0.5723108649253845	0.4276891052722931
0.023787645623087883	0.9762123227119446
0.6116049289703369	0.3883950710296631
0.07908325642347336	0.9209167957305908
0.9905115962028503	0.009488397277891636
0.014417465776205063	0.9855824708938599
0.09568831324577332	0.9043117165565491
0.9855475425720215	0.01445253286510706
0.03057478554546833	0.9694252014160156
0.12426397204399109	0.8757360577583313
0.8896716237068176	0.1103283166885376
0.5277748703956604	0.4722250998020172
0.9996979236602783	0.00030214065918698907
0.6366342306137085	0.3633657395839691
0.08984629064798355	0.9101536870002747
0.0865328460931778	0.9134671092033386
0.8903282880783081	0.1096716821193695
0.5885975956916809	0.4114024341106415
0.4235086143016815	0.5764913558959961
0.05733492597937584	0.9426651000976562
0.9944449067115784	0.005555085372179747
0.764431357383728	0.23556871712207794
0.8715062737464905	0.12849374115467072
0.9937995076179504	0.006200501695275307
0.997718095779419	0.0022819670848548412
0.6622931361198425	0.33770689368247986
0.689541220664978	0.3104587495326996
0.03567177429795265	0.9643281698226929
0.7040888667106628	0.29591110348701477
0.7184677124023438	0.2815321981906891
0.8905137181282043	0.10948628187179565
0.9713914394378662	0.028608597815036774
0.0014645959017798305	0.9985353946685791
0.5493443608283997	0.45065557956695557
0.8778918981552124	0.12210813164710999
0.9499377012252808	0.050062328577041626
0.9985185265541077	0.0014814535388723016
0.5307633876800537	0.46923667192459106
0.23879919946193695	0.7612007856369019
0.33541610836982727	0.6645839214324951
0.6026700735092163	0.3973299562931061
0.8830862045288086	0.11691384017467499
0.15426604449748993	0.8457338809967041
0.4388829469680786	0.5611170530319214
0.042516786605119705	0.9574832320213318
0.0067444490268826485	0.9932554960250854
0.09104441106319427	0.9089556336402893
0.7578558325767517	0.2421441525220871
0.9764280915260315	0.023571928963065147
0.014320792630314827	0.9856792092323303
0.9979678988456726	0.0020321328192949295
0.4154994785785675	0.5845004916191101
0.7497861981391907	0.2502138018608093
0.4581335783004761	0.5418664216995239
0.0009815613739192486	0.9990184307098389
0.8603904247283936	0.13960953056812286
0.9526314735412598	0.04736856371164322
0.19415122270584106	0.8058487772941589
0.11112575232982635	0.8888741731643677
0.6641204953193665	0.33587953448295593
0.41326212882995605	0.586737871170044
0.5411641597747803	0.4588359296321869
0.03946366161108017	0.9605363607406616
0.3078714907169342	0.692128598690033
0.9904175400733948	0.00958239659667015
0.9645242094993591	0.03547575697302818
0.681178867816925	0.31882113218307495
0.44055047631263733	0.5594495534896851
0.08682570606470108	0.9131742715835571
0.5041214823722839	0.49587854743003845
0.4878471791744232	0.5121527910232544
0.6955345869064331	0.3044654428958893
0.42694091796875	0.57305908203125
0.020224731415510178	0.9797753095626831
0.10762812197208405	0.8923718929290771
0.024336833506822586	0.9756631255149841
0.053338129073381424	0.9466619491577148
0.007139252964407206	0.992860734462738
0.9929096102714539	0.007090329192578793
0.7895801067352295	0.2104198932647705
0.15079385042190552	0.8492061495780945
0.5838573575019836	0.41614261269569397
0.3594892621040344	0.6405107378959656
0.5731938481330872	0.42680618166923523
0.0039198137819767	0.996080219745636
0.38965898752212524	0.6103410720825195
2.0218327335896902e-05	0.9999797344207764
0.9907432198524475	0.009256736375391483
0.7871735095977783	0.21282649040222168
0.05436069518327713	0.9456392526626587
0.12582482397556305	0.8741751909255981
0.9931159615516663	0.006884103640913963
0.29766690731048584	0.7023331522941589
0.14680734276771545	0.8531926274299622
0.9947947859764099	0.005205260589718819
0.4497746229171753	0.5502253770828247
0.2106972634792328	0.7893027067184448
0.22143645584583282	0.7785635590553284
0.972058117389679	0.027941886335611343
0.594326913356781	0.4056730270385742
0.42647773027420044	0.5735222697257996
0.4859161078929901	0.5140838623046875
0.020828895270824432	0.979171097278595
0.2402556836605072	0.7597442865371704
0.9633783102035522	0.03662167489528656
0.6200987100601196	0.37990128993988037
0.8843503594398499	0.11564958840608597
0.9803143739700317	0.019685575738549232
0.019113199785351753	0.9808868169784546
0.2304920256137848	0.7695079445838928
0.989123523235321	0.010876535438001156
0.5531281232833862	0.44687190651893616
0.90956711769104	0.09043296426534653
0.29113033413887024	0.7088696360588074
0.07237539440393448	0.9276246428489685
0.0014535215450450778	0.9985464215278625
0.11028044670820236	0.889719545841217
0.9781002998352051	0.02189970575273037
0.12355813384056091	0.8764418363571167
0.0017025450943037868	0.9982975125312805
0.25333479046821594	0.7466651797294617
0.15402904152870178	0.8459709286689758
0.0038455072790384293	0.9961544871330261
0.8596178293228149	0.14038223028182983
0.6047231554985046	0.39527684450149536
0.3296695947647095	0.6703303456306458
0.9990930557250977	0.0009069752413779497
0.6104524731636047	0.38954755663871765
0.10996347665786743	0.8900365829467773
0.9863518476486206	0.013648159801959991
0.017596004530787468	0.9824039936065674
0.9406312704086304	0.05936868488788605
0.13404150307178497	0.865958571434021
0.011935371905565262	0.9880645871162415
0.0023732571862637997	0.9976267218589783
0.6222928762435913	0.3777071535587311
0.09527761489152908	0.9047223925590515
0.0665663629770279	0.9334337115287781
0.7787990570068359	0.22120091319084167
0.5396168231964111	0.46038320660591125
0.9914645552635193	0.00853545218706131
0.1634466052055359	0.8365533947944641
0.00047633534995839	0.9995236396789551
0.7731513381004333	0.22684863209724426
0.8755569458007812	0.12444300204515457
0.1843409538269043	0.8156590461730957
0.044990718364715576	0.9550093412399292
0.6781479716300964	0.3218519985675812
0.9311268329620361	0.06887323409318924
0.8292574882507324	0.17074254155158997
0.004413810092955828	0.9955861568450928
0.2574954628944397	0.7425045967102051
0.8094643950462341	0.19053560495376587
0.9772918224334717	0.022708134725689888
0.14431525766849518	0.855684757232666
0.2794499397277832	0.720550000667572
0.38161683082580566	0.6183831691741943
0.018400801345705986	0.9815991520881653
0.31157320737838745	0.6884267330169678
0.4742226302623749	0.5257773995399475
0.01319059357047081	0.9868093729019165
0.9316661357879639	0.0683339461684227
0.8216521143913269	0.1783479005098343
0.017109118402004242	0.9828909039497375
0.7282547950744629	0.2717452645301819
0.044113289564847946	0.9558867812156677
0.020115822553634644	0.979884147644043
0.003547563450410962	0.9964524507522583
0.4421321451663971	0.5578678250312805
0.9982762336730957	0.0017238041618838906
0.9868345856666565	0.013165443204343319
0.32601967453956604	0.6739803552627563
0.964369535446167	0.03563046455383301
0.00026546709705144167	0.9997345805168152
0.008909935131669044	0.9910900592803955
0.9805129766464233	0.019487079232931137
0.9953336119651794	0.004666331689804792
0.8815441131591797	0.11845585703849792
0.9377275705337524	0.06227242574095726
0.22590003907680511	0.7740998864173889
0.18458159267902374	0.8154184222221375
0.8404017686843872	0.1595982164144516
0.25016331672668457	0.7498366832733154
0.16020147502422333	0.8397985100746155
0.9938375353813171	0.006162420380860567
0.4083896279335022	0.5916103720664978
0.45127272605895996	0.54872727394104
0.5280280113220215	0.47197195887565613
0.9740533828735352	0.025946617126464844
0.6657541990280151	0.3342457711696625
0.7112744450569153	0.2887255549430847
0.1896122395992279	0.8103877305984497
0.1788623332977295	0.8211376667022705
0.8812515735626221	0.11874840408563614
0.29398995637893677	0.7060100436210632
0.055497702211141586	0.9445022344589233
0.7329138517379761	0.26708611845970154
0.9988672733306885	0.0011327476240694523
0.01806732639670372	0.9819326996803284
0.599541962146759	0.4004580080509186
0.805069088935852	0.19493092596530914
0.05689656734466553	0.9431034326553345
0.390537828207016	0.6094621419906616
0.09964406490325928	0.9003559350967407
0.9866569638252258	0.013342982158064842
0.4542650580406189	0.5457350015640259
0.1696557253599167	0.8303443193435669
0.7951827049255371	0.20481730997562408
0.190248042345047	0.8097519278526306
0.002726170001551509	0.997273862361908
0.4107188582420349	0.5892811417579651
0.9711417555809021	0.028858235105872154
0.09677242487668991	0.9032276272773743
0.00415017968043685	0.9958498477935791
0.7535369396209717	0.24646307528018951
0.005493328906595707	0.9945066571235657
0.07077046483755112	0.9292294979095459
0.339309424161911	0.6606905460357666
0.5280637741088867	0.47193625569343567
0.9400304555892944	0.05996950343251228
0.5136114954948425	0.4863884449005127
0.9906207323074341	0.009379294700920582
0.8182024359703064	0.1817975789308548
0.02304963208734989	0.9769504070281982
0.634132444858551	0.3658675253391266
0.01986781693994999	0.9801321625709534
0.9151068925857544	0.08489309996366501
0.9988865256309509	0.0011134465457871556
0.7701746225357056	0.22982533276081085
0.8798209428787231	0.12017904967069626
0.7505360841751099	0.24946394562721252
0.9454124569892883	0.054587483406066895
0.7249483466148376	0.27505168318748474
0.7116580605506897	0.2883419692516327
0.688957691192627	0.3110423982143402
0.002214347943663597	0.9977855682373047
0.9762641191482544	0.023735851049423218
0.5213247537612915	0.4786752760410309
0.48243391513824463	0.5175660252571106
0.9749594926834106	0.02504047378897667
0.6719316840171814	0.328068345785141
0.00011590420763241127	0.9998841285705566
0.03991662710905075	0.9600834250450134
0.5754975080490112	0.42450252175331116
0.5221657156944275	0.4778342843055725
0.12292931228876114	0.8770707249641418
0.9993151426315308	0.0006848422926850617
0.9191676378250122	0.08083239197731018
0.4829694628715515	0.5170305371284485
0.8695233464241028	0.1304766982793808
0.6898149847984314	0.3101850748062134
0.6289975047111511	0.37100252509117126
0.9336242079734802	0.06637582182884216
0.9821833372116089	0.017816632986068726
0.9996469020843506	0.0003530581889208406
0.6862795352935791	0.3137204945087433
0.5265017151832581	0.47349828481674194
0.03983835503458977	0.9601616859436035
0.09287109225988388	0.9071289896965027
0.8282486200332642	0.17175143957138062
0.37615644931793213	0.6238435506820679
0.998781144618988	0.0012188537511974573
0.25386688113212585	0.7461331486701965
0.010166327469050884	0.9898337125778198
0.9815160036087036	0.018484041094779968
0.7783575654029846	0.2216423898935318
0.04144485667347908	0.9585551023483276
0.42467358708381653	0.5753263235092163
0.9487117528915405	0.05128822848200798
0.8820335865020752	0.11796639859676361
0.9930576086044312	0.006942374631762505
0.25131914019584656	0.748680830001831
0.9759337306022644	0.02406623773276806
0.9436290860176086	0.056370850652456284
0.9118318557739258	0.08816811442375183
0.9634987115859985	0.03650128096342087
0.005323994904756546	0.9946759939193726
0.9924352765083313	0.007564650848507881
0.6247060894966125	0.37529391050338745
0.851600170135498	0.14839990437030792
0.09440042823553085	0.9055995941162109
0.09290021657943726	0.9070998430252075
0.8794350028038025	0.12056495249271393
0.01977251097559929	0.9802274107933044
0.942274272441864	0.0577256977558136
0.9245474934577942	0.07545245438814163
0.998503565788269	0.001496429555118084
0.8365320563316345	0.1634678989648819
0.11248160898685455	0.8875183463096619
0.013212361373007298	0.9867876768112183
0.3787907660007477	0.6212092041969299
0.35407891869544983	0.6459210515022278
0.4459969401359558	0.5540030598640442
0.9996862411499023	0.0003137564053758979
0.9328707456588745	0.0671292394399643
0.0017802149523049593	0.9982197880744934
0.04590009152889252	0.9540999531745911
0.1913434863090515	0.8086565136909485
0.03782591223716736	0.962174117565155
0.699347972869873	0.30065205693244934
0.9569979906082153	0.04300197213888168
0.10152304917573929	0.8984768986701965
0.9006783366203308	0.099321648478508
0.3334288001060486	0.6665711998939514
0.05450068414211273	0.9454993009567261
0.030653752386569977	0.9693462252616882
0.03289696201682091	0.9671030044555664
0.1525765210390091	0.8474234938621521
0.6879274249076843	0.3120725452899933
0.5093974471092224	0.4906025528907776
0.8825672268867493	0.11743282526731491
0.8542127013206482	0.14578726887702942
0.02910917066037655	0.9708907604217529
0.34355875849723816	0.6564412117004395
0.19305415451526642	0.8069458603858948
0.9997304081916809	0.00026963723939843476
0.00433427095413208	0.9956657290458679
0.14273114502429962	0.8572688698768616
0.9031220078468323	0.09687802940607071
0.09355483949184418	0.9064451456069946
0.06450487673282623	0.9354950785636902
0.044495999813079834	0.9555040597915649
0.39746683835983276	0.6025331616401672
0.6763263940811157	0.32367363572120667
0.9843526482582092	0.01564735732972622
0.10386999696493149	0.8961299657821655
0.006564230192452669	0.9934357404708862
0.7618840932846069	0.23811590671539307
0.7682653069496155	0.2317347228527069
0.03985755890607834	0.9601424336433411
0.4077886641025543	0.5922113656997681
0.9824554920196533	0.017544494941830635
0.17144842445850372	0.8285515308380127
0.24931146204471588	0.7506885528564453
0.17712409794330597	0.8228759169578552
0.3681695759296417	0.6318304538726807
0.0011892687762156129	0.9988107681274414
0.015334934927523136	0.9846650958061218
0.9929032921791077	0.007096730638295412
0.1439463347196579	0.8560537099838257
0.5017756819725037	0.49822428822517395
0.7788430452346802	0.22115691006183624
0.0011165320174768567	0.9988834261894226
0.999556839466095	0.00044319586595520377
0.9793204069137573	0.020679596811532974
0.9986722469329834	0.001327821984887123
0.9887791872024536	0.011220819316804409
0.9837310314178467	0.01626899652183056
0.6870174407958984	0.31298258900642395
0.5336225032806396	0.46637746691703796
0.16627474129199982	0.8337252140045166
0.7593775987625122	0.240622416138649
0.40626898407936096	0.5937309861183167
0.9149805903434753	0.08501936495304108
0.909324049949646	0.09067598730325699
0.6686080098152161	0.3313920199871063
0.0461696982383728	0.9538302421569824
0.04401610419154167	0.9559839367866516
0.15650464594364166	0.8434953093528748
0.03128359466791153	0.9687163829803467
0.06830988079309464	0.9316900968551636
0.9824478030204773	0.01755220629274845
0.7401595711708069	0.2598404288291931
0.7723981142044067	0.22760185599327087
0.5300591588020325	0.46994081139564514
0.6818643808364868	0.3181356191635132
0.7749605178833008	0.2250394970178604
0.5384042263031006	0.4615957736968994
0.25458863377571106	0.7454113960266113
0.9772554039955139	0.022744636982679367
0.4976573586463928	0.5023425817489624
0.41999807953834534	0.5800018906593323
0.9722127914428711	0.027787161991000175
0.9985894560813904	0.0014105594018474221
0.6886825561523438	0.31131747364997864
0.10557388514280319	0.8944261074066162
0.0997200757265091	0.9002799987792969
0.9911212921142578	0.008878694847226143
0.5154415965080261	0.48455843329429626
0.3961201608181	0.6038798689842224
0.4961608946323395	0.5038390755653381
0.9180871248245239	0.08191292732954025
0.006624034605920315	0.9933759570121765
0.09459612518548965	0.9054037928581238
0.7186838388442993	0.2813161313533783
0.9783828854560852	0.02161707729101181
0.42111262679100037	0.5788873434066772
0.3156599700450897	0.6843400597572327
0.2619416415691376	0.7380583882331848
0.09671252220869064	0.9032875299453735
0.998781144618988	0.001218886929564178
0.1465434730052948	0.8534565567970276
0.05318690836429596	0.9468131065368652
0.36751431226730347	0.6324856877326965
0.9166492223739624	0.08335083723068237
0.27216944098472595	0.7278305292129517
0.9967089891433716	0.003291043918579817
0.0008593958918936551	0.9991406202316284
0.25403040647506714	0.7459695339202881
0.24758107960224152	0.7524189352989197
0.9189055562019348	0.0810944065451622
0.7204685211181641	0.27953147888183594
0.0024463722947984934	0.9975536465644836
0.6828043460845947	0.31719568371772766
0.03931603953242302	0.9606840014457703
0.966544508934021	0.03345551714301109
0.010686980560421944	0.9893130660057068
0.8330302834510803	0.16696974635124207
0.9111403822898865	0.0888596624135971
0.9598349332809448	0.04016502574086189
0.9687247276306152	0.03127521276473999
0.4075295925140381	0.5924704074859619
0.10726717859506607	0.8927328586578369
0.8080635666847229	0.1919364482164383
0.19090744853019714	0.8090925812721252
0.27566292881965637	0.7243370413780212
0.24030159413814545	0.7596983909606934
0.5357803106307983	0.4642197787761688
0.7147251963615417	0.28527480363845825
0.18015871942043304	0.8198413252830505
0.06511452794075012	0.9348855018615723
0.8241962790489197	0.17580367624759674
0.06606628745794296	0.9339337348937988
0.24063469469547272	0.7593652606010437
0.47575879096984863	0.5242411494255066
0.5986332297325134	0.40136680006980896
0.06866719573736191	0.9313328266143799
0.17727451026439667	0.8227255344390869
0.9376722574234009	0.06232782080769539
0.8830151557922363	0.11698484420776367
0.2615046501159668	0.7384952902793884
0.7909383177757263	0.20906168222427368
0.32133790850639343	0.6786620616912842
0.9251794815063477	0.07482049614191055
0.2054697424173355	0.7945302724838257
0.8868469595909119	0.11315308511257172
0.1740228831768036	0.8259771466255188
0.11104089021682739	0.8889591693878174
0.9946517944335938	0.005348136182874441
0.7073729038238525	0.2926270365715027
0.6751564741134644	0.32484349608421326
0.019325487315654755	0.9806744456291199
0.012162686325609684	0.9878373146057129
0.010394242592155933	0.9896057844161987
0.014708934351801872	0.9852911233901978
0.8143110275268555	0.18568898737430573
0.9975918531417847	0.002408148953691125
0.922285258769989	0.0777147114276886
0.026848744601011276	0.9731513261795044
0.0248627457767725	0.9751371741294861
0.015814678743481636	0.9841852784156799
0.09001418948173523	0.9099858403205872
0.48761361837387085	0.5123864412307739
0.16933578252792358	0.8306642174720764
0.9841741323471069	0.015825936570763588
0.036368392407894135	0.9636316299438477
0.00026530466857366264	0.9997346997261047
0.9341567158699036	0.06584319472312927
0.9871925115585327	0.012807546183466911
0.1915927678346634	0.8084073066711426
0.07703285664319992	0.9229670763015747
0.4233417212963104	0.5766582489013672
0.9526386260986328	0.0473613515496254
0.7387640476226807	0.2612360119819641
0.3507857322692871	0.6492142677307129
0.9177038669586182	0.08229608833789825
0.8447113633155823	0.1552886664867401
0.03806450590491295	0.9619354605674744
0.6337885856628418	0.3662114143371582
0.10566839575767517	0.8943316340446472
0.0040346309542655945	0.9959653615951538
0.5870415568351746	0.41295841336250305
0.03835253044962883	0.9616475105285645
0.023478642106056213	0.9765214323997498
0.6713478565216064	0.32865220308303833
0.1250736564397812	0.8749263286590576
0.416281133890152	0.5837188363075256
0.5765746235847473	0.42342543601989746
0.16204501688480377	0.8379549980163574
0.049504354596138	0.9504956603050232
0.7500166296958923	0.24998341500759125
0.6850591897964478	0.31494078040122986
0.7915738224983215	0.20842617750167847
0.9984555244445801	0.001544505008496344
0.6359047889709473	0.36409521102905273
0.7438369393348694	0.2561630606651306
0.38796621561050415	0.6120338439941406
0.006367820780724287	0.9936322569847107
0.8321001529693604	0.16789987683296204
0.9258521795272827	0.07414774596691132
0.9090935587882996	0.09090644866228104
0.7765488624572754	0.22345110774040222
0.999053418636322	0.0009465285111218691
0.016986018046736717	0.9830139875411987
0.25185349583625793	0.7481465339660645
0.10780011862516403	0.8921998739242554
0.07909806072711945	0.9209019541740417
0.1025884747505188	0.8974115252494812
0.4227409362792969	0.5772590637207031
0.9914404153823853	0.008559596724808216
0.35056421160697937	0.649435818195343
0.8776308298110962	0.12236914038658142
0.9317753911018372	0.06822464615106583
0.6866347193717957	0.31336531043052673
0.0019254714716225863	0.9980745315551758
0.7846429347991943	0.21535710990428925
0.06815624982118607	0.9318436980247498
0.0758444219827652	0.9241555333137512
0.9229621291160583	0.07703782618045807
0.8900684118270874	0.10993165522813797
0.8242477178573608	0.17575223743915558
0.70387864112854	0.29612135887145996
0.8822404742240906	0.11775956302881241
0.5779186487197876	0.4220813810825348
0.6140784025192261	0.3859216272830963
0.10824769735336304	0.891752302646637
0.004859155509620905	0.995140790939331
0.02663468010723591	0.973365306854248
0.10059547424316406	0.8994045853614807
0.6536293029785156	0.3463706374168396
0.17737708985805511	0.8226228952407837
0.3105980157852173	0.6894020438194275
0.9436850547790527	0.05631495267152786
0.04718559607863426	0.9528144598007202
0.19569912552833557	0.8043009042739868
0.9950600266456604	0.004939894657582045
0.09264559298753738	0.907354474067688
0.5071842670440674	0.49281567335128784
0.9243907928466797	0.07560925930738449
0.8562248945236206	0.1437751054763794
0.7521714568138123	0.24782851338386536
0.30787524580955505	0.6921246647834778
0.7203457951545715	0.27965423464775085
0.7572527527809143	0.24274729192256927
0.9939994812011719	0.006000477820634842
0.13757942616939545	0.8624205589294434
0.5946707129478455	0.40532931685447693
0.9775373935699463	0.022462569177150726
0.8569468259811401	0.1430531144142151
0.8533132076263428	0.14668676257133484
0.12478349357843399	0.8752164840698242
0.40332210063934326	0.5966779589653015
0.7980986833572388	0.20190133154392242
0.9993081092834473	0.0006918681319803
0.876246452331543	0.12375357002019882
0.019704965874552727	0.9802950024604797
0.4416055679321289	0.5583944320678711
0.027372565120458603	0.9726274013519287
0.3822486698627472	0.6177513599395752
0.18968673050403595	0.8103132843971252
0.9276278018951416	0.07237212359905243
0.21976351737976074	0.7802364826202393
0.010718262754380703	0.9892817735671997
0.1644211858510971	0.8355787992477417
0.08941464126110077	0.910585343837738
0.11377731710672379	0.8862226605415344
0.0005230071255937219	0.999476969242096
0.9471215009689331	0.052878446877002716
0.24935844540596008	0.7506415843963623
0.0129595547914505	0.9870404601097107
0.6755391359329224	0.32446086406707764
0.4441978335380554	0.5558021068572998
0.006418224424123764	0.9935817718505859
0.44458529353141785	0.5554146766662598
0.06620920449495316	0.9337908029556274
0.9928169250488281	0.007183068431913853
0.23805394768714905	0.7619460225105286
0.9559083580970764	0.044091686606407166
0.6617177724838257	0.33828219771385193
0.1516428142786026	0.8483572006225586
0.03536517545580864	0.9646347761154175
0.6196635365486145	0.3803364336490631
0.03849596902728081	0.9615039825439453
0.1956256628036499	0.8043742775917053
0.0027318671345710754	0.9972681999206543
0.025248607620596886	0.974751353263855
0.007304979953914881	0.9926949739456177
0.9989272952079773	0.0010726387845352292
0.224702388048172	0.7752975821495056
0.12009979784488678	0.8799002170562744
0.14166003465652466	0.8583399653434753
0.006843735463917255	0.9931562542915344
0.6996719837188721	0.30032798647880554
0.3808806240558624	0.6191193461418152
0.23989947140216827	0.7601005434989929
0.048143599182367325	0.9518564343452454
0.3181033730506897	0.6818965673446655
0.08607514202594757	0.9139248132705688
0.9822532534599304	0.0177466943860054
0.053174834698438644	0.9468252062797546
0.0831967294216156	0.9168033003807068
0.9927201271057129	0.007279912941157818
0.059260886162519455	0.940739095211029
0.9863372445106506	0.013662699609994888
0.05835995078086853	0.9416400790214539
0.9961439371109009	0.0038560116663575172
0.4350928068161011	0.5649072527885437
0.9401100873947144	0.05988987907767296
0.03696615993976593	0.9630337953567505
0.916851282119751	0.08314873278141022
0.6766065955162048	0.3233933746814728
0.9956119060516357	0.004388049244880676
0.19009971618652344	0.8099002838134766
0.010721629485487938	0.9892783761024475
0.05002588406205177	0.9499741196632385
0.42981499433517456	0.5701849460601807
0.04639073833823204	0.9536092877388
0.9894102811813354	0.010589786805212498
0.5029763579368591	0.4970235824584961
0.95919269323349	0.040807295590639114
0.04946303740143776	0.9505370259284973
0.7083778977394104	0.2916221618652344
0.38379421830177307	0.6162058115005493
0.604324221611023	0.3956756889820099
0.7534056305885315	0.2465943843126297
0.9948115348815918	0.005188419949263334
0.9262455105781555	0.07375448942184448
0.9997604489326477	0.00023952877381816506
0.3249688148498535	0.6750311255455017
0.9024297595024109	0.09757019579410553
0.9220379590988159	0.07796207815408707
0.9991185069084167	0.0008815317996777594
0.8070443868637085	0.1929555982351303
0.20133450627326965	0.798665463924408
0.7720814943313599	0.22791849076747894
0.2093203216791153	0.7906796336174011
0.030331412330269814	0.9696686267852783
0.315651535987854	0.684348464012146
0.7462342381477356	0.253765732049942
0.3523496091365814	0.6476503610610962
0.9873720407485962	0.012627999298274517
0.10383684933185577	0.8961631655693054
0.9607784748077393	0.03922145813703537
0.10326182097196579	0.8967381715774536
0.04138950631022453	0.9586105346679688
0.034469012171030045	0.965531051158905
0.673683762550354	0.3263162076473236
0.9999527931213379	4.7159657697193325e-05
0.9376099705696106	0.062390003353357315
0.9679158329963684	0.03208412230014801
0.22953130304813385	0.7704687714576721
0.0916726142168045	0.9083274006843567
0.0030139763839542866	0.9969859719276428
0.18930412828922272	0.8106959462165833
0.9643412828445435	0.035658739507198334
0.9820169806480408	0.01798299327492714
0.04778618738055229	0.9522138833999634
0.02886279858648777	0.9711371660232544
0.009898637421429157	0.9901013374328613
0.17079974710941315	0.829200267791748
0.6623660922050476	0.3376339375972748
0.9309795498847961	0.06902042776346207
0.015454277396202087	0.9845457077026367
0.010155895724892616	0.9898440837860107
0.3905586004257202	0.6094413995742798
0.45810040831565857	0.5418996214866638
0.9945559501647949	0.005444093607366085
0.9462001919746399	0.053799763321876526
0.7373706698417664	0.26262935996055603
0.8789027333259583	0.12109724432229996
0.041464030742645264	0.95853590965271
0.33351269364356995	0.6664873361587524
0.6273511052131653	0.37264883518218994
0.9887169599533081	0.011283083818852901
0.07197263836860657	0.928027331829071
0.33122166991233826	0.6687783598899841
0.5893017053604126	0.41069838404655457
0.24463774263858795	0.7553622126579285
0.8301553130149841	0.16984471678733826
0.947584867477417	0.0524151511490345
0.31769245862960815	0.6823076009750366
0.5475565791130066	0.4524434506893158
0.8676782250404358	0.13232174515724182
0.20885823667049408	0.7911417484283447
0.9999773502349854	2.2602836907026358e-05
0.9985538125038147	0.0014462328981608152
0.16119486093521118	0.838805079460144
0.09784235060214996	0.9021576046943665
0.21236318349838257	0.7876368165016174
0.042415719479322433	0.9575843214988708
0.9989014863967896	0.0010984997497871518
0.8998714685440063	0.10012851655483246
0.726605236530304	0.27339476346969604
0.8702005743980408	0.12979939579963684
0.9885290265083313	0.011470997706055641
0.15854385495185852	0.8414561748504639
0.3569256067276001	0.6430743932723999
0.7560957074165344	0.24390435218811035
0.000449671468231827	0.9995502829551697
0.47796380519866943	0.5220361351966858
0.35666918754577637	0.6433308124542236
0.9941970109939575	0.005802950356155634
0.9741901159286499	0.025809824466705322
0.18204857409000397	0.8179514408111572
0.8909252285957336	0.10907480120658875
0.007261333521455526	0.992738664150238
5.1886512665078044e-05	0.9999481439590454
0.017715012654662132	0.9822850227355957
0.6216951608657837	0.3783048391342163
0.4115864634513855	0.5884135961532593
0.9412960410118103	0.058704033493995667
0.16447629034519196	0.8355237245559692
0.04303492233157158	0.9569651484489441
0.02554602362215519	0.9744539260864258
0.7198596596717834	0.28014031052589417
0.3121977150440216	0.6878023147583008
0.005459657870233059	0.9945403933525085
0.9708106517791748	0.029189370572566986
0.99517822265625	0.004821826238185167
0.7156897783279419	0.2843102216720581
0.1402314156293869	0.8597685694694519
0.18645372986793518	0.8135462403297424
0.4345989525318146	0.5654010772705078
0.7509869337081909	0.2490130364894867
0.9952928423881531	0.004707145970314741
0.1090007945895195	0.8909991979598999
0.9403116703033447	0.059688348323106766
0.9626752734184265	0.037324681878089905
0.001170966075733304	0.9988290667533875
0.8415599465370178	0.15844009816646576
0.20204611122608185	0.7979538440704346
0.00031181451049633324	0.9996881484985352
0.33983299136161804	0.6601670384407043
0.8033155202865601	0.19668443500995636
0.6726804375648499	0.32731959223747253
0.13855159282684326	0.8614484071731567
0.6251986622810364	0.37480130791664124
0.9993194341659546	0.0006806046585552394
0.6989703178405762	0.30102965235710144
0.0129562858492136	0.9870436787605286
0.037427376955747604	0.9625726342201233
0.9946759939193726	0.005323984660208225
0.9988390803337097	0.0011609172215685248
0.5768448710441589	0.42315512895584106
0.9909192323684692	0.009080775082111359
0.004258956294506788	0.9957410097122192
0.48413532972335815	0.5158646106719971
0.025136245414614677	0.9748637676239014
0.8775063753128052	0.1224936842918396
0.3552072048187256	0.6447927355766296
0.43148568272590637	0.5685142874717712
0.9974589943885803	0.0025410375092178583
0.6795578002929688	0.320442259311676
0.17955438792705536	0.8204455971717834
0.9999234676361084	7.652302883798257e-05
0.08916912227869034	0.9108309149742126
0.676353931427002	0.3236461281776428
0.4501839876174927	0.5498160123825073
0.7249424457550049	0.27505752444267273
0.9845779538154602	0.015422084368765354
0.9955865144729614	0.0044134389609098434
0.9768385887145996	0.023161470890045166
0.3131442666053772	0.6868557333946228
0.1064431443810463	0.8935568332672119
0.05783858895301819	0.9421614408493042
0.9992733597755432	0.0007266602478921413
0.7333171367645264	0.2666829228401184
0.9977484345436096	0.0022514958400279284
0.016780784353613853	0.9832192063331604
0.1127232238650322	0.8872767686843872
0.01105382852256298	0.9889461398124695
0.3423937261104584	0.657606303691864
0.6540895700454712	0.3459104001522064
0.22794143855571747	0.7720586061477661
0.026208607479929924	0.9737913608551025
0.25944486260414124	0.7405550479888916
0.6900689601898193	0.3099310100078583
0.2339879721403122	0.7660120129585266
0.08352994173765182	0.9164700508117676
0.9449211955070496	0.055078811943531036
0.906618058681488	0.09338195621967316
0.0376732163131237	0.9623267650604248
0.10521134734153748	0.8947886824607849
0.44498640298843384	0.5550135970115662
0.03544533625245094	0.9645546078681946
0.9800108671188354	0.019989103078842163
0.001318848691880703	0.9986811280250549
0.9796755313873291	0.02032441459596157
0.9964315891265869	0.003568419720977545
0.9909833669662476	0.009016601368784904
0.04624304175376892	0.9537569284439087
0.810929536819458	0.1890704482793808
0.18875882029533386	0.8112412095069885
0.7021315097808838	0.2978684902191162
0.8668966889381409	0.13310331106185913
0.9681334495544434	0.031866561621427536
0.5532137155532837	0.4467862844467163
0.7532746195793152	0.24672533571720123
0.8083103895187378	0.191689595580101
0.2666829824447632	0.733316957950592
0.9861783981323242	0.013821604661643505
0.4576011300086975	0.5423988699913025
0.7842809557914734	0.21571898460388184
0.4832083582878113	0.5167916417121887
0.02054169587790966	0.9794583320617676
0.33615267276763916	0.6638472676277161
0.0003929060767404735	0.9996071457862854