0.7991711497306824	0.20082885026931763
0.43469738960266113	0.5653026103973389
0.3774429261684418	0.6225571036338806
0.44423002004623413	0.5557699203491211
0.8585126996040344	0.14148734509944916
0.23160097002983093	0.7683990597724915
0.15839964151382446	0.8416003584861755
0.9147953987121582	0.08520457148551941
0.4834108054637909	0.5165892243385315
0.8312339186668396	0.16876612603664398
0.42957988381385803	0.5704200863838196
0.004075921140611172	0.9959241151809692
0.021182063966989517	0.9788179397583008
0.6814891695976257	0.31851083040237427
0.8516292572021484	0.14837071299552917
0.5347056984901428	0.4652943015098572
0.6164844036102295	0.3835155665874481
0.5651527047157288	0.43484729528427124
0.30510035157203674	0.6948996186256409
0.0028367144986987114	0.9971632361412048
0.6575404405593872	0.3424595296382904
0.9659567475318909	0.03404330462217331
0.18251103162765503	0.8174890279769897
0.09248730540275574	0.9075126647949219
0.7350359559059143	0.26496410369873047
0.04894895479083061	0.9510510563850403
0.1581169068813324	0.8418830633163452
0.27378010749816895	0.726219892501831
0.3903937041759491	0.6096062660217285
0.07475412636995316	0.9252458214759827
0.020781083032488823	0.9792189002037048
0.9506281614303589	0.04937184229493141
0.24666020274162292	0.7533397674560547
0.07091057300567627	0.9290894269943237
0.81402188539505	0.18597805500030518
0.5236544013023376	0.47634562849998474
0.8039681315422058	0.19603188335895538
0.6373047828674316	0.36269518733024597
0.5703558325767517	0.42964407801628113
0.5210577845573425	0.47894224524497986
0.4216960668563843	0.5783039331436157
0.9900704026222229	0.009929666295647621
0.46729016304016113	0.5327098369598389
0.40858811140060425	0.5914118885993958
0.7898370623588562	0.2101629674434662
0.7131563425064087	0.28684359788894653
0.17919881641864777	0.8208011984825134
0.21901972591876984	0.7809802293777466
0.5059221386909485	0.4940778315067291
0.29459917545318604	0.7054008841514587
0.23990461230278015	0.7600953578948975
0.16872206330299377	0.8312779664993286
0.5588542819023132	0.44114580750465393
0.6587446928024292	0.341255247592926
0.3243321180343628	0.6756678819656372
0.71840500831604	0.2815949618816376
0.9935076236724854	0.006492423824965954
0.05011250451207161	0.9498875737190247
0.8824313879013062	0.11756867170333862
0.6183100342750549	0.38168996572494507
0.24521061778068542	0.7547893524169922
0.8881990313529968	0.11180104315280914
0.6145186424255371	0.38548141717910767
0.23966290056705475	0.7603371143341064
0.5138717889785767	0.4861281216144562
0.7408152222633362	0.25918471813201904
0.5998103022575378	0.40018969774246216
0.1940937340259552	0.8059062361717224
0.327096551656723	0.6729034185409546
0.5040334463119507	0.4959665536880493
0.5737452507019043	0.4262547791004181
0.4645093083381653	0.5354907512664795
0.669802188873291	0.330197811126709
0.8075748682022095	0.1924251765012741
0.8339968323707581	0.16600316762924194
0.2150757908821106	0.7849242091178894
0.633930504322052	0.366069495677948
0.1992006152868271	0.8007993698120117
0.09778627753257751	0.9022136926651001
0.0188871081918478	0.9811128377914429
0.07569444179534912	0.9243055582046509
0.48949968814849854	0.5105003118515015
0.12374946475028992	0.8762505650520325
0.7408322691917419	0.25916773080825806
0.8810674548149109	0.11893250793218613
0.5223146080970764	0.4776853322982788
0.4181770980358124	0.5818228721618652
0.34122827649116516	0.6587716937065125
0.38027024269104004	0.61972975730896
0.6062985062599182	0.3937014937400818
0.1321137696504593	0.8678861856460571
0.23411047458648682	0.7658895254135132
0.7286569476127625	0.27134305238723755
0.23900534212589264	0.7609946131706238
0.025088993832468987	0.9749109745025635
0.4772256016731262	0.5227744579315186
0.2210233509540558	0.7789766788482666
0.19014190137386322	0.8098580837249756
0.6902590990066528	0.3097408711910248
0.3816818296909332	0.6183182001113892
0.7174434661865234	0.28255656361579895
0.9119982123374939	0.0880018100142479
0.7973953485488892	0.20260463654994965
0.9255562424659729	0.07444369047880173
0.6392483711242676	0.3607516586780548
0.0641612783074379	0.9358386993408203
0.6449936628341675	0.3550063967704773
0.7576665282249451	0.24233342707157135
0.29166218638420105	0.7083377838134766
0.7174628376960754	0.2825371026992798
0.4652714431285858	0.5347285866737366
0.5987231135368347	0.40127691626548767
0.9094331860542297	0.09056679159402847
0.16533774137496948	0.8346622586250305
0.3390538990497589	0.6609461307525635
0.603243887424469	0.3967561423778534
0.551022469997406	0.448977530002594
0.13504697382450104	0.8649530410766602
0.37799710035324097	0.6220029592514038
0.8121574521064758	0.18784253299236298
0.6918770670890808	0.3081229031085968
0.9015008807182312	0.0984991043806076
0.3878861367702484	0.612113893032074
0.013206083327531815	0.9867939352989197
0.8039295673370361	0.19607040286064148
0.04268377646803856	0.9573162198066711
0.8354179859161377	0.1645820140838623
0.26730406284332275	0.7326959371566772
0.9110009670257568	0.08899905532598495
0.39366888999938965	0.6063311100006104
0.44796669483184814	0.5520332455635071
0.5050839781761169	0.49491602182388306
0.3574140667915344	0.6425858736038208
0.6606799960136414	0.3393199145793915
0.3625970184803009	0.6374029517173767
0.47600507736206055	0.5239948630332947
0.534447431564331	0.46555259823799133
0.3649471700191498	0.6350528001785278
0.41622447967529297	0.5837754607200623
0.39794012904167175	0.6020598411560059
0.48280689120292664	0.5171931385993958
0.3731936812400818	0.6268063187599182
0.4066641330718994	0.5933359265327454
0.0043519027531147	0.9956480860710144
0.3091464638710022	0.6908535957336426
0.7448263168334961	0.2551736831665039
0.48690417408943176	0.5130957961082458
0.22132106125354767	0.7786789536476135
0.9492616653442383	0.05073840543627739
0.9014713168144226	0.09852870553731918
0.7219876050949097	0.27801233530044556
0.49525555968284607	0.5047444701194763
0.6607928276062012	0.33920708298683167
0.4674804210662842	0.5325195789337158
0.025322603061795235	0.9746774435043335
0.9841620922088623	0.015837891027331352
0.682632565498352	0.31736743450164795
0.5689918398857117	0.43100816011428833
0.8553519248962402	0.14464810490608215
0.3521590232849121	0.6478409767150879
0.33305707573890686	0.6669428944587708
0.5927920937538147	0.4072079062461853
0.39879465103149414	0.6012053489685059
0.5393159985542297	0.4606839716434479
0.3987668454647064	0.6012331247329712
0.3007985055446625	0.6992014646530151
0.7767981290817261	0.22320187091827393
0.23113009333610535	0.7688698768615723
0.007185983005911112	0.9928140044212341
0.6051600575447083	0.39483997225761414
0.6760793328285217	0.3239206075668335
0.9907717704772949	0.009228246286511421
0.9106095433235168	0.08939039707183838
0.22367465496063232	0.7763252854347229
0.4669070541858673	0.5330929160118103
0.3661361634731293	0.6338638663291931
0.6692985892295837	0.33070147037506104
0.8153895735740662	0.18461042642593384
0.36496537923812866	0.6350346207618713
0.018472440540790558	0.9815276265144348
0.4345053732395172	0.5654946565628052
0.5396214127540588	0.46037858724594116
0.3862154483795166	0.6137846112251282
0.2564498782157898	0.743550181388855
0.5309612154960632	0.46903881430625916
0.7643724679946899	0.23562750220298767
0.19337382912635803	0.8066261410713196
0.3202730119228363	0.6797270178794861
0.7328270077705383	0.2671729028224945
0.7743932008743286	0.22560681402683258
0.8509317636489868	0.149068221449852
0.6252516508102417	0.3747483491897583
0.9905716180801392	0.009428386576473713
0.3457907438278198	0.6542092561721802
0.6969602108001709	0.3030398190021515
0.7619921565055847	0.23800784349441528
0.7017675638198853	0.29823246598243713
0.9265681505203247	0.07343178242444992
0.7630702257156372	0.2369297295808792
0.010879331268370152	0.9891207218170166
0.3054986596107483	0.6945013403892517
0.7086427211761475	0.29135721921920776
0.5501694083213806	0.4498305916786194
0.21604019403457642	0.7839598059654236
0.7594271898269653	0.24057279527187347
0.3397088348865509	0.6602911353111267
0.052963294088840485	0.9470367431640625
0.781013011932373	0.21898692846298218
0.5631968379020691	0.4368031620979309
0.5515791177749634	0.44842085242271423
0.4435425400733948	0.5564574003219604
0.030950048938393593	0.9690499305725098
0.924358606338501	0.07564134895801544
0.015703169628977776	0.9842968583106995
0.4979344308376312	0.5020655989646912
0.28902286291122437	0.7109771370887756
0.2922276258468628	0.707772433757782
0.05498349294066429	0.9450165033340454
0.1325579583644867	0.8674420714378357
0.8297751545906067	0.1702248454093933
0.7062571048736572	0.29374298453330994
0.7835540771484375	0.21644584834575653
0.49089515209198	0.50910484790802
0.9107570648193359	0.08924292027950287
0.049618445336818695	0.9503815174102783
0.811667263507843	0.18833276629447937
0.7188056707382202	0.2811943292617798
0.17963485419750214	0.8203651905059814
0.2750827670097351	0.7249172329902649
0.8229781985282898	0.17702175676822662
0.4958483576774597	0.5041516423225403
0.6452615261077881	0.3547384738922119
0.5408740639686584	0.45912599563598633
0.9004020094871521	0.09959802031517029
0.3905027210712433	0.6094972491264343
0.4613465666770935	0.5386534929275513
0.6834321618080139	0.31656786799430847
0.6202539205551147	0.37974604964256287
0.24191437661647797	0.7580855488777161
0.7068334221839905	0.2931665778160095
0.6010153293609619	0.3989846408367157
0.4306453466415405	0.5693547129631042
0.14320023357868195	0.8567997813224792
0.4246973693370819	0.5753026604652405
0.0018225713865831494	0.9981774091720581
0.3634765148162842	0.6365234851837158
0.3191167712211609	0.6808832287788391
0.9560500979423523	0.04394996911287308
0.8783470392227173	0.12165293097496033
0.7265956401824951	0.2734042704105377
0.38010501861572266	0.6198950409889221
0.6495454907417297	0.3504544794559479
0.5816561579704285	0.41834378242492676
0.16358433663845062	0.836415708065033
0.2235431671142578	0.7764568328857422
0.4491060674190521	0.5508939623832703
0.8382677435874939	0.1617322713136673
0.26259487867355347	0.7374050617218018
0.6926942467689514	0.3073056936264038
0.766503632068634	0.23349633812904358
0.7955039739608765	0.20449596643447876
0.30688726902008057	0.6931127905845642
0.1033436730504036	0.896656334400177
0.9249362945556641	0.07506369799375534
0.02308480814099312	0.9769152402877808
0.3724808990955353	0.6275190711021423
0.12132613360881805	0.8786738514900208
0.7543511986732483	0.24564878642559052
0.8392364978790283	0.1607634723186493
0.3948780298233032	0.6051219701766968
0.6717875003814697	0.3282124996185303
0.8514991998672485	0.14850081503391266
0.8423847556114197	0.1576152741909027
0.7259623408317566	0.2740376889705658
0.9787595868110657	0.021240346133708954
0.5849241614341736	0.41507580876350403
0.19316387176513672	0.8068361282348633
0.6018196940422058	0.3981802761554718
0.6680452823638916	0.331954687833786
0.8185246586799622	0.18147538602352142
0.9743185639381409	0.025681497529149055
0.5654081702232361	0.43459179997444153
0.8600233197212219	0.13997669517993927
0.634574294090271	0.3654256761074066
0.9229938983917236	0.07700614631175995
0.14811043441295624	0.8518896102905273
0.8265297412872314	0.17347028851509094
0.04434080049395561	0.9556591510772705
0.7955094575881958	0.2044905722141266
0.19807778298854828	0.8019222021102905
0.5518460273742676	0.4481539726257324
0.6212148070335388	0.37878522276878357
0.9589560627937317	0.04104393720626831
0.000493392173666507	0.9995065927505493
0.037932977080345154	0.9620670676231384
0.887860119342804	0.11213990300893784
0.9579594731330872	0.04204048588871956
0.02483324706554413	0.9751667976379395
0.7321827411651611	0.26781728863716125
0.5128132700920105	0.4871867597103119
0.6456167101860046	0.3543832004070282
0.7426921129226685	0.25730788707733154
0.2922104299068451	0.7077894806861877
0.7183055877685547	0.2816944718360901
0.07483673840761185	0.9251632690429688
0.49885571002960205	0.501144289970398
0.43795159459114075	0.5620483756065369
0.5235240459442139	0.47647592425346375
0.8164507150650024	0.18354931473731995
0.45761409401893616	0.5423858761787415
0.39106225967407227	0.6089377999305725
0.7304456830024719	0.2695543169975281
0.4968640208244324	0.5031359791755676
0.44312721490859985	0.5568727850914001
0.6085057258605957	0.3914942741394043
0.9584349393844604	0.041565053164958954
0.7492652535438538	0.25073477625846863
0.8499526977539062	0.15004727244377136
0.43247202038764954	0.5675279498100281
0.6168684363365173	0.38313159346580505
0.26495087146759033	0.7350490689277649
0.18446578085422516	0.815534234046936
0.878028392791748	0.12197152525186539
0.8701342344284058	0.1298658400774002
0.2606215476989746	0.7393784523010254
0.3904901146888733	0.6095098853111267
0.37276026606559753	0.6272397041320801
0.8044923543930054	0.1955077201128006
0.46566033363342285	0.5343396663665771
0.6431464552879333	0.3568536043167114
0.5475268959999084	0.45247310400009155
0.18749171495437622	0.8125082850456238
0.8558223247528076	0.14417767524719238
0.03213929384946823	0.9678606390953064
0.9403560757637024	0.059643980115652084
0.8429529070854187	0.1570471227169037
0.554222822189331	0.44577720761299133
0.5098879933357239	0.49011197686195374
0.5688239336013794	0.4311761260032654
0.1976175457239151	0.8023824691772461
0.45498284697532654	0.5450171828269958
0.47709786891937256	0.5229021310806274
0.11842993646860123	0.881570041179657
0.07032234966754913	0.9296776652336121
0.3782822787761688	0.6217178106307983
0.4969274401664734	0.5030726194381714
0.9995840191841125	0.00041602287092246115
0.44109949469566345	0.5589004755020142
0.3795097768306732	0.6204901933670044
0.5021884441375732	0.49781152606010437
0.38444069027900696	0.6155592799186707
0.5897129774093628	0.4102869927883148
0.690967857837677	0.3090321719646454
0.7515091300010681	0.2484908550977707
0.7782529592514038	0.22174710035324097
0.34602245688438416	0.6539775729179382
0.803891122341156	0.1961088925600052
0.39524316787719727	0.6047568321228027
0.48835042119026184	0.5116495490074158
0.473755419254303	0.526244580745697
0.34839677810668945	0.6516032218933105
0.4516303241252899	0.5483697056770325
0.9975577592849731	0.002442251658067107
0.06795082241296768	0.9320492148399353
0.11129291355609894	0.888707160949707
0.421354740858078	0.5786452293395996
0.9186468124389648	0.08135318011045456
0.9737235307693481	0.026276446878910065
0.7896397113800049	0.21036028861999512
0.4527820944786072	0.5472179651260376
0.19270047545433044	0.8072996139526367
0.6778452396392822	0.3221547603607178
0.8191895484924316	0.18081046640872955
0.18385492265224457	0.8161450624465942
0.38338515162467957	0.616614818572998
0.5574143528938293	0.44258567690849304
0.6037353277206421	0.3962647020816803
0.4628489315509796	0.537151038646698
0.5643023252487183	0.4356977045536041
0.6236431002616882	0.37635698914527893
0.06359566748142242	0.9364043474197388
0.5404520630836487	0.4595479965209961
0.15707820653915405	0.8429218530654907
0.8267533183097839	0.17324672639369965
0.2589975893497467	0.7410023808479309
0.5296574831008911	0.4703425467014313
0.1248503029346466	0.875149667263031
0.7020878195762634	0.2979121506214142
0.2603645324707031	0.7396354675292969
0.3183673918247223	0.6816326379776001
0.7345872521400452	0.26541274785995483
0.5041254162788391	0.4958745241165161
0.4583452641963959	0.5416547656059265
0.09121081978082657	0.9087892174720764
0.24760319292545319	0.7523968815803528
0.32883405685424805	0.671165943145752
0.48143506050109863	0.5185649991035461
0.6214730143547058	0.3785269856452942
0.9510059952735901	0.0489940382540226
0.5215586423873901	0.47844141721725464
0.03991293907165527	0.9600870609283447
0.2772718369960785	0.7227281332015991
0.750268280506134	0.24973170459270477
0.4678058922290802	0.5321941375732422
0.7742664813995361	0.22573351860046387
0.33977293968200684	0.6602270603179932
0.6701390743255615	0.32986095547676086
0.3642188310623169	0.6357811689376831
0.4142851233482361	0.5857148766517639
0.3629833459854126	0.6370166540145874
0.4857909381389618	0.5142090320587158
0.360556960105896	0.639443039894104
0.5650402307510376	0.4349597692489624
0.8195559978485107	0.18044395744800568
0.3829565942287445	0.6170433759689331
0.2476310282945633	0.7523689866065979
0.7851420044898987	0.21485798060894012
0.3761749267578125	0.6238251328468323
0.8177867531776428	0.1822132170200348
0.7179253101348877	0.2820747196674347
0.48233163356781006	0.5176683068275452
0.6583458781242371	0.3416540324687958
0.6714828610420227	0.3285171389579773
0.20986239612102509	0.7901375889778137
0.6529362797737122	0.34706372022628784
0.380487859249115	0.619512140750885
0.9540565609931946	0.04594342038035393
0.5264004468917847	0.47359952330589294
0.4763682186603546	0.523631751537323
0.9821826815605164	0.017817353829741478
0.2276868224143982	0.7723131775856018
0.9356649518013	0.06433503329753876
0.8621962070465088	0.13780376315116882
0.9568681120872498	0.04313186928629875
0.318479984998703	0.6815199851989746
0.5246342420578003	0.4753657579421997
0.4898798167705536	0.510120153427124
0.13401156663894653	0.8659884333610535
0.34868451952934265	0.6513155102729797
0.3943723440170288	0.6056276559829712
0.7020770311355591	0.29792293906211853
0.07455915212631226	0.9254409074783325
0.43519333004951477	0.5648066401481628
0.06363260000944138	0.9363673329353333
0.5499283075332642	0.45007169246673584
0.7578912377357483	0.24210873246192932
0.15658865869045258	0.8434113264083862
0.9760164022445679	0.023983648046851158
0.07830069959163666	0.9216992855072021
0.5977301001548767	0.4022698998451233
0.49838781356811523	0.50161212682724
0.22469140589237213	0.7753086090087891
0.4824827313423157	0.5175172686576843
0.07296273857355118	0.927037239074707
0.3393499255180359	0.6606500744819641
0.5446860790252686	0.4553139805793762
0.6413459777832031	0.35865405201911926
0.6754337549209595	0.3245662748813629
0.923256516456604	0.07674352079629898
0.6950185298919678	0.304981529712677
0.7092106342315674	0.2907893657684326
0.4048358201980591	0.5951641798019409
0.12088897079229355	0.8791110515594482
0.9158746004104614	0.08412538468837738
0.21287813782691956	0.7871218919754028
0.13140110671520233	0.8685988187789917
0.449523001909256	0.5504769682884216
0.620724081993103	0.3792758882045746
0.002085207961499691	0.997914731502533
0.791532039642334	0.2084679901599884
0.45680153369903564	0.5431984663009644
0.8671717047691345	0.13282832503318787
0.2424725592136383	0.7575274109840393
0.6714180111885071	0.3285820186138153
0.35465654730796814	0.6453434824943542
0.47035881876945496	0.5296411514282227
0.5215192437171936	0.4784806966781616
0.1835041344165802	0.8164958357810974
0.9940056800842285	0.005994235165417194
0.7485186457633972	0.2514813244342804
0.817596435546875	0.18240362405776978
0.6625681519508362	0.33743181824684143
0.8137090802192688	0.1862909346818924
0.8655647039413452	0.13443534076213837
0.9803088903427124	0.019691070541739464
0.4650126099586487	0.5349873304367065
0.4926180839538574	0.5073819160461426
0.5888750553131104	0.41112497448921204
0.5690261721611023	0.43097376823425293
0.7763985395431519	0.22360147535800934
0.4388425648212433	0.5611573457717896
0.5399212837219238	0.4600786864757538
0.6266542673110962	0.37334582209587097
0.06034134700894356	0.9396586418151855
0.10281266272068024	0.8971872925758362
0.7872601747512817	0.21273988485336304
0.12792852520942688	0.8720714449882507
0.3776317834854126	0.6223682165145874
0.2709622383117676	0.7290378212928772
0.9587352275848389	0.041264843195676804
0.9974205493927002	0.0025793970562517643
0.3686547577381134	0.6313452124595642
0.12879972159862518	0.8712002635002136
0.2059474140405655	0.7940526008605957
0.7165526151657104	0.28344735503196716
0.49681758880615234	0.5031824111938477
0.9817989468574524	0.018201041966676712
0.14538343250751495	0.8546165823936462
0.21917808055877686	0.7808219194412231
0.538848340511322	0.4611516296863556
0.10165272653102875	0.8983473181724548
0.6179153323173523	0.3820846378803253
0.016744263470172882	0.9832557439804077
0.055381376296281815	0.9446185827255249
0.9040348529815674	0.09596510976552963
0.5248146057128906	0.47518542408943176
0.6877472400665283	0.3122527301311493
0.3038710951805115	0.6961289048194885
0.17405608296394348	0.8259439468383789
0.09938035905361176	0.900619626045227
0.2617938220500946	0.738206148147583
0.019853072240948677	0.9801469445228577
0.04451484605669975	0.9554851055145264
0.023251187056303024	0.9767488241195679
0.4667111039161682	0.533288836479187
0.9926609992980957	0.007339028641581535
0.48077747225761414	0.5192225575447083
0.7505938410758972	0.24940615892410278
0.3972793519496918	0.6027206182479858
0.02327168546617031	0.9767283797264099
0.27764540910720825	0.722354531288147
0.4950595498085022	0.5049404501914978
0.4601941406726837	0.5398058891296387
0.4272701144218445	0.5727298855781555
0.4351952373981476	0.5648047924041748
0.36547210812568665	0.6345279216766357
0.5567857623100281	0.44321420788764954
0.3916599750518799	0.6083400845527649
0.6852041482925415	0.3147958517074585
0.6249425411224365	0.3750574588775635
0.017683973535895348	0.9823160767555237
0.11806537210941315	0.881934642791748
0.38096538186073303	0.6190345883369446
0.5210352540016174	0.47896474599838257
0.3336712419986725	0.6663287878036499
0.9464444518089294	0.05355551466345787
0.6820194721221924	0.3179805874824524
0.6132082343101501	0.3867917060852051
0.19810692965984344	0.8018930554389954
0.7266101241111755	0.2733898460865021
0.04519007354974747	0.9548099637031555
0.5118626356124878	0.48813727498054504
0.28995373845100403	0.7100463509559631
0.28027892112731934	0.7197210788726807
0.48989254236221313	0.5101074576377869
0.6194379329681396	0.3805621266365051
0.7606781721115112	0.23932184278964996
0.4501473903656006	0.5498526096343994
0.9913915395736694	0.008608460426330566
0.5112252831459045	0.48877468705177307
0.5217374563217163	0.4782625436782837
0.6839469075202942	0.3160531222820282
0.1857967972755432	0.814203143119812
0.09537460654973984	0.904625415802002
0.2733883261680603	0.7266116738319397
0.07373946160078049	0.9262605309486389
0.16919063031673431	0.8308093547821045
0.9696383476257324	0.03036166913807392
0.0901084616780281	0.9098916053771973
0.9205579161643982	0.07944204658269882
0.7120466828346252	0.28795331716537476
0.10667281597852707	0.8933271169662476
0.2421494424343109	0.7578505277633667
0.7612015008926392	0.23879845440387726
0.1029508039355278	0.8970492482185364
0.8711985349655151	0.12880145013332367
0.21870644390583038	0.781293511390686
0.19119691848754883	0.8088030815124512
0.4562852680683136	0.543714702129364
0.7659334540367126	0.23406659066677094
0.3156259059906006	0.6843740344047546
0.6929142475128174	0.30708572268486023
0.043220508843660355	0.9567794799804688
0.7246248722076416	0.2753751873970032
0.6773809194564819	0.32261914014816284
0.47980695962905884	0.5201930999755859
0.8509912490844727	0.14900876581668854
0.9774690270423889	0.022530917078256607
0.4186495542526245	0.5813504457473755
0.3618413507938385	0.6381586194038391
0.01244882121682167	0.9875511527061462
0.700685977935791	0.29931405186653137
0.022116778418421745	0.9778832197189331
0.5118411183357239	0.48815882205963135
0.18050675094127655	0.8194932341575623
0.08515229821205139	0.9148476719856262
0.2283884882926941	0.7716114521026611
0.4973497688770294	0.5026501417160034
0.04731236770749092	0.9526876211166382
0.5986772179603577	0.40132275223731995
0.4306424856185913	0.5693574547767639
0.8744195699691772	0.12558038532733917
0.4072514772415161	0.5927485227584839
0.42135879397392273	0.5786412358283997
0.6541039943695068	0.3458959758281708
0.9992408752441406	0.0007591567700728774
0.6936632990837097	0.30633673071861267
0.22186915576457977	0.7781308889389038
0.4380859136581421	0.5619140267372131
0.450295627117157	0.5497043132781982
0.8857793807983398	0.11422063410282135
0.9718334674835205	0.028166480362415314
0.4279949367046356	0.572005033493042
0.08685244619846344	0.9131475687026978
0.09385636448860168	0.9061436057090759
0.024455690756440163	0.9755443334579468
0.03681166097521782	0.9631884098052979
0.676129162311554	0.32387083768844604
0.9179739952087402	0.08202596008777618
0.5461388826370239	0.45386114716529846
0.7571754455566406	0.24282458424568176
0.749087929725647	0.25091204047203064
0.21362093091011047	0.7863790392875671
0.7517592906951904	0.24824078381061554
0.6779274344444275	0.32207247614860535
0.6768812537193298	0.32311874628067017
0.6296844482421875	0.3703155517578125
0.9073244333267212	0.09267563372850418
0.6080983281135559	0.3919017016887665
0.8251741528511047	0.17482583224773407
0.609670877456665	0.39032912254333496
0.712291419506073	0.2877086400985718
0.9829551577568054	0.017044804990291595
0.27055779099464417	0.7294421792030334
0.13272765278816223	0.8672723770141602
0.6659101247787476	0.3340899646282196
0.6312575936317444	0.368742436170578
0.4495008885860443	0.5504990220069885
0.29028770327568054	0.7097123265266418
0.02363266423344612	0.9763672947883606
0.09405980259180069	0.9059402346611023
0.10865714401006699	0.8913428783416748
0.44307443499565125	0.5569255948066711
0.9599222540855408	0.040077727288007736
0.21036870777606964	0.7896312475204468
0.9220222234725952	0.07797782868146896
0.7137199640274048	0.2862800061702728
0.0031754663214087486	0.9968245029449463
0.9631915092468262	0.03680853173136711
0.8481656908988953	0.15183427929878235
0.03546655550599098	0.9645334482192993
0.42031002044677734	0.5796899199485779
0.5435404777526855	0.45645952224731445
0.2869374454021454	0.713062584400177
0.13182364404201508	0.8681763410568237
0.6956545114517212	0.3043454587459564
0.6744693517684937	0.32553064823150635
0.29738685488700867	0.7026131749153137
0.8128193020820618	0.18718069791793823
0.4682503938674927	0.5317496657371521
0.9683488011360168	0.03165123611688614
0.09198056161403656	0.908019483089447
0.2655474841594696	0.734452486038208
0.8271084427833557	0.17289163172245026
0.2386033535003662	0.7613967061042786
0.007690070662647486	0.9923099279403687
0.20655322074890137	0.7934467792510986
0.5664641857147217	0.43353578448295593
0.9057490229606628	0.09425100684165955
0.5376990437507629	0.46230098605155945
0.5872758030891418	0.41272416710853577
0.015328872948884964	0.9846711158752441
0.577859103679657	0.4221409559249878
0.40950384736061096	0.5904961824417114
0.02210329845547676	0.9778966903686523
0.6260973811149597	0.3739025890827179
0.5234447717666626	0.4765551686286926
0.9457657337188721	0.05423430725932121
0.4582866430282593	0.541713297367096
0.5204745531082153	0.47952547669410706
0.777316689491272	0.22268332540988922
0.4790327250957489	0.5209673047065735
0.011911401525139809	0.9880885481834412
0.01432596892118454	0.9856739640235901
0.6229733824729919	0.37702667713165283
0.4834878742694855	0.5165120959281921
0.4810689389705658	0.5189310312271118
0.312736451625824	0.687263548374176
0.5836297869682312	0.4163702130317688
0.5633670687675476	0.43663290143013
0.16639238595962524	0.83360755443573
0.26597556471824646	0.7340244054794312
0.009506937116384506	0.99049311876297
0.8359944820404053	0.16400542855262756
0.21950173377990723	0.7804982662200928
0.7474419474601746	0.2525581121444702
0.7301977276802063	0.2698022127151489
0.7270517349243164	0.2729482650756836
0.3885918855667114	0.6114080548286438
0.4635223150253296	0.5364776253700256
0.2679155170917511	0.7320845127105713
0.739567220211029	0.26043272018432617
0.0216898862272501	0.9783101081848145
0.6682003736495972	0.3317996561527252
0.3691830635070801	0.6308169364929199
0.5828394293785095	0.4171605706214905
0.26994940638542175	0.7300506234169006
0.405281126499176	0.5947189331054688
0.5425148606300354	0.4574851393699646
0.04895268380641937	0.9510473012924194
0.9467885494232178	0.05321149528026581
0.29341429471969604	0.706585705280304
0.7698628902435303	0.23013703525066376
0.2287200540304184	0.7712799310684204
0.5918780565261841	0.4081219434738159
0.8254499435424805	0.17455004155635834
0.14112980663776398	0.858870267868042
0.14870087802410126	0.8512991070747375
0.378862589597702	0.6211374402046204
0.676045835018158	0.32395413517951965
0.5235077738761902	0.4764922261238098
0.9441887140274048	0.05581130459904671
0.5870640873908997	0.41293591260910034
0.7125721573829651	0.2874278426170349
0.3724384605884552	0.6275615692138672
0.8796712756156921	0.12032871693372726
0.05169431120157242	0.9483057260513306
0.885130763053894	0.11486929655075073
0.06315097212791443	0.9368489980697632
0.12330038100481033	0.8766995668411255
0.15528938174247742	0.8447105884552002
0.5648478269577026	0.43515220284461975
0.9265263080596924	0.07347363233566284
0.4750766456127167	0.5249232649803162
0.8120949864387512	0.18790507316589355
0.7677493691444397	0.2322506457567215
0.11375561356544495	0.8862444162368774
0.36333608627319336	0.6366639733314514
0.05083686113357544	0.9491631388664246
0.3220672309398651	0.677932858467102
0.44561120867729187	0.5543887615203857
0.5192809104919434	0.4807191491127014
0.6616111397743225	0.3383888602256775
0.8629881143569946	0.1370118260383606
0.6028497815132141	0.3971502482891083
0.5338506698608398	0.46614933013916016
0.4909380078315735	0.5090619921684265
0.20052176713943481	0.7994781732559204
0.15495085716247559	0.8450492024421692
0.520414412021637	0.47958552837371826
0.13294047117233276	0.8670594692230225
0.9711652398109436	0.02883473038673401
0.27070480585098267	0.7292951345443726
0.6772399544715881	0.32276007533073425
0.9921091198921204	0.007890827022492886
0.2740207016468048	0.7259792685508728
0.6308141350746155	0.3691858947277069
0.0874851644039154	0.9125148057937622
0.15022744238376617	0.849772572517395
0.8212471008300781	0.1787528544664383
0.9111156463623047	0.08888430893421173
0.1913924217224121	0.8086075782775879
0.4585373103618622	0.5414626598358154
0.0444331020116806	0.9555668830871582
0.9224898815155029	0.07751011848449707
0.5662976503372192	0.433702290058136
0.35962629318237305	0.6403736472129822
0.014761685393750668	0.9852383732795715
0.9617403149604797	0.038259685039520264
0.6859792470932007	0.3140207827091217
0.24631425738334656	0.753685712814331
0.2050052285194397	0.7949947118759155
0.7421470284461975	0.25785303115844727
0.7328909039497375	0.26710909605026245
0.709740400314331	0.29025954008102417
0.5134527087211609	0.4865472912788391
0.26025110483169556	0.7397489547729492
0.5674879550933838	0.4325120151042938
0.07792873680591583	0.9220712780952454
0.4498957395553589	0.5501043200492859
0.849434494972229	0.15056553483009338
0.6406662464141846	0.35933372378349304
0.12162197381258011	0.8783779740333557
0.316796213388443	0.6832037568092346
0.3148133158683777	0.6851866841316223
0.740533173084259	0.25946682691574097
0.3088979721069336	0.6911020874977112
0.8699600696563721	0.1300399750471115
0.43931636214256287	0.5606836080551147
0.2969319522380829	0.7030680775642395
0.4495273530483246	0.5504726767539978
0.8877995014190674	0.1122005507349968
0.6614420413970947	0.3385579288005829
0.597597599029541	0.4024023711681366
0.5960217714309692	0.40397825837135315
0.7822705507278442	0.21772944927215576
0.4050804376602173	0.5949195623397827
0.8145976066589355	0.18540237843990326
0.23883156478405	0.7611684203147888
0.2036391645669937	0.7963608503341675
0.6224260926246643	0.3775739371776581
0.391803503036499	0.608196496963501
0.4274146854877472	0.5725853443145752
0.6497878432273865	0.35021212697029114
0.9626885652542114	0.037311505526304245
0.4103095531463623	0.5896903872489929
0.12584343552589417	0.8741565346717834
0.6597039699554443	0.34029603004455566
0.8477771878242493	0.15222278237342834
0.2710009217262268	0.7289990186691284
0.8219196200370789	0.17808033525943756
0.5896313786506653	0.41036859154701233
0.15720373392105103	0.8427963256835938
0.9326981902122498	0.06730188429355621
0.005392666440457106	0.9946073889732361
0.4649272561073303	0.5350728034973145
0.39934995770454407	0.6006500124931335
0.47986236214637756	0.5201376676559448
0.920029878616333	0.07997014373540878
0.26130956411361694	0.7386903762817383
0.39878028631210327	0.6012197136878967
0.5177057385444641	0.4822942912578583
0.607283890247345	0.39271605014801025
0.7420340776443481	0.2579658627510071
0.5184602737426758	0.4815397262573242
0.7668516635894775	0.23314833641052246
0.0018850159831345081	0.9981149435043335
0.570426881313324	0.42957305908203125
0.478502094745636	0.521497905254364
0.9988468885421753	0.001153059653006494
0.8448010087013245	0.15519900619983673
0.7871347069740295	0.21286527812480927
0.9968876242637634	0.0031124332454055548
0.708030104637146	0.2919699251651764
0.3065679967403412	0.6934320330619812
0.6797233819961548	0.3202765882015228
0.9814198017120361	0.018580231815576553
0.1015620157122612	0.898438036441803
0.0033771309535950422	0.9966229200363159
0.941737711429596	0.058262214064598083
0.46384328603744507	0.5361567139625549
0.062421202659606934	0.9375788569450378
0.07823634147644043	0.9217636585235596
0.4271702170372009	0.5728298425674438
0.030871523544192314	0.969128429889679
0.4428359270095825	0.5571640729904175
0.2998182773590088	0.7001817226409912
0.6897304058074951	0.31026962399482727
0.18732412159442902	0.8126758933067322
0.4257543385028839	0.5742456316947937
0.5310973525047302	0.4689026176929474
0.42254766821861267	0.5774523615837097
0.43618592619895935	0.563814103603363
0.9285978078842163	0.07140219211578369
0.3571633994579315	0.6428365707397461
0.33577388525009155	0.6642260551452637
0.3747324049472809	0.6252676248550415
0.2756204307079315	0.7243795394897461
0.0059533738531172276	0.9940465688705444
0.4051899313926697	0.5948100686073303
0.4908721446990967	0.5091279149055481
0.2943520247936249	0.7056480050086975
0.31443774700164795	0.685562252998352
0.26733481884002686	0.7326652407646179
0.0865294337272644	0.9134705066680908
0.31831079721450806	0.6816892623901367
0.5810292959213257	0.41897067427635193
0.3072207570075989	0.6927792429924011
0.2586928904056549	0.7413071393966675
0.8468924760818481	0.15310755372047424
0.6405634880065918	0.3594365119934082
0.41319552063941956	0.5868045687675476
0.9989117383956909	0.001088297343812883
0.6671539545059204	0.3328460454940796
0.9021658897399902	0.09783415496349335
0.26406851410865784	0.7359315156936646
0.3037137985229492	0.6962862014770508
0.1621764898300171	0.8378235101699829
0.5277475118637085	0.4722525179386139
0.09104713052511215	0.9089528918266296
0.8284076452255249	0.17159242928028107
0.7119805812835693	0.28801941871643066
0.2791111171245575	0.7208888530731201
0.7648149132728577	0.23518508672714233
0.4022931158542633	0.5977068543434143
0.9049081206321716	0.09509188681840897
0.23691807687282562	0.763081967830658
0.9653922319412231	0.03460768982768059
0.19859711825847626	0.8014029264450073
0.5047829747200012	0.495216965675354
0.8807727098464966	0.11922722309827805
0.8393539190292358	0.16064609587192535
0.005316207651048899	0.9946838021278381
0.9408800601959229	0.05911998078227043
0.025537580251693726	0.9744623899459839
0.7141625881195068	0.2858373820781708
0.9939209222793579	0.0060790544375777245
0.8106933236122131	0.18930669128894806
0.04824584722518921	0.9517541527748108
0.6965950727462769	0.30340492725372314
0.06139325723052025	0.9386067390441895
0.36950263381004333	0.630497395992279
0.5187131762504578	0.48128679394721985
0.6207916736602783	0.3792083263397217
0.605469822883606	0.39453011751174927
0.13553579151630402	0.8644641637802124
0.833059549331665	0.16694049537181854
0.5049088001251221	0.4950912594795227
0.5569791197776794	0.44302091002464294
0.8254612684249878	0.1745387464761734
0.7586931586265564	0.24130681157112122
0.6219257712364197	0.3780742585659027
0.21615684032440186	0.7838431596755981
0.6698024868965149	0.3301974833011627
0.2901664078235626	0.7098336219787598
0.20024310052394867	0.7997568249702454
0.21380715072155	0.7861928939819336
0.41653329133987427	0.5834667086601257
0.47425711154937744	0.5257428884506226
0.5683451890945435	0.43165481090545654
0.9630468487739563	0.0369531624019146
0.009866160340607166	0.9901338219642639
0.14536893367767334	0.8546310663223267
0.2860667407512665	0.7139332890510559
0.2476898580789566	0.7523101568222046
0.0027523322496563196	0.9972476363182068
0.24608482420444489	0.7539151906967163
0.813262403011322	0.18673761188983917
0.15584780275821686	0.8441522121429443
0.3582296073436737	0.6417704224586487
0.6734211444854736	0.32657885551452637
0.9750037789344788	0.024996235966682434
0.34167584776878357	0.6583241820335388
0.8377938866615295	0.16220611333847046
0.5024192929267883	0.4975806176662445
0.7459598779678345	0.2540401518344879
0.01174920704215765	0.9882508516311646
0.2565927505493164	0.7434072494506836
0.6889836192131042	0.311016321182251
0.0011465175775811076	0.9988534450531006
0.6833723783493042	0.316627562046051
0.42061829566955566	0.5793817639350891
0.29456812143325806	0.7054318785667419
0.8074067234992981	0.1925932914018631
0.27694064378738403	0.723059356212616
0.7229463458061218	0.27705371379852295
0.1029067263007164	0.8970932960510254
0.9315381050109863	0.06846185028553009
0.5617610812187195	0.4382389187812805
0.8224607706069946	0.17753925919532776
0.8931378722190857	0.10686216503381729
0.49905917048454285	0.5009408593177795
0.45500826835632324	0.5449917316436768
0.12276296317577362	0.8772370219230652
0.9143983125686646	0.08560168743133545
0.7808504700660706	0.21914951503276825
0.7786449790000916	0.22135500609874725
0.4909108579158783	0.5090892314910889
0.31033581495285034	0.6896641850471497
0.3607449233531952	0.6392550468444824
0.21529386937618256	0.7847061157226562
0.916317880153656	0.0836821049451828
0.6008674502372742	0.39913251996040344
0.3064380884170532	0.693561851978302
0.7699788212776184	0.2300211489200592
0.9396854639053345	0.06031457334756851
0.050416264683008194	0.9495837688446045
0.6016557216644287	0.3983442485332489
0.8904306292533875	0.10956939309835434
0.017521701753139496	0.9824783205986023
0.009595231153070927	0.9904048442840576
0.2744293212890625	0.7255706191062927
0.7109257578849792	0.28907424211502075
0.07124587893486023	0.9287541508674622
0.9312745332717896	0.06872549653053284
0.9687018394470215	0.03129822388291359
0.38436993956565857	0.6156300902366638
0.30749624967575073	0.6925037503242493
0.26329877972602844	0.736701250076294
0.8951163291931152	0.10488361865282059
0.5580071210861206	0.4419928789138794
0.2837793827056885	0.7162206172943115
0.00648848433047533	0.9935114979743958
0.6422238349914551	0.3577762246131897
0.5876157879829407	0.4123842120170593
0.2893023192882538	0.7106977105140686
0.2516430914402008	0.7483569383621216
0.9487805366516113	0.05121949315071106
0.17142295837402344	0.8285769820213318
0.03342888504266739	0.9665711522102356
0.8529247641563416	0.14707526564598083
0.5560351610183716	0.44396480917930603
0.14354552328586578	0.8564544320106506
0.22858837246894836	0.771411657333374
0.7083770632743835	0.29162296652793884
0.7497450709342957	0.25025489926338196
0.6172152161598206	0.38278478384017944
0.9903063774108887	0.009693588130176067
0.32906052470207214	0.6709395051002502
0.8455575108528137	0.1544424444437027
0.8888053297996521	0.11119463294744492
0.3375151455402374	0.662484884262085
0.3408372104167938	0.6591627597808838
0.5280624032020569	0.4719376266002655
0.10024748742580414	0.8997525572776794
0.9075203537940979	0.09247971326112747
0.6308709979057312	0.3691289722919464
0.43052592873573303	0.5694741606712341
0.7896737456321716	0.21032625436782837
0.3779560625553131	0.6220439672470093
0.49393779039382935	0.5060622096061707
0.9224828481674194	0.07751712948083878
0.10846032202243805	0.8915396332740784
0.05464734137058258	0.9453526735305786
0.22230516374111176	0.777694821357727
0.2911154627799988	0.7088845372200012
0.6924076080322266	0.3075924515724182
0.38077419996261597	0.6192258596420288
0.4338878095149994	0.566112220287323
0.2646646201610565	0.7353353500366211
0.06627721339464188	0.9337228536605835
0.6604151725769043	0.3395848274230957
0.6518909335136414	0.34810903668403625
0.047461286187171936	0.9525386691093445
0.9343246817588806	0.06567531824111938
0.6072977185249329	0.39270228147506714
0.8627466559410095	0.13725332915782928
0.6126313805580139	0.38736864924430847
0.9867330193519592	0.013267000205814838
0.21616850793361664	0.7838315367698669
0.6579554677009583	0.34204450249671936
0.7056435942649841	0.2943563759326935
0.22358286380767822	0.7764171361923218
0.8692750930786133	0.1307249218225479
0.7563741207122803	0.24362583458423615
0.23433181643486023	0.7656682133674622
0.09509415924549103	0.9049057960510254
0.8358263969421387	0.16417363286018372
0.7254573106765747	0.2745426297187805
0.4177577793598175	0.5822421908378601
0.3065240681171417	0.6934759020805359
0.17662549018859863	0.8233745098114014
0.47098439931869507	0.5290156006813049
0.35735049843788147	0.6426494717597961
0.5702903866767883	0.42970961332321167
0.5347759127616882	0.4652240574359894
0.08921517431735992	0.9107848405838013
0.3886891007423401	0.6113108396530151
0.2770693600177765	0.7229306101799011
0.09833173453807831	0.9016683101654053
0.3193720281124115	0.6806279420852661
0.40319305658340454	0.5968070030212402
0.3257906138896942	0.6742094159126282
0.19288405776023865	0.8071159720420837
0.8988038301467896	0.10119613260030746
0.38125184178352356	0.6187480688095093
0.23079338669776917	0.7692065834999084
0.10678424686193466	0.8932157754898071
0.5171701312065125	0.48282989859580994
0.673001229763031	0.3269987404346466
0.1978098750114441	0.8021901249885559
0.3220793306827545	0.6779206991195679
0.4010269343852997	0.5989730358123779
0.12412481009960175	0.8758751749992371
0.11049514263868332	0.8895048499107361
0.17665408551692963	0.8233458995819092
0.5674075484275818	0.4325924813747406
0.5335314273834229	0.4664686322212219
0.007459845393896103	0.992540180683136
0.6071937084197998	0.39280635118484497
0.7491660714149475	0.2508339285850525
0.6728222966194153	0.32717767357826233
0.19906935095787048	0.8009306192398071
0.6002521514892578	0.3997478783130646
0.46328073740005493	0.5367192625999451
0.5074647068977356	0.4925352931022644
0.17532193660736084	0.8246780633926392
0.3732492923736572	0.6267507672309875
0.011835205368697643	0.9881647825241089
0.9730986952781677	0.026901252567768097
0.11572299897670746	0.8842769861221313
0.22939151525497437	0.7706084847450256
0.4155522882938385	0.5844476819038391
0.6438115239143372	0.35618847608566284
0.585472583770752	0.41452735662460327
0.4418547749519348	0.5581451654434204
0.64057856798172	0.35942143201828003
0.5047189593315125	0.49528107047080994
0.5079229474067688	0.4920769929885864
0.9026675820350647	0.09733247011899948
0.05593946576118469	0.9440605044364929
0.3968193531036377	0.6031807065010071
0.05664382502436638	0.9433561563491821
0.47082391381263733	0.5291761159896851
0.14395953714847565	0.8560404777526855
0.09087458997964859	0.9091253876686096
0.48482218384742737	0.5151777863502502
0.34331148862838745	0.6566885709762573
0.13325394690036774	0.8667460083961487
0.7596736550331116	0.2403264194726944
0.8666224479675293	0.1333775371313095
0.33290284872055054	0.6670971512794495
0.5656899213790894	0.43431010842323303
0.4644961357116699	0.5355038642883301
0.4814792573451996	0.5185207724571228
0.12914013862609863	0.8708598613739014
0.8312205672264099	0.16877947747707367
0.7592768669128418	0.24072305858135223
0.10880427062511444	0.8911957144737244
0.005076136440038681	0.9949238896369934
0.12393303960561752	0.8760669231414795
0.1501619517803192	0.8498379588127136
0.1526871919631958	0.8473128080368042
0.7457712292671204	0.25422871112823486
0.7802270650863647	0.21977290511131287
0.3754028379917145	0.6245971918106079
0.15882858633995056	0.8411714434623718
0.002609834773465991	0.9973902106285095
0.8957116007804871	0.10428842902183533
0.12149645388126373	0.8785035610198975
0.9607348442077637	0.03926514461636543
0.40828192234039307	0.5917180776596069
0.4414583742618561	0.5585415959358215
0.05554891377687454	0.944451093673706
0.25475186109542847	0.7452480792999268
0.737537145614624	0.262462854385376
0.41155335307121277	0.5884466171264648
0.27011942863464355	0.7298805713653564
0.03544382378458977	0.9645561575889587
0.13863736391067505	0.8613626956939697
0.4163999855518341	0.5835999846458435
0.3671606183052063	0.6328393816947937
0.38213983178138733	0.6178601384162903
0.688584566116333	0.3114154040813446
0.5504915118217468	0.44950851798057556
0.8796535134315491	0.12034650146961212
0.19570593535900116	0.8042941093444824
0.762200653553009	0.23779940605163574
0.3557121455669403	0.6442878842353821
0.3586212992668152	0.6413787007331848
0.9408117532730103	0.05918820574879646
0.11387912184000015	0.8861209154129028
0.22637344896793365	0.7736265063285828
0.5096343755722046	0.4903656244277954
0.5139517188072205	0.48604828119277954
0.23049961030483246	0.7695003747940063
0.32814255356788635	0.671857476234436
0.0335804745554924	0.9664194583892822
0.8583646416664124	0.14163534343242645
0.36294180154800415	0.6370581984519958
0.507503092288971	0.49249690771102905
0.28470948338508606	0.7152904868125916
0.3465706408023834	0.6534294486045837
0.45650050044059753	0.5434994697570801
0.6431275010108948	0.35687243938446045
0.9921174645423889	0.007882582023739815
0.34239712357521057	0.6576029658317566
0.9680678248405457	0.031932152807712555
0.5618463754653931	0.4381536543369293
0.7133197784423828	0.2866802215576172
0.8281073570251465	0.17189271748065948
0.4994909465312958	0.5005090832710266
0.2910613715648651	0.7089386582374573
0.6035760045051575	0.3964240252971649
0.4530700445175171	0.5469299554824829
0.26472166180610657	0.735278308391571
0.7080520391464233	0.29194796085357666
0.6339203119277954	0.3660796880722046
0.209316685795784	0.7906832695007324
0.6469980478286743	0.3530019521713257
0.9667595028877258	0.03324047103524208
0.9240020513534546	0.07599792629480362
0.25108638405799866	0.748913586139679
0.8386956453323364	0.1613042950630188
0.027214577421545982	0.9727854132652283
0.6319949626922607	0.36800506711006165
0.8568016886711121	0.14319826662540436
0.5538366436958313	0.4461633563041687
0.5552867650985718	0.44471320509910583
0.7670413255691528	0.23295865952968597
0.614712655544281	0.385287344455719
0.8156349658966064	0.18436507880687714
0.21677222847938538	0.783227801322937
0.6825060844421387	0.31749391555786133
0.8523719906806946	0.1476280242204666
0.6424703598022461	0.3575296998023987
0.755666196346283	0.24433380365371704
0.9850922226905823	0.014907834120094776
0.25268036127090454	0.7473195791244507
0.5022324919700623	0.4977674186229706
0.35227832198143005	0.6477217674255371
0.44205042719841003	0.5579494833946228
0.956105649471283	0.04389430582523346
0.2457135170698166	0.7542864084243774
0.44313162565231323	0.5568683743476868
0.4315238296985626	0.5684762001037598
0.42632633447647095	0.5736737251281738
0.6525828838348389	0.34741708636283875
0.8474467992782593	0.15255317091941833
0.7620169520378113	0.23798306286334991
0.7834877967834473	0.21651215851306915
0.29018980264663696	0.709810197353363
0.605377197265625	0.394622802734375
0.0929734855890274	0.907026469707489
0.01702970638871193	0.9829703569412231
0.9968709349632263	0.0031290266197174788
0.4879120886325836	0.512087881565094
0.6887786984443665	0.3112213611602783
0.6307463049888611	0.3692537248134613
0.508776843547821	0.49122315645217896
0.645156741142273	0.3548431992530823
0.29506033658981323	0.704939603805542
0.23407375812530518	0.7659262418746948
0.8383276462554932	0.16167239844799042
0.8694400787353516	0.1305599957704544
0.5058728456497192	0.49412718415260315
0.26619085669517517	0.7338091135025024
0.5319151878356934	0.46808484196662903
0.49284616112709045	0.5071538686752319
0.2512848675251007	0.7487151026725769
0.18952052295207977	0.8104794025421143
0.3317157030105591	0.6682842969894409
0.19583600759506226	0.8041639924049377
0.24459494650363922	0.7554050087928772
0.07107341289520264	0.9289265275001526
0.7327280640602112	0.2672719359397888
0.9020618796348572	0.09793808311223984
0.07697444409132004	0.9230256080627441
0.5016505718231201	0.49834948778152466
0.01686767116189003	0.9831323027610779
0.1192205473780632	0.8807794451713562
0.45140570402145386	0.5485943555831909
0.40797755122184753	0.5920224189758301
0.5001941919326782	0.4998058080673218
0.34848761558532715	0.6515123844146729
0.31396979093551636	0.6860301494598389
0.7974861860275269	0.20251379907131195
0.7997269630432129	0.20027302205562592
0.9433384537696838	0.05666154623031616
0.8786875009536743	0.12131251394748688
0.3245498538017273	0.6754501461982727
0.762400209903717	0.23759976029396057
0.5217090249061584	0.47829097509384155
0.9387372732162476	0.06126267462968826
0.5407683253288269	0.4592316150665283
0.14102736115455627	0.8589726090431213
0.6754826903343201	0.3245173394680023
0.4624844789505005	0.5375155806541443
0.4788984954357147	0.5211014747619629
0.7580748796463013	0.24192507565021515
0.7155916690826416	0.2844083607196808
0.47987836599349976	0.5201216340065002
0.5451789498329163	0.45482105016708374
0.9918296933174133	0.008170286193490028
0.8098931908607483	0.1901068538427353
0.9387568235397339	0.06124315410852432
0.9206855297088623	0.07931451499462128
0.571893572807312	0.4281063973903656
0.6389877200126648	0.36101222038269043
0.600658655166626	0.3993413746356964
0.975318968296051	0.0246810931712389
0.7947317957878113	0.20526818931102753
0.6021354794502258	0.3978644907474518
0.027736421674489975	0.972263514995575
0.14035865664482117	0.8596413135528564
0.8155445456504822	0.18445540964603424
0.9701054096221924	0.029894646257162094
0.5987169146537781	0.4012830853462219
0.33454984426498413	0.6654501557350159
0.8242852091789246	0.17571479082107544
0.4232531487941742	0.5767468214035034
0.49107930064201355	0.5089206695556641
0.8289029598236084	0.1710970550775528
0.03456196188926697	0.9654380083084106
0.9970539808273315	0.0029460645746439695
0.4938405156135559	0.5061594843864441
0.38698431849479675	0.6130157113075256
0.21606148779392242	0.7839385271072388
0.1923578828573227	0.8076421022415161
0.8910614848136902	0.10893844813108444
0.02180578000843525	0.9781941771507263
0.6146713495254517	0.38532865047454834
0.8140905499458313	0.1859094500541687
0.7653489708900452	0.23465107381343842
0.830315113067627	0.16968491673469543
0.7234956622123718	0.27650436758995056
0.4949767291545868	0.5050232410430908
0.4378468096256256	0.5621532201766968
0.34264075756073	0.6573591828346252
0.7560802698135376	0.24391965568065643
0.30264371633529663	0.6973562836647034
0.7720198631286621	0.2279801368713379
0.9763559103012085	0.02364407666027546
0.431113064289093	0.568886935710907
0.00027355836937204003	0.9997264742851257
0.5406289100646973	0.45937106013298035
0.7098115086555481	0.29018843173980713
0.5446052551269531	0.4553947150707245
0.1846780776977539	0.8153218626976013
0.6269822120666504	0.3730178475379944
0.9692939519882202	0.03070603683590889
0.7164004445075989	0.2835995554924011
0.34604412317276	0.65395587682724
0.5472842454910278	0.452715665102005
0.5551525950431824	0.44484734535217285
0.24590148031711578	0.7540984749794006
0.7824187278747559	0.21758125722408295
0.7206705212593079	0.27932947874069214
0.201353520154953	0.7986464500427246
0.9973655343055725	0.002634512959048152
0.9851254224777222	0.014874565415084362
0.13235023617744446	0.8676497936248779
0.9250507354736328	0.07494926452636719
0.9702636003494263	0.029736429452896118
0.6324166059494019	0.36758333444595337
0.06083386391401291	0.9391660690307617
0.16580180823802948	0.8341981172561646
0.5605303645133972	0.43946969509124756
0.8942607045173645	0.1057392954826355
0.9897841811180115	0.010215835645794868
0.40576255321502686	0.5942374467849731
0.584693431854248	0.41530653834342957
0.3006151616573334	0.699384868144989
0.3147899806499481	0.6852099895477295
0.6482041478157043	0.35179585218429565
0.6106816530227661	0.3893183171749115
0.419064998626709	0.580935001373291
0.10656563937664032	0.8934343457221985
0.8860775828361511	0.11392237991094589
0.31969866156578064	0.680301308631897
0.4539405107498169	0.5460594296455383
0.12707197666168213	0.8729280233383179
0.5784530639648438	0.42154693603515625
0.35360243916511536	0.646397590637207
0.5042992830276489	0.4957006871700287
0.1438760757446289	0.8561239242553711
0.49406659603118896	0.5059333443641663
0.3613341450691223	0.6386657953262329
0.02647455967962742	0.9735254645347595
0.8052179217338562	0.19478212296962738
0.22471612691879272	0.7752838730812073
0.8339902758598328	0.16600964963436127
0.20004594326019287	0.7999540567398071
0.9950369000434875	0.004963116254657507
0.6461880803108215	0.35381194949150085
0.4693955183029175	0.5306044816970825
0.5923779010772705	0.4076220989227295
0.531760573387146	0.46823936700820923
0.18273217976093292	0.8172677755355835
0.8405309319496155	0.1594691127538681
0.676983654499054	0.32301637530326843
0.9993877410888672	0.0006122931372374296
0.5760807991027832	0.4239192008972168
0.1942477524280548	0.8057522773742676
0.6760773062705994	0.323922723531723
0.0539059191942215	0.9460941553115845
0.07150426506996155	0.9284957647323608
0.450001060962677	0.549998939037323
0.07290196418762207	0.9270979762077332
0.6602440476417542	0.33975598216056824
0.7124691605567932	0.2875308692455292
0.026725228875875473	0.973274827003479
0.46308019757270813	0.5369198322296143
0.5589388608932495	0.4410611391067505
0.5950519442558289	0.40494808554649353
0.8032695055007935	0.19673050940036774
0.5302907228469849	0.46970927715301514
0.0020734742283821106	0.9979264736175537
0.5841148495674133	0.4158851206302643
0.06095056235790253	0.939049482345581
0.4884592294692993	0.5115407109260559
0.9854909181594849	0.014509039930999279
0.7986205220222473	0.20137949287891388
0.8953386545181274	0.10466136038303375
0.17518433928489685	0.8248156905174255
0.07778376340866089	0.9222162365913391
0.18923473358154297	0.810765266418457
0.015634752810001373	0.9843652248382568
0.26746124029159546	0.7325388193130493
0.0047042784281075	0.9952957034111023
0.6707906126976013	0.32920944690704346
0.5949466824531555	0.4050532877445221
0.20473253726959229	0.7952675223350525
0.037557363510131836	0.9624426960945129
0.2957097887992859	0.7042902112007141
0.2646011412143707	0.7353988289833069
0.26941946148872375	0.7305805683135986
0.25772184133529663	0.7422781586647034
0.47649121284484863	0.5235087275505066
0.18038484454154968	0.8196151852607727
0.14388738572597504	0.8561126589775085
0.7369224429130554	0.2630775272846222
0.4039531350135803	0.5960468649864197
0.1243879497051239	0.8756120800971985
0.3270391821861267	0.6729607582092285
0.2349829226732254	0.7650170922279358
0.7510160207748413	0.2489839643239975
0.7143918871879578	0.28560811281204224
0.5227347612380981	0.47726523876190186
0.5154346227645874	0.4845653176307678
0.17464657127857208	0.8253533840179443
0.8160784840583801	0.18392151594161987
0.35425522923469543	0.6457447409629822
0.8561287522315979	0.1438712328672409
0.7891603708267212	0.2108396291732788
0.18046382069587708	0.8195361495018005
0.030340829864144325	0.9696592092514038
0.4933486580848694	0.5066512823104858
0.7935248017311096	0.20647519826889038
0.9316284656524658	0.06837151199579239
0.867294192314148	0.13270585238933563
0.3405008614063263	0.6594990491867065
0.19540388882160187	0.8045961260795593
0.0016341001028195024	0.9983659386634827
0.9721430540084839	0.027856972068548203
0.2164597511291504	0.7835401892662048
0.07493031769990921	0.9250696897506714
0.5854464173316956	0.41455361247062683
0.5548567771911621	0.4451432526111603
0.6913434863090515	0.3086564540863037
0.4884392023086548	0.5115607380867004
0.21028144657611847	0.789718508720398
0.4801384210586548	0.5198615789413452
0.9421550035476685	0.057844966650009155
0.9626672267913818	0.037332817912101746
0.6536815762519836	0.34631848335266113
0.09047317504882812	0.9095268249511719
0.07912664860486984	0.9208733439445496
0.18237559497356415	0.8176243901252747
0.5042730569839478	0.49572691321372986
0.6036335229873657	0.39636650681495667
0.4880220293998718	0.5119779109954834
0.8602817058563232	0.13971829414367676
0.5225797295570374	0.47742030024528503
0.7339379191398621	0.2660621106624603
0.9981322884559631	0.0018677179468795657
0.04079142212867737	0.9592085480690002
0.9433059692382812	0.05669400468468666
0.4476093351840973	0.5523906946182251
0.29782041907310486	0.7021795511245728
0.5263043642044067	0.47369563579559326
0.47069793939590454	0.5293020606040955
0.18036621809005737	0.8196338415145874
0.526246964931488	0.47375303506851196
0.0609053410589695	0.9390947222709656
0.7719721794128418	0.22802779078483582
0.5390233397483826	0.46097663044929504
0.48044586181640625	0.5195541381835938
0.7726953625679016	0.22730468213558197
0.545735239982605	0.4542647898197174
0.6195858716964722	0.38041409850120544
0.19160911440849304	0.8083909153938293
0.8550699353218079	0.14493004977703094
0.8991637825965881	0.10083629935979843
0.9572305679321289	0.042769454419612885
0.031192397698760033	0.9688076376914978
0.6877965927124023	0.31220337748527527
0.7934117317199707	0.20658831298351288
0.5074814558029175	0.4925185441970825
0.16472503542900085	0.8352749943733215
0.10723231732845306	0.8927677273750305
0.4667799770832062	0.5332200527191162
0.9824888706207275	0.0175111573189497
0.3774990439414978	0.6225009560585022
0.7871201038360596	0.21287989616394043
0.5544331073760986	0.445566862821579
0.8269609212875366	0.17303912341594696
0.39707857370376587	0.6029214859008789
0.9199737906455994	0.08002622425556183
0.33139535784721375	0.6686046123504639
0.07065806537866592	0.9293419122695923
0.944401741027832	0.0555981881916523
0.9551247954368591	0.04487515985965729
0.05123763903975487	0.9487624168395996
0.2253352552652359	0.7746647000312805
0.16087056696414948	0.8391295075416565
0.6557779312133789	0.3442220985889435
0.09190775454044342	0.9080923199653625
0.45807796716690063	0.5419220924377441
0.5420132875442505	0.4579867124557495
0.4141674041748047	0.5858326554298401
0.4607319235801697	0.5392681360244751
0.020845463499426842	0.9791545271873474
0.9834180474281311	0.016581937670707703
0.7031905651092529	0.29680946469306946
0.2064054310321808	0.7935945391654968
0.9606897234916687	0.03931024670600891
0.8343426585197449	0.16565734148025513
0.8118429780006409	0.18815696239471436
0.39255625009536743	0.6074437499046326
0.8321555256843567	0.16784444451332092
0.7322625517845154	0.2677374482154846
0.8234430551528931	0.17655694484710693
0.24017125368118286	0.7598287463188171
0.6057637929916382	0.3942362070083618
0.4410172998905182	0.5589826703071594
0.09115790575742722	0.9088420867919922
0.7768301963806152	0.22316980361938477
0.9787731766700745	0.021226851269602776
0.18989823758602142	0.8101016879081726
0.9048504829406738	0.09514957666397095
0.9182022213935852	0.08179781585931778
0.4114350974559784	0.588564932346344
0.3229212462902069	0.6770787835121155
0.7518829703330994	0.24811697006225586
0.7108418941497803	0.2891581356525421
0.550309956073761	0.4496900737285614
0.8730034232139587	0.12699657678604126
0.2314889132976532	0.7685110569000244
0.7808974385261536	0.21910253167152405
0.20421366393566132	0.7957863211631775
0.22465720772743225	0.7753428816795349
0.20217549800872803	0.7978245615959167
0.8206971287727356	0.17930282652378082
0.8910205960273743	0.10897934436798096
0.30218246579170227	0.6978175640106201
0.8663544058799744	0.13364556431770325
0.7580621838569641	0.2419377863407135
0.27681463956832886	0.7231853604316711
0.9952816367149353	0.004718398675322533
0.03295724466443062	0.9670428037643433
0.6321176886558533	0.3678823411464691
0.322776734828949	0.6772233247756958
0.8369641304016113	0.16303586959838867
0.42351990938186646	0.5764800906181335
0.37115031480789185	0.6288496851921082
0.3257255256175995	0.6742745041847229
0.9144258499145508	0.0855741873383522
0.4662614166736603	0.5337386727333069
0.20202915370464325	0.7979708313941956
0.2126106470823288	0.78738933801651
0.8502912521362305	0.14970868825912476
0.7634099125862122	0.23659004271030426
0.018045775592327118	0.9819542169570923
0.6071364879608154	0.39286354184150696
0.03357599675655365	0.9664240479469299
0.44178155064582825	0.5582184195518494
0.4271133244037628	0.5728866457939148
0.7586113810539246	0.24138860404491425
0.11777255684137344	0.8822274208068848
0.12935522198677063	0.8706448078155518
0.2993001639842987	0.7006998658180237
0.9120492935180664	0.08795066922903061
0.40886884927749634	0.5911310911178589
0.4307308495044708	0.5692691802978516
0.8780099749565125	0.12199006974697113
0.6386770606040955	0.36132296919822693
0.49026426672935486	0.5097357034683228
0.08073603361845016	0.9192639589309692
0.6510798335075378	0.34892013669013977
0.3249374330043793	0.6750625967979431
0.7114111185073853	0.28858888149261475
0.5771692395210266	0.422830730676651
0.8863087892532349	0.11369118839502335
0.13257648050785065	0.8674234747886658
0.4480505883693695	0.5519493818283081
0.5698082447052002	0.4301917850971222
0.5370290279388428	0.46297094225883484
0.5193519592285156	0.480648010969162
0.378317266702652	0.6216826438903809
0.8725183606147766	0.1274815946817398
0.1852632761001587	0.8147366642951965
0.9879576563835144	0.012042309157550335
0.15965089201927185	0.8403490781784058
0.28924325108528137	0.7107567191123962
0.08466742187738419	0.9153326153755188
0.6719790697097778	0.32802093029022217
0.6089571118354797	0.3910428583621979
0.5640795826911926	0.4359204173088074
0.06957195699214935	0.9304280281066895
0.9182560443878174	0.08174396306276321
0.9661929607391357	0.03380699083209038
0.40931442379951477	0.5906855463981628
0.38356003165245056	0.6164399981498718
0.013449977152049541	0.986549973487854
0.4629659056663513	0.5370340943336487
0.5788081288337708	0.42119184136390686
0.6565032601356506	0.34349679946899414
0.0768260583281517	0.9231739044189453
0.8872853517532349	0.11271459609270096
0.9237715601921082	0.07622841745615005
0.4152683615684509	0.5847316384315491
0.8645869493484497	0.13541309535503387
0.29612621665000916	0.703873872756958
0.17624559998512268	0.8237544894218445
0.3461856544017792	0.6538143157958984
0.42821547389030457	0.5717845559120178
0.23008568584918976	0.7699142694473267
0.5052899718284607	0.4947100579738617
0.290689080953598	0.7093109488487244
0.8225048184394836	0.17749515175819397
0.7324554324150085	0.2675445079803467
0.005029716528952122	0.9949702620506287
0.9134188890457153	0.08658112585544586
0.7566143870353699	0.24338558316230774
0.42683038115501404	0.5731696486473083
0.32145196199417114	0.6785479784011841
0.47929200530052185	0.5207080245018005
0.4764097034931183	0.5235903263092041
0.25523120164871216	0.7447687983512878
0.6022098660469055	0.3977901339530945
0.9983344674110413	0.001665544230490923
0.20027145743370056	0.7997285723686218
0.04131989926099777	0.9586800932884216
0.5566408038139343	0.44335922598838806
0.31377214193344116	0.6862277984619141
0.5287186503410339	0.4712813198566437
0.5489932894706726	0.451006680727005
0.799246609210968	0.2007533758878708
0.46442753076553345	0.5355724692344666
0.46426692605018616	0.535733163356781
0.10271763056516647	0.8972823023796082
0.5500043630599976	0.44999563694000244
0.21407544612884521	0.7859245538711548
0.9989919066429138	0.00100803654640913
0.3509337604045868	0.6490662097930908
0.7791158556938171	0.22088418900966644
0.16766253113746643	0.8323374390602112
0.408088743686676	0.591911256313324
0.004756799899041653	0.9952431321144104
0.8273311853408813	0.17266879975795746
0.8305579423904419	0.1694420427083969
0.7275709509849548	0.2724290192127228
0.1424730271100998	0.857526957988739
0.6653204560279846	0.334679514169693
0.949835479259491	0.05016450956463814
0.14362989366054535	0.8563701510429382
0.6410493850708008	0.358950674533844
0.33612316846847534	0.6638768315315247
0.9769155979156494	0.023084376007318497
0.0984727293252945	0.9015272259712219
0.2739274203777313	0.7260725498199463
0.13670215010643005	0.8632978200912476
0.3235315978527069	0.6764684319496155
0.023691236972808838	0.9763087630271912
0.7392924427986145	0.2607075273990631
0.3694441616535187	0.6305558681488037
0.9632197022438049	0.03678031265735626
0.36599963903427124	0.634000301361084
0.4328180253505707	0.5671820044517517
0.5680451393127441	0.43195483088493347
0.028692185878753662	0.9713078737258911
0.4858473837375641	0.5141525864601135
0.6992301344871521	0.3007698655128479
0.6623743176460266	0.3376256823539734
0.25801974534988403	0.7419801950454712
0.6521143317222595	0.34788569808006287
0.6350386738777161	0.36496129631996155
0.09354569762945175	0.9064542651176453
0.002818463137373328	0.9971815347671509
0.5089813470840454	0.4910186529159546
0.9553994536399841	0.04460049793124199
0.2461741715669632	0.7538257837295532
0.11072029173374176	0.8892797827720642
0.4205878674983978	0.5794121623039246
0.9740704298019409	0.025929544121026993
0.35756972432136536	0.642430305480957
0.014266771264374256	0.9857332706451416
0.4333036243915558	0.5666963458061218
0.45474550127983093	0.5452544689178467
0.2919815182685852	0.7080184817314148
0.7460854053497314	0.25391459465026855
0.2545592188835144	0.7454407215118408
0.008213525637984276	0.9917864203453064
0.9453510046005249	0.05464896932244301
0.2134154736995697	0.7865845561027527
0.388403058052063	0.6115968823432922
0.32379183173179626	0.6762081384658813
0.7877076864242554	0.21229229867458344
0.8998917937278748	0.10010814666748047
0.5337947010993958	0.46620532870292664
0.4833658039569855	0.5166341662406921
0.6253750920295715	0.3746248781681061
0.49033084511756897	0.5096692442893982
0.6162325739860535	0.3837674558162689
0.9616372585296631	0.038362763822078705
0.040303755551576614	0.9596962332725525
0.9488810896873474	0.0511188767850399
0.6652736067771912	0.3347264230251312
0.5299236178398132	0.4700763523578644
0.4021387994289398	0.5978612303733826
0.6792213916778564	0.32077866792678833
0.3186967670917511	0.6813032031059265
0.7968669533729553	0.20313307642936707
0.788034200668335	0.2119658887386322
0.8731012940406799	0.12689869105815887
0.9436876773834229	0.056312330067157745
0.18052315711975098	0.8194769024848938
0.5984548926353455	0.40154513716697693
0.855817973613739	0.1441819816827774
0.2319408506155014	0.7680591344833374
0.07021810114383698	0.929781973361969
0.6564087867736816	0.34359124302864075
0.61956787109375	0.3804321885108948
0.7731764912605286	0.22682349383831024
0.6614107489585876	0.3385891914367676
0.11997416615486145	0.8800258636474609
0.41078510880470276	0.5892148613929749
0.9023857712745667	0.09761421382427216
0.3127678334712982	0.6872321367263794
0.006534304469823837	0.9934657216072083
0.7039459347724915	0.29605409502983093
0.653097927570343	0.3469020128250122
0.6299161314964294	0.37008389830589294
0.011194039136171341	0.9888060092926025
0.96810382604599	0.0318961963057518
0.4638994336128235	0.5361005663871765
0.8871386051177979	0.11286141723394394
0.7476224899291992	0.2523774802684784
0.3767860233783722	0.6232139468193054
0.2897081971168518	0.7102918028831482
0.800920844078064	0.19907918572425842
0.47246018052101135	0.527539849281311
0.3986295759677887	0.6013704538345337
0.684308648109436	0.3156913220882416
0.3399859666824341	0.6600140333175659
0.1293482631444931	0.8706517815589905
0.8042268753051758	0.1957731544971466
0.4872246980667114	0.5127752423286438
0.5562769174575806	0.44372308254241943
0.034816525876522064	0.965183436870575
0.9943820834159851	0.005617926362901926
0.5323563814163208	0.4676435887813568
0.2976643145084381	0.7023357152938843
0.7846940755844116	0.21530592441558838
0.010910768061876297	0.9890891909599304
0.7175532579421997	0.2824467420578003
0.12854209542274475	0.8714578747749329
0.40687718987464905	0.5931227803230286
0.8028149604797363	0.19718503952026367
0.5056323409080505	0.49436771869659424
0.49185019731521606	0.5081498026847839
0.24289800226688385	0.7571019530296326
0.17196252942085266	0.828037440776825
0.6679378151893616	0.3320621848106384
0.579667866230011	0.4203321635723114
0.9376826286315918	0.06231735274195671
0.4903787672519684	0.5096212029457092
0.4312472343444824	0.5687527060508728
0.319474995136261	0.6805249452590942
0.1150771975517273	0.8849228024482727
0.2830783724784851	0.7169216275215149
0.9138199687004089	0.0861799493432045
0.7893067002296448	0.21069324016571045
0.7942821979522705	0.20571781694889069
0.6863804459571838	0.31361955404281616
0.3488045036792755	0.6511955261230469
0.808783769607544	0.19121624529361725
0.9526003003120422	0.047399673610925674
0.6176530718803406	0.3823469281196594
0.12529535591602325	0.8747045993804932
0.5799410939216614	0.4200589656829834
0.8246692419052124	0.1753307431936264
0.07216502726078033	0.9278349876403809
0.29356488585472107	0.7064351439476013
0.9164953827857971	0.0835045799612999
0.6290637850761414	0.37093624472618103
0.5667634010314941	0.43323665857315063
0.9053826928138733	0.09461729228496552
0.6843298077583313	0.3156701624393463
0.9699899554252625	0.030010081827640533
0.7344084978103638	0.26559147238731384
0.7414572238922119	0.2585428059101105
0.5868337154388428	0.413166344165802
0.9609841108322144	0.03901589289307594
0.5594528913497925	0.44054704904556274
0.20175397396087646	0.7982460260391235
0.8584182262420654	0.14158177375793457
0.018673142418265343	0.9813268780708313
0.04704312980175018	0.9529569149017334
0.3359092175960541	0.6640906929969788
0.7060002684593201	0.2939997911453247
0.6407755613327026	0.35922446846961975
0.9738126397132874	0.026187362149357796
0.7073430418968201	0.2926569879055023
0.9150230288505554	0.08497702330350876
0.6605180501937866	0.33948197960853577
0.03126472979784012	0.9687352776527405
0.11114169657230377	0.8888582587242126
0.41122356057167053	0.5887764096260071
0.08851028978824615	0.9114897847175598
0.17008568346500397	0.8299143314361572
0.9962440729141235	0.003755975980311632
0.454105943441391	0.5458940863609314
0.5250166654586792	0.4749833643436432
0.4266699254512787	0.5733301043510437
0.8297598958015442	0.17024008929729462
0.7806301712989807	0.2193697988986969
0.4787609279155731	0.5212391018867493
0.40283119678497314	0.5971688628196716
0.5845854878425598	0.4154145419597626
0.4643535912036896	0.5356464385986328
0.48372310400009155	0.5162769556045532
0.13540492951869965	0.8645950555801392
0.2253323346376419	0.7746676802635193
0.9357674717903137	0.06423252075910568
0.22849638760089874	0.7715036273002625
0.09833225607872009	0.9016677141189575
0.07943043857812881	0.9205695390701294
0.152494877576828	0.8475050926208496
0.11107040196657181	0.8889296054840088
0.10960701107978821	0.8903930187225342
0.3185749351978302	0.6814250349998474
0.8350676894187927	0.16493235528469086
0.6232881546020508	0.376711905002594
0.5242807269096375	0.47571927309036255
0.32170215249061584	0.6782978773117065
0.802437961101532	0.19756203889846802
0.27611562609672546	0.7238843441009521
0.09549698233604431	0.9045030474662781
0.8254678845405579	0.17453208565711975
0.1942208707332611	0.8057791590690613
0.8062502145767212	0.19374974071979523
0.4239458739757538	0.5760541558265686
0.7764285206794739	0.2235715091228485
0.032627690583467484	0.9673723578453064
0.37149104475975037	0.6285089254379272
0.9096272587776184	0.09037277847528458
0.054598208516836166	0.9454018473625183
0.26218560338020325	0.7378143668174744
0.539097785949707	0.46090224385261536
0.30381256341934204	0.6961874961853027
0.5952842235565186	0.40471580624580383
0.014110534451901913	0.9858894348144531
0.6007272601127625	0.39927276968955994
0.003750910283997655	0.9962491393089294
0.3946361541748047	0.6053638458251953
0.40305039286613464	0.596949577331543
0.32181766629219055	0.6781823039054871
0.38106822967529297	0.6189318299293518
0.028755901381373405	0.9712440967559814
0.9622359871864319	0.037763942033052444
0.6065555214881897	0.3934444487094879
0.6946680545806885	0.3053319454193115
0.9748889207839966	0.025111107155680656
0.41662105917930603	0.5833789110183716
0.38998183608055115	0.6100181341171265
0.42367666959762573	0.5763233304023743