0.8238071203231812	0.17619290947914124
0.4997853636741638	0.5002146363258362
0.6988468766212463	0.30115312337875366
0.7483154535293579	0.2516845762729645
0.7831993699073792	0.21680063009262085
0.13394370675086975	0.8660563826560974
0.17641599476337433	0.8235839605331421
0.9994087219238281	0.0005912488559260964
0.43646275997161865	0.5635372400283813
0.7930569052696228	0.2069430649280548
0.3190545439720154	0.6809454560279846
0.007560149300843477	0.992439866065979
0.009736090898513794	0.9902639389038086
0.45842576026916504	0.5415742993354797
0.8854629993438721	0.1145370602607727
0.8681871294975281	0.13181285560131073
0.8589287996292114	0.14107123017311096
0.44561338424682617	0.5543866157531738
0.024415692314505577	0.9755843877792358
0.0005829978617839515	0.9994170665740967
0.696085512638092	0.30391448736190796
0.9719030261039734	0.028096981346607208
0.33116450905799866	0.6688355207443237
0.10724744945764542	0.8927525281906128
0.7469677925109863	0.25303226709365845
0.045762382447719574	0.9542375802993774
0.11315695196390152	0.8868430852890015
0.5422012209892273	0.4577988088130951
0.33661580085754395	0.663384199142456
0.008333910256624222	0.9916661381721497
0.005563827231526375	0.9944361448287964
0.9625453948974609	0.037454646080732346
0.13043656945228577	0.8695634603500366
0.1532154232263565	0.8467845916748047
0.8024197816848755	0.19758017361164093
0.6913316249847412	0.3086684048175812
0.8126810193061829	0.18731902539730072
0.7808064222335815	0.21919356286525726
0.5041855573654175	0.49581438302993774
0.4678526818752289	0.5321472883224487
0.43809789419174194	0.5619021058082581
0.8668404221534729	0.1331595927476883
0.38220149278640747	0.6177985072135925
0.24002863466739655	0.7599713802337646
0.9093824028968811	0.09061761200428009
0.8964319825172424	0.10356801748275757
0.32611915469169617	0.6738808751106262
0.8760132193565369	0.12398680299520493
0.2982303202152252	0.7017696499824524
0.1528024971485138	0.8471975922584534
0.11888797581195831	0.8811120390892029
0.11518164724111557	0.8848183751106262
0.5569419264793396	0.4430581033229828
0.7785944938659668	0.22140555083751678
0.2597307860851288	0.7402692437171936
0.8361061811447144	0.16389383375644684
0.9974824786186218	0.00251755490899086
0.013215811923146248	0.9867842197418213
0.8343244194984436	0.16567553579807281
0.741432249546051	0.258567750453949
0.217363640666008	0.7826363444328308
0.8979429602622986	0.10205701738595963
0.6284691095352173	0.3715309798717499
0.36569634079933167	0.6343036890029907
0.8187782168388367	0.18122175335884094
0.796474277973175	0.20352575182914734
0.5548354387283325	0.44516459107398987
0.26638877391815186	0.7336112260818481
0.6054333448410034	0.3945666551589966
0.24261772632598877	0.7573822140693665
0.5659382343292236	0.43406179547309875
0.8109641075134277	0.18903590738773346
0.4157116711139679	0.5842882990837097
0.867625892162323	0.1323741227388382
0.7695885300636292	0.23041149973869324
0.1050945445895195	0.8949053883552551
0.594313383102417	0.405686616897583
0.1814727783203125	0.8185272812843323
0.10004575550556183	0.8999542593955994
0.004765953868627548	0.9952340722084045
0.09487436711788177	0.9051255583763123
0.5231351852416992	0.4768648147583008
0.13190235197544098	0.8680976629257202
0.7479320168495178	0.25206804275512695
0.9385449886322021	0.061455003917217255
0.5611537098884583	0.43884629011154175
0.35804882645606995	0.6419511437416077
0.2963535189628601	0.7036464810371399
0.3053578734397888	0.6946421265602112
0.4756368398666382	0.524363100528717
0.2594865560531616	0.7405135035514832
0.4358498752117157	0.5641500949859619
0.661223292350769	0.33877673745155334
0.2941453456878662	0.7058547139167786
0.008698982186615467	0.9913010001182556
0.5567845106124878	0.4432154595851898
0.15982875227928162	0.8401712775230408
0.061809808015823364	0.9381901621818542
0.8079621195793152	0.19203786551952362
0.7880700826644897	0.21192994713783264
0.9014739394187927	0.09852608293294907
0.9659982323646545	0.03400176018476486
0.9714368581771851	0.02856307663023472
0.8894279599189758	0.11057205498218536
0.35280394554138184	0.6471960544586182
0.053861308842897415	0.9461387395858765
0.5726654529571533	0.4273345470428467
0.7254832983016968	0.274516761302948
0.36931487917900085	0.6306851506233215
0.504292368888855	0.49570760130882263
0.454490065574646	0.5455098748207092
0.2924875020980835	0.7075124382972717
0.9034677743911743	0.0965321734547615
0.7022660374641418	0.29773393273353577
0.3626185953617096	0.637381374835968
0.6064516305923462	0.3935483992099762
0.5882745385169983	0.4117254316806793
0.07244446128606796	0.927555501461029
0.44442248344421387	0.5555775165557861
0.712506890296936	0.28749310970306396
0.6084638237953186	0.391536146402359
0.9479729533195496	0.05202702805399895
0.45387694239616394	0.5461230874061584
0.0011955582303926349	0.9988044500350952
0.8118579387664795	0.1881420612335205
0.06494560092687607	0.9350544214248657
0.8390217423439026	0.1609782874584198
0.4048737585544586	0.5951262712478638
0.8147039413452148	0.18529608845710754
0.08393207937479019	0.916067898273468
0.8954322338104248	0.10456779599189758
0.4976353049278259	0.5023646950721741
0.18242818117141724	0.8175718188285828
0.639156699180603	0.36084336042404175
0.6151137351989746	0.3848862648010254
0.46489423513412476	0.5351057052612305
0.5416268110275269	0.45837312936782837
0.32793980836868286	0.6720601916313171
0.38122665882110596	0.6187732815742493
0.3724934160709381	0.6275066137313843
0.5056664943695068	0.49433353543281555
0.40206992626190186	0.5979300141334534
0.45343831181526184	0.5465616583824158
0.0006168298423290253	0.9993830919265747
0.38194432854652405	0.6180557012557983
0.5761476159095764	0.4238523244857788
0.540766716003418	0.45923325419425964
0.3537355959415436	0.646264374256134
0.9604767560958862	0.039523229002952576
0.752996027469635	0.2470039576292038
0.20711398124694824	0.7928860187530518
0.40030381083488464	0.5996962189674377
0.5965757966041565	0.4034242033958435
0.493344247341156	0.506655752658844
0.002236476633697748	0.9977635145187378
0.9851969480514526	0.014803067781031132
0.7409535646438599	0.25904637575149536
0.34002095460891724	0.6599790453910828
0.7487509846687317	0.2512490153312683
0.35563841462135315	0.6443616151809692
0.35303547978401184	0.6469645500183105
0.572807788848877	0.42719221115112305
0.3980933725833893	0.6019066572189331
0.602005660533905	0.3979943096637726
0.22022788226604462	0.779772162437439
0.18943485617637634	0.8105651140213013
0.7051079869270325	0.29489198327064514
0.18715952336788177	0.812840461730957
0.02474074251949787	0.9752593040466309
0.9899696707725525	0.010030275210738182
0.6940150260925293	0.3059850037097931
0.9904229640960693	0.009577073156833649
0.9199877977371216	0.08001215755939484
0.24610815942287445	0.7538918256759644
0.9363554120063782	0.06364455074071884
0.36886394023895264	0.6311360001564026
0.7404473423957825	0.2595526874065399
0.9036781787872314	0.09632185101509094
0.3363262414932251	0.6636737585067749
0.00799955427646637	0.9920004606246948
0.2786155343055725	0.7213844060897827
0.38350361585617065	0.6164963841438293
0.3975493311882019	0.6024507284164429
0.31474050879478455	0.6852594614028931
0.5770898461341858	0.4229101240634918
0.8175958395004272	0.18240408599376678
0.2310001701116562	0.7689998745918274
0.02702444978058338	0.9729755520820618
0.6851919293403625	0.31480807065963745
0.44977816939353943	0.550221860408783
0.8055238127708435	0.1944761723279953
0.5703034996986389	0.4296964406967163
0.997170627117157	0.002829440636560321
0.28986695408821106	0.7101330757141113
0.4110409915447235	0.5889590382575989
0.7968977689743042	0.20310227572917938
0.9996401071548462	0.0003598717739805579
0.6501137614250183	0.3498862385749817
0.6778298616409302	0.3221701681613922
0.0011404716642573476	0.9988595247268677
0.3213324546813965	0.6786674857139587
0.6444269418716431	0.35557305812835693
0.24904288351535797	0.7509570717811584
0.21772992610931396	0.782270073890686
0.9291975498199463	0.07080239802598953
0.5097421407699585	0.4902578890323639
0.12646839022636414	0.8735316395759583
0.7782529592514038	0.22174705564975739
0.528469443321228	0.4715305268764496
0.7848142385482788	0.2151857167482376
0.4162926971912384	0.5837072730064392
0.0009847539477050304	0.999015212059021
0.9556204080581665	0.0443795844912529
0.022072821855545044	0.9779271483421326
0.5842984318733215	0.4157015383243561
0.26935839653015137	0.7306416034698486
0.404356986284256	0.5956430435180664
0.06165420636534691	0.9383457899093628
0.38847076892852783	0.6115292310714722
0.8759923577308655	0.12400761991739273
0.7858364582061768	0.21416351199150085
0.6999224424362183	0.30007755756378174
0.51169753074646	0.48830246925354004
0.9218711256980896	0.0781288743019104
0.19694635272026062	0.8030536770820618
0.8429818749427795	0.15701808035373688
0.5941330790519714	0.40586692094802856
0.045944634824991226	0.9540553689002991
0.5378997325897217	0.4621002674102783
0.8766239285469055	0.12337605655193329
0.8779121041297913	0.12208790332078934
0.668285608291626	0.3317144215106964
0.7637056708335876	0.23629432916641235
0.9495005011558533	0.05049953982234001
0.3055301010608673	0.6944698691368103
0.22326727211475372	0.7767327427864075
0.786350429058075	0.21364958584308624
0.5987537503242493	0.4012462794780731
0.14677941799163818	0.8532205820083618
0.6469154357910156	0.353084534406662
0.2622298300266266	0.7377701997756958
0.4164563715457916	0.5835436582565308
0.03291371837258339	0.9670863151550293
0.47008755803108215	0.5299124717712402
0.007011401001363993	0.992988646030426
0.31021252274513245	0.6897874474525452
0.2845057249069214	0.7154942750930786
0.8845376968383789	0.1154622882604599
0.8247091770172119	0.1752908080816269
0.7700712084770203	0.22992879152297974
0.045323446393013	0.9546765089035034
0.7690658569335938	0.23093415796756744
0.575385570526123	0.42461445927619934
0.11850788444280624	0.8814921379089355
0.28614112734794617	0.7138588428497314
0.6444695591926575	0.3555304706096649
0.9302151799201965	0.06978479772806168
0.3203202188014984	0.679679811000824
0.5181192755699158	0.48188072443008423
0.8073408603668213	0.1926591843366623
0.8578231334686279	0.1421767920255661
0.05757363885641098	0.9424263834953308
0.03670477122068405	0.9632952213287354
0.9760891795158386	0.023910844698548317
0.11938591301441193	0.8806140422821045
0.4440806210041046	0.5559194087982178
0.05513789504766464	0.9448621273040771
0.7744463682174683	0.22555360198020935
0.815082311630249	0.1849176585674286
0.29980769753456116	0.7001923322677612
0.6802072525024414	0.3197927474975586
0.8513317704200745	0.14866819977760315
0.07590160518884659	0.9240983128547668
0.719638466835022	0.280361533164978
0.9803237915039062	0.019676202908158302
0.6033263206481934	0.39667370915412903
0.18445204198360443	0.8155479431152344
0.8073916435241699	0.19260835647583008
0.4907381236553192	0.5092618465423584
0.7315468788146973	0.26845309138298035
0.9807043671607971	0.01929556392133236
0.6028664112091064	0.3971334993839264
0.9254617094993591	0.07453830540180206
0.6706126928329468	0.329387366771698
0.48681724071502686	0.5131826996803284
0.008831513114273548	0.9911684989929199
0.7984388470649719	0.2015610933303833
0.5023996829986572	0.49760034680366516
0.6779261827468872	0.322073757648468
0.01796252280473709	0.9820374250411987
0.6228505969047546	0.37714943289756775
0.5746843814849854	0.42531564831733704
0.9757723808288574	0.024227557703852654
0.0016844318015500903	0.9983155727386475
0.0009796489030122757	0.9990203380584717
0.41399136185646057	0.586008608341217
0.9842647314071655	0.015735210850834846
0.059905800968408585	0.9400941729545593
0.8723506927490234	0.12764932215213776
0.5495530962944031	0.4504469335079193
0.4164351224899292	0.5835649371147156
0.8242592215538025	0.1757407784461975
0.01951398327946663	0.9804860353469849
0.8785448670387268	0.12145520746707916
0.03225494548678398	0.9677450656890869
0.4593123495578766	0.540687620639801
0.30155032873153687	0.6984496712684631
0.5202586650848389	0.47974133491516113
0.8429781794548035	0.15702182054519653
0.36444491147994995	0.63555508852005
0.30779609084129333	0.6922038197517395
0.743201732635498	0.25679826736450195
0.5170029997825623	0.48299703001976013
0.45240357518196106	0.5475964546203613
0.5240964293479919	0.47590354084968567
0.9685359597206116	0.031464096158742905
0.7826350927352905	0.2173648476600647
0.9246231913566589	0.07537683844566345
0.36472612619400024	0.6352738738059998
0.6329325437545776	0.36706751585006714
0.4273993968963623	0.5726006031036377
0.16076034307479858	0.8392396569252014
0.8863413333892822	0.11365871131420135
0.9505863785743713	0.04941367730498314
0.20977848768234253	0.7902215719223022
0.3483164608478546	0.651683509349823
0.3235401213169098	0.6764599084854126
0.8101477026939392	0.1898522973060608
0.4944762587547302	0.5055237412452698
0.7002926468849182	0.29970741271972656
0.6949725151062012	0.30502748489379883
0.046630505472421646	0.9533695578575134
0.7727230191230774	0.2272769659757614
0.01767565868794918	0.9823243618011475
0.9545119404792786	0.04548810422420502
0.4501267373561859	0.5498732328414917
0.5833805203437805	0.4166194200515747
0.5022445321083069	0.4977554976940155
0.5647603273391724	0.43523961305618286
0.33946487307548523	0.6605350971221924
0.33188650012016296	0.6681135296821594
0.4775729477405548	0.5224271416664124
0.10770434886217117	0.8922956585884094
0.20957477390766144	0.790425181388855
0.3627893626689911	0.6372106671333313
0.5871744751930237	0.4128255248069763
0.9999713897705078	2.8639276933972724e-05
0.4569048583507538	0.5430951714515686
0.4337615370750427	0.5662384033203125
0.5252901315689087	0.4747098684310913
0.31774047017097473	0.6822595000267029
0.6993656158447266	0.3006344139575958
0.6663699150085449	0.33363017439842224
0.8183192610740662	0.18168070912361145
0.7223506569862366	0.2776493728160858
0.29726552963256836	0.7027344703674316
0.7842980027198792	0.21570201218128204
0.649932324886322	0.350067675113678
0.48114490509033203	0.5188551545143127
0.9180129766464233	0.08198707550764084
0.8180911540985107	0.18190884590148926
0.46080711483955383	0.5391929149627686
0.9994519352912903	0.00054804707178846
0.018948359414935112	0.9810516834259033
0.09922138601541519	0.900778591632843
0.3522581458091736	0.6477418541908264
0.38988885283470154	0.6101111769676208
0.5982040166854858	0.40179598331451416
0.9557837247848511	0.04421630874276161
0.68682461977005	0.3131754398345947
0.27778172492980957	0.7222182154655457
0.6502709984779358	0.349729061126709
0.9422014355659485	0.0577985979616642
0.11569302529096603	0.8843070268630981
0.5059080123901367	0.49409204721450806
0.4753175377845764	0.5246824622154236
0.5923877954483032	0.4076122045516968
0.36808010935783386	0.6319198608398438
0.16794975101947784	0.8320503234863281
0.12075527012348175	0.8792448043823242
0.020956458523869514	0.9790436029434204
0.5232579112052917	0.47674208879470825
0.2200966626405716	0.7799033522605896
0.804431140422821	0.19556881487369537
0.02128516510128975	0.9787148237228394
0.5381955504417419	0.4618043899536133
0.1735069453716278	0.826492965221405
0.8978328704833984	0.10216709971427917
0.5820461511611938	0.41795384883880615
0.20751306414604187	0.7924870252609253
0.6031396389007568	0.3968603312969208
0.5277642011642456	0.472235769033432
0.06894464790821075	0.9310553669929504
0.09484017640352249	0.9051598906517029
0.37024641036987305	0.6297536492347717
0.5162328481674194	0.4837671220302582
0.1393650323152542	0.8606349229812622
0.8240491151809692	0.17595091462135315
0.9895557761192322	0.010444194078445435
0.021385246887803078	0.9786146879196167
0.02975182980298996	0.9702482223510742
0.28987398743629456	0.7101260423660278
0.3397851586341858	0.6602148413658142
0.5120064616203308	0.48799362778663635
0.986846387386322	0.013153628446161747
0.3280125558376312	0.6719874143600464
0.8061884641647339	0.19381152093410492
0.9186574220657349	0.0813426524400711
0.3551485538482666	0.6448514461517334
0.4162352979183197	0.5837647318840027
0.2973324954509735	0.7026674747467041
0.3313840329647064	0.6686159372329712
0.5955888032913208	0.4044111967086792
0.7140112519264221	0.28598877787590027
0.4154050052165985	0.5845949649810791
0.29205968976020813	0.7079403400421143
0.8594473004341125	0.14055266976356506
0.39942607283592224	0.6005738973617554
0.8177928328514099	0.1822071671485901
0.8037405610084534	0.19625945389270782
0.46867114305496216	0.5313289165496826
0.6880643963813782	0.3119356334209442
0.9406667947769165	0.05933316797018051
0.29500681161880493	0.7049931883811951
0.6910870671272278	0.3089129626750946
0.1300859898328781	0.8699140548706055
0.944187581539154	0.055812448263168335
0.22534975409507751	0.7746502161026001
0.26110172271728516	0.7388982772827148
0.9935116171836853	0.0064884391613304615
0.2330356389284134	0.766964316368103
0.9730228185653687	0.02697717770934105
0.8948978781700134	0.10510208457708359
0.980270504951477	0.019729504361748695
0.2735624313354492	0.7264376282691956
0.3066450357437134	0.6933549642562866
0.5030415654182434	0.49695852398872375
0.002182094380259514	0.997817873954773
0.4308713376522064	0.5691287517547607
0.5813554525375366	0.4186445474624634
0.6849142909049988	0.31508564949035645
0.054822854697704315	0.9451771378517151
0.39649176597595215	0.6035081744194031
0.017508335411548615	0.982491672039032
0.4063352942466736	0.5936647653579712
0.5918692350387573	0.4081306755542755
0.13095353543758392	0.8690464496612549
0.9841504096984863	0.015849510207772255
0.11064743250608444	0.889352560043335
0.4820167124271393	0.5179833173751831
0.4059315621852875	0.5940684080123901
0.29522621631622314	0.7047737836837769
0.2791620194911957	0.7208380103111267
0.07479981333017349	0.9252002239227295
0.4004088342189789	0.5995911955833435
0.4409799873828888	0.5590200424194336
0.8137171268463135	0.18628287315368652
0.6997911334037781	0.30020877718925476
0.8775359392166138	0.1224641278386116
0.6634156107902527	0.3365843594074249
0.6809969544410706	0.31900307536125183
0.9651144742965698	0.03488554060459137
0.3889232277870178	0.6110767722129822
0.9104616045951843	0.08953841775655746
0.12548460066318512	0.8745154142379761
0.18988187611103058	0.8101181387901306
0.5414585471153259	0.4585414230823517
0.9894564747810364	0.010543528012931347
0.002982583362609148	0.9970173835754395
0.9718870520591736	0.028112895786762238
0.4226890206336975	0.5773109793663025
0.796164333820343	0.20383568108081818
0.40194228291511536	0.5980576872825623
0.5499425530433655	0.45005738735198975
0.18182526528835297	0.8181747198104858
0.42979010939598083	0.5702098608016968
0.3182874917984009	0.6817125678062439
0.08971299231052399	0.9102870225906372
0.9943774342536926	0.005622507072985172
0.4552185833454132	0.5447814464569092
0.9318931102752686	0.06810687482357025
0.8181169629096985	0.1818830817937851
0.7241871356964111	0.27581286430358887
0.7846473455429077	0.21535271406173706
0.9881885647773743	0.011811506934463978
0.4871494174003601	0.5128505825996399
0.29538583755493164	0.7046141624450684
0.5057463645935059	0.49425360560417175
0.8916997313499451	0.10830024629831314
0.6191346049308777	0.38086533546447754
0.6389153003692627	0.3610846698284149
0.34279340505599976	0.657206654548645
0.5771138072013855	0.4228861629962921
0.1451966017484665	0.8548033833503723
0.10179287195205688	0.8982071280479431
0.9584019780158997	0.041598040610551834
0.06581650674343109	0.9341834783554077
0.40071478486061096	0.5992851853370667
0.327766478061676	0.6722334623336792
0.9930437803268433	0.00695628160610795
0.9966030120849609	0.00339698838070035
0.48108115792274475	0.5189188718795776
0.2421552687883377	0.7578447461128235
0.4509965181350708	0.5490034222602844
0.7406409978866577	0.25935906171798706
0.015614458359777927	0.9843855500221252
0.9493889212608337	0.05061100795865059
0.1420685350894928	0.8579314351081848
0.22026853263378143	0.7797315120697021
0.37527427077293396	0.6247258186340332
0.20250773429870605	0.7974923253059387
0.7843965888023376	0.21560335159301758
0.04504247382283211	0.9549575448036194
0.027166698127985	0.9728332757949829
0.9189819693565369	0.08101799339056015
0.4445035457611084	0.5554964542388916
0.7662809491157532	0.23371900618076324
0.49379876255989075	0.5062013268470764
0.040884777903556824	0.9591152667999268
0.056401580572128296	0.9435984492301941
0.3553679287433624	0.6446320414543152
0.0002255803847219795	0.9997743964195251
0.0682157352566719	0.9317842721939087
0.00408658292144537	0.9959134459495544
0.6355903744697571	0.3644096553325653
0.9911388754844666	0.008861159905791283
0.2196851521730423	0.7803148627281189
0.931631326675415	0.06836869567632675
0.3654857277870178	0.634514331817627
0.020739050582051277	0.9792609810829163
0.11897490918636322	0.8810250759124756
0.9427509903907776	0.05724899470806122
0.6024385094642639	0.3975614607334137
0.41585150361061096	0.5841485261917114
0.31292101740837097	0.6870790123939514
0.4064844846725464	0.5935155153274536
0.632975697517395	0.3670242428779602
0.3391973674297333	0.6608026623725891
0.673325777053833	0.3266741931438446
0.7541646361351013	0.24583536386489868
0.01588595286011696	0.9841140508651733
0.15692539513111115	0.8430745601654053
0.3750223219394684	0.624977707862854
0.24544267356395721	0.7545573115348816
0.6308470368385315	0.3691529333591461
0.9789148569107056	0.021085135638713837
0.9066928625106812	0.09330718219280243
0.852694571018219	0.14730536937713623
0.09703425318002701	0.902965784072876
0.7841576337814331	0.2158423662185669
0.046979762613773346	0.9530202150344849
0.5434315800666809	0.4565684199333191
0.5381717085838318	0.4618283212184906
0.37788304686546326	0.6221169233322144
0.43923887610435486	0.5607611536979675
0.54836106300354	0.4516389071941376
0.8555376529693604	0.14446240663528442
0.9463725090026855	0.05362747609615326
0.9972949624061584	0.002704983577132225
0.4988831877708435	0.5011168122291565
0.549881100654602	0.45011889934539795
0.8321427702903748	0.16785722970962524
0.2208133041858673	0.7791867256164551
0.17190010845661163	0.8280999064445496
0.04047291725873947	0.9595270752906799
0.06531596183776855	0.9346840381622314
0.5503646731376648	0.4496353566646576
0.9550172686576843	0.04498276486992836
0.06841816753149033	0.9315817952156067
0.8821837902069092	0.11781620234251022
0.9668452739715576	0.0331546925008297
0.19947084784507751	0.8005291223526001
0.9513884782791138	0.04861154407262802
0.4952980577945709	0.5047019124031067
0.36209046840667725	0.637909471988678
0.7688962817192078	0.23110373318195343
0.502845823764801	0.49715420603752136
0.1324632316827774	0.8675367832183838
0.4178299009799957	0.5821701288223267
0.35704687237739563	0.642953097820282
0.14696341753005981	0.8530365824699402
0.606660008430481	0.39333996176719666
0.6207130551338196	0.3792869746685028
0.7110573649406433	0.2889426648616791
0.5623782277107239	0.43762174248695374
0.9818040132522583	0.018195951357483864
0.9714003205299377	0.02859972044825554
0.956459641456604	0.04354039207100868
0.3474058210849762	0.6525942087173462
0.308036744594574	0.6919633150100708
0.0030120841693133116	0.9969878792762756
0.8909568190574646	0.10904322564601898
0.01602402701973915	0.9839760065078735
0.3186790645122528	0.6813209652900696
0.375636488199234	0.6243635416030884
0.009779894724488258	0.9902201294898987
0.14660729467868805	0.8533927202224731
0.4628620147705078	0.5371379256248474
0.020842010155320168	0.9791579842567444
0.6404797434806824	0.35952022671699524
0.6164892911911011	0.3835107386112213
0.20868992805480957	0.7913101315498352
0.4053024351596832	0.5946975946426392
0.409120112657547	0.5908799767494202
0.801389217376709	0.19861078262329102
0.9939736723899841	0.006026320159435272
0.17650336027145386	0.8234966397285461
0.1122690737247467	0.8877308964729309
0.6702970266342163	0.3297029733657837
0.4446638226509094	0.5553362369537354
0.7952881455421448	0.20471186935901642
0.9063389301300049	0.0936611071228981
0.47326305508613586	0.5267369151115417
0.01742573268711567	0.9825742840766907
0.2824637293815613	0.7175363302230835
0.012124898843467236	0.9878751635551453
0.07077598571777344	0.9292240142822266
0.7613247632980347	0.23867525160312653
0.9422625303268433	0.057737503200769424
0.47649121284484863	0.5235087871551514
0.002171803032979369	0.9978281855583191
0.8967504501342773	0.10324957221746445
0.33055418729782104	0.669445812702179
0.6871616244316101	0.3128384053707123
0.6939741373062134	0.3060259222984314
0.6883918642997742	0.3116081655025482
0.6031590700149536	0.396840900182724
0.9283531308174133	0.07164687663316727
0.8262429237365723	0.17375709116458893
0.8653594851493835	0.13464051485061646
0.603235125541687	0.39676493406295776
0.9050049781799316	0.09499498456716537
0.9929104447364807	0.007089533843100071
0.20941129326820374	0.7905887365341187
0.15020425617694855	0.8497958183288574
0.6825037002563477	0.31749629974365234
0.7503922581672668	0.24960774183273315
0.6535893082618713	0.34641072154045105
0.257870078086853	0.742129921913147
0.02769855409860611	0.9723014831542969
0.09159495681524277	0.9084050059318542
0.08720865845680237	0.9127913117408752
0.5010784864425659	0.4989215135574341
0.9892997741699219	0.010700288228690624
0.2539364695549011	0.7460634708404541
0.8960632085800171	0.10393677651882172
0.6161098480224609	0.38389018177986145
0.001150177326053381	0.9988498687744141
0.9761477708816528	0.023852266371250153
0.8630073070526123	0.1369926929473877
0.046956539154052734	0.9530434012413025
0.48294857144355774	0.5170513987541199
0.5045403242111206	0.4954596161842346
0.42516815662384033	0.5748317837715149
0.14717648923397064	0.8528234958648682
0.9741966724395752	0.02580329217016697
0.35625335574150085	0.6437466740608215
0.17359034717082977	0.826409637928009
0.7572355270385742	0.24276450276374817
0.3376273810863495	0.6623725891113281
0.9549936652183533	0.04500632733106613
0.1340559870004654	0.865943968296051
0.13140134513378143	0.8685986399650574
0.9841718077659607	0.01582823134958744
0.40309351682662964	0.5969065427780151
0.004106568172574043	0.9958934783935547
0.17295578122138977	0.8270442485809326
0.5672960877418518	0.4327039122581482
0.9718675017356873	0.02813250571489334
0.6136486530303955	0.3863513171672821
0.6229655742645264	0.37703442573547363
0.034302033483982086	0.9656980037689209
0.5291047096252441	0.47089529037475586
0.3013050854206085	0.6986948847770691
0.0018166949739679694	0.9981833100318909
0.6510285139083862	0.348971426486969
0.6893544793128967	0.31064552068710327
0.9305588006973267	0.06944122910499573
0.28824272751808167	0.711757242679596
0.4874595105648041	0.5125405192375183
0.8293768763542175	0.17062316834926605
0.3885919451713562	0.6114080548286438
0.0037366144824773073	0.996263325214386
0.02694026753306389	0.9730597734451294
0.6953140497207642	0.3046859800815582
0.45780089497566223	0.5421991348266602
0.4100872576236725	0.5899127721786499
0.37731367349624634	0.6226863861083984
0.7947195172309875	0.20528043806552887
0.4728217124938965	0.5271782875061035
0.15569040179252625	0.8443096280097961
0.275635689496994	0.7243642807006836
0.02320876531302929	0.976791262626648
0.9576581120491028	0.04234195500612259
0.129947692155838	0.8700523376464844
0.7762540578842163	0.2237459123134613
0.7206875681877136	0.2793124318122864
0.71600341796875	0.2839965522289276
0.05859314277768135	0.9414068460464478
0.5041157007217407	0.49588432908058167
0.6602197289466858	0.33978021144866943
0.5487015247344971	0.45129841566085815
0.05102809891104698	0.9489719271659851
0.8590051531791687	0.1409948170185089
0.3427416980266571	0.6572582721710205
0.9860716462135315	0.013928334228694439
0.04259315878152847	0.9574068188667297
0.43442749977111816	0.5655724406242371
0.7188500761985779	0.28114989399909973
0.09215036034584045	0.9078496694564819
0.9741189479827881	0.025880994275212288
0.35869210958480835	0.6413078904151917
0.8249981999397278	0.1750018149614334
0.38987642526626587	0.6101236343383789
0.3426606357097626	0.657339334487915
0.844822883605957	0.15517716109752655
0.10659851878881454	0.893401563167572
0.5331488251686096	0.466851145029068
0.41645118594169617	0.5835487842559814
0.7338694930076599	0.26613056659698486
0.5339282155036926	0.46607181429862976
0.9973940849304199	0.0026059055235236883
0.579193115234375	0.420806884765625
0.5401472449302673	0.4598527252674103
0.35436442494392395	0.6456355452537537
0.9255083799362183	0.07449164986610413
0.018590759485960007	0.9814091920852661
0.8441941738128662	0.1558058112859726
0.09048210084438324	0.9095178842544556
0.07339593023061752	0.9266040921211243
0.30932581424713135	0.6906742453575134
0.608597457408905	0.39140257239341736
0.828048050403595	0.17195194959640503
0.5160920023918152	0.4839080274105072
0.5276792049407959	0.4723207652568817
0.8172159194946289	0.1827840656042099
0.35214516520500183	0.6478548645973206
0.19704224169254303	0.8029577732086182
0.0434466190636158	0.9565533995628357
0.20783300697803497	0.7921670079231262
0.48510515689849854	0.5148948431015015
0.5062417387962341	0.49375826120376587
0.8505809307098389	0.14941908419132233
0.9130847454071045	0.0869152620434761
0.5699663162231445	0.43003368377685547
0.5730319619178772	0.4269680380821228
0.5405853986740112	0.45941460132598877
0.11889573931694031	0.8811042904853821
0.068663589656353	0.9313363432884216
0.5644872784614563	0.43551281094551086
0.10812240093946457	0.8918775916099548
0.9977473616600037	0.002252568257972598
0.014928316697478294	0.9850716590881348
0.6585250496864319	0.3414750099182129
0.9867101311683655	0.01328986044973135
0.20816172659397125	0.7918382883071899
0.43255800008773804	0.567441999912262
0.08474530279636383	0.9152547121047974
0.11070869117975235	0.8892913460731506
0.7972497940063477	0.20275026559829712
0.9074288606643677	0.09257115423679352
0.1691717505455017	0.8308282494544983
0.45116695761680603	0.5488330721855164
0.022954994812607765	0.977044939994812
0.8409948945045471	0.15900513529777527
0.6870255470275879	0.3129744231700897
0.3042019009590149	0.6957980990409851
0.034902554005384445	0.9650974869728088
0.963099479675293	0.03690047189593315
0.85274738073349	0.1472526341676712
0.23704947531223297	0.762950599193573
0.23708263039588928	0.7629173994064331
0.8261473178863525	0.17385271191596985
0.5176244378089905	0.4823755919933319
0.5382526516914368	0.46174731850624084
0.5193625092506409	0.4806375503540039
0.28980332612991333	0.7101966738700867
0.4520105719566345	0.5479893684387207
0.3764837384223938	0.6235162615776062
0.3961854875087738	0.6038145422935486
0.8455051779747009	0.15449479222297668
0.6916000843048096	0.3084000051021576
0.08463956415653229	0.9153603911399841
0.08123890310525894	0.918761134147644
0.3147124946117401	0.6852874755859375
0.782954216003418	0.21704579889774323
0.21814493834972382	0.781855046749115
0.992408275604248	0.00759171275421977
0.43578043580055237	0.56421959400177
0.42205706238746643	0.5779429078102112
0.39686766266822815	0.6031323075294495
0.9337602257728577	0.06623974442481995
0.6622161269187927	0.33778390288352966
0.6116313338279724	0.38836872577667236
0.7758633494377136	0.22413666546344757
0.9640474915504456	0.03595249354839325
0.5032346844673157	0.49676528573036194
0.8528529405593872	0.1471470445394516
0.1557779610157013	0.8442220091819763
0.012709046714007854	0.9872909188270569
0.5568668842315674	0.4431331157684326
0.35010406374931335	0.6498960256576538
0.4607970714569092	0.5392029285430908
0.7498912811279297	0.2501086890697479
0.9416679739952087	0.058332063257694244
0.20371626317501068	0.7962837219238281
0.15361884236335754	0.8463811278343201
0.6387084722518921	0.3612915277481079
0.9511234164237976	0.04887660592794418
0.4948442280292511	0.5051558017730713
0.837820827960968	0.16217918694019318
0.6196087002754211	0.380391389131546
0.20705445110797882	0.7929456233978271
0.8850062489509583	0.11499372869729996
0.0006040184525772929	0.9993959665298462
0.33138537406921387	0.6686146855354309
0.475623220205307	0.5243767499923706
0.9268431663513184	0.07315690070390701
0.8977857232093811	0.1022142693400383
0.16453596949577332	0.8354640603065491
0.010877479799091816	0.9891225695610046
0.5686644911766052	0.43133544921875
0.6178069114685059	0.3821931481361389
0.8392245173454285	0.16077548265457153
0.5385257601737976	0.46147421002388
0.6144484877586365	0.3855515420436859
0.012103994376957417	0.9878959655761719
0.5654737949371338	0.4345262050628662
0.47679489850997925	0.5232051014900208
0.9989033937454224	0.0010966288391500711
0.9459819197654724	0.05401807278394699
0.9757385849952698	0.024261372163891792
0.9985685348510742	0.0014314838917925954
0.5077282190322876	0.4922718107700348
0.1251632273197174	0.8748366832733154
0.6975177526473999	0.3024821877479553
0.9115137457847595	0.08848625421524048
0.028292566537857056	0.9717074036598206
0.00358877913095057	0.9964112639427185
0.3631800711154938	0.6368199586868286
0.567766010761261	0.4322340190410614
0.09097103774547577	0.909028947353363
0.028073221445083618	0.9719268083572388
0.42545613646507263	0.574543833732605
0.04126332700252533	0.9587365984916687
0.5225877165794373	0.47741228342056274
0.08494869619607925	0.915051281452179
0.25132453441619873	0.748675525188446
0.24502049386501312	0.7549795508384705
0.3164791464805603	0.6835208535194397
0.6862273812294006	0.313772588968277
0.47996869683265686	0.5200312733650208
0.48195067048072815	0.518049418926239
0.9219653606414795	0.07803457975387573
0.3267449140548706	0.6732550859451294
0.39684349298477173	0.6031564474105835
0.29380348324775696	0.7061965465545654
0.45566675066947937	0.544333279132843
0.012878432869911194	0.9871215224266052
0.3558441400527954	0.6441559195518494
0.4769202172756195	0.5230798125267029
0.12004503607749939	0.8799549341201782
0.2004019170999527	0.7995980381965637
0.8770067095756531	0.12299330532550812
0.015618219040334225	0.9843817353248596
0.02732185833156109	0.9726781845092773
0.4734239876270294	0.5265759825706482
0.25407615303993225	0.7459238171577454
0.38883739709854126	0.6111626029014587
0.9205245971679688	0.07947542518377304
0.7331162095069885	0.26688382029533386
0.3772262930870056	0.6227737069129944
0.9977319240570068	0.002268096897751093
0.5413915514945984	0.4586084485054016
0.9110991358757019	0.0889008641242981
0.11520744860172272	0.8847925066947937
0.5012267827987671	0.49877312779426575
8.633153629489243e-05	0.9999136924743652
0.6292551755905151	0.37074485421180725
0.8705111742019653	0.1294887512922287
0.7717511653900146	0.22824877500534058
0.7035133242607117	0.29648661613464355
0.2812112867832184	0.718788743019104
0.7610436081886292	0.23895636200904846
0.3279925286769867	0.6720075011253357
0.8934038877487183	0.10659607499837875
0.1880539357662201	0.8119460940361023
0.9813759326934814	0.018624048680067062
0.23516055941581726	0.7648394703865051
0.5246999263763428	0.47530001401901245
0.557695209980011	0.4423047602176666
0.7909142374992371	0.20908576250076294
0.0016786482883617282	0.9983213543891907
0.701755702495575	0.29824432730674744
0.04432447627186775	0.955675482749939
0.4805987477302551	0.5194012522697449
0.99843829870224	0.0015616770833730698
0.743554949760437	0.2564449906349182
0.02903124876320362	0.9709687829017639
0.6412206888198853	0.35877931118011475
0.22043092548847198	0.7795690894126892
0.30368706583976746	0.6963129639625549
0.9529262781143188	0.04707379266619682
0.6016755104064941	0.39832454919815063
0.8606810569763184	0.13931894302368164
0.15396104753017426	0.8460389375686646
0.6661871075630188	0.3338128924369812
0.46759989857673645	0.5324001312255859
0.6341160535812378	0.3658839166164398
0.8967598080635071	0.10324013978242874
0.41247135400772095	0.587528645992279
0.8807787299156189	0.11922124028205872
0.3165081739425659	0.6834917664527893
0.5056929588317871	0.4943070411682129
0.10813029110431671	0.8918697237968445
0.09596184641122818	0.90403813123703
0.31717753410339355	0.6828224658966064
0.5537217855453491	0.4462781846523285
0.4617065191268921	0.5382934808731079
0.3104080259799957	0.6895920038223267
0.9364057183265686	0.06359424442052841
0.011253089644014835	0.9887469410896301
0.02469225600361824	0.9753077030181885
0.10962357372045517	0.8903763890266418
0.010891205631196499	0.9891088008880615
0.0004201472329441458	0.9995798468589783
0.30963456630706787	0.6903654932975769
0.7439179420471191	0.2560819983482361
0.1304689347743988	0.8695310950279236
0.5161042213439941	0.48389580845832825
0.44539037346839905	0.5546095967292786
0.9241651296615601	0.07583484798669815
0.3303690552711487	0.6696309447288513
0.989945113658905	0.010054831393063068
0.5125701427459717	0.4874299168586731
0.7826388478279114	0.21736113727092743
0.004634658806025982	0.9953653812408447
0.36953115463256836	0.6304687857627869
0.8185064792633057	0.18149347603321075
0.0018875369569286704	0.9981124401092529
0.667610228061676	0.3323897421360016
0.42971622943878174	0.5702837705612183
0.20489121973514557	0.7951087355613708
0.21657536923885345	0.7834245562553406
0.19090284407138824	0.809097170829773
0.927689790725708	0.07231023907661438
0.15140928328037262	0.8485907316207886
0.9915602803230286	0.008439678698778152
0.5168350338935852	0.4831649661064148
0.7264120578765869	0.2735879421234131
0.9880200028419495	0.011980037204921246
0.46101394295692444	0.538986086845398
0.05932963266968727	0.9406704306602478
0.048166755586862564	0.9518332481384277
0.9651728868484497	0.03482716903090477
0.8293510675430298	0.17064893245697021
0.9817079305648804	0.01829204335808754
0.5102726221084595	0.4897273778915405
0.4916546642780304	0.5083454251289368
0.33759862184524536	0.6624013185501099
0.20347458124160767	0.7965254187583923
0.8616839647293091	0.13831600546836853
0.6461187601089478	0.35388123989105225
0.1647239774465561	0.8352759480476379
0.7316216230392456	0.26837843656539917
0.9109267592430115	0.08907318860292435
0.054329417645931244	0.9456706047058105
0.3300740122795105	0.6699259877204895
0.9596718549728394	0.04032816365361214
0.026197772473096848	0.9738022089004517
0.006889719516038895	0.9931102991104126
0.08690915256738663	0.9130908846855164
0.7373469471931458	0.262653112411499
0.049098189920186996	0.9509018659591675
0.8668709397315979	0.1331290900707245
0.9711574912071228	0.028842531144618988
0.6476531624794006	0.352346807718277
0.18993902206420898	0.8100610375404358
0.8036544919013977	0.19634558260440826
0.9240920543670654	0.07590800523757935
0.5940316319465637	0.4059683084487915
0.053467776626348495	0.9465322494506836
0.009496924467384815	0.9905030727386475
0.6361980438232422	0.3638020157814026
0.40538159012794495	0.5946184396743774
0.18060998618602753	0.8193899393081665
0.25715336203575134	0.742846667766571
0.8850686550140381	0.11493130773305893
0.11836006492376328	0.8816398978233337
0.08172932267189026	0.9182706475257874
0.8483846783638	0.15161530673503876
0.7425066232681274	0.25749334692955017
0.17518751323223114	0.8248125314712524
0.25207313895225525	0.7479268908500671
0.8008965253829956	0.19910350441932678
0.9462741613388062	0.05372586473822594
0.0887550562620163	0.9112449288368225
0.9936677813529968	0.006332160905003548
0.4857030212879181	0.5142969489097595
0.8754566311836243	0.12454330921173096
0.8939038515090942	0.10609617084264755
0.4517568051815033	0.5482431650161743
0.4042150676250458	0.5957849621772766
0.12344226241111755	0.8765577077865601
0.2785324156284332	0.7214675545692444
0.918674111366272	0.08132584393024445
0.5036587119102478	0.4963412880897522
0.40742427110671997	0.59257572889328
0.8398443460464478	0.16015568375587463
0.09205415844917297	0.9079458713531494
0.7264580726623535	0.27354198694229126
0.9780534505844116	0.02194656990468502
0.12350907921791077	0.8764909505844116
0.0005144676542840898	0.9994854927062988
0.30986514687538147	0.6901348829269409
0.3966543674468994	0.6033456921577454
0.6593881249427795	0.34061184525489807
0.5017997026443481	0.49820032715797424
0.30344051122665405	0.696559488773346
0.31198838353157043	0.688011646270752
0.044932276010513306	0.9550676941871643
0.5811544060707092	0.418845534324646
0.3797944486141205	0.6202055811882019
0.11586596816778183	0.88413405418396
0.9402021765708923	0.05979777127504349
0.25132447481155396	0.7486755847930908
0.929572582244873	0.07042746245861053
0.7371526956558228	0.26284730434417725
0.9787227511405945	0.021277224645018578
0.02654917910695076	0.973450779914856
0.6168052554130554	0.38319477438926697
0.7596169114112854	0.24038314819335938
0.13870057463645935	0.8612993955612183
0.8839295506477356	0.11607051640748978
0.8325752019882202	0.16742482781410217
0.046625152230262756	0.9533748626708984
0.049431007355451584	0.9505690336227417
0.9845467209815979	0.015453306026756763
0.716505229473114	0.2834947407245636
0.47723689675331116	0.522763192653656
0.3015468418598175	0.6984531283378601
0.12940648198127747	0.8705934882164001
0.3805255889892578	0.6194744110107422
0.15351921319961548	0.8464808464050293
0.863611102104187	0.13638891279697418
0.24849970638751984	0.7515002489089966
0.07429254055023193	0.9257074594497681
0.3795384466648102	0.6204615831375122
0.5152995586395264	0.484700471162796
0.034591492265462875	0.965408444404602
0.2536132037639618	0.7463867664337158
0.30472224950790405	0.695277750492096
0.17541968822479248	0.8245803117752075
0.9877601265907288	0.012239868752658367
0.9583420157432556	0.04165797308087349
0.45904216170310974	0.5409578084945679
0.2524970471858978	0.7475029230117798
0.21148309111595154	0.7885169386863708
0.2899802029132843	0.7100197672843933
0.6104335784912109	0.38956645131111145
0.4850176274776459	0.5149824023246765
0.5016688108444214	0.4983311891555786
0.6765286922454834	0.3234712779521942
0.19678601622581482	0.8032140135765076
0.3173513114452362	0.6826486587524414
0.10149089992046356	0.89850914478302
0.3710484504699707	0.6289514899253845
0.4345635175704956	0.5654364228248596
0.04104937985539436	0.9589506983757019
0.30435097217559814	0.6956490874290466
0.7941262125968933	0.2058737725019455
0.7969373464584351	0.20306262373924255
0.987114429473877	0.012885576114058495
0.5949980020523071	0.40500202775001526
0.07428932934999466	0.9257106781005859
0.816443920135498	0.18355606496334076
0.17761573195457458	0.8223843574523926
0.4941501319408417	0.5058498978614807
0.033405132591724396	0.9665948748588562
0.9795723557472229	0.020427636802196503
0.27009573578834534	0.7299043536186218
0.16738800704479218	0.8326119780540466
0.43097448348999023	0.5690255165100098
0.9711450338363647	0.02885494753718376
0.7241955399513245	0.2758044898509979
0.42215514183044434	0.5778449177742004
0.2717645764350891	0.7282354235649109
0.4133453071117401	0.5866547226905823
0.22484421730041504	0.775155782699585
0.24409173429012299	0.7559082508087158
0.06460265815258026	0.9353973865509033
0.4038543105125427	0.5961456894874573
0.180079847574234	0.8199201822280884
0.3988078832626343	0.6011921167373657
0.06230371072888374	0.9376962184906006
0.4159424304962158	0.5840575695037842
0.6678493022918701	0.3321506679058075
0.31441012024879456	0.6855898499488831
0.18552930653095245	0.814470648765564
0.873386561870575	0.12661345303058624
0.8806573152542114	0.11934269964694977
0.19827452301979065	0.8017255067825317
0.8865208625793457	0.11347915232181549
0.5890994071960449	0.41090065240859985
0.4445033073425293	0.5554966926574707
0.22419340908527374	0.7758066654205322
0.7758063673973083	0.22419369220733643
0.604354739189148	0.39564529061317444
0.06391511112451553	0.9360849261283875
0.015123716555535793	0.984876275062561
0.10948362946510315	0.8905163407325745
0.46279674768447876	0.5372032523155212
0.1803262084722519	0.8196737766265869
0.7410562038421631	0.2589437961578369
0.3100111484527588	0.6899888515472412
0.2699126601219177	0.7300873398780823
0.020502913743257523	0.9794970750808716
0.04251052439212799	0.9574894309043884
0.9177672863006592	0.08223266899585724
0.06872610002756119	0.931273877620697
0.907023549079895	0.09297651052474976
0.8210787773132324	0.17892123758792877
0.6845189929008484	0.31548094749450684
0.15462559461593628	0.8453744053840637
0.4300285279750824	0.5699714422225952
0.6494106650352478	0.3505893051624298
0.4163649380207062	0.5836350917816162
0.30513784289360046	0.6948621273040771
0.08715996891260147	0.9128400087356567
0.012207086198031902	0.9877929091453552
0.2446117103099823	0.7553882598876953
0.4744204878807068	0.5255795121192932
0.4212193191051483	0.5787807106971741
0.6581000685691833	0.34189990162849426
0.8062671422958374	0.1937328577041626
0.8981702327728271	0.10182980448007584
0.18327990174293518	0.8167200684547424
0.8732008934020996	0.12679912149906158
0.5287529826164246	0.47124701738357544
0.4217788279056549	0.5782211422920227
0.9729727506637573	0.027027225121855736
0.2998465299606323	0.7001534700393677
0.028778722509741783	0.9712212681770325
0.46935850381851196	0.530641496181488
0.39512068033218384	0.6048793196678162
0.21092326939105988	0.7890766859054565
0.343928724527359	0.6560712456703186
0.023575235158205032	0.9764248132705688
0.9367587566375732	0.06324130296707153
0.5637691020965576	0.4362308979034424
0.4271835386753082	0.5728164911270142
0.7708311080932617	0.22916890680789948
0.3580862283706665	0.6419138312339783
0.6190568804740906	0.3809431195259094
0.7643752098083496	0.23562486469745636
0.9965980648994446	0.003401951165869832
0.26661205291748047	0.7333879470825195
0.9890509843826294	0.010949043557047844
0.5646460056304932	0.43535396456718445
0.6182258129119873	0.38177427649497986
0.7093251943588257	0.2906748354434967
0.7460417747497559	0.25395819544792175
0.2588267922401428	0.7411732077598572
0.7260534167289734	0.27394649386405945
0.2513643503189087	0.7486356496810913
0.172182098031044	0.8278178572654724
0.6268247365951538	0.3731752634048462
0.48050981760025024	0.5194902420043945
0.24268801510334015	0.7573119401931763
0.7264807224273682	0.2735193371772766
0.982698380947113	0.017301594838500023
0.9677624106407166	0.03223755583167076
0.21629412472248077	0.7837059497833252
0.8140208721160889	0.18597914278507233
0.012776353396475315	0.9872236251831055
0.8809187412261963	0.11908124387264252
0.7826330065727234	0.2173669934272766
0.5318484902381897	0.4681515395641327
0.5175976157188416	0.48240235447883606
0.495279461145401	0.5047205090522766
0.6471853256225586	0.3528146743774414
0.8070666790008545	0.19293339550495148
0.1593361496925354	0.8406638503074646
0.7259226441383362	0.2740774154663086
0.7909736633300781	0.20902635157108307
0.6595622301101685	0.34043776988983154
0.5439043045043945	0.4560956358909607
0.9892354607582092	0.010764583945274353
0.23148614168167114	0.7685137987136841
0.5042409896850586	0.495758980512619
0.5	0.5
0.4366386830806732	0.5633612871170044
0.16282106935977936	0.8371788859367371
0.2882217466831207	0.7117782831192017
0.4449247717857361	0.5550751686096191
0.4410666227340698	0.5589333772659302
0.4367280602455139	0.5632719397544861
0.8083633780479431	0.19163663685321808
0.8717206716537476	0.12827937304973602
0.7695093750953674	0.23049063980579376
0.24650263786315918	0.7534973621368408
0.31553366780281067	0.6844663619995117
0.5930466651916504	0.4069533050060272
0.03195460885763168	0.9680454134941101
0.005970507860183716	0.9940295219421387
0.9899483919143677	0.010051599703729153
0.4720885157585144	0.5279115438461304
0.4906219244003296	0.5093780755996704
0.5851263403892517	0.4148736894130707
0.5248424410820007	0.47515758872032166
0.6091223359107971	0.3908776640892029
0.4334862530231476	0.56651371717453
0.3270265460014343	0.6729734539985657
0.7095876932144165	0.2904122769832611
0.837453305721283	0.16254672408103943
0.4249410331249237	0.5750590562820435
0.2083853930234909	0.7916145324707031
0.45604652166366577	0.5439534187316895
0.4668244421482086	0.533175528049469
0.21535468101501465	0.7846452593803406
0.5980808734893799	0.4019191563129425
0.37770694494247437	0.6222929954528809
0.12429992854595184	0.8757001161575317
0.257350355386734	0.7426496744155884
0.008129645138978958	0.9918704032897949
0.5484978556632996	0.45150211453437805
0.8884512186050415	0.1115487590432167
0.051194705069065094	0.9488053321838379
0.5475715398788452	0.4524284601211548
0.013047615997493267	0.9869524240493774
0.01831134408712387	0.9816886186599731
0.45914092659950256	0.5408591032028198
0.5497241616249084	0.45027580857276917
0.560715913772583	0.4392840564250946
0.3517754077911377	0.6482245922088623
0.08973144739866257	0.9102685451507568
0.9355401992797852	0.06445979326963425
0.8518321514129639	0.14816786348819733
0.9252741932868958	0.07472579926252365
0.7830064296722412	0.216993510723114
0.39819562435150146	0.6018043756484985
0.944350004196167	0.05565005913376808
0.5467903017997742	0.45320969820022583
0.8372635245323181	0.16273647546768188
0.3264870047569275	0.6735129952430725
0.9127243757247925	0.08727562427520752
0.1379348486661911	0.8620651960372925
0.8968614339828491	0.10313849151134491
0.35377416014671326	0.6462259292602539
0.9049005508422852	0.09509947896003723
0.41443926095962524	0.5855607390403748
0.5422101616859436	0.45778989791870117
0.5910784602165222	0.4089215397834778
0.8858742117881775	0.11412573605775833
0.7454063892364502	0.2545936107635498
0.9369598627090454	0.06304016709327698
0.9258461594581604	0.07415386289358139
0.7740357518196106	0.22596417367458344
0.4433784484863281	0.5566214919090271
0.6195002794265747	0.3804997205734253
0.9897028803825378	0.010297107510268688
0.6821752190589905	0.31782472133636475
0.6206815838813782	0.37931838631629944
0.005689952056854963	0.9943100214004517
0.3913688361644745	0.6086311340332031
0.7509124279022217	0.24908754229545593
0.9326814413070679	0.06731858849525452
0.8407107591629028	0.1592891961336136
0.3948424458503723	0.6051575541496277
0.6153779625892639	0.38462212681770325
0.49185657501220703	0.5081434845924377
0.33588746190071106	0.6641125082969666
0.8314335942268372	0.16856637597084045
0.02827947586774826	0.9717205762863159
0.9998301267623901	0.00016990107542369515
0.7993356585502625	0.20066435635089874
0.37835046648979187	0.6216496229171753
0.09019416570663452	0.9098058342933655
0.2060534954071045	0.7939464449882507
0.8545339703559875	0.14546601474285126
0.01948692835867405	0.9805130958557129
0.7423629760742188	0.25763702392578125
0.7048203945159912	0.2951796054840088
0.8149641156196594	0.18503591418266296
0.9910586476325989	0.008941368199884892
0.486795574426651	0.5132044553756714
0.9409030675888062	0.05909690633416176
0.4529484212398529	0.5470515489578247
0.3326038718223572	0.6673961877822876
0.42376217246055603	0.5762377977371216
0.8115254044532776	0.1884746104478836
0.7714679837226868	0.22853204607963562
0.9898266792297363	0.010173296555876732
0.41474419832229614	0.5852558016777039
0.00626025116071105	0.9937397241592407
0.8630176782608032	0.13698235154151917
0.0015164287760853767	0.9984835982322693
0.406289666891098	0.5937103033065796
0.2574840188026428	0.7425159215927124
0.6104536056518555	0.3895464241504669
0.9974640607833862	0.002535977168008685
0.5984365344047546	0.401563435792923
0.45829957723617554	0.5417004823684692
0.17774885892868042	0.8222511410713196
0.8586248159408569	0.14137522876262665
0.33629390597343445	0.6637061238288879
0.6045411229133606	0.3954589366912842
0.6031308770179749	0.39686912298202515
0.2143705189228058	0.7856294512748718
0.9973228573799133	0.002677217125892639
0.9885369539260864	0.011463013477623463
0.11521147191524506	0.8847885727882385
0.5672563910484314	0.432743638753891
0.9169872999191284	0.08301271498203278
0.5437193512916565	0.4562806487083435
0.024996625259518623	0.9750033617019653
0.07314684242010117	0.9268531799316406
0.7051903009414673	0.2948097288608551
0.766657292842865	0.23334269225597382
0.9936843514442444	0.006315627135336399
0.4203266501426697	0.5796733498573303
0.534634530544281	0.465365469455719
0.4051090478897095	0.5948910117149353
0.3338603079319	0.6661397218704224
0.8014634847640991	0.19853654503822327
0.9998032450675964	0.00019674368377309293
0.47224047780036926	0.5277594923973083
0.09491186589002609	0.9050880670547485
0.9521962404251099	0.04780380427837372
0.33982622623443604	0.660173773765564
0.5977877378463745	0.4022122323513031
0.1290828287601471	0.8709171414375305
0.47215303778648376	0.5278469324111938
0.5333503484725952	0.46664959192276
0.43647074699401855	0.5635292530059814
0.24502362310886383	0.7549764513969421
0.4894164800643921	0.5105835795402527
0.409335732460022	0.590664267539978
0.0317637175321579	0.9682362079620361
0.8224436044692993	0.17755639553070068
0.23368559777736664	0.7663144469261169
0.6238247156143188	0.3761753439903259
0.19928140938282013	0.8007185459136963
0.9974963068962097	0.0025036130100488663
0.5925176739692688	0.4074823260307312
0.4549866020679474	0.545013427734375
0.8622978925704956	0.1377020627260208
0.2856770157814026	0.7143229842185974
0.11293641477823257	0.8870635628700256
0.9307202100753784	0.06927980482578278
0.5484254956245422	0.45157453417778015
0.9997532963752747	0.0002466825826559216
0.22278745472431183	0.7772125601768494
0.21642066538333893	0.7835793495178223
0.8724519610404968	0.12754811346530914
0.08862696588039398	0.9113730192184448
0.0499969981610775	0.9500029683113098
0.8730196356773376	0.12698036432266235
0.1370416283607483	0.8629583716392517
0.6294301152229309	0.37056994438171387
0.7356347441673279	0.26436519622802734
0.00013459201727528125	0.9998654127120972
0.8130095601081848	0.18699043989181519
0.8094953894615173	0.19050459563732147
0.5577588081359863	0.4422411620616913
0.49223020672798157	0.507769763469696
0.5733517408370972	0.42664822936058044
0.0020749836694449186	0.9979250431060791
0.1774364411830902	0.8225635290145874
0.15751612186431885	0.8424838781356812
0.3519093990325928	0.6480906009674072
0.9409432411193848	0.05905676260590553
0.9616625308990479	0.03833749517798424
0.7835516333580017	0.21644841134548187
0.20286093652248383	0.797139048576355
0.09201478213071823	0.9079851508140564
0.22290784120559692	0.7770921587944031
0.007435421925038099	0.9925645589828491
0.6819558143615723	0.3180442154407501
0.005970377940684557	0.9940296411514282
0.7931812405586243	0.20681874454021454
0.6051575541496277	0.3948424160480499
0.18447083234786987	0.8155291676521301
0.08425086736679077	0.9157491326332092
0.31283774971961975	0.6871621608734131
0.15218816697597504	0.8478118181228638
0.2774682939052582	0.7225316762924194
0.19905906915664673	0.800940990447998
0.3853888213634491	0.6146112084388733
0.12739229202270508	0.8726077079772949
0.15386834740638733	0.8461316823959351
0.7537725567817688	0.2462274134159088
0.3537474572658539	0.6462525129318237
0.2299184501171112	0.7700815796852112
0.29202377796173096	0.7079761624336243
0.1332959532737732	0.866703987121582
0.4952300488948822	0.5047699809074402
0.9046071171760559	0.09539284557104111
0.5565751194953918	0.44342485070228577
0.3690428137779236	0.6309571862220764
0.03057732619345188	0.9694226384162903
0.745177149772644	0.25482285022735596
0.3628149628639221	0.6371850967407227
0.7414481043815613	0.2585518956184387
0.8431277871131897	0.15687218308448792
0.08041448891162872	0.9195855259895325
0.0032362493220716715	0.9967637062072754
0.5109269618988037	0.4890730082988739
0.7643236517906189	0.23567630350589752
0.9278116822242737	0.07218826562166214
0.8030871748924255	0.19691282510757446
0.4248332977294922	0.5751667022705078
0.23593854904174805	0.764061450958252
0.15510734915733337	0.844892680644989
0.9817836880683899	0.018216358497738838
0.1972235143184662	0.8027764558792114
0.013750012032687664	0.9862499237060547
0.5380324125289917	0.4619675576686859
0.5977460741996765	0.4022539556026459
0.6684542894363403	0.33154571056365967
0.512387216091156	0.4876127243041992
0.1572762429714203	0.8427237868309021
0.41756516695022583	0.5824348330497742
0.9580114483833313	0.04198848456144333
0.9507070183753967	0.049293018877506256
0.846703827381134	0.15329617261886597
0.04249520227313042	0.9575048685073853
0.048677653074264526	0.9513223171234131
0.2708181142807007	0.7291819453239441
0.2736431956291199	0.7263568639755249
0.4380100965499878	0.5619898438453674
0.47338730096817017	0.5266127586364746
0.9234898686408997	0.07651016861200333
0.5	0.5
0.04324634000658989	0.9567537307739258
0.998661994934082	0.001337968511506915
0.13991791009902954	0.8600821495056152
0.9395004510879517	0.060499485582113266
0.1990182250738144	0.8009817600250244
0.45298466086387634	0.5470153093338013
0.02287781424820423	0.9771222472190857
0.39028817415237427	0.6097118258476257
0.32924553751945496	0.6707544326782227
0.7028816938400269	0.29711824655532837
0.06006946042180061	0.9399306178092957
0.33329862356185913	0.6667013764381409
0.6135827898979187	0.3864172399044037
0.3201994299888611	0.6798005104064941
0.8351655006408691	0.16483449935913086
0.5170638561248779	0.48293620347976685
0.640236496925354	0.3597634434700012
0.21297328174114227	0.7870267629623413
0.977465033531189	0.022534960880875587
0.9144710898399353	0.08552885800600052
0.9874420762062073	0.012557909823954105
0.017604902386665344	0.9823951125144958
0.5235404968261719	0.47645944356918335
0.7727829813957214	0.22721701860427856
0.8637560606002808	0.13624389469623566
0.009928643703460693	0.9900712966918945
0.06688256561756134	0.9331173896789551
0.47603657841682434	0.5239633917808533
0.9992462396621704	0.0007538232603110373
0.4178948700428009	0.5821051001548767
0.5978978872299194	0.4021020829677582
0.8500009775161743	0.1499989926815033
0.7396671175956726	0.260332852602005
0.006932916585355997	0.9930670261383057
0.9933440685272217	0.00665586581453681
0.5429471731185913	0.4570528268814087
0.1970587819814682	0.8029412031173706
0.9784748554229736	0.021525096148252487
0.827578067779541	0.1724219173192978
0.0792875811457634	0.920712411403656
0.07707758247852325	0.9229224324226379
0.035415321588516235	0.9645846486091614
0.5400776267051697	0.45992234349250793
0.12463293969631195	0.8753671050071716
0.40082359313964844	0.5991763472557068
0.5623978972434998	0.43760213255882263
0.47249603271484375	0.5275039076805115
0.36173269152641296	0.6382672786712646
0.008332677185535431	0.9916673302650452
0.9956339001655579	0.00436605978757143
0.8071383237838745	0.1928616315126419
0.38885483145713806	0.6111451983451843
0.9750310182571411	0.024968964979052544
0.9982497096061707	0.0017502433620393276
0.8740128874778748	0.12598706781864166
0.08923117816448212	0.9107688069343567
0.9622846841812134	0.03771527111530304
0.8978607654571533	0.10213924944400787
0.7339868545532227	0.2660132050514221
0.36612075567245483	0.6338792443275452
0.5304784178733826	0.46952155232429504
0.48271697759628296	0.5172829627990723
0.7408081889152527	0.2591917812824249
0.6671292781829834	0.3328706920146942
0.9951463341712952	0.00485364580526948
0.24931290745735168	0.7506870627403259
0.532143771648407	0.46785619854927063
0.9462667107582092	0.05373324453830719
0.3513573110103607	0.6486427187919617
0.15320521593093872	0.8467947840690613
0.5751788020133972	0.4248211681842804
0.30629363656044006	0.6937063336372375
0.4714934825897217	0.5285064578056335
0.08642148226499557	0.9135785698890686
0.31978660821914673	0.6802133917808533
0.8096652626991272	0.19033479690551758
0.09040196985006332	0.9095980525016785
0.6313305497169495	0.3686694800853729
0.09813142567873001	0.9018685817718506
0.6951789855957031	0.30482107400894165
0.9141377806663513	0.08586227148771286
0.4551379084587097	0.5448620319366455
0.9234208464622498	0.07657911628484726
0.5711826682090759	0.42881736159324646
0.7847805619239807	0.2152194231748581
0.9974380731582642	0.0025619599036872387
0.033786922693252563	0.9662131071090698
0.42085978388786316	0.5791402459144592
0.9044758081436157	0.09552419185638428
0.9115538597106934	0.08844617754220963
0.45771345496177673	0.5422865152359009
0.15233153104782104	0.8476685285568237
0.23931404948234558	0.760685920715332
0.8984441757202148	0.10155578702688217
0.015847019851207733	0.9841529726982117
0.4712090492248535	0.5287908911705017
0.23430684208869934	0.7656931281089783
0.8847134709358215	0.11528649926185608
0.874626100063324	0.12537388503551483
0.04692082107067108	0.9530791640281677
0.7442349195480347	0.2557651102542877
0.017353948205709457	0.982646107673645
0.48977404832839966	0.5102258920669556
0.3793744444847107	0.6206255555152893
0.6397174000740051	0.3602825701236725
0.009605287574231625	0.9903947710990906
0.17771953344345093	0.8222804069519043
0.7737209796905518	0.22627899050712585
0.809526801109314	0.1904732584953308
0.38035696744918823	0.6196430325508118
0.16681210696697235	0.8331878781318665
0.9419839382171631	0.05801607295870781
0.6513171792030334	0.3486829102039337
0.9069539904594421	0.09304597228765488
0.035336337983608246	0.9646636247634888
0.8051358461380005	0.1948641985654831
0.21848434209823608	0.7815156579017639
0.5599004030227661	0.4400995373725891
0.7647634744644165	0.2352365255355835
0.537385880947113	0.4626140296459198
0.10928435623645782	0.8907156586647034
0.3468174934387207	0.6531824469566345
0.4446322023868561	0.5553678274154663
0.5719287991523743	0.42807117104530334
0.4262557327747345	0.5737443566322327
0.3723372519016266	0.6276627779006958
0.9953253269195557	0.00467463955283165
0.19472050666809082	0.8052794933319092
0.9946519136428833	0.005348029546439648
0.09716255217790604	0.9028375148773193
0.21989654004573822	0.7801033854484558
0.044051095843315125	0.9559488296508789
0.725846529006958	0.2741535007953644
0.5344089865684509	0.4655910134315491
0.3189554214477539	0.6810445189476013
0.10919475555419922	0.8908052444458008
0.9594396352767944	0.040560368448495865
0.9943301677703857	0.005669781472533941
0.4415372908115387	0.5584626793861389
0.3189055323600769	0.6810944676399231
0.019564848393201828	0.9804351329803467
0.2741287052631378	0.7258712649345398
0.9248776435852051	0.07512233406305313
0.6819361448287964	0.3180638253688812
0.18696662783622742	0.813033401966095
0.9799395799636841	0.020060382783412933
0.970392107963562	0.02960791252553463
0.3741329610347748	0.6258670687675476
0.7914816737174988	0.20851829648017883
0.33223623037338257	0.6677638292312622
0.1763000637292862	0.823699951171875
0.341594934463501	0.658405065536499
0.7707629799842834	0.22923703491687775
0.33515816926956177	0.6648417711257935
0.21346817910671234	0.7865318059921265
0.1041717603802681	0.8958282470703125
0.6536323428153992	0.34636762738227844
0.7286714911460876	0.27132853865623474
0.0005604762118309736	0.999439537525177
0.9487066268920898	0.05129344016313553
0.7241917848587036	0.2758082449436188
0.5903102159500122	0.4096897840499878
0.5788761377334595	0.42112380266189575
0.5591758489608765	0.44082415103912354
0.3926698863506317	0.6073300838470459
0.12309809029102325	0.8769019246101379
0.2829766273498535	0.7170233130455017
0.9990118741989136	0.0009881218429654837
0.22409410774707794	0.7759059071540833
0.26169997453689575	0.7382999658584595
0.5971002578735352	0.4028998017311096
0.049600645899772644	0.9503993988037109
0.2940029501914978	0.705997109413147
0.6560807824134827	0.3439192771911621
0.9603978991508484	0.039602089673280716
0.42452773451805115	0.5754722952842712
0.5524988174438477	0.44750121235847473
0.21282726526260376	0.7871726751327515
0.5867065191268921	0.41329342126846313
0.13103148341178894	0.8689684867858887
0.9992707371711731	0.0007292773807421327
0.36076125502586365	0.6392387747764587
0.8280324339866638	0.1719675213098526
0.7646794319152832	0.23532065749168396
0.4565817713737488	0.5434182286262512
0.0007231165072880685	0.9992769360542297
0.7285696268081665	0.2714303731918335
0.683037519454956	0.31696242094039917
0.9601299166679382	0.03987010568380356
0.1553461104631424	0.844653844833374
0.6729829907417297	0.3270169496536255
0.9443699717521667	0.05562998354434967
0.10539507865905762	0.8946048617362976
0.7287495732307434	0.2712503969669342
0.1379392445087433	0.8620607256889343
0.9996036887168884	0.0003963828494306654
0.11679691821336746	0.8832030892372131
0.580818235874176	0.419181764125824
0.054856449365615845	0.9451435208320618
0.36984819173812866	0.6301518082618713
0.06969910860061646	0.9303008913993835
0.525220513343811	0.47477948665618896
0.4134220480918884	0.5865779519081116
0.9927228093147278	0.007277155760675669
0.05225997045636177	0.9477400183677673
0.27875521779060364	0.7212448120117188
0.5657618045806885	0.43423816561698914
0.007403998635709286	0.9925959706306458
0.48485544323921204	0.5151445269584656
0.9478923082351685	0.05210774391889572
0.8347195982933044	0.16528037190437317
0.16287726163864136	0.8371227383613586
0.5105140805244446	0.4894859194755554
0.6478613018989563	0.3521386981010437
0.04319004341959953	0.956809937953949
0.0023644801694899797	0.9976354837417603
0.6725126504898071	0.32748740911483765
0.0343981608748436	0.9656018614768982
0.6992532014846802	0.30074676871299744
0.6948715448379517	0.30512845516204834
0.19935454428195953	0.8006454110145569
0.9782151579856873	0.02178484946489334
0.28618791699409485	0.7138120532035828
0.024000104516744614	0.9759998917579651
0.6541369557380676	0.34586307406425476
0.34328192472457886	0.6567180752754211
0.24508394300937653	0.7549160122871399
0.44927459955215454	0.5507254004478455
0.22529205679893494	0.7747079133987427
0.060797784477472305	0.9392022490501404
0.31557324528694153	0.6844267249107361
0.2893627882003784	0.7106372714042664
0.2728938162326813	0.7271061539649963
0.09980881959199905	0.9001911878585815
0.765693724155426	0.23430629074573517
0.7281043529510498	0.27189570665359497
0.5172086358070374	0.48279133439064026
0.5419853925704956	0.4580146372318268
0.690967857837677	0.3090321123600006
0.5002251267433167	0.49977490305900574
0.24340945482254028	0.7565906047821045
0.9182004928588867	0.08179951459169388
0.04285929352045059	0.9571406841278076
0.8819397687911987	0.11806022375822067
0.9994657635688782	0.000534243299625814
0.7041381001472473	0.2958618700504303
0.5490022301673889	0.45099779963493347
0.5920148491859436	0.407985121011734
0.3591965138912201	0.6408034563064575
0.7801494002342224	0.2198505848646164
0.5526362061500549	0.44736379384994507
0.7473987936973572	0.2526012659072876
0.9875743985176086	0.012425610795617104
0.5406442880630493	0.4593556821346283
0.966806948184967	0.033193036913871765
0.9196776747703552	0.08032228797674179
0.7979755401611328	0.2020244002342224
0.03780331462621689	0.9621967077255249
0.8313512802124023	0.16864873468875885
0.5409949421882629	0.45900508761405945
0.7051750421524048	0.2948249280452728
0.929714560508728	0.07028540223836899
0.06837230920791626	0.9316277503967285
0.4177566170692444	0.5822433829307556
0.9832848906517029	0.01671515591442585
0.19557413458824158	0.8044258952140808
0.26080963015556335	0.7391904592514038
0.8008648157119751	0.19913522899150848
0.5498833060264587	0.45011666417121887
0.4414117932319641	0.5585882663726807
0.017956597730517387	0.982043445110321
0.9647098183631897	0.035290155559778214
0.8352980613708496	0.16470187902450562
0.8931142091751099	0.10688578337430954
0.7547632455825806	0.24523675441741943
0.3610129952430725	0.6389870047569275
0.3132525682449341	0.6867474913597107
0.7728598713874817	0.2271401435136795
0.7389901876449585	0.2610098123550415
0.7290588617324829	0.2709411382675171
0.5854732394218445	0.4145267605781555
0.28647714853286743	0.7135227918624878
0.14436858892440796	0.855631411075592
0.858501136302948	0.141498863697052
0.5423994064331055	0.45760056376457214
0.7351887226104736	0.2648111879825592
0.005060204770416021	0.9949398040771484
0.9968923926353455	0.003107662545517087
0.47327888011932373	0.5267211198806763
0.25489652156829834	0.7451035380363464
0.8590928912162781	0.1409071683883667
0.0015886947512626648	0.9984112977981567
0.995109498500824	0.0048905061557888985
0.09531590342521667	0.9046840667724609
0.6828428506851196	0.31715717911720276
0.7792343497276306	0.22076566517353058
0.4641950726509094	0.5358049869537354
0.6122075319290161	0.3877924382686615
0.19161085784435272	0.8083891272544861
0.12343292683362961	0.876567006111145
0.5496981143951416	0.4503018260002136
0.555286169052124	0.444713830947876
0.8917675614356995	0.10823238641023636
0.1576787382364273	0.8423213362693787
0.43660175800323486	0.5633982419967651
0.3337508738040924	0.6662490963935852
0.08282497525215149	0.9171750545501709
0.2450464963912964	0.7549534440040588
0.954281210899353	0.04571882262825966
0.7441678047180176	0.2558322250843048
0.6992103457450867	0.3007896840572357
0.6340133547782898	0.36598658561706543
0.04627591371536255	0.9537240862846375
0.8104864954948425	0.18951351940631866
0.9379956126213074	0.062004461884498596
0.9208464026451111	0.07915356010198593
0.1690763235092163	0.8309236764907837
0.3289666175842285	0.6710333824157715
0.8399204611778259	0.16007956862449646
0.04531766101717949	0.9546822905540466
0.015237434767186642	0.9847625494003296
0.8866344094276428	0.11336556077003479
0.6845091581344604	0.31549081206321716
0.5912084579467773	0.4087916314601898
0.9419496655464172	0.05805036425590515
0.7210767269134521	0.27892327308654785
0.9762170910835266	0.023782964795827866
0.7806570529937744	0.21934299170970917
0.6762756109237671	0.3237243890762329
0.42751049995422363	0.5724895000457764
0.9489169716835022	0.05108307674527168
0.8000872135162354	0.19991275668144226
0.2882882356643677	0.7117117643356323
0.8828133344650269	0.11718665808439255
0.006229626480489969	0.9937704205513
0.3614373803138733	0.6385626196861267
0.3353872001171112	0.6646127700805664
0.9371142387390137	0.06288580596446991
0.6811431050300598	0.3188568353652954
0.9347875714302063	0.0652124360203743
0.751595139503479	0.24840489029884338
0.9432106614112854	0.05678940564393997
0.7238901257514954	0.276109904050827
0.05777793377637863	0.9422221183776855
0.09041555225849152	0.9095844626426697
0.37758734822273254	0.6224126219749451
0.025630734860897064	0.9743692278862
0.29897233843803406	0.7010276913642883
0.9999388456344604	6.109186506364495e-05
0.280000776052475	0.7199992537498474
0.7313841581344604	0.26861581206321716
0.4124770164489746	0.5875230431556702
0.8206270337104797	0.17937293648719788
0.8817811608314514	0.11821888387203217
0.5283587574958801	0.47164127230644226
0.19457824528217316	0.805421769618988
0.6863397359848022	0.31366026401519775
0.3336022198200226	0.6663978099822998
0.3003917932510376	0.6996082663536072
0.2574281394481659	0.7425718307495117
0.588994562625885	0.41100549697875977
0.9136611223220825	0.0863388329744339
0.2594905197620392	0.7405095100402832
0.27834033966064453	0.7216596603393555
0.021449368447065353	0.9785506725311279
0.8416033387184143	0.1583966761827469
0.07778357714414597	0.9222164154052734
0.032768212258815765	0.967231810092926
0.9006368517875671	0.09936318546533585
0.952517032623291	0.04748294875025749
0.49166691303253174	0.508333146572113
0.5603048205375671	0.4396951496601105
0.6864364147186279	0.31356358528137207
0.8234875202178955	0.1765124499797821
0.27496838569641113	0.7250315546989441
0.19527316093444824	0.8047268390655518
0.8700971007347107	0.1299028992652893
0.04709804803133011	0.9529018998146057
0.9646866321563721	0.03531334549188614
0.5374987721443176	0.46250128746032715
0.8458937406539917	0.15410630404949188
0.01577548310160637	0.9842245578765869
0.257625013589859	0.7423748970031738
0.9485225081443787	0.05147745460271835
0.04208013787865639	0.9579198956489563
0.32981497049331665	0.6701850295066833
0.05117292329668999	0.9488270878791809
0.29096487164497375	0.7090350985527039
0.8892433643341064	0.11075665056705475
0.0015765520511195064	0.9984234571456909
0.5527302622795105	0.4472697079181671
0.009887359105050564	0.9901126623153687
0.3483143448829651	0.6516855955123901
0.1988365352153778	0.8011634945869446
0.44840797781944275	0.5515921115875244
0.41351279616355896	0.5864872336387634
0.012252903543412685	0.987747073173523
0.9732159972190857	0.02678401954472065
0.3730192482471466	0.626980721950531
0.6534942984580994	0.3465057909488678
0.9602260589599609	0.03977390006184578
0.39871206879615784	0.6012879014015198
0.43686622381210327	0.5631338357925415
0.701278030872345	0.29872196912765503