0.004197497386485338	0.9958024621009827
0.920153796672821	0.07984615117311478
0.9617767333984375	0.03822323679924011
9.7707386885304e-05	0.9999022483825684
3.0634362246928504e-07	0.9999996423721313
0.3958137333393097	0.6041862964630127
0.0005620189476758242	0.9994379878044128
0.984336256980896	0.015663782134652138
0.37620237469673157	0.623797595500946
0.0001702409645076841	0.9998297691345215
0.0014781407080590725	0.9985218644142151
0.21670259535312653	0.7832974195480347
0.9804556369781494	0.019544368609786034
6.0539241530932486e-05	0.9999394416809082
0.8253475427627563	0.17465244233608246
0.9871122241020203	0.012887741439044476
0.6496284604072571	0.3503715693950653
0.0006659957580268383	0.999333918094635
0.9999340772628784	6.595905142603442e-05
0.12644816935062408	0.8735517859458923
0.9091243743896484	0.09087564051151276
0.33339595794677734	0.6666040420532227
0.2230086624622345	0.7769913077354431
0.4994533658027649	0.5005466341972351
0.9999630451202393	3.6992772947996855e-05
0.9999755620956421	2.4394623324042186e-05
0.9979502558708191	0.0020497336518019438
0.9885586500167847	0.011441323906183243
0.0005351619329303503	0.9994648098945618
0.22776979207992554	0.7722302079200745
0.0004556115309242159	0.9995443224906921
0.07747405022382736	0.922525942325592
0.9230024218559265	0.07699760049581528
0.9997912049293518	0.0002088096080115065
0.01602315343916416	0.9839768409729004
0.0018452598014846444	0.9981546998023987
0.3187795579433441	0.6812204122543335
0.8764835000038147	0.12351654469966888
0.9955587387084961	0.004441268742084503
0.01356727909296751	0.9864327311515808
0.025374051183462143	0.9746258854866028
2.363514340686379e-06	0.999997615814209
0.9942941069602966	0.005705828312784433
0.1551288217306137	0.8448711037635803
0.0022002942860126495	0.9977996945381165
0.23561497032642365	0.7643851041793823
0.009887540712952614	0.9901124835014343
0.0001513533352408558	0.9998486042022705
0.9832319021224976	0.0167680736631155
0.0022400333546102047	0.9977599382400513
0.19850079715251923	0.8014992475509644
0.9997157454490662	0.00028419611044228077
0.35043850541114807	0.6495615243911743
0.011998518370091915	0.9880015254020691
0.9696069955825806	0.030393080785870552
0.23351387679576874	0.7664861083030701
0.5649237632751465	0.4350762665271759
7.696607644902542e-05	0.9999229907989502
0.998356282711029	0.0016437199665233493
0.9517345428466797	0.04826546832919121
0.9940038323402405	0.005996208172291517
0.46991509199142456	0.5300849676132202
0.004488406237214804	0.9955116510391235
0.8271136283874512	0.17288631200790405
0.0015250100987032056	0.9984750151634216
0.9815249443054199	0.018475044518709183
0.09652190655469894	0.9034780859947205
3.7982947105774656e-05	0.9999619722366333
0.02644585445523262	0.9735541343688965
0.996566653251648	0.003433377481997013
0.6503325700759888	0.34966742992401123
0.007603023201227188	0.9923970103263855
0.9976034760475159	0.002396531403064728
0.9996034502983093	0.0003965689684264362
0.9340169429779053	0.06598307937383652
0.00548043055459857	0.9945195317268372
0.0009477721177972853	0.9990522265434265
0.0013928752159699798	0.9986070990562439
0.8294619917869568	0.1705380082130432
0.0021067545749247074	0.9978932738304138
0.9877798557281494	0.01222009863704443
0.992010772228241	0.007989199832081795
0.10748101025819778	0.892518937587738
0.03945690393447876	0.9605430960655212
0.8708119988441467	0.12918801605701447
0.11657505482435226	0.8834248781204224
0.001490697031840682	0.9985092282295227
0.26324620842933655	0.7367538213729858
0.9661926031112671	0.03380734473466873
0.7223038673400879	0.2776961624622345
0.9938644766807556	0.006135494913905859
0.9999969005584717	3.0494438760797493e-06
0.9967658519744873	0.0032341426704078913
0.20774467289447784	0.7922553420066833
0.9997931122779846	0.00020690860401373357
0.9034114480018616	0.09658851474523544
0.816369354724884	0.18363064527511597
0.5201095342636108	0.47989046573638916
0.02175353281199932	0.9782464504241943
3.146498420392163e-05	0.9999685287475586
0.9998152852058411	0.00018475338583812118
0.9999850988388062	1.4886459211993497e-05
0.13139614462852478	0.8686038851737976
0.9973303079605103	0.0026696622371673584
0.0006336931837722659	0.9993663430213928
0.013074389658868313	0.9869256019592285
0.8199025392532349	0.18009743094444275
0.4823014736175537	0.5176985263824463
2.0759220205945894e-05	0.9999792575836182
0.9929594993591309	0.007040482014417648
0.4964119791984558	0.5035880208015442
0.9673299789428711	0.032669998705387115
0.9998984336853027	0.00010152319009648636
0.9942007064819336	0.005799308884888887
0.9999994039535522	5.919546879340487e-07
0.1255134493112564	0.8744866251945496
0.001240102923475206	0.9987598657608032
0.0018638507463037968	0.9981361627578735
0.9931284189224243	0.006871645338833332
0.9999606609344482	3.9330207073362544e-05
0.9716987013816833	0.02830122597515583
0.9986392855644226	0.0013606927823275328
0.004714112263172865	0.9952859282493591
0.00028880161698907614	0.9997112154960632
0.9986464381217957	0.0013536098413169384
0.0037310640327632427	0.9962688684463501
0.9996888637542725	0.00031118019251152873
0.9074466824531555	0.0925532877445221
0.99998939037323	1.0588541044853628e-05
0.9903443455696106	0.009655646048486233
0.958237886428833	0.041762106120586395
0.0007952206069603562	0.9992048144340515
0.997877836227417	0.0021221227943897247
0.017433587461709976	0.9825664758682251
0.9699259400367737	0.0300741083920002
0.99428790807724	0.005712119396775961
0.9999566078186035	4.3440664740046486e-05
0.29099366068840027	0.7090063691139221
0.09956357628107071	0.9004364013671875
0.9892269372940063	0.01077309250831604
0.8345443606376648	0.1654556542634964
0.9841113090515137	0.015888696536421776
0.07233944535255432	0.9276605248451233
0.012317500077188015	0.9876825213432312
0.002067921683192253	0.9979320764541626
0.9999876022338867	1.2342869013082236e-05
0.0002915751247201115	0.999708354473114
0.9998605251312256	0.00013945976388640702
0.9860461354255676	0.01395390648394823
0.9992683529853821	0.0007316315895877779
0.04164024442434311	0.9583597183227539
0.9943413734436035	0.0056585934944450855
0.7434029579162598	0.2565970718860626
0.44128912687301636	0.5587108731269836
0.9812222123146057	0.018777787685394287
0.00018914016254711896	0.9998108744621277
0.20406511425971985	0.7959349155426025
0.9628916382789612	0.037108413875103
0.005285704508423805	0.9947143197059631
0.0019683195278048515	0.9980316758155823
0.9902793765068054	0.009720604866743088
0.08479740470647812	0.9152026176452637
0.015412102453410625	0.9845879077911377
0.4001499116420746	0.599850058555603
0.9646832942962646	0.03531676158308983
0.05907245725393295	0.9409275650978088
0.6931834816932678	0.3068165183067322
0.026082878932356834	0.9739171266555786
0.9727240800857544	0.027275964617729187
0.004063994158059359	0.9959360361099243
0.5006643533706665	0.4993356466293335
0.9980669617652893	0.0019330159993842244
0.02661176212131977	0.9733881950378418
0.9812191128730774	0.018780872225761414
0.9957455992698669	0.00425439327955246
0.00019724802405107766	0.9998027682304382
0.9134249687194824	0.08657509833574295
0.9999996423721313	3.5775255469161493e-07
0.9984251260757446	0.001574888126924634
0.04015820473432541	0.9598417282104492
0.294006884098053	0.705993115901947
7.486707181669772e-05	0.9999251365661621
0.0016111411387100816	0.9983888864517212
0.42828288674354553	0.5717170834541321
0.01023772545158863	0.9897622466087341
0.9461981058120728	0.05380192771553993
0.3685150146484375	0.6314850449562073
0.9620734453201294	0.03792652115225792
0.9941173791885376	0.00588267482817173
0.0430692657828331	0.9569307565689087
0.9929293990135193	0.007070668041706085
0.015100863762199879	0.9848991632461548
0.0012167339446023107	0.9987832903862
0.0001230153429787606	0.9998769760131836
0.9997032284736633	0.0002967083128169179
0.9528763890266418	0.047123655676841736
0.07712820172309875	0.9228717684745789
0.9780759215354919	0.021924104541540146
0.21142223477363586	0.7885777950286865
0.9830750823020935	0.0169249065220356
4.581980101647787e-05	0.9999542236328125
0.999180257320404	0.0008197559509426355
0.0011397456983104348	0.998860239982605
0.9774779081344604	0.02252206765115261
0.9743738770484924	0.025626078248023987
0.9999991655349731	8.045837489589758e-07
0.9880154728889465	0.011984484270215034
0.9999376535415649	6.232637679204345e-05
0.9998595714569092	0.00014043432020116597
0.9941009879112244	0.0058990297839045525
0.002085226820781827	0.997914731502533
0.08000702410936356	0.919992983341217
3.6584791814675555e-05	0.9999634027481079
0.9991745352745056	0.0008254529093392193
0.5856941342353821	0.41430583596229553
0.0003602031501941383	0.9996397495269775
0.0009796932572498918	0.9990203380584717
3.954193743993528e-05	0.9999604225158691
0.5464694499969482	0.45353057980537415
0.07065575569868088	0.9293442964553833
0.0004279403365217149	0.9995720982551575
0.006847346667200327	0.9931526184082031
0.9389866590499878	0.0610133595764637
0.00017504283459857106	0.9998249411582947
0.002553169149905443	0.9974468946456909
0.21734221279621124	0.7826577425003052
0.3266807794570923	0.6733192205429077
0.9952332377433777	0.004766818135976791
0.26039329171180725	0.7396066784858704
0.9999586343765259	4.133918264415115e-05
0.0013574357144534588	0.99864262342453
0.0009674264583736658	0.9990326166152954
0.995937705039978	0.00406224187463522
0.9654425978660583	0.03455737605690956
0.9987058639526367	0.0012940979795530438
0.9624137282371521	0.03758623078465462
0.8642835021018982	0.13571643829345703
0.03904886916279793	0.9609512090682983
0.9844487905502319	0.015551180578768253
0.6763998866081238	0.32360008358955383
0.0015513690887019038	0.9984486103057861
0.9999784231185913	2.159562791348435e-05
0.952161967754364	0.04783802479505539
0.005161449313163757	0.994838535785675
0.031098322942852974	0.9689016342163086
0.999160647392273	0.0008393431198783219
0.04236769303679466	0.957632303237915
0.9999803304672241	1.9677356249303557e-05
0.9990469813346863	0.0009529613307677209
0.6730459928512573	0.32695409655570984
0.37232252955436707	0.6276774406433105
0.25794246792793274	0.7420575618743896
0.9962376356124878	0.003762334818020463
0.0013994249748066068	0.9986005425453186
0.7806159853935242	0.21938398480415344
0.020001770928502083	0.9799981713294983
1.0692205250961706e-05	0.9999892711639404
0.9334788918495178	0.06652117520570755
0.0026751321274787188	0.9973248243331909
0.9978603720664978	0.002139659598469734
0.6965067386627197	0.3034932613372803
0.999919056892395	8.097512909444049e-05
0.9995297193527222	0.0004702906298916787
0.5536345839500427	0.44636547565460205
0.03929802402853966	0.9607020020484924
0.998737633228302	0.0012623744551092386
0.7905893325805664	0.20941071212291718
0.014047530479729176	0.9859524965286255
0.04524281248450279	0.9547571539878845
0.7590170502662659	0.24098289012908936
0.04308505728840828	0.9569149017333984
0.9993394017219543	0.0006606228416785598
0.002546578412875533	0.9974533915519714
4.5490064621844795e-06	0.9999954700469971
0.9820089340209961	0.017991049215197563
0.9998906850814819	0.00010931088036159053
0.9998956918716431	0.00010430866677779704
0.9984664916992188	0.0015335784992203116
0.01930764690041542	0.9806923270225525
0.9413119554519653	0.05868806317448616
0.004008956253528595	0.995991051197052
0.999170184135437	0.0008298908942379057
0.20711195468902588	0.7928880453109741
0.31928306818008423	0.6807169914245605
0.8536950945854187	0.14630483090877533
0.021818062290549278	0.9781820178031921
0.9994949102401733	0.0005050339386798441
0.00045497380779124796	0.9995450377464294
0.15117575228214264	0.8488242030143738
0.12404120713472366	0.8759588003158569
0.9938713312149048	0.006128627806901932
0.9207378625869751	0.07926208525896072
0.9839398860931396	0.01606007292866707
0.9556887745857239	0.044311195611953735
0.002828735625371337	0.9971713423728943
0.10028080642223358	0.89971923828125
0.999996542930603	3.4149827570217894e-06
0.12081098556518555	0.8791890144348145
9.782476263353601e-05	0.9999021291732788
0.0045456113293766975	0.9954544305801392
3.073676271014847e-05	0.9999692440032959
0.06069958582520485	0.9393003582954407
0.9909043908119202	0.009095572866499424
0.004906772170215845	0.9950932264328003
0.41888394951820374	0.5811160802841187
0.001824148348532617	0.998175859451294
0.033125631511211395	0.966874361038208
0.9996296167373657	0.0003703775873873383
0.0006372519419528544	0.9993627667427063
0.09323011338710785	0.906769871711731
0.7429676651954651	0.2570323348045349
0.9255257248878479	0.0744742900133133
0.002539139473810792	0.9974608421325684
0.9981837868690491	0.0018161709886044264
0.9812763929367065	0.01872359775006771
0.9998537302017212	0.000146223945193924
0.008440484292805195	0.9915594458580017
0.086141437292099	0.9138585329055786
2.599156323412899e-05	0.9999740123748779
0.00021571811521425843	0.9997842907905579
0.9699574112892151	0.030042549595236778
0.001719954190775752	0.9982800483703613
0.001856846152804792	0.998143196105957
0.02998100034892559	0.9700189828872681
0.6079123616218567	0.3920876979827881
0.0008072798373177648	0.9991927742958069
0.9998520612716675	0.00014786199608352035
0.9983758926391602	0.0016240350669249892
0.16451594233512878	0.8354840874671936
0.24952839314937592	0.7504715919494629
0.7818275094032288	0.21817250549793243
0.007803292945027351	0.9921966791152954
0.9988126754760742	0.0011874010087922215
8.351031283382326e-06	0.9999916553497314
0.9415638446807861	0.05843612924218178
0.16213062405586243	0.8378693461418152
0.0011517357779666781	0.9988481998443604
0.9241530895233154	0.07584687322378159
0.9982001781463623	0.0017997518880292773
0.20009072124958038	0.7999092936515808
0.014071417972445488	0.9859285950660706
0.5677257776260376	0.4322742819786072
0.008779618889093399	0.9912204146385193
0.9996071457862854	0.0003929366357624531
0.9933149218559265	0.006685073021799326
0.9996371269226074	0.00036290218122303486
0.9988777041435242	0.001122237998060882
0.01630329340696335	0.9836966395378113
0.9999849796295166	1.5036058357509319e-05
0.2842603921890259	0.7157395482063293
0.8934319019317627	0.10656809061765671
0.7462373971939087	0.25376269221305847
0.7247949838638306	0.2752050459384918
0.999930739402771	6.925009074620903e-05
0.6525218486785889	0.34747812151908875
0.010272683575749397	0.9897273182868958
0.0008132871589623392	0.9991866946220398
0.0027765592094510794	0.9972234964370728
0.9888955354690552	0.011104520410299301
0.9954673051834106	0.004532693885266781
0.6292005777359009	0.3707994222640991
4.5736458559986204e-05	0.9999542236328125
0.991998016834259	0.008001957088708878
6.909149760758737e-06	0.999993085861206
0.9999380111694336	6.193544686539099e-05
0.8714200854301453	0.12857989966869354
0.00030754742329008877	0.999692440032959
0.9796634316444397	0.020336609333753586
0.8175452947616577	0.18245472013950348
0.9753903746604919	0.024609608575701714
0.9999912977218628	8.7116495706141e-06
0.014050130732357502	0.9859498143196106
0.9999734163284302	2.6547595552983694e-05
0.022863002493977547	0.97713702917099
0.011368651874363422	0.9886313080787659
0.5050858855247498	0.49491411447525024
0.9982519745826721	0.001747983624227345
0.0013124288525432348	0.9986875653266907
0.9853230714797974	0.014676881022751331
0.00409723212942481	0.9959028363227844
0.00042861784459091723	0.9995713829994202
0.0007118463981896639	0.9992881417274475
0.9475317001342773	0.05246835947036743
0.9912003874778748	0.008799580857157707
0.9899584650993347	0.010041536763310432
0.9779791235923767	0.022020947188138962
0.00045828669681213796	0.9995417594909668
0.03733716905117035	0.9626628160476685
0.9978188276290894	0.0021811507176607847
0.9986212253570557	0.0013788162032142282
0.983193039894104	0.016806956380605698
0.0016599621158093214	0.9983400106430054
0.6114515662193298	0.3885484039783478
0.9368017315864563	0.06319821625947952
0.0004211796331219375	0.9995787739753723
0.9990484118461609	0.0009515596320852637
0.7923367023468018	0.20766331255435944
0.017373694106936455	0.9826263189315796
0.0003698650689329952	0.9996300935745239
0.9842239618301392	0.0157760139554739
0.33120352029800415	0.6687964200973511
2.5812429157667793e-05	0.9999741315841675
0.8635479211807251	0.1364521086215973
0.0008675084100104868	0.9991324543952942
0.8421373963356018	0.15786266326904297
0.991523027420044	0.008476987481117249
0.5590708255767822	0.4409291446208954
0.8115193247795105	0.1884806603193283
0.9352455139160156	0.06475453823804855
0.043976493179798126	0.9560235142707825
0.9474807381629944	0.05251920595765114
0.33306950330734253	0.6669304966926575
0.9952651262283325	0.004734905902296305
0.7296490669250488	0.27035096287727356
0.996269941329956	0.003730048891156912
0.9476624727249146	0.052337512373924255
0.0005172921810299158	0.9994826316833496
0.23910565674304962	0.7608942985534668
0.7298721671104431	0.2701277434825897
0.9864748120307922	0.01352512277662754
0.9970839619636536	0.0029160690028220415
0.999580442905426	0.0004196097142994404
0.9712737798690796	0.028726229444146156
0.35993748903274536	0.6400625109672546
0.9839529395103455	0.01604710891842842
9.969584425562061e-06	0.9999899864196777
0.9250786900520325	0.07492128014564514
0.09127729386091232	0.9087226986885071
0.00039207900408655405	0.9996079802513123
0.9999476671218872	5.236950164544396e-05
0.2564678192138672	0.7435322403907776
0.0011139382841065526	0.9988860487937927
0.0034910363610833883	0.9965088963508606
0.8264101147651672	0.17358994483947754
0.20869438350200653	0.7913056015968323
0.9996429681777954	0.0003569886612240225
0.9998658895492554	0.00013410826795734465
0.3504926264286041	0.6495073437690735
0.9989410042762756	0.0010589618468657136
0.1926650106906891	0.8073350191116333
0.9990376234054565	0.0009623904479667544
0.8914569616317749	0.10854307562112808
0.9366828799247742	0.06331709027290344
0.9982825517654419	0.0017174376407638192
0.02131209895014763	0.9786878824234009
0.2237028032541275	0.7762971520423889
0.9984996318817139	0.0015003305161371827
9.951551328413188e-05	0.9999004602432251
0.0042913081124424934	0.995708703994751
0.9996956586837769	0.00030440924456343055
0.9894161820411682	0.010583828203380108
0.0488034263253212	0.951196551322937
0.9817168116569519	0.018283192068338394
0.9727262258529663	0.02727378159761429
0.5436808466911316	0.456319123506546
0.9689551591873169	0.031044814735651016
0.9998181462287903	0.00018188176909461617
0.7887248992919922	0.211275115609169
0.9997022747993469	0.00029764583450742066
0.9977668523788452	0.00223312946036458
0.0717698410153389	0.9282301664352417
0.9999334812164307	6.655137985944748e-05
0.07458828389644623	0.9254117012023926
0.00044630703632719815	0.9995536208152771
0.9215867519378662	0.0784132182598114
0.5577951669692993	0.4422047734260559
0.10609512031078339	0.8939048647880554
0.002568090334534645	0.9974319338798523
0.0006444141617976129	0.9993556141853333
0.948039174079895	0.051960792392492294
0.9991340041160583	0.0008659784798510373
0.7071478366851807	0.29285216331481934
0.0015697813360020518	0.9984301924705505
0.8947580456733704	0.10524196922779083
2.3425071049132384e-05	0.9999765157699585
0.1459859162569046	0.8540140986442566
0.9886385798454285	0.011361440643668175
0.7276936173439026	0.2723064124584198
0.9725884199142456	0.027411559596657753
0.31824973225593567	0.6817502379417419
0.9486322402954102	0.05136770009994507
0.9859707951545715	0.014029248617589474
0.010759517550468445	0.9892404675483704
0.9999983310699463	1.6749452242947882e-06
0.9992945194244385	0.0007054738234728575
0.9999929666519165	7.08557899997686e-06
0.026089826598763466	0.9739102125167847
0.25353673100471497	0.7464632987976074
0.9970390796661377	0.0029609743505716324
0.003804832464084029	0.9961951971054077
0.18633420765399933	0.8136658072471619
0.0016950138378888369	0.9983049631118774
0.9633430242538452	0.03665701299905777
0.9221048355102539	0.0778951421380043
0.9991445541381836	0.0008554253145121038
0.003528003580868244	0.9964720010757446
0.0006188607658259571	0.9993810653686523
0.02616177499294281	0.9738381505012512
0.23893454670906067	0.7610654234886169
0.0007904563099145889	0.9992095232009888
4.0410759538644925e-05	0.9999595880508423
0.006844875868409872	0.9931550621986389
0.002177927875891328	0.9978220462799072
0.5409655570983887	0.45903444290161133
0.8663919568061829	0.13360798358917236
0.1692851334810257	0.8307148814201355
0.0034948112443089485	0.9965052604675293
0.39935484528541565	0.6006451845169067
0.10282186418771744	0.8971781134605408
0.9859031438827515	0.014096870087087154
0.9990981817245483	0.0009018135606311262
0.9990386962890625	0.0009613883448764682
2.7470436180010438e-05	0.9999725818634033
0.999923586845398	7.63634525355883e-05
0.918639600276947	0.08136042952537537
0.9999982118606567	1.7315185232291697e-06
0.0013138008071109653	0.9986862540245056
0.015599608421325684	0.9844003319740295
0.9999719858169556	2.7994679840048775e-05
0.998930037021637	0.0010699714766815305
0.392238974571228	0.6077610850334167
0.9519590735435486	0.04804088920354843
0.6212061643600464	0.37879377603530884
0.991541862487793	0.008458130061626434
0.8773797154426575	0.12262031435966492
0.7425172328948975	0.25748270750045776
0.03741250932216644	0.9625874757766724
0.9999959468841553	4.099384113942506e-06
0.40194109082221985	0.5980588793754578
0.3869861662387848	0.6130138635635376
0.9996728897094727	0.00032709870720282197
0.005483677610754967	0.9945163130760193
0.8310609459877014	0.16893908381462097
3.527656735968776e-05	0.999964714050293
0.0034274389035999775	0.9965726137161255
0.0009449449717067182	0.9990550875663757
0.7272506952285767	0.27274924516677856
0.5802045464515686	0.419795423746109
0.9788987040519714	0.02110130339860916
0.05528850480914116	0.944711446762085
1.1145477401441894e-05	0.9999889135360718
0.3040006160736084	0.6959993839263916
0.9945363998413086	0.005463657435029745
0.21003632247447968	0.7899637222290039
0.016266224905848503	0.9837337732315063
5.517244426300749e-05	0.999944806098938
0.9479906558990479	0.05200932174921036
0.3366902768611908	0.6633097529411316
0.4997481107711792	0.5002518892288208
0.050749264657497406	0.9492506980895996
0.9998148083686829	0.0001852278655860573
0.9999599456787109	4.002126297564246e-05
0.0047500706277787685	0.99524986743927
0.008737566880881786	0.9912624359130859
0.0002337967453058809	0.9997661709785461
0.9992484450340271	0.0007515325560234487
0.0015385081060230732	0.9984614849090576
0.02337162010371685	0.9766284227371216
0.7921545505523682	0.20784546434879303
0.0001365834177704528	0.9998633861541748
3.072322215302847e-05	0.9999692440032959
0.9999569654464722	4.302713568904437e-05
0.0008788937120698392	0.9991211295127869
0.0006187573308125138	0.9993811845779419
0.9984447360038757	0.0015552997356280684
0.017031200230121613	0.9829688668251038
0.0011458226945251226	0.9988541603088379
0.6158634424209595	0.3841365873813629
0.7363204956054688	0.26367947459220886
1.1576533324841876e-05	0.9999884366989136
0.8232853412628174	0.176714688539505
0.7464576363563538	0.25354236364364624
0.0012120036408305168	0.998788058757782
0.9985523819923401	0.001447633490897715
0.9355780482292175	0.06442192196846008
0.5694460868835449	0.4305539131164551
0.2925145924091339	0.7074854373931885
0.99998939037323	1.0608593584038317e-05
0.39650923013687134	0.6034908294677734
0.2202601432800293	0.7797398567199707
0.4877226948738098	0.5122772455215454
0.3040917217731476	0.6959083080291748
0.9999967813491821	3.183621856805985e-06
0.007212873548269272	0.9927870631217957
0.0009842156432569027	0.9990158081054688
0.9988313317298889	0.001168613787740469
0.9388155341148376	0.06118447333574295
0.9929447770118713	0.00705516804009676
0.9999357461929321	6.429446511901915e-05
0.4386075437068939	0.5613924860954285
0.6870641708374023	0.31293585896492004
0.26601070165634155	0.7339892983436584
0.1495964527130127	0.8504034876823425
0.3345358371734619	0.6654641628265381
0.09952174127101898	0.9004783034324646
0.997314989566803	0.0026849701534956694
0.953387975692749	0.04661206528544426
0.9764968752861023	0.023503098636865616
4.827819429920055e-05	0.9999517202377319
0.0002783752279356122	0.9997215867042542
0.7116892337799072	0.288310706615448
0.9999290704727173	7.096280751284212e-05
0.002042362466454506	0.9979575872421265
0.9971181154251099	0.0028818794526159763
0.9977418184280396	0.002258207183331251
0.9997789263725281	0.00022105567040853202
0.03516881912946701	0.9648311734199524
0.08818672597408295	0.9118132591247559
0.017272070050239563	0.9827279448509216
0.9996943473815918	0.0003057011344935745
0.8449894189834595	0.15501055121421814
0.9999703168869019	2.9643695597769693e-05
0.9783756136894226	0.021624412387609482
0.1799241453409195	0.8200758099555969
0.0005766106769442558	0.9994233846664429
0.9480220079421997	0.05197799205780029
0.0007535327458754182	0.9992464780807495
0.9981926083564758	0.0018074344843626022
0.3026488423347473	0.6973511576652527
0.9996933937072754	0.00030661674099974334
0.02518792450428009	0.9748120903968811
0.9773439764976501	0.022656040266156197
0.0027168826200067997	0.9972831010818481
0.9999560117721558	4.396154690766707e-05
0.9433130025863647	0.05668698996305466
0.8527736067771912	0.14722639322280884
0.47775042057037354	0.5222495198249817
0.9988572597503662	0.0011427102144807577
0.40521347522735596	0.5947865843772888
0.07405350357294083	0.9259465336799622
0.9632437825202942	0.036756228655576706
0.9841660261154175	0.015833942219614983
0.9996541738510132	0.000345800188370049
0.9976959824562073	0.0023039784282445908
0.0016876606969162822	0.9983123540878296
2.0195915567455813e-05	0.9999798536300659
0.9816607236862183	0.018339263275265694
0.999809205532074	0.0001908386475406587
0.013878473080694675	0.9861214756965637
0.9838318824768066	0.016168102622032166
0.004724145866930485	0.9952758550643921
0.00045572881936095655	0.9995442032814026
0.9407210350036621	0.059278979897499084
0.24578648805618286	0.7542134523391724
0.9998204112052917	0.00017967114399652928
0.6642336249351501	0.3357663154602051
0.011988668702542782	0.9880113005638123
0.8855379223823547	0.11446201056241989
0.9939362406730652	0.006063740700483322
0.6145231127738953	0.38547688722610474
0.9065142273902893	0.09348579496145248
4.405727668199688e-05	0.9999558925628662
0.7339214086532593	0.2660785913467407
0.0004700029094237834	0.9995299577713013
0.2440897673368454	0.7559102177619934
0.005355972796678543	0.994644045829773
0.985107958316803	0.01489202305674553
0.9968446493148804	0.00315536349080503
0.30116701126098633	0.6988329887390137
0.9987733960151672	0.0012265669647604227
0.8909204006195068	0.10907961428165436
0.0023631127551198006	0.9976369142532349
0.20657286047935486	0.7934271097183228
0.8118934631347656	0.18810658156871796
0.5606741309165955	0.43932589888572693
0.009770972654223442	0.9902290105819702
0.40092068910598755	0.5990793108940125
0.999783456325531	0.0002165865880670026
0.17292486131191254	0.8270751237869263
0.9994862079620361	0.0005137522239238024
0.9982627034187317	0.001737259910441935
0.9567382335662842	0.0432618074119091
0.0008702545892447233	0.9991297125816345
0.7113663554191589	0.2886335849761963
0.9819923639297485	0.018007613718509674
0.9888226985931396	0.01117731537669897
0.9993681311607361	0.0006318290834315121
0.851992666721344	0.14800739288330078
0.8626037836074829	0.13739615678787231
0.9941558837890625	0.005844078492373228
0.09169761091470718	0.9083024263381958
0.015722671523690224	0.9842773675918579
0.999213457107544	0.0007864884100854397
0.9983483552932739	0.0016516493633389473
0.00843279529362917	0.9915671944618225
0.34268099069595337	0.6573190093040466
0.9981751441955566	0.0018249074928462505
0.008008326403796673	0.9919916987419128
0.9999994039535522	5.844821089340257e-07
1.5205868294287939e-05	0.9999847412109375
0.016943292692303658	0.9830567240715027
0.0016097542829811573	0.9983903169631958
0.0031075177248567343	0.996892511844635
0.3451777398586273	0.6548222899436951
0.0004197335510980338	0.9995803236961365
0.9987218976020813	0.001278081675991416
0.0009535721619613469	0.9990463852882385
0.994967520236969	0.005032430402934551
0.3041769862174988	0.6958229541778564
0.079800084233284	0.9201999306678772
0.01683465950191021	0.9831653833389282
0.004780732560902834	0.9952192902565002
0.6630375385284424	0.33696240186691284
0.9930857419967651	0.006914274767041206
0.9533129930496216	0.04668697342276573
0.4209897220134735	0.5790102481842041
0.9164445400238037	0.08355550467967987
0.018569983541965485	0.9814299941062927
0.9586866497993469	0.04131333529949188
0.03330929949879646	0.9666906595230103
0.004176972433924675	0.9958230257034302
0.752078652381897	0.24792130291461945
1.9313356460770592e-05	0.9999806880950928
0.040545348078012466	0.9594546556472778
0.9257608652114868	0.0742390975356102
0.6348279714584351	0.36517196893692017
0.9999600648880005	3.9956856198841706e-05
0.9933536052703857	0.006646405905485153
4.861802153754979e-06	0.9999951124191284
0.9999500513076782	5.0003003707388416e-05
0.0004429589316714555	0.9995570778846741
0.9998635053634644	0.00013644438877236098
0.017807774245738983	0.9821922183036804
0.9658430814743042	0.03415695205330849
0.42006710171699524	0.5799328684806824
0.024149056524038315	0.9758509397506714
0.00036249138065613806	0.9996374845504761
0.9992753863334656	0.0007246441673487425
0.995965838432312	0.004034197889268398
0.9998041987419128	0.00019579769286792725
0.0005864204722456634	0.9994136095046997
0.9937665462493896	0.006233441177755594
0.9999722242355347	2.7727577617042698e-05
0.028051938861608505	0.9719480872154236
0.0001619585236767307	0.9998379945755005
0.1548725962638855	0.8451274037361145
0.06851709634065628	0.9314829111099243
0.019182376563549042	0.9808176755905151
0.9913522005081177	0.008647823706269264
0.642530620098114	0.357469379901886
0.9469431638717651	0.05305683985352516
0.9128687381744385	0.08713126182556152
0.18341636657714844	0.8165836334228516
0.0018479088321328163	0.9981520771980286
0.9069459438323975	0.09305401891469955
1.4866256606183015e-05	0.9999850988388062
0.0003009168722201139	0.9996991157531738
0.9997096657752991	0.00029025657568126917
0.0298935379832983	0.9701064825057983
0.9806875586509705	0.019312474876642227
0.9908888339996338	0.00911120418459177
0.1473383903503418	0.852661669254303
0.005392134189605713	0.9946078062057495
0.9563794732093811	0.043620508164167404
0.9583670496940613	0.04163290932774544
0.9870991110801697	0.012900887057185173
0.9927861094474792	0.007213829550892115
0.007527035195380449	0.9924730062484741
0.9999977350234985	2.277969542774372e-06
0.7781975865364075	0.22180242836475372
0.6041724681854248	0.3958275020122528
0.6480168700218201	0.3519831597805023
0.9970447421073914	0.0029553123749792576
0.18839286267757416	0.8116071224212646
0.007612231653183699	0.9923877716064453
0.002811628859490156	0.9971883893013
0.01311714667826891	0.9868828654289246
0.00031305066659115255	0.9996869564056396
0.9717850685119629	0.028214987367391586
0.008526744320988655	0.9914731979370117
0.8296678066253662	0.170332133769989
0.0003266147687099874	0.9996733665466309
0.6825754046440125	0.31742462515830994
0.999798595905304	0.0002014099300140515
0.9015495777130127	0.0984504222869873
0.2405766099691391	0.7594233751296997
0.0010603180853649974	0.9989396929740906
0.6647669672966003	0.33523306250572205
0.9570606350898743	0.04293936491012573
0.11830788850784302	0.8816920518875122
0.985571026802063	0.014428968541324139
0.28399133682250977	0.7160086035728455
0.9933788776397705	0.006621142383664846
0.8444388508796692	0.1555611789226532
0.5042328834533691	0.4957670569419861
0.487284779548645	0.512715220451355
0.993878185749054	0.006121885031461716
0.05811530351638794	0.9418846964836121
0.9837390184402466	0.016261007636785507
0.999832272529602	0.00016774852701928467
0.9953005313873291	0.004699507262557745
0.1425974816083908	0.8574024438858032
0.9995254278182983	0.0004745970363728702
0.40487140417099	0.59512859582901
0.776471734046936	0.22352823615074158
0.9102066159248352	0.08979335427284241
0.04584452509880066	0.9541555047035217
0.9989262223243713	0.0010737556731328368
0.013610735535621643	0.9863892197608948
0.9989257454872131	0.0010741808218881488
0.9928144812583923	0.007185516878962517
0.7934946417808533	0.20650537312030792
0.7796925902366638	0.2203073799610138
0.4307710528373718	0.569229006767273
0.014083702117204666	0.9859163165092468
0.9745882153511047	0.025411859154701233
0.0010635250946506858	0.9989364743232727
0.9909330606460571	0.009066970087587833
0.9928328990936279	0.007167137693613768
0.00887206755578518	0.9911278486251831
0.00029517090297304094	0.9997047781944275
0.9780772924423218	0.021922660991549492
0.9999197721481323	8.019492088351399e-05
0.7557178735733032	0.24428215622901917
0.9629029035568237	0.03709707409143448
0.6931977868080139	0.3068022131919861
0.0021673229057341814	0.997832715511322
0.010890492238104343	0.9891095161437988
0.9943367838859558	0.005663252901285887
0.9996607303619385	0.00033927834010683
1.851281581366493e-07	0.9999997615814209
0.002815148327499628	0.9971848130226135
0.0008476816001348197	0.9991523027420044
0.0018452887888997793	0.9981546998023987
0.9791873693466187	0.02081260271370411
0.00027415785007178783	0.999725878238678
0.003426373703405261	0.9965736865997314
0.7151347398757935	0.28486526012420654
0.42393526434898376	0.5760647058486938
0.9999997615814209	2.726730485846929e-07
0.002036617835983634	0.9979634284973145
0.00057578383712098	0.9994242191314697
0.10846028476953506	0.8915397524833679
0.03781072422862053	0.9621893167495728
0.06860208511352539	0.9313978552818298
0.048185549676418304	0.9518144130706787
0.9992601275444031	0.0007398644229397178
0.8562873601913452	0.1437126100063324
0.047721102833747864	0.9522789120674133
0.8383958339691162	0.1616041362285614
0.3335649371147156	0.6664350628852844
0.13105058670043945	0.8689494132995605
0.006808060221374035	0.9931918978691101
0.03116825595498085	0.9688317179679871
0.8126665353775024	0.18733346462249756
0.9979501366615295	0.0020498293451964855
0.5133053660392761	0.4866946041584015
0.7063603401184082	0.2936397194862366
1.2909416000184137e-05	0.9999871253967285
0.12486440688371658	0.875135600566864
0.00017916594515554607	0.99982088804245
0.9389460682868958	0.061053887009620667
0.08571822196245193	0.9142817258834839
0.14258824288845062	0.8574117422103882
0.9450289607048035	0.05497104302048683
0.13973692059516907	0.8602631092071533
9.939434676198289e-06	0.9999901056289673
0.013669893145561218	0.9863300919532776
0.011329958215355873	0.9886699914932251
1.7702118384477217e-06	0.9999982118606567
0.8778430819511414	0.12215688079595566
0.0006035609403625131	0.9993964433670044
0.0433940552175045	0.9566059708595276
0.0021680952049791813	0.9978318810462952
0.014493536204099655	0.9855064153671265
7.21608375897631e-05	0.9999278783798218
0.0009897933341562748	0.9990102052688599
0.8254696130752563	0.17453040182590485
0.8768784999847412	0.12312155961990356
0.08822188526391983	0.9117780327796936
0.016745394095778465	0.983254611492157
0.8075582385063171	0.19244173169136047
0.9911148548126221	0.008885095827281475
0.9955697655677795	0.004430293571203947
0.9967101812362671	0.0032897929195314646
0.9939661622047424	0.0060339090414345264
0.9999998807907104	1.1854429970981073e-07
0.5440435409545898	0.45595648884773254
0.9999966621398926	3.3616702239669394e-06
0.008061934262514114	0.991938054561615
0.7874051332473755	0.21259482204914093
0.7937434911727905	0.20625655353069305
0.4127987325191498	0.5872012376785278
0.9745620489120483	0.02543799951672554
0.02791411802172661	0.9720858335494995
0.5502533316612244	0.44974657893180847
0.01645791344344616	0.9835420846939087
0.9996138215065002	0.00038621286512352526
0.9974355101585388	0.0025645543355494738
0.06094084307551384	0.9390591382980347
0.16004730761051178	0.8399527668952942
0.010522461496293545	0.9894775748252869
0.1880960911512375	0.8119038939476013
0.43519800901412964	0.5648019313812256
0.23057594895362854	0.7694240212440491
0.000891252770088613	0.9991087317466736
0.999723494052887	0.0002765220124274492
0.004538334906101227	0.995461642742157
0.08781564980745316	0.9121843576431274
0.9915817379951477	0.008418241515755653
0.01738152839243412	0.9826184511184692
0.5027127265930176	0.4972873330116272
0.0318269282579422	0.968173086643219
0.04310769587755203	0.9568923115730286
0.058311738073825836	0.9416882395744324
0.006987511646002531	0.9930124878883362
0.9712041616439819	0.028795825317502022
3.994496728410013e-05	0.9999600648880005
0.9993101358413696	0.0006898376741446555
0.305009663105011	0.694990336894989
0.9309723973274231	0.06902757287025452
0.0022152354940772057	0.9977847933769226
0.045286957174539566	0.9547130465507507
0.4903804659843445	0.5096195340156555
0.9650940299034119	0.03490601107478142
0.008796154521405697	0.9912039041519165
0.9996135830879211	0.00038643201696686447
0.642351508140564	0.35764846205711365
0.4374019503593445	0.5625980496406555
0.9999853372573853	1.4654509868705645e-05
0.015528070740401745	0.9844719767570496
0.007348709739744663	0.9926512837409973
0.9938949942588806	0.006104984786361456
0.05337774008512497	0.9466223120689392
0.890853762626648	0.10914617031812668
0.9987958669662476	0.0012041522422805429
0.00019895480363629758	0.9998010993003845
0.999988317489624	1.1659641131700482e-05
0.438313752412796	0.5616862773895264
0.9928436875343323	0.007156229577958584
0.03891543298959732	0.9610846042633057
0.0003980518376920372	0.9996020197868347
0.9425121545791626	0.05748778581619263
0.0072061410173773766	0.9927939176559448
0.6702520847320557	0.3297479450702667
0.9458610415458679	0.054138947278261185
0.00034400649019517004	0.9996559619903564
6.0609058891714085e-06	0.9999939203262329
0.9998742341995239	0.0001257561525562778
0.8230881094932556	0.17691181600093842
0.0030504181049764156	0.9969496130943298
0.007389071397483349	0.9926109910011292
0.8554180264472961	0.14458200335502625
0.9785698652267456	0.021430129185318947
0.9998879432678223	0.00011209719377802685
0.16234420239925385	0.8376557230949402
0.9993160963058472	0.000683938676957041
0.07609821110963821	0.9239017963409424
0.004386128857731819	0.9956138134002686
0.027783509343862534	0.9722165465354919
0.0027859837282449007	0.9972140192985535
0.9998413324356079	0.00015861078281886876
0.01183894369751215	0.9881610870361328
0.009849400259554386	0.9901505708694458
0.9029572010040283	0.09704279154539108
0.9892793297767639	0.010720618069171906
0.11625365167856216	0.8837463855743408
0.011053787544369698	0.988946259021759
0.7809910774230957	0.21900887787342072
0.9828208684921265	0.017179196700453758
0.001128194504417479	0.9988717436790466
0.7890375256538391	0.21096248924732208
0.9950123429298401	0.004987688735127449
0.9997976422309875	0.0002024135465035215
0.9917089343070984	0.008291104808449745
0.999998927116394	1.0157657470699633e-06
0.0002859096275642514	0.9997140765190125
0.00013911403948441148	0.9998608827590942
0.05965103209018707	0.9403489828109741
0.9999991655349731	8.263957624876639e-07
0.9518759846687317	0.04812396690249443
0.0010711152572184801	0.9989288449287415
0.9993365406990051	0.000663377286400646
0.00020270206732675433	0.9997972846031189
0.9945770502090454	0.005422986578196287
0.8445382714271545	0.1554616540670395
0.9412596821784973	0.05874026566743851
0.045025985687971115	0.9549739956855774
0.371543824672699	0.628456175327301
0.9999985694885254	1.3968680150355794e-06
0.9996402263641357	0.00035982049303129315
1.2040520232403651e-05	0.9999879598617554
0.001334322732873261	0.9986656904220581
0.9539818167686462	0.04601822420954704
0.9913660287857056	0.008634001016616821
0.9991710186004639	0.0008290174882858992
0.9642829895019531	0.03571707755327225
0.044119611382484436	0.955880343914032
0.9999818801879883	1.8094184270012192e-05
0.02588515728712082	0.9741147756576538
1.0	2.6972404754133095e-08
0.9994844198226929	0.0005155993276275694
0.00026587944012135267	0.999734103679657
0.9999169111251831	8.308183896588162e-05
0.9097608327865601	0.09023918211460114
0.3212691843509674	0.678730845451355
0.9330486059188843	0.06695135682821274
0.0045998659916222095	0.9954001307487488
9.571016562404111e-05	0.9999042749404907
0.2987305521965027	0.7012694478034973
0.47990652918815613	0.5200935006141663
0.43589508533477783	0.5641049146652222
0.032711390405893326	0.9672885537147522
0.14954732358455658	0.8504526615142822
0.0939151868224144	0.9060847759246826
0.00011143599112983793	0.99988853931427
0.9969792366027832	0.003020791569724679
0.0010729515925049782	0.9989270567893982
0.9187749028205872	0.08122504502534866
0.12007227540016174	0.8799277544021606
0.09021784365177155	0.9097821116447449
0.0786530151963234	0.9213469624519348
0.997204065322876	0.0027959367725998163
0.9060425758361816	0.09395737200975418
0.9999998807907104	1.4898552080921945e-07
0.9989510774612427	0.0010489068226888776
0.44946953654289246	0.5505304336547852
0.0005116320098750293	0.999488353729248
0.13482026755809784	0.865179717540741
0.0006911527016200125	0.9993088245391846
0.001704564318060875	0.9982954859733582
2.688097083591856e-05	0.9999730587005615
0.44028031826019287	0.5597197413444519
0.9741637706756592	0.025836264714598656
0.0023437633644789457	0.9976562261581421
0.0024771413300186396	0.9975228905677795
0.9999830722808838	1.6943698938121088e-05
0.905264675617218	0.09473530948162079
0.03146439045667648	0.9685356020927429
0.04527314007282257	0.9547268152236938
0.9385331273078918	0.061466868966817856
0.994941771030426	0.005058251321315765
0.0009031877852976322	0.9990968704223633
0.8540123701095581	0.14598770439624786
0.9980646967887878	0.0019352821400389075
0.0011038765078410506	0.9988961219787598
0.9981465339660645	0.0018534263363108039
0.9992491602897644	0.0007507608970627189
0.0002290873962920159	0.9997709393501282
0.999372661113739	0.0006273064063861966
0.0008392011513933539	0.9991607666015625
0.04051344469189644	0.9594866037368774
0.0010044962400570512	0.9989954829216003
0.9651261568069458	0.03487390652298927
0.00015952144167385995	0.999840497970581
0.12760435044765472	0.8723955750465393
0.0018289107829332352	0.9981710910797119
0.9776433110237122	0.022356675937771797
0.9238905310630798	0.07610950618982315
0.999442994594574	0.0005569683271460235
0.9951788187026978	0.004821141716092825
0.08508746325969696	0.9149125218391418
0.913577139377594	0.08642285317182541
2.960756501124706e-05	0.9999704360961914
0.9982619881629944	0.0017379671335220337
0.6190358400344849	0.38096415996551514
0.9230287671089172	0.07697127014398575
0.1461675614118576	0.8538324236869812
0.47961318492889404	0.520386815071106
0.9999872446060181	1.2784292266587727e-05
0.3841107487678528	0.6158892512321472
0.09574286639690399	0.9042571187019348
0.021929360926151276	0.9780706763267517
0.9903632998466492	0.009636691771447659
0.9994868040084839	0.0005132124060764909
0.999588668346405	0.0004113682371098548
0.04439159110188484	0.9556084275245667
0.07962654531002045	0.9203734993934631
0.9973074197769165	0.0026926270220428705
0.040027257055044174	0.9599727988243103
0.9999998807907104	1.3958504041511333e-07
0.05889810249209404	0.9411019086837769
0.06218196824193001	0.9378180503845215
0.01826838217675686	0.9817315936088562
0.6581908464431763	0.34180912375450134
0.999903678894043	9.625530219636858e-05
0.6724253296852112	0.3275747299194336
0.0005413806647993624	0.9994586110115051
9.992622653953731e-05	0.9999001026153564
0.9861389994621277	0.0138609753921628
0.8689711689949036	0.13102878630161285
0.8633533716201782	0.13664661347866058
0.001539353746920824	0.9984606504440308
0.005784465465694666	0.9942155480384827
0.5699995160102844	0.43000051379203796
0.006696643307805061	0.9933033585548401
0.9956806898117065	0.004319295287132263
0.004319287370890379	0.9956806898117065
0.9584307074546814	0.04156932979822159
0.06352481245994568	0.9364752173423767
0.2419263869524002	0.758073627948761
0.01251336932182312	0.9874866008758545
0.9999539852142334	4.6069148083915934e-05
0.039257168769836426	0.9607428312301636
0.06188146770000458	0.9381185173988342
0.9426687955856323	0.057331230491399765
0.040167856961488724	0.9598320722579956
0.026613838970661163	0.9733861684799194
0.00029582169372588396	0.9997041821479797
0.23621076345443726	0.763789176940918
0.8596135973930359	0.14038635790348053
0.7957850098609924	0.2042149305343628
0.2426871508359909	0.7573128938674927
0.7755559682846069	0.22444403171539307
0.9995232820510864	0.00047671032370999455
0.9942670464515686	0.0057329232804477215
0.989548921585083	0.010451081208884716
0.013686800375580788	0.9863132238388062
0.9965022802352905	0.003497771453112364
0.9613088369369507	0.03869115188717842
0.0018427323084324598	0.9981573224067688
0.0018071040976792574	0.9981928467750549
0.993606686592102	0.006393310613930225
0.34095650911331177	0.659043550491333
0.9722599387168884	0.02774006314575672
0.9999933242797852	6.733035661454778e-06
0.9994934797286987	0.0005065524019300938
0.9979423880577087	0.0020576193928718567
3.355418130013277e-06	0.9999966621398926
0.9998663663864136	0.0001335679116891697
0.9978098273277283	0.0021901577711105347
4.712828012998216e-05	0.9999529123306274
0.9975398778915405	0.0024601349141448736
0.17383496463298798	0.8261650204658508
0.7379045486450195	0.26209545135498047
0.484321266412735	0.5156787633895874
0.009310804307460785	0.9906891584396362
0.011700672097504139	0.9882993698120117
0.2946823537349701	0.7053176760673523
1.6285919173242291e-06	0.9999983310699463
0.7494661808013916	0.250533789396286
0.04611534997820854	0.9538846015930176
1.7042730178218335e-05	0.9999829530715942
0.9996801614761353	0.0003198658814653754
0.9986851811408997	0.001314768334850669
0.9971725344657898	0.0028274445794522762
0.8245722651481628	0.17542767524719238
0.9986901879310608	0.001309787156060338
0.9999980926513672	1.8792800347000593e-06
0.9957428574562073	0.004257141146808863
0.9925289154052734	0.007471124175935984
1.892467844299972e-05	0.9999810457229614
0.2405141294002533	0.7594858407974243
0.9998362064361572	0.0001637503446545452
0.877470076084137	0.12252990156412125
0.997568666934967	0.002431255066767335
0.6232159733772278	0.3767840266227722
0.13546203076839447	0.8645378947257996
0.9992793202400208	0.0007207336602732539
0.6139674782752991	0.3860325515270233
0.005159155465662479	0.9948408007621765
0.9976473450660706	0.0023526374716311693
0.00017763112555257976	0.9998224377632141
0.0013051304267719388	0.9986948370933533
0.9991758465766907	0.0008240842144005001
0.0018191697308793664	0.9981808662414551
0.008465063758194447	0.991534948348999
0.7642549276351929	0.23574507236480713
0.05701381713151932	0.9429861903190613
0.001205825712531805	0.9987941980361938
0.4714633822441101	0.5285366177558899
0.00017152557848021388	0.9998284578323364
0.9994926452636719	0.0005072776111774147
0.9997586607933044	0.00024132734688464552
0.935772180557251	0.06422782689332962
0.9995356798171997	0.00046431238297373056
0.8483008742332458	0.15169911086559296
0.001806864864192903	0.998193085193634
1.896835669867869e-06	0.9999980926513672
0.9987720847129822	0.0012278862996026874
0.013285384513437748	0.9867146611213684
0.7791462540626526	0.22085370123386383
0.9249522089958191	0.07504773885011673
0.9999217987060547	7.817101868567988e-05
0.8104954957962036	0.18950454890727997
0.006420453544706106	0.9935795068740845
0.07254999876022339	0.9274500012397766
0.009589478373527527	0.990410566329956
0.00028783100424334407	0.9997121691703796
0.1697717308998108	0.8302282691001892
0.4440264105796814	0.5559735298156738
0.9981805086135864	0.001819517812691629
0.012644163332879543	0.9873558878898621
7.369548984570429e-05	0.9999263286590576
0.004280469845980406	0.9957194924354553
0.999404788017273	0.0005952533683739603
0.9995982050895691	0.0004018333274871111
0.2117919623851776	0.7882080078125
0.9464801549911499	0.053519826382398605
0.19823607802391052	0.8017638921737671
0.789292573928833	0.21070735156536102
5.7377178563911e-06	0.9999942779541016
0.99986732006073	0.0001326517667621374
0.9990474581718445	0.0009525383356958628
0.41591811180114746	0.5840819478034973
0.9314202070236206	0.0685797855257988
0.9980902075767517	0.00190977961756289
0.9972756505012512	0.0027242982760071754
0.004516491666436195	0.9954835176467896
1.9352664821781218e-05	0.9999806880950928
0.04605960100889206	0.9539403319358826
0.07470417767763138	0.9252958297729492
0.7567145824432373	0.24328535795211792
0.7270702719688416	0.27292972803115845
3.470735828159377e-05	0.9999653100967407
0.04593786224722862	0.9540621638298035
0.999995231628418	4.757665010401979e-06
0.9983955025672913	0.001604423625394702
0.6801478266716003	0.31985220313072205
0.0018890044884756207	0.9981110095977783
0.07944229245185852	0.9205577373504639
8.545073796994984e-05	0.9999145269393921
0.00351151661016047	0.9964884519577026
0.9853028059005737	0.014697175472974777
0.9014815092086792	0.0985184982419014
0.9365203976631165	0.06347955018281937
0.5053494572639465	0.49465060234069824
3.535935320542194e-05	0.9999645948410034
0.08707214146852493	0.9129278063774109
0.001979375723749399	0.9980206489562988
0.0010958971688523889	0.9989041090011597
0.9957312941551208	0.004268688149750233
0.9934684038162231	0.0065315463580191135
0.0013646751176565886	0.9986353516578674
0.0011288244277238846	0.9988711476325989
0.00022124798852019012	0.9997788071632385
0.8374757766723633	0.1625242680311203
0.9615693688392639	0.03843067213892937
0.0026253359392285347	0.9973746538162231
0.00039364449912682176	0.9996064305305481
0.01639825478196144	0.9836017489433289
3.618865957832895e-05	0.9999637603759766
0.9998575448989868	0.0001424101210432127
0.023871267214417458	0.9761286973953247
0.00045048579340800643	0.9995494484901428
0.0007342697936110198	0.999265730381012
0.999997615814209	2.4367222977161873e-06
0.00022264783910941333	0.9997773766517639
0.05501819774508476	0.9449817538261414
0.3890281915664673	0.6109718680381775
0.9664462804794312	0.03355371579527855
0.9953195452690125	0.00468040257692337
0.5964034199714661	0.40359658002853394
0.13112427294254303	0.8688757419586182
0.037410832941532135	0.9625891447067261
0.03327362611889839	0.9667264223098755
0.9914167523384094	0.008583282120525837
0.0023147277534008026	0.9976853132247925
0.9984242916107178	0.001575729576870799
0.9008421897888184	0.09915784746408463
0.9305117130279541	0.06948825716972351
0.15253645181655884	0.8474635481834412
0.7732030153274536	0.22679701447486877
0.003510228591039777	0.9964897036552429
0.001642201212234795	0.9983578324317932
0.0011990810744464397	0.9988008737564087
7.028018899291055e-06	0.9999929666519165
0.00011783657100750133	0.9998821020126343
0.7863571643829346	0.21364285051822662
0.00035453791497275233	0.999645471572876
0.9664162397384644	0.033583782613277435
0.9956600069999695	0.004339979030191898
0.0004645275475922972	0.9995354413986206
0.99985671043396	0.00014327201643027365
0.6241185069084167	0.37588146328926086
0.026427604258060455	0.9735723733901978
0.9992400407791138	0.0007600233075208962
0.03806361183524132	0.9619364142417908
0.7896034717559814	0.21039651334285736
0.04112362116575241	0.958876371383667
0.9998399019241333	0.0001601027906872332
0.9999769926071167	2.297009268659167e-05
1.0871596714423504e-05	0.9999891519546509
0.9998534917831421	0.00014646242198068649
0.3130122125148773	0.6869878172874451
0.003255358664318919	0.9967446327209473
0.9986106157302856	0.001389370416291058
0.9995892643928528	0.000410721666412428
0.0033225067891180515	0.9966775178909302
0.9998904466629028	0.00010954262688755989
0.005848845932632685	0.9941511750221252
0.010902569629251957	0.9890974760055542
0.07540738582611084	0.9245926141738892
0.9998588562011719	0.000141136406455189
0.2989250719547272	0.7010748982429504
0.08510324358940125	0.9148967862129211
0.00423935241997242	0.9957606196403503
0.9394293427467346	0.060570646077394485
0.01642421819269657	0.9835757613182068
0.9998800754547119	0.00011987041943939403
0.5832880139350891	0.4167119860649109
0.31236889958381653	0.6876311302185059
0.028058713302016258	0.971941351890564
0.9999697208404541	3.0253899240051396e-05
0.0005038655363023281	0.9994961023330688
0.8801764845848083	0.11982356756925583
0.0001483717205701396	0.9998515844345093
0.9768368601799011	0.023163141682744026
0.8056033849716187	0.19439662992954254
0.8822906613349915	0.11770933121442795
0.9281756281852722	0.07182443886995316
0.524561882019043	0.47543811798095703
0.11277604103088379	0.887224018573761
0.20196311175823212	0.7980368733406067
0.9999520778656006	4.79293339594733e-05
0.998110294342041	0.0018897131085395813
0.9999904632568359	9.485182999924291e-06
0.010382958687841892	0.989617109298706
0.0006802401621825993	0.9993197917938232
0.9863303899765015	0.01366961095482111
0.9965232610702515	0.0034768031910061836
0.9956068396568298	0.0043931095860898495
0.9712406992912292	0.028759267181158066
0.9978699684143066	0.002129959873855114
0.08296254277229309	0.9170374274253845
0.003671783022582531	0.9963281750679016
0.9543581008911133	0.04564189538359642
0.9341808557510376	0.06581911444664001
0.9998779296875	0.0001220378908328712
0.7768357992172241	0.2231641560792923
0.002619225298985839	0.997380793094635
0.0381040945649147	0.9618959426879883
0.005263832397758961	0.9947361350059509
0.9991305470466614	0.0008694349089637399
0.013827227056026459	0.9861727356910706
0.061138518154621124	0.9388614892959595
0.00016148849681485444	0.9998384714126587
0.8745853304862976	0.1254146546125412
0.015114386565983295	0.9848856329917908
0.9999879598617554	1.2027528100588825e-05
3.8687846881657606e-07	0.9999996423721313
0.002107630018144846	0.997892439365387
0.9993379712104797	0.0006620513158850372
0.9994096755981445	0.0005902905249968171
2.9959957828396e-05	0.9999700784683228
0.0029333308339118958	0.9970666766166687
0.9210546016693115	0.07894542813301086
0.20933611690998077	0.7906638979911804
0.06016255170106888	0.9398373961448669
0.9904384016990662	0.00956165324896574
0.43978938460350037	0.5602105855941772
3.84932349106748e-07	0.9999996423721313
0.00026891965535469353	0.9997311234474182
0.9781910181045532	0.021809058263897896
0.22710126638412476	0.7728986740112305
0.04220166429877281	0.9577983617782593
0.9999998807907104	7.843224381076652e-08
7.5967773227603175e-06	0.9999923706054688
0.9988254904747009	0.0011745223309844732
0.9999544620513916	4.553257895167917e-05
0.00014114112127572298	0.9998588562011719
0.22187358140945435	0.7781264185905457
0.46380946040153503	0.5361905097961426
0.10168863832950592	0.8983114361763
0.07210575044155121	0.9278941750526428
4.530142905423418e-05	0.9999547004699707
0.9602442979812622	0.039755672216415405
0.9599927663803101	0.04000718519091606
0.0010605019051581621	0.9989394545555115
0.0026280779857188463	0.9973719120025635
0.9881349802017212	0.011865022592246532
0.0008561232825741172	0.9991438388824463
8.689999958733097e-06	0.9999912977218628
0.0008726065861992538	0.9991274476051331
0.17808763682842255	0.8219122886657715
0.004046467132866383	0.9959535598754883
0.6336954236030579	0.36630454659461975
0.0052805147133767605	0.9947195053100586
0.9453592300415039	0.0546407513320446
0.9986516833305359	0.0013482844224199653
0.016013076528906822	0.9839869737625122
0.2658710777759552	0.7341289520263672
0.2173171043395996	0.7826829552650452
0.9984579086303711	0.0015421346761286259
0.9999194145202637	8.061955304583535e-05
0.9857335090637207	0.014266488142311573
0.020281583070755005	0.9797184467315674
0.08135480433702469	0.9186452031135559
0.9999608993530273	3.910998930223286e-05
0.7859803438186646	0.21401959657669067
0.9998096823692322	0.0001903501688502729
0.9982465505599976	0.0017535282531753182
0.2097376435995102	0.7902623414993286
0.010463524609804153	0.9895364046096802
0.9871364831924438	0.012863493524491787
0.00011755331797758117	0.9998824596405029
0.9878498911857605	0.012150152586400509
0.9957494735717773	0.004250540863722563
0.9999266862869263	7.331668894039467e-05
0.21799026429653168	0.7820097208023071
0.007441340479999781	0.9925587177276611
0.6835548281669617	0.31644517183303833
0.001091090147383511	0.9989088773727417
0.03024264983832836	0.9697573781013489
0.8828557729721069	0.11714418232440948
0.979866087436676	0.02013387158513069
0.00869100820273161	0.9913089275360107
0.9369574189186096	0.06304259598255157
0.9993038177490234	0.000696155009791255
0.016456911340355873	0.9835431575775146
0.009043282829225063	0.990956723690033
0.999992847442627	7.12370410838048e-06
0.24839073419570923	0.7516092658042908
9.5258372311946e-05	0.9999047517776489
0.9494230151176453	0.05057702213525772
0.9825610518455505	0.017438979819417
0.0020917821675539017	0.9979082345962524
0.0004705316387116909	0.9995294809341431
0.999257504940033	0.0007425308576785028
0.9997813105583191	0.0002186932397307828
0.0003443600726313889	0.9996556043624878
0.03946922346949577	0.9605307579040527
0.9933139681816101	0.006686086766421795
0.5587459206581116	0.4412540793418884
0.0203463863581419	0.9796535968780518
0.0010257784742861986	0.9989742040634155
0.9901226162910461	0.009877365082502365
0.31840941309928894	0.6815906167030334
0.999329686164856	0.0006703173276036978
0.9938943982124329	0.006105537060648203
0.00038336397847160697	0.9996166229248047
0.0029976845253258944	0.9970023036003113
0.147623673081398	0.8523763418197632
0.04881586879491806	0.9511841535568237
0.00456438260152936	0.9954356551170349
7.87155149737373e-05	0.9999213218688965
0.9788013100624084	0.021198658272624016
0.050782788544893265	0.9492171406745911
0.9999157190322876	8.428979344898835e-05
0.9937785267829895	0.006221492774784565
0.8307907581329346	0.16920925676822662
0.10762305557727814	0.8923768997192383
0.364423543214798	0.6355764865875244
0.0005885493592359126	0.9994114637374878
0.9999581575393677	4.183012424618937e-05
0.0009396031964570284	0.9990604519844055
0.9364496469497681	0.06355039775371552
0.00020874771871604025	0.9997913241386414
0.1954113394021988	0.8045886754989624
0.047238219529390335	0.9527617692947388
0.001605041790753603	0.9983949065208435
0.03939242288470268	0.9606075286865234
0.07964645326137543	0.9203534722328186
0.9991497993469238	0.0008502318523824215
0.9536064267158508	0.046393562108278275
0.002435500966385007	0.9975645542144775
0.9847298264503479	0.015270247124135494
0.002606029389426112	0.9973939657211304
0.8604462742805481	0.1395537108182907
0.014911175705492496	0.9850888848304749
0.9974644184112549	0.002535519888624549
0.000644046114757657	0.9993559718132019
0.9992424249649048	0.0007575556519441307
0.0005115766543895006	0.999488353729248
0.000349417794495821	0.9996505975723267
0.5794512033462524	0.42054876685142517
0.1905321627855301	0.8094679117202759
0.0014851635787636042	0.9985148310661316
0.0442269966006279	0.9557729363441467
0.9999779462814331	2.2007401639712043e-05
3.1152292649494484e-05	0.9999688863754272
0.8031730055809021	0.19682694971561432
0.01326465979218483	0.9867353439331055
0.9990339279174805	0.0009660738869570196
0.1079142764210701	0.8920857310295105
0.00030576231074519455	0.9996942281723022
0.0009425293537788093	0.9990574717521667
0.7487199902534485	0.2512800395488739
0.042034734040498734	0.9579653143882751
0.12784381210803986	0.8721562623977661
0.03508564084768295	0.9649143218994141
0.0006934775738045573	0.9993065595626831
0.0031303612049669027	0.9968696236610413
0.1139250248670578	0.886074960231781
0.6397186517715454	0.3602812588214874
0.17046429216861725	0.8295356631278992
0.9953542947769165	0.004645711742341518
0.9755198955535889	0.02448011003434658
0.9413524270057678	0.058647602796554565
0.0099739795550704	0.9900259971618652
2.4418250177404843e-05	0.9999755620956421
0.9291316270828247	0.07086843252182007
0.7489118576049805	0.25108814239501953
0.9959543943405151	0.004045681096613407
0.0002850992896128446	0.9997149109840393
0.9999821186065674	1.7827123883762397e-05
0.028986452147364616	0.9710134863853455
0.0003252578026149422	0.9996747970581055
0.13308864831924438	0.8669113516807556
0.04297551512718201	0.9570245146751404
0.8656442761421204	0.13435570895671844
9.862842125585303e-05	0.9999014139175415
0.6558443903923035	0.34415557980537415
0.06500110775232315	0.9349988698959351
0.9956274032592773	0.0043726395815610886
0.011586708016693592	0.9884132742881775
0.7232487797737122	0.2767512798309326
0.9994378685951233	0.0005621245363727212
0.2961861491203308	0.7038138508796692
2.0583240711857798e-06	0.9999979734420776
0.0027376723010092974	0.9972623586654663
0.00020045334531459957	0.9997995495796204
0.01141276489943266	0.9885872602462769
0.9980269074440002	0.0019730322528630495
0.9992504715919495	0.0007494685123674572
0.0984552875161171	0.9015446305274963
1.7571999251231318e-06	0.9999982118606567
0.0028953489381819963	0.9971047043800354
0.029270850121974945	0.9707291126251221
0.004126911051571369	0.9958731532096863
0.38166627287864685	0.6183336973190308
0.0017137585673481226	0.9982861876487732
0.9999284744262695	7.155693310778588e-05
0.002058187033981085	0.997941792011261
0.5151572823524475	0.4848427176475525
0.5756804943084717	0.42431947588920593
0.9999250173568726	7.502659718738869e-05
0.99733966588974	0.002660307800397277
0.9999712705612183	2.8674308850895613e-05
0.7759609222412109	0.22403903305530548
0.9948641657829285	0.005135899409651756
0.06218688562512398	0.9378131031990051
0.0003638010239228606	0.999636173248291
0.0019055025186389685	0.9980944991111755
0.9991894364356995	0.0008105356246232986
3.815037416643463e-05	0.9999618530273438
0.0020765343215316534	0.9979234933853149
0.8086483478546143	0.19135165214538574
0.9960681200027466	0.003931911662220955
1.4188262866809964e-06	0.9999985694885254
0.9999614953994751	3.8516958738910034e-05
0.0005647963262163103	0.9994351267814636